Processor [0] :       1024    0.0000000000000000
Processor [0] :       1024    0.0061359039003002
Processor [0] :       1024    0.0122715767872866
Processor [0] :       1024    0.0184067876563428
Processor [0] :       1024    0.0245413055202474
Processor [0] :       1024    0.0306748994178699
Processor [0] :       1024    0.0368073384228669
Processor [0] :       1024    0.0429383916523758
Processor [0] :       1024    0.0490678282757079
Processor [0] :       1024    0.0551954175230387
Processor [0] :       1024    0.0613209286940963
Processor [0] :       1024    0.0674441311668473
Processor [0] :       1024    0.0735647944061794
Processor [0] :       1024    0.0796826879725812
Processor [0] :       1024    0.0857975815308176
Processor [0] :       1024    0.0919092448586024
Processor [0] :       1024    0.0980174478552655
Processor [0] :       1024    0.1041219605504166
Processor [0] :       1024    0.1102225531126029
Processor [0] :       1024    0.1163189958579627
Processor [0] :       1024    0.1224110592588721
Processor [0] :       1024    0.1284985139525874
Processor [0] :       1024    0.1345811307498800
Processor [0] :       1024    0.1406586806436654
Processor [0] :       1024    0.1467309348176253
Processor [0] :       1024    0.1527976646548220
Processor [0] :       1024    0.1588586417463059
Processor [0] :       1024    0.1649136378997153
Processor [0] :       1024    0.1709624251478675
Processor [0] :       1024    0.1770047757573411
Processor [0] :       1024    0.1830404622370511
Processor [0] :       1024    0.1890692573468126
Processor [0] :       1024    0.1950909341058974
Processor [0] :       1024    0.2011052658015791
Processor [0] :       1024    0.2071120259976683
Processor [0] :       1024    0.2131109885430391
Processor [0] :       1024    0.2191019275801419
Processor [0] :       1024    0.2250846175535083
Processor [0] :       1024    0.2310588332182422
Processor [0] :       1024    0.2370243496485003
Processor [0] :       1024    0.2429809422459609
Processor [0] :       1024    0.2489283867482793
Processor [0] :       1024    0.2548664592375314
Processor [0] :       1024    0.2607949361486445
Processor [0] :       1024    0.2667135942778134
Processor [0] :       1024    0.2726222107909049
Processor [0] :       1024    0.2785205632318468
Processor [0] :       1024    0.2844084295310035
Processor [0] :       1024    0.2902855880135367
Processor [0] :       1024    0.2961518174077513
Processor [0] :       1024    0.3020068968534262
Processor [0] :       1024    0.3078506059101292
Processor [0] :       1024    0.3136827245655179
Processor [0] :       1024    0.3195030332436208
Processor [0] :       1024    0.3253113128131059
Processor [0] :       1024    0.3311073445955305
Processor [0] :       1024    0.3368909103735735
Processor [0] :       1024    0.3426617923992523
Processor [0] :       1024    0.3484197734021208
Processor [0] :       1024    0.3541646365974482
Processor [0] :       1024    0.3598961656943825
Processor [0] :       1024    0.3656141449040924
Processor [0] :       1024    0.3713183589478926
Processor [0] :       1024    0.3770085930653485
Processor [0] :       1024    0.3826846330223616
Processor [0] :       1024    0.3883462651192355
Processor [0] :       1024    0.3939932761987219
Processor [0] :       1024    0.3996254536540454
Processor [0] :       1024    0.4052425854369081
Processor [0] :       1024    0.4108444600654731
Processor [0] :       1024    0.4164308666323269
Processor [0] :       1024    0.4220015948124197
Processor [0] :       1024    0.4275564348709837
Processor [0] :       1024    0.4330951776714309
Processor [0] :       1024    0.4386176146832253
Processor [0] :       1024    0.4441235379897346
Processor [0] :       1024    0.4496127402960580
Processor [0] :       1024    0.4550850149368313
Processor [0] :       1024    0.4605401558840077
Processor [0] :       1024    0.4659779577546132
Processor [0] :       1024    0.4713982158184811
Processor [0] :       1024    0.4768007260059587
Processor [0] :       1024    0.4821852849155911
Processor [0] :       1024    0.4875516898217785
Processor [0] :       1024    0.4928997386824097
Processor [0] :       1024    0.4982292301464675
Processor [0] :       1024    0.5035399635616103
Processor [0] :       1024    0.5088317389817273
Processor [0] :       1024    0.5141043571744643
Processor [0] :       1024    0.5193576196287267
Processor [0] :       1024    0.5245913285621522
Processor [0] :       1024    0.5298052869285577
Processor [0] :       1024    0.5349992984253572
Processor [0] :       1024    0.5401731675009539
Processor [0] :       1024    0.5453266993621015
Processor [0] :       1024    0.5504596999812380
Processor [0] :       1024    0.5555719761037909
Processor [0] :       1024    0.5606633352554544
Processor [0] :       1024    0.5657335857494337
Processor [0] :       1024    0.5707825366936634
Processor [0] :       1024    0.5758099979979945
Processor [0] :       1024    0.5808157803813494
Processor [0] :       1024    0.5857996953788516
Processor [0] :       1024    0.5907615553489185
Processor [0] :       1024    0.5957011734803257
Processor [0] :       1024    0.6006183637992435
Processor [0] :       1024    0.6055129411762349
Processor [0] :       1024    0.6103847213332286
Processor [0] :       1024    0.6152335208504545
Processor [0] :       1024    0.6200591571733520
Processor [0] :       1024    0.6248614486194410
Processor [0] :       1024    0.6296402143851623
Processor [0] :       1024    0.6343952745526861
Processor [0] :       1024    0.6391264500966847
Processor [0] :       1024    0.6438335628910730
Processor [0] :       1024    0.6485164357157145
Processor [0] :       1024    0.6531748922630942
Processor [0] :       1024    0.6578087571449563
Processor [0] :       1024    0.6624178558989069
Processor [0] :       1024    0.6670020149949830
Processor [0] :       1024    0.6715610618421859
Processor [0] :       1024    0.6760948247949777
Processor [0] :       1024    0.6806031331597466
Processor [0] :       1024    0.6850858172012304
Processor [0] :       1024    0.6895427081489086
Processor [0] :       1024    0.6939736382033561
Processor [0] :       1024    0.6983784405425610
Processor [0] :       1024    0.7027569493282046
Processor [0] :       1024    0.7071089997119057
Processor [0] :       1024    0.7114344278414267
Processor [0] :       1024    0.7157330708668445
Processor [0] :       1024    0.7200047669466781
Processor [0] :       1024    0.7242493552539844
Processor [0] :       1024    0.7284666759824128
Processor [0] :       1024    0.7326565703522212
Processor [0] :       1024    0.7368188806162552
Processor [0] :       1024    0.7409534500658860
Processor [0] :       1024    0.7450601230369098
Processor [0] :       1024    0.7491387449154115
Processor [0] :       1024    0.7531891621435818
Processor [0] :       1024    0.7572112222255019
Processor [0] :       1024    0.7612047737328826
Processor [0] :       1024    0.7651696663107669
Processor [0] :       1024    0.7691057506831902
Processor [0] :       1024    0.7730128786588003
Processor [0] :       1024    0.7768909031364376
Processor [0] :       1024    0.7807396781106728
Processor [0] :       1024    0.7845590586773030
Processor [0] :       1024    0.7883489010388082
Processor [0] :       1024    0.7921090625097659
Processor [0] :       1024    0.7958394015222221
Processor [0] :       1024    0.7995397776310214
Processor [0] :       1024    0.8032100515190941
Processor [0] :       1024    0.8068500850027036
Processor [0] :       1024    0.8104597410366461
Processor [0] :       1024    0.8140388837194126
Processor [0] :       1024    0.8175873782983034
Processor [0] :       1024    0.8211050911745037
Processor [0] :       1024    0.8245918899081118
Processor [0] :       1024    0.8280476432231259
Processor [0] :       1024    0.8314722210123873
Processor [0] :       1024    0.8348654943424768
Processor [0] :       1024    0.8382273354585733
Processor [0] :       1024    0.8415576177892572
Processor [0] :       1024    0.8448562159512818
Processor [0] :       1024    0.8481230057542901
Processor [0] :       1024    0.8513578642054933
Processor [0] :       1024    0.8545606695142985
Processor [0] :       1024    0.8577313010968959
Processor [0] :       1024    0.8608696395807989
Processor [0] :       1024    0.8639755668093372
Processor [0] :       1024    0.8670489658461055
Processor [0] :       1024    0.8700897209793685
Processor [0] :       1024    0.8730977177264135
Processor [0] :       1024    0.8760728428378621
Processor [0] :       1024    0.8790149843019364
Processor [0] :       1024    0.8819240313486735
Processor [0] :       1024    0.8847998744540952
Processor [0] :       1024    0.8876424053443350
Processor [0] :       1024    0.8904515169997113
Processor [0] :       1024    0.8932271036587577
Processor [0] :       1024    0.8959690608222047
Processor [0] :       1024    0.8986772852569164
Processor [0] :       1024    0.9013516749997718
Processor [0] :       1024    0.9039921293615101
Processor [0] :       1024    0.9065985489305162
Processor [0] :       1024    0.9091708355765664
Processor [0] :       1024    0.9117088924545230
Processor [0] :       1024    0.9142126240079783
Processor [0] :       1024    0.9166819359728553
Processor [0] :       1024    0.9191167353809535
Processor [0] :       1024    0.9215169305634505
Processor [0] :       1024    0.9238824311543561
Processor [0] :       1024    0.9262131480939091
Processor [0] :       1024    0.9285089936319341
Processor [0] :       1024    0.9307698813311442
Processor [0] :       1024    0.9329957260703956
Processor [0] :       1024    0.9351864440478919
Processor [0] :       1024    0.9373419527843391
Processor [0] :       1024    0.9394621711260518
Processor [0] :       1024    0.9415470192480081
Processor [0] :       1024    0.9435964186568535
Processor [0] :       1024    0.9456102921938596
Processor [0] :       1024    0.9475885640378261
Processor [0] :       1024    0.9495311597079351
Processor [0] :       1024    0.9514380060665589
Processor [0] :       1024    0.9533090313220092
Processor [0] :       1024    0.9551441650312423
Processor [0] :       1024    0.9569433381025118
Processor [0] :       1024    0.9587064827979684
Processor [0] :       1024    0.9604335327362107
Processor [0] :       1024    0.9621244228947848
Processor [0] :       1024    0.9637790896126313
Processor [0] :       1024    0.9653974705924846
Processor [0] :       1024    0.9669795049032153
Processor [0] :       1024    0.9685251329821245
Processor [0] :       1024    0.9700342966371900
Processor [0] :       1024    0.9715069390492531
Processor [0] :       1024    0.9729430047741581
Processor [0] :       1024    0.9743424397448436
Processor [0] :       1024    0.9757051912733731
Processor [0] :       1024    0.9770312080529217
Processor [0] :       1024    0.9783204401597080
Processor [0] :       1024    0.9795728390548704
Processor [0] :       1024    0.9807883575862999
Processor [0] :       1024    0.9819669499904097
Processor [0] :       1024    0.9831085718938625
Processor [0] :       1024    0.9842131803152387
Processor [0] :       1024    0.9852807336666555
Processor [0] :       1024    0.9863111917553329
Processor [0] :       1024    0.9873045157851055
Processor [0] :       1024    0.9882606683578864
Processor [0] :       1024    0.9891796134750697
Processor [0] :       1024    0.9900613165388934
Processor [0] :       1024    0.9909057443537337
Processor [0] :       1024    0.9917128651273610
Processor [0] :       1024    0.9924826484721351
Processor [0] :       1024    0.9932150654061479
Processor [0] :       1024    0.9939100883543148
Processor [0] :       1024    0.9945676911494163
Processor [0] :       1024    0.9951878490330776
Processor [0] :       1024    0.9957705386567051
Processor [0] :       1024    0.9963157380823640
Processor [0] :       1024    0.9968234267836042
Processor [0] :       1024    0.9972935856462328
Processor [0] :       1024    0.9977261969690345
Processor [0] :       1024    0.9981212444644367
Processor [0] :       1024    0.9984787132591264
Processor [0] :       1024    0.9987985898946037
Processor [0] :       1024    0.9990808623276943
Processor [0] :       1024    0.9993255199310022
Processor [0] :       1024    0.9995325534933052
Processor [0] :       1024    0.9997019552199071
Processor [0] :       1024    0.9998337187329285
Processor [0] :       1024    0.9999278390715488
Processor [0] :       1024    0.9999843126921889
Processor [0] :       1024    1.0000031374686500
Processor [0] :       1024    0.9999843126921888
Processor [0] :       1024    0.9999278390715480
Processor [0] :       1024    0.9998337187329287
Processor [0] :       1024    0.9997019552199069
Processor [0] :       1024    0.9995325534933053
Processor [0] :       1024    0.9993255199310023
Processor [0] :       1024    0.9990808623276950
Processor [0] :       1024    0.9987985898946041
Processor [0] :       1024    0.9984787132591262
Processor [0] :       1024    0.9981212444644373
Processor [0] :       1024    0.9977261969690344
Processor [0] :       1024    0.9972935856462328
Processor [0] :       1024    0.9968234267836045
Processor [0] :       1024    0.9963157380823642
Processor [0] :       1024    0.9957705386567051
Processor [0] :       1024    0.9951878490330774
Processor [0] :       1024    0.9945676911494166
Processor [0] :       1024    0.9939100883543150
Processor [0] :       1024    0.9932150654061478
Processor [0] :       1024    0.9924826484721352
Processor [0] :       1024    0.9917128651273616
Processor [0] :       1024    0.9909057443537337
Processor [0] :       1024    0.9900613165388930
Processor [0] :       1024    0.9891796134750702
Processor [0] :       1024    0.9882606683578862
Processor [0] :       1024    0.9873045157851061
Processor [0] :       1024    0.9863111917553329
Processor [0] :       1024    0.9852807336666558
Processor [0] :       1024    0.9842131803152385
Processor [0] :       1024    0.9831085718938625
Processor [0] :       1024    0.9819669499904099
Processor [0] :       1024    0.9807883575862999
Processor [0] :       1024    0.9795728390548706
Processor [0] :       1024    0.9783204401597076
Processor [0] :       1024    0.9770312080529224
Processor [0] :       1024    0.9757051912733726
Processor [0] :       1024    0.9743424397448436
Processor [0] :       1024    0.9729430047741586
Processor [0] :       1024    0.9715069390492527
Processor [0] :       1024    0.9700342966371902
Processor [0] :       1024    0.9685251329821247
Processor [0] :       1024    0.9669795049032150
Processor [0] :       1024    0.9653974705924849
Processor [0] :       1024    0.9637790896126320
Processor [0] :       1024    0.9621244228947847
Processor [0] :       1024    0.9604335327362111
Processor [0] :       1024    0.9587064827979687
Processor [0] :       1024    0.9569433381025120
Processor [0] :       1024    0.9551441650312422
Processor [0] :       1024    0.9533090313220091
Processor [0] :       1024    0.9514380060665588
Processor [0] :       1024    0.9495311597079351
Processor [0] :       1024    0.9475885640378257
Processor [0] :       1024    0.9456102921938601
Processor [0] :       1024    0.9435964186568537
Processor [0] :       1024    0.9415470192480077
Processor [0] :       1024    0.9394621711260518
Processor [0] :       1024    0.9373419527843394
Processor [0] :       1024    0.9351864440478918
Processor [0] :       1024    0.9329957260703960
Processor [0] :       1024    0.9307698813311445
Processor [0] :       1024    0.9285089936319340
Processor [0] :       1024    0.9262131480939089
Processor [0] :       1024    0.9238824311543560
Processor [0] :       1024    0.9215169305634507
Processor [0] :       1024    0.9191167353809531
Processor [0] :       1024    0.9166819359728556
Processor [0] :       1024    0.9142126240079782
Processor [0] :       1024    0.9117088924545231
Processor [0] :       1024    0.9091708355765666
Processor [0] :       1024    0.9065985489305162
Processor [0] :       1024    0.9039921293615103
Processor [0] :       1024    0.9013516749997723
Processor [0] :       1024    0.8986772852569165
Processor [0] :       1024    0.8959690608222053
Processor [0] :       1024    0.8932271036587573
Processor [0] :       1024    0.8904515169997111
Processor [0] :       1024    0.8876424053443357
Processor [0] :       1024    0.8847998744540955
Processor [0] :       1024    0.8819240313486734
Processor [0] :       1024    0.8790149843019366
Processor [0] :       1024    0.8760728428378624
Processor [0] :       1024    0.8730977177264128
Processor [0] :       1024    0.8700897209793683
Processor [0] :       1024    0.8670489658461058
Processor [0] :       1024    0.8639755668093370
Processor [0] :       1024    0.8608696395807987
Processor [0] :       1024    0.8577313010968959
Processor [0] :       1024    0.8545606695142989
Processor [0] :       1024    0.8513578642054935
Processor [0] :       1024    0.8481230057542903
Processor [0] :       1024    0.8448562159512816
Processor [0] :       1024    0.8415576177892572
Processor [0] :       1024    0.8382273354585734
Processor [0] :       1024    0.8348654943424774
Processor [0] :       1024    0.8314722210123866
Processor [0] :       1024    0.8280476432231259
Processor [0] :       1024    0.8245918899081117
Processor [0] :       1024    0.8211050911745035
Processor [0] :       1024    0.8175873782983039
Processor [0] :       1024    0.8140388837194126
Processor [0] :       1024    0.8104597410366463
Processor [0] :       1024    0.8068500850027038
Processor [0] :       1024    0.8032100515190941
Processor [0] :       1024    0.7995397776310216
Processor [0] :       1024    0.7958394015222221
Processor [0] :       1024    0.7921090625097660
Processor [0] :       1024    0.7883489010388083
Processor [0] :       1024    0.7845590586773032
Processor [0] :       1024    0.7807396781106728
Processor [0] :       1024    0.7768909031364377
Processor [0] :       1024    0.7730128786588004
Processor [0] :       1024    0.7691057506831902
Processor [0] :       1024    0.7651696663107663
Processor [0] :       1024    0.7612047737328824
Processor [0] :       1024    0.7572112222255014
Processor [0] :       1024    0.7531891621435818
Processor [0] :       1024    0.7491387449154114
Processor [0] :       1024    0.7450601230369100
Processor [0] :       1024    0.7409534500658859
Processor [0] :       1024    0.7368188806162552
Processor [0] :       1024    0.7326565703522216
Processor [0] :       1024    0.7284666759824128
Processor [0] :       1024    0.7242493552539844
Processor [0] :       1024    0.7200047669466787
Processor [0] :       1024    0.7157330708668446
Processor [0] :       1024    0.7114344278414269
Processor [0] :       1024    0.7071089997119056
Processor [0] :       1024    0.7027569493282044
Processor [0] :       1024    0.6983784405425613
Processor [0] :       1024    0.6939736382033568
Processor [0] :       1024    0.6895427081489087
Processor [0] :       1024    0.6850858172012304
Processor [0] :       1024    0.6806031331597462
Processor [0] :       1024    0.6760948247949778
Processor [0] :       1024    0.6715610618421857
Processor [0] :       1024    0.6670020149949831
Processor [0] :       1024    0.6624178558989073
Processor [0] :       1024    0.6578087571449567
Processor [0] :       1024    0.6531748922630947
Processor [0] :       1024    0.6485164357157143
Processor [0] :       1024    0.6438335628910732
Processor [0] :       1024    0.6391264500966851
Processor [0] :       1024    0.6343952745526866
Processor [0] :       1024    0.6296402143851627
Processor [0] :       1024    0.6248614486194408
Processor [0] :       1024    0.6200591571733527
Processor [0] :       1024    0.6152335208504545
Processor [0] :       1024    0.6103847213332285
Processor [0] :       1024    0.6055129411762350
Processor [0] :       1024    0.6006183637992433
Processor [0] :       1024    0.5957011734803259
Processor [0] :       1024    0.5907615553489185
Processor [0] :       1024    0.5857996953788520
Processor [0] :       1024    0.5808157803813496
Processor [0] :       1024    0.5758099979979945
Processor [0] :       1024    0.5707825366936634
Processor [0] :       1024    0.5657335857494339
Processor [0] :       1024    0.5606633352554546
Processor [0] :       1024    0.5555719761037909
Processor [0] :       1024    0.5504596999812379
Processor [0] :       1024    0.5453266993621020
Processor [0] :       1024    0.5401731675009545
Processor [0] :       1024    0.5349992984253575
Processor [0] :       1024    0.5298052869285579
Processor [0] :       1024    0.5245913285621526
Processor [0] :       1024    0.5193576196287271
Processor [0] :       1024    0.5141043571744646
Processor [0] :       1024    0.5088317389817276
Processor [0] :       1024    0.5035399635616102
Processor [0] :       1024    0.4982292301464675
Processor [0] :       1024    0.4928997386824099
Processor [0] :       1024    0.4875516898217784
Processor [0] :       1024    0.4821852849155910
Processor [0] :       1024    0.4768007260059588
Processor [0] :       1024    0.4713982158184815
Processor [0] :       1024    0.4659779577546130
Processor [0] :       1024    0.4605401558840081
Processor [0] :       1024    0.4550850149368313
Processor [0] :       1024    0.4496127402960584
Processor [0] :       1024    0.4441235379897350
Processor [0] :       1024    0.4386176146832252
Processor [0] :       1024    0.4330951776714314
Processor [0] :       1024    0.4275564348709839
Processor [0] :       1024    0.4220015948124196
Processor [0] :       1024    0.4164308666323271
Processor [0] :       1024    0.4108444600654735
Processor [0] :       1024    0.4052425854369084
Processor [0] :       1024    0.3996254536540458
Processor [0] :       1024    0.3939932761987224
Processor [0] :       1024    0.3883462651192358
Processor [0] :       1024    0.3826846330223614
Processor [0] :       1024    0.3770085930653488
Processor [0] :       1024    0.3713183589478926
Processor [0] :       1024    0.3656141449040926
Processor [0] :       1024    0.3598961656943829
Processor [0] :       1024    0.3541646365974480
Processor [0] :       1024    0.3484197734021213
Processor [0] :       1024    0.3426617923992530
Processor [0] :       1024    0.3368909103735735
Processor [0] :       1024    0.3311073445955306
Processor [0] :       1024    0.3253113128131062
Processor [0] :       1024    0.3195030332436208
Processor [0] :       1024    0.3136827245655187
Processor [0] :       1024    0.3078506059101298
Processor [0] :       1024    0.3020068968534269
Processor [0] :       1024    0.2961518174077518
Processor [0] :       1024    0.2902855880135367
Processor [0] :       1024    0.2844084295310041
Processor [0] :       1024    0.2785205632318477
Processor [0] :       1024    0.2726222107909051
Processor [0] :       1024    0.2667135942778138
Processor [0] :       1024    0.2607949361486446
Processor [0] :       1024    0.2548664592375314
Processor [0] :       1024    0.2489283867482799
Processor [0] :       1024    0.2429809422459612
Processor [0] :       1024    0.2370243496485009
Processor [0] :       1024    0.2310588332182424
Processor [0] :       1024    0.2250846175535084
Processor [0] :       1024    0.2191019275801418
Processor [0] :       1024    0.2131109885430393
Processor [0] :       1024    0.2071120259976689
Processor [0] :       1024    0.2011052658015791
Processor [0] :       1024    0.1950909341058975
Processor [0] :       1024    0.1890692573468131
Processor [0] :       1024    0.1830404622370514
Processor [0] :       1024    0.1770047757573416
Processor [0] :       1024    0.1709624251478679
Processor [0] :       1024    0.1649136378997158
Processor [0] :       1024    0.1588586417463058
Processor [0] :       1024    0.1527976646548219
Processor [0] :       1024    0.1467309348176256
Processor [0] :       1024    0.1406586806436652
Processor [0] :       1024    0.1345811307498810
Processor [0] :       1024    0.1284985139525876
Processor [0] :       1024    0.1224110592588716
Processor [0] :       1024    0.1163189958579629
Processor [0] :       1024    0.1102225531126035
Processor [0] :       1024    0.1041219605504167
Processor [0] :       1024    0.0980174478552656
Processor [0] :       1024    0.0919092448586025
Processor [0] :       1024    0.0857975815308174
Processor [0] :       1024    0.0796826879725812
Processor [0] :       1024    0.0735647944061799
Processor [0] :       1024    0.0674441311668477
Processor [0] :       1024    0.0613209286940966
Processor [0] :       1024    0.0551954175230385
Processor [0] :       1024    0.0490678282757089
Processor [0] :       1024    0.0429383916523765
Processor [0] :       1024    0.0368073384228671
Processor [0] :       1024    0.0306748994178700
Processor [0] :       1024    0.0245413055202477
Processor [0] :       1024    0.0184067876563430
Processor [0] :       1024    0.0122715767872872
Processor [0] :       1024    0.0061359039003008
Processor [0] :       1024    0.0000000000000004
Processor [0] :       1024    -0.0061359039002997
Processor [0] :       1024    -0.0122715767872863
Processor [0] :       1024    -0.0184067876563427
Processor [0] :       1024    -0.0245413055202470
Processor [0] :       1024    -0.0306748994178698
Processor [0] :       1024    -0.0368073384228669
Processor [0] :       1024    -0.0429383916523758
Processor [0] :       1024    -0.0490678282757078
Processor [0] :       1024    -0.0551954175230382
Processor [0] :       1024    -0.0613209286940959
Processor [0] :       1024    -0.0674441311668470
Processor [0] :       1024    -0.0735647944061790
Processor [0] :       1024    -0.0796826879725809
Processor [0] :       1024    -0.0857975815308174
Processor [0] :       1024    -0.0919092448586016
Processor [0] :       1024    -0.0980174478552656
Processor [0] :       1024    -0.1041219605504167
Processor [0] :       1024    -0.1102225531126024
Processor [0] :       1024    -0.1163189958579625
Processor [0] :       1024    -0.1224110592588716
Processor [0] :       1024    -0.1284985139525869
Processor [0] :       1024    -0.1345811307498794
Processor [0] :       1024    -0.1406586806436652
Processor [0] :       1024    -0.1467309348176247
Processor [0] :       1024    -0.1527976646548219
Processor [0] :       1024    -0.1588586417463056
Processor [0] :       1024    -0.1649136378997147
Processor [0] :       1024    -0.1709624251478665
Processor [0] :       1024    -0.1770047757573410
Processor [0] :       1024    -0.1830404622370509
Processor [0] :       1024    -0.1890692573468129
Processor [0] :       1024    -0.1950909341058975
Processor [0] :       1024    -0.2011052658015788
Processor [0] :       1024    -0.2071120259976684
Processor [0] :       1024    -0.2131109885430384
Processor [0] :       1024    -0.2191019275801416
Processor [0] :       1024    -0.2250846175535082
Processor [0] :       1024    -0.2310588332182415
Processor [0] :       1024    -0.2370243496485003
Processor [0] :       1024    -0.2429809422459610
Processor [0] :       1024    -0.2489283867482790
Processor [0] :       1024    -0.2548664592375312
Processor [0] :       1024    -0.2607949361486444
Processor [0] :       1024    -0.2667135942778136
Processor [0] :       1024    -0.2726222107909047
Processor [0] :       1024    -0.2785205632318468
Processor [0] :       1024    -0.2844084295310032
Processor [0] :       1024    -0.2902855880135362
Processor [0] :       1024    -0.2961518174077507
Processor [0] :       1024    -0.3020068968534255
Processor [0] :       1024    -0.3078506059101291
Processor [0] :       1024    -0.3136827245655176
Processor [0] :       1024    -0.3195030332436204
Processor [0] :       1024    -0.3253113128131062
Processor [0] :       1024    -0.3311073445955304
Processor [0] :       1024    -0.3368909103735731
Processor [0] :       1024    -0.3426617923992523
Processor [0] :       1024    -0.3484197734021204
Processor [0] :       1024    -0.3541646365974480
Processor [0] :       1024    -0.3598961656943820
Processor [0] :       1024    -0.3656141449040922
Processor [0] :       1024    -0.3713183589478923
Processor [0] :       1024    -0.3770085930653484
Processor [0] :       1024    -0.3826846330223612
Processor [0] :       1024    -0.3883462651192355
Processor [0] :       1024    -0.3939932761987215
Processor [0] :       1024    -0.3996254536540453
Processor [0] :       1024    -0.4052425854369082
Processor [0] :       1024    -0.4108444600654726
Processor [0] :       1024    -0.4164308666323264
Processor [0] :       1024    -0.4220015948124196
Processor [0] :       1024    -0.4275564348709839
Processor [0] :       1024    -0.4330951776714305
Processor [0] :       1024    -0.4386176146832250
Processor [0] :       1024    -0.4441235379897346
Processor [0] :       1024    -0.4496127402960579
Processor [0] :       1024    -0.4550850149368308
Processor [0] :       1024    -0.4605401558840074
Processor [0] :       1024    -0.4659779577546130
Processor [0] :       1024    -0.4713982158184806
Processor [0] :       1024    -0.4768007260059581
Processor [0] :       1024    -0.4821852849155903
Processor [0] :       1024    -0.4875516898217784
Processor [0] :       1024    -0.4928997386824090
Processor [0] :       1024    -0.4982292301464668
Processor [0] :       1024    -0.5035399635616096
Processor [0] :       1024    -0.5088317389817270
Processor [0] :       1024    -0.5141043571744643
Processor [0] :       1024    -0.5193576196287262
Processor [0] :       1024    -0.5245913285621522
Processor [0] :       1024    -0.5298052869285574
Processor [0] :       1024    -0.5349992984253569
Processor [0] :       1024    -0.5401731675009533
Processor [0] :       1024    -0.5453266993621015
Processor [0] :       1024    -0.5504596999812377
Processor [0] :       1024    -0.5555719761037907
Processor [0] :       1024    -0.5606633352554540
Processor [0] :       1024    -0.5657335857494328
Processor [0] :       1024    -0.5707825366936627
Processor [0] :       1024    -0.5758099979979940
Processor [0] :       1024    -0.5808157803813494
Processor [0] :       1024    -0.5857996953788513
Processor [0] :       1024    -0.5907615553489178
Processor [0] :       1024    -0.5957011734803255
Processor [0] :       1024    -0.6006183637992433
Processor [0] :       1024    -0.6055129411762348
Processor [0] :       1024    -0.6103847213332279
Processor [0] :       1024    -0.6152335208504545
Processor [0] :       1024    -0.6200591571733516
Processor [0] :       1024    -0.6248614486194406
Processor [0] :       1024    -0.6296402143851618
Processor [0] :       1024    -0.6343952745526860
Processor [0] :       1024    -0.6391264500966845
Processor [0] :       1024    -0.6438335628910732
Processor [0] :       1024    -0.6485164357157143
Processor [0] :       1024    -0.6531748922630938
Processor [0] :       1024    -0.6578087571449562
Processor [0] :       1024    -0.6624178558989069
Processor [0] :       1024    -0.6670020149949829
Processor [0] :       1024    -0.6715610618421852
Processor [0] :       1024    -0.6760948247949772
Processor [0] :       1024    -0.6806031331597466
Processor [0] :       1024    -0.6850858172012302
Processor [0] :       1024    -0.6895427081489085
Processor [0] :       1024    -0.6939736382033561
Processor [0] :       1024    -0.6983784405425613
Processor [0] :       1024    -0.7027569493282042
Processor [0] :       1024    -0.7071089997119056
Processor [0] :       1024    -0.7114344278414266
Processor [0] :       1024    -0.7157330708668443
Processor [0] :       1024    -0.7200047669466776
Processor [0] :       1024    -0.7242493552539839
Processor [0] :       1024    -0.7284666759824123
Processor [0] :       1024    -0.7326565703522205
Processor [0] :       1024    -0.7368188806162554
Processor [0] :       1024    -0.7409534500658856
Processor [0] :       1024    -0.7450601230369096
Processor [0] :       1024    -0.7491387449154114
Processor [0] :       1024    -0.7531891621435816
Processor [0] :       1024    -0.7572112222255016
Processor [0] :       1024    -0.7612047737328820
Processor [0] :       1024    -0.7651696663107668
Processor [0] :       1024    -0.7691057506831895
Processor [0] :       1024    -0.7730128786588000
Processor [0] :       1024    -0.7768909031364377
Processor [0] :       1024    -0.7807396781106728
Processor [0] :       1024    -0.7845590586773021
Processor [0] :       1024    -0.7883489010388076
Processor [0] :       1024    -0.7921090625097655
Processor [0] :       1024    -0.7958394015222214
Processor [0] :       1024    -0.7995397776310209
Processor [0] :       1024    -0.8032100515190941
Processor [0] :       1024    -0.8068500850027034
Processor [0] :       1024    -0.8104597410366461
Processor [0] :       1024    -0.8140388837194119
Processor [0] :       1024    -0.8175873782983030
Processor [0] :       1024    -0.8211050911745035
Processor [0] :       1024    -0.8245918899081117
Processor [0] :       1024    -0.8280476432231254
Processor [0] :       1024    -0.8314722210123873
Processor [0] :       1024    -0.8348654943424767
Processor [0] :       1024    -0.8382273354585730
Processor [0] :       1024    -0.8415576177892568
Processor [0] :       1024    -0.8448562159512814
Processor [0] :       1024    -0.8481230057542899
Processor [0] :       1024    -0.8513578642054933
Processor [0] :       1024    -0.8545606695142980
Processor [0] :       1024    -0.8577313010968961
Processor [0] :       1024    -0.8608696395807991
Processor [0] :       1024    -0.8639755668093370
Processor [0] :       1024    -0.8670489658461056
Processor [0] :       1024    -0.8700897209793683
Processor [0] :       1024    -0.8730977177264130
Processor [0] :       1024    -0.8760728428378624
Processor [0] :       1024    -0.8790149843019366
Processor [0] :       1024    -0.8819240313486734
Processor [0] :       1024    -0.8847998744540952
Processor [0] :       1024    -0.8876424053443350
Processor [0] :       1024    -0.8904515169997111
Processor [0] :       1024    -0.8932271036587571
Processor [0] :       1024    -0.8959690608222046
Processor [0] :       1024    -0.8986772852569158
Processor [0] :       1024    -0.9013516749997716
Processor [0] :       1024    -0.9039921293615101
Processor [0] :       1024    -0.9065985489305162
Processor [0] :       1024    -0.9091708355765662
Processor [0] :       1024    -0.9117088924545228
Processor [0] :       1024    -0.9142126240079782
Processor [0] :       1024    -0.9166819359728543
Processor [0] :       1024    -0.9191167353809528
Processor [0] :       1024    -0.9215169305634505
Processor [0] :       1024    -0.9238824311543560
Processor [0] :       1024    -0.9262131480939088
Processor [0] :       1024    -0.9285089936319342
Processor [0] :       1024    -0.9307698813311440
Processor [0] :       1024    -0.9329957260703956
Processor [0] :       1024    -0.9351864440478914
Processor [0] :       1024    -0.9373419527843385
Processor [0] :       1024    -0.9394621711260516
Processor [0] :       1024    -0.9415470192480073
Processor [0] :       1024    -0.9435964186568537
Processor [0] :       1024    -0.9456102921938595
Processor [0] :       1024    -0.9475885640378254
Processor [0] :       1024    -0.9495311597079357
Processor [0] :       1024    -0.9514380060665586
Processor [0] :       1024    -0.9533090313220089
Processor [0] :       1024    -0.9551441650312420
Processor [0] :       1024    -0.9569433381025114
Processor [0] :       1024    -0.9587064827979677
Processor [0] :       1024    -0.9604335327362108
Processor [0] :       1024    -0.9621244228947843
Processor [0] :       1024    -0.9637790896126314
Processor [0] :       1024    -0.9653974705924848
Processor [0] :       1024    -0.9669795049032146
Processor [0] :       1024    -0.9685251329821247
Processor [0] :       1024    -0.9700342966371898
Processor [0] :       1024    -0.9715069390492523
Processor [0] :       1024    -0.9729430047741578
Processor [0] :       1024    -0.9743424397448432
Processor [0] :       1024    -0.9757051912733732
Processor [0] :       1024    -0.9770312080529219
Processor [0] :       1024    -0.9783204401597074
Processor [0] :       1024    -0.9795728390548704
Processor [0] :       1024    -0.9807883575862997
Processor [0] :       1024    -0.9819669499904096
Processor [0] :       1024    -0.9831085718938621
Processor [0] :       1024    -0.9842131803152383
Processor [0] :       1024    -0.9852807336666551
Processor [0] :       1024    -0.9863111917553322
Processor [0] :       1024    -0.9873045157851053
Processor [0] :       1024    -0.9882606683578861
Processor [0] :       1024    -0.9891796134750700
Processor [0] :       1024    -0.9900613165388932
Processor [0] :       1024    -0.9909057443537332
Processor [0] :       1024    -0.9917128651273608
Processor [0] :       1024    -0.9924826484721347
Processor [0] :       1024    -0.9932150654061476
Processor [0] :       1024    -0.9939100883543154
Processor [0] :       1024    -0.9945676911494163
Processor [0] :       1024    -0.9951878490330774
Processor [0] :       1024    -0.9957705386567051
Processor [0] :       1024    -0.9963157380823637
Processor [0] :       1024    -0.9968234267836045
Processor [0] :       1024    -0.9972935856462327
Processor [0] :       1024    -0.9977261969690339
Processor [0] :       1024    -0.9981212444644368
Processor [0] :       1024    -0.9984787132591257
Processor [0] :       1024    -0.9987985898946034
Processor [0] :       1024    -0.9990808623276947
Processor [0] :       1024    -0.9993255199310019
Processor [0] :       1024    -0.9995325534933048
Processor [0] :       1024    -0.9997019552199066
Processor [0] :       1024    -0.9998337187329287
Processor [0] :       1024    -0.9999278390715486
Processor [0] :       1024    -0.9999843126921883
Processor [0] :       1024    -1.0000031374686496
Processor [0] :       1024    -0.9999843126921882
Processor [0] :       1024    -0.9999278390715480
Processor [0] :       1024    -0.9998337187329286
Processor [0] :       1024    -0.9997019552199068
Processor [0] :       1024    -0.9995325534933046
Processor [0] :       1024    -0.9993255199310015
Processor [0] :       1024    -0.9990808623276947
Processor [0] :       1024    -0.9987985898946039
Processor [0] :       1024    -0.9984787132591262
Processor [0] :       1024    -0.9981212444644374
Processor [0] :       1024    -0.9977261969690341
Processor [0] :       1024    -0.9972935856462323
Processor [0] :       1024    -0.9968234267836040
Processor [0] :       1024    -0.9963157380823640
Processor [0] :       1024    -0.9957705386567051
Processor [0] :       1024    -0.9951878490330773
Processor [0] :       1024    -0.9945676911494162
Processor [0] :       1024    -0.9939100883543149
Processor [0] :       1024    -0.9932150654061476
Processor [0] :       1024    -0.9924826484721350
Processor [0] :       1024    -0.9917128651273610
Processor [0] :       1024    -0.9909057443537336
Processor [0] :       1024    -0.9900613165388934
Processor [0] :       1024    -0.9891796134750699
Processor [0] :       1024    -0.9882606683578858
Processor [0] :       1024    -0.9873045157851060
Processor [0] :       1024    -0.9863111917553327
Processor [0] :       1024    -0.9852807336666553
Processor [0] :       1024    -0.9842131803152387
Processor [0] :       1024    -0.9831085718938624
Processor [0] :       1024    -0.9819669499904093
Processor [0] :       1024    -0.9807883575862993
Processor [0] :       1024    -0.9795728390548705
Processor [0] :       1024    -0.9783204401597074
Processor [0] :       1024    -0.9770312080529215
Processor [0] :       1024    -0.9757051912733730
Processor [0] :       1024    -0.9743424397448436
Processor [0] :       1024    -0.9729430047741582
Processor [0] :       1024    -0.9715069390492529
Processor [0] :       1024    -0.9700342966371902
Processor [0] :       1024    -0.9685251329821244
Processor [0] :       1024    -0.9669795049032146
Processor [0] :       1024    -0.9653974705924845
Processor [0] :       1024    -0.9637790896126315
Processor [0] :       1024    -0.9621244228947847
Processor [0] :       1024    -0.9604335327362105
Processor [0] :       1024    -0.9587064827979688
Processor [0] :       1024    -0.9569433381025121
Processor [0] :       1024    -0.9551441650312422
Processor [0] :       1024    -0.9533090313220087
Processor [0] :       1024    -0.9514380060665587
Processor [0] :       1024    -0.9495311597079353
Processor [0] :       1024    -0.9475885640378257
Processor [0] :       1024    -0.9456102921938595
Processor [0] :       1024    -0.9435964186568534
Processor [0] :       1024    -0.9415470192480078
Processor [0] :       1024    -0.9394621711260518
Processor [0] :       1024    -0.9373419527843390
Processor [0] :       1024    -0.9351864440478918
Processor [0] :       1024    -0.9329957260703956
Processor [0] :       1024    -0.9307698813311442
Processor [0] :       1024    -0.9285089936319341
Processor [0] :       1024    -0.9262131480939094
Processor [0] :       1024    -0.9238824311543559
Processor [0] :       1024    -0.9215169305634502
Processor [0] :       1024    -0.9191167353809528
Processor [0] :       1024    -0.9166819359728551
Processor [0] :       1024    -0.9142126240079780
Processor [0] :       1024    -0.9117088924545228
Processor [0] :       1024    -0.9091708355765667
Processor [0] :       1024    -0.9065985489305162
Processor [0] :       1024    -0.9039921293615102
Processor [0] :       1024    -0.9013516749997718
Processor [0] :       1024    -0.8986772852569160
Processor [0] :       1024    -0.8959690608222052
Processor [0] :       1024    -0.8932271036587571
Processor [0] :       1024    -0.8904515169997109
Processor [0] :       1024    -0.8876424053443350
Processor [0] :       1024    -0.8847998744540955
Processor [0] :       1024    -0.8819240313486733
Processor [0] :       1024    -0.8790149843019370
Processor [0] :       1024    -0.8760728428378619
Processor [0] :       1024    -0.8730977177264130
Processor [0] :       1024    -0.8700897209793685
Processor [0] :       1024    -0.8670489658461056
Processor [0] :       1024    -0.8639755668093370
Processor [0] :       1024    -0.8608696395807989
Processor [0] :       1024    -0.8577313010968960
Processor [0] :       1024    -0.8545606695142983
Processor [0] :       1024    -0.8513578642054931
Processor [0] :       1024    -0.8481230057542902
Processor [0] :       1024    -0.8448562159512816
Processor [0] :       1024    -0.8415576177892570
Processor [0] :       1024    -0.8382273354585731
Processor [0] :       1024    -0.8348654943424771
Processor [0] :       1024    -0.8314722210123870
Processor [0] :       1024    -0.8280476432231260
Processor [0] :       1024    -0.8245918899081117
Processor [0] :       1024    -0.8211050911745035
Processor [0] :       1024    -0.8175873782983034
Processor [0] :       1024    -0.8140388837194126
Processor [0] :       1024    -0.8104597410366463
Processor [0] :       1024    -0.8068500850027038
Processor [0] :       1024    -0.8032100515190940
Processor [0] :       1024    -0.7995397776310211
Processor [0] :       1024    -0.7958394015222217
Processor [0] :       1024    -0.7921090625097658
Processor [0] :       1024    -0.7883489010388077
Processor [0] :       1024    -0.7845590586773026
Processor [0] :       1024    -0.7807396781106730
Processor [0] :       1024    -0.7768909031364375
Processor [0] :       1024    -0.7730128786588004
Processor [0] :       1024    -0.7691057506831899
Processor [0] :       1024    -0.7651696663107663
Processor [0] :       1024    -0.7612047737328820
Processor [0] :       1024    -0.7572112222255016
Processor [0] :       1024    -0.7531891621435814
Processor [0] :       1024    -0.7491387449154113
Processor [0] :       1024    -0.7450601230369098
Processor [0] :       1024    -0.7409534500658860
Processor [0] :       1024    -0.7368188806162552
Processor [0] :       1024    -0.7326565703522212
Processor [0] :       1024    -0.7284666759824128
Processor [0] :       1024    -0.7242493552539844
Processor [0] :       1024    -0.7200047669466778
Processor [0] :       1024    -0.7157330708668446
Processor [0] :       1024    -0.7114344278414269
Processor [0] :       1024    -0.7071089997119056
Processor [0] :       1024    -0.7027569493282043
Processor [0] :       1024    -0.6983784405425608
Processor [0] :       1024    -0.6939736382033561
Processor [0] :       1024    -0.6895427081489088
Processor [0] :       1024    -0.6850858172012304
Processor [0] :       1024    -0.6806031331597464
Processor [0] :       1024    -0.6760948247949776
Processor [0] :       1024    -0.6715610618421857
Processor [0] :       1024    -0.6670020149949829
Processor [0] :       1024    -0.6624178558989069
Processor [0] :       1024    -0.6578087571449565
Processor [0] :       1024    -0.6531748922630942
Processor [0] :       1024    -0.6485164357157147
Processor [0] :       1024    -0.6438335628910730
Processor [0] :       1024    -0.6391264500966847
Processor [0] :       1024    -0.6343952745526857
Processor [0] :       1024    -0.6296402143851622
Processor [0] :       1024    -0.6248614486194408
Processor [0] :       1024    -0.6200591571733520
Processor [0] :       1024    -0.6152335208504545
Processor [0] :       1024    -0.6103847213332284
Processor [0] :       1024    -0.6055129411762350
Processor [0] :       1024    -0.6006183637992433
Processor [0] :       1024    -0.5957011734803259
Processor [0] :       1024    -0.5907615553489182
Processor [0] :       1024    -0.5857996953788516
Processor [0] :       1024    -0.5808157803813492
Processor [0] :       1024    -0.5758099979979941
Processor [0] :       1024    -0.5707825366936634
Processor [0] :       1024    -0.5657335857494336
Processor [0] :       1024    -0.5606633352554544
Processor [0] :       1024    -0.5555719761037909
Processor [0] :       1024    -0.5504596999812377
Processor [0] :       1024    -0.5453266993621014
Processor [0] :       1024    -0.5401731675009540
Processor [0] :       1024    -0.5349992984253573
Processor [0] :       1024    -0.5298052869285576
Processor [0] :       1024    -0.5245913285621522
Processor [0] :       1024    -0.5193576196287267
Processor [0] :       1024    -0.5141043571744643
Processor [0] :       1024    -0.5088317389817274
Processor [0] :       1024    -0.5035399635616105
Processor [0] :       1024    -0.4982292301464674
Processor [0] :       1024    -0.4928997386824096
Processor [0] :       1024    -0.4875516898217785
Processor [0] :       1024    -0.4821852849155910
Processor [0] :       1024    -0.4768007260059586
Processor [0] :       1024    -0.4713982158184811
Processor [0] :       1024    -0.4659779577546131
Processor [0] :       1024    -0.4605401558840075
Processor [0] :       1024    -0.4550850149368314
Processor [0] :       1024    -0.4496127402960580
Processor [0] :       1024    -0.4441235379897344
Processor [0] :       1024    -0.4386176146832253
Processor [0] :       1024    -0.4330951776714311
Processor [0] :       1024    -0.4275564348709838
Processor [0] :       1024    -0.4220015948124194
Processor [0] :       1024    -0.4164308666323268
Processor [0] :       1024    -0.4108444600654730
Processor [0] :       1024    -0.4052425854369081
Processor [0] :       1024    -0.3996254536540454
Processor [0] :       1024    -0.3939932761987220
Processor [0] :       1024    -0.3883462651192356
Processor [0] :       1024    -0.3826846330223616
Processor [0] :       1024    -0.3770085930653484
Processor [0] :       1024    -0.3713183589478926
Processor [0] :       1024    -0.3656141449040924
Processor [0] :       1024    -0.3598961656943824
Processor [0] :       1024    -0.3541646365974482
Processor [0] :       1024    -0.3484197734021207
Processor [0] :       1024    -0.3426617923992523
Processor [0] :       1024    -0.3368909103735733
Processor [0] :       1024    -0.3311073445955305
Processor [0] :       1024    -0.3253113128131060
Processor [0] :       1024    -0.3195030332436208
Processor [0] :       1024    -0.3136827245655180
Processor [0] :       1024    -0.3078506059101294
Processor [0] :       1024    -0.3020068968534261
Processor [0] :       1024    -0.2961518174077513
Processor [0] :       1024    -0.2902855880135367
Processor [0] :       1024    -0.2844084295310035
Processor [0] :       1024    -0.2785205632318469
Processor [0] :       1024    -0.2726222107909049
Processor [0] :       1024    -0.2667135942778134
Processor [0] :       1024    -0.2607949361486445
Processor [0] :       1024    -0.2548664592375315
Processor [0] :       1024    -0.2489283867482792
Processor [0] :       1024    -0.2429809422459609
Processor [0] :       1024    -0.2370243496485002
Processor [0] :       1024    -0.2310588332182421
Processor [0] :       1024    -0.2250846175535083
Processor [0] :       1024    -0.2191019275801419
Processor [0] :       1024    -0.2131109885430391
Processor [0] :       1024    -0.2071120259976684
Processor [0] :       1024    -0.2011052658015791
Processor [0] :       1024    -0.1950909341058975
Processor [0] :       1024    -0.1890692573468126
Processor [0] :       1024    -0.1830404622370511
Processor [0] :       1024    -0.1770047757573411
Processor [0] :       1024    -0.1709624251478674
Processor [0] :       1024    -0.1649136378997154
Processor [0] :       1024    -0.1588586417463059
Processor [0] :       1024    -0.1527976646548219
Processor [0] :       1024    -0.1467309348176253
Processor [0] :       1024    -0.1406586806436655
Processor [0] :       1024    -0.1345811307498800
Processor [0] :       1024    -0.1284985139525874
Processor [0] :       1024    -0.1224110592588721
Processor [0] :       1024    -0.1163189958579626
Processor [0] :       1024    -0.1102225531126030
Processor [0] :       1024    -0.1041219605504166
Processor [0] :       1024    -0.0980174478552655
Processor [0] :       1024    -0.0919092448586024
Processor [0] :       1024    -0.0857975815308176
Processor [0] :       1024    -0.0796826879725812
Processor [0] :       1024    -0.0735647944061794
Processor [0] :       1024    -0.0674441311668473
Processor [0] :       1024    -0.0613209286940963
Processor [0] :       1024    -0.0551954175230387
Processor [0] :       1024    -0.0490678282757079
Processor [0] :       1024    -0.0429383916523758
Processor [0] :       1024    -0.0368073384228669
Processor [0] :       1024    -0.0306748994178699
Processor [0] :       1024    -0.0245413055202474
Processor [0] :       1024    -0.0184067876563428
Processor [0] :       1024    -0.0122715767872866
Processor [0] :       1024    -0.0061359039003002
Processor [0] :		  1024     0.0000000000000000
