Processor [0] :       1024    0.0000000000000000
Processor [0] :       1024    0.0061359231515909
Processor [0] :       1024    0.0122715382854300
Processor [0] :       1024    0.0184068454073157
Processor [0] :       1024    0.0245412285223325
Processor [0] :       1024    0.0306749956598279
Processor [0] :       1024    0.0368072229404893
Processor [0] :       1024    0.0429385263708253
Processor [0] :       1024    0.0490676743262588
Processor [0] :       1024    0.0551955906976914
Processor [0] :       1024    0.0613207363007599
Processor [0] :       1024    0.0674443427716239
Processor [0] :       1024    0.0735645635979295
Processor [0] :       1024    0.0796829379756148
Processor [0] :       1024    0.0857973123424130
Processor [0] :       1024    0.0919095332222434
Processor [0] :       1024    0.0980171403272450
Processor [0] :       1024    0.1041222872312385
Processor [0] :       1024    0.1102222072912790
Processor [0] :       1024    0.1163193608067685
Processor [0] :       1024    0.1224106751963243
Processor [0] :       1024    0.1284989171144173
Processor [0] :       1024    0.1345807085039467
Processor [0] :       1024    0.1406591219578047
Processor [0] :       1024    0.1467304744518952
Processor [0] :       1024    0.1527981440548103
Processor [0] :       1024    0.1588581433301084
Processor [0] :       1024    0.1649141553133569
Processor [0] :       1024    0.1709618887562623
Processor [0] :       1024    0.1770053311067153
Processor [0] :       1024    0.1830398879508167
Processor [0] :       1024    0.1890698505482857
Processor [0] :       1024    0.1950903220115193
Processor [0] :       1024    0.2011058967658172
Processor [0] :       1024    0.2071113761873256
Processor [0] :       1024    0.2131116571750214
Processor [0] :       1024    0.2191012401516935
Processor [0] :       1024    0.2250853237525413
Processor [0] :       1024    0.2310581082752124
Processor [0] :       1024    0.2370250933082330
Processor [0] :       1024    0.2429801798975235
Processor [0] :       1024    0.2489291677567192
Processor [0] :       1024    0.2548656595984934
Processor [0] :       1024    0.2607957543881748
Processor [0] :       1024    0.2667127574685974
Processor [0] :       1024    0.2726230661383017
Processor [0] :       1024    0.2785196893784730
Processor [0] :       1024    0.2844093218574545
Processor [0] :       1024    0.2902846772476044
Processor [0] :       1024    0.2961527465788753
Processor [0] :       1024    0.3020059493120932
Processor [0] :       1024    0.3078515717859967
Processor [0] :       1024    0.3136817403914808
Processor [0] :       1024    0.3195040356787743
Processor [0] :       1024    0.3253102921545775
Processor [0] :       1024    0.3311083834390068
Processor [0] :       1024    0.3368898533842612
Processor [0] :       1024    0.3426628674946058
Processor [0] :       1024    0.3484186802412031
Processor [0] :       1024    0.3541657477827733
Processor [0] :       1024    0.3598950365264856
Processor [0] :       1024    0.3656152920120486
Processor [0] :       1024    0.3713171939430652
Processor [0] :       1024    0.3770097759231856
Processor [0] :       1024    0.3826834323560490
Processor [0] :       1024    0.3883474835488194
Processor [0] :       1024    0.3939920400517400
Processor [0] :       1024    0.3996267074718852
Processor [0] :       1024    0.4052413139954162
Processor [0] :       1024    0.4108457490827483
Processor [0] :       1024    0.4164295600877990
Processor [0] :       1024    0.4220029188350091
Processor [0] :       1024    0.4275550934201811
Processor [0] :       1024    0.4330965364999418
Processor [0] :       1024    0.4386162385281653
Processor [0] :       1024    0.4441249314195320
Processor [0] :       1024    0.4496113296439845
Processor [0] :       1024    0.4550864427580703
Processor [0] :       1024    0.4605387109473599
Processor [0] :       1024    0.4659794197522687
Processor [0] :       1024    0.4713967368148610
Processor [0] :       1024    0.4768022219598596
Processor [0] :       1024    0.4821837720677311
Processor [0] :       1024    0.4875532195066394
Processor [0] :       1024    0.4928981922181394
Processor [0] :       1024    0.4982307933319237
Processor [0] :       1024    0.5035383837138215
Processor [0] :       1024    0.5088333354323687
Processor [0] :       1024    0.5141027441810762
Processor [0] :       1024    0.5193592491041337
Processor [0] :       1024    0.5245896826660756
Processor [0] :       1024    0.5298069491833370
Processor [0] :       1024    0.5349976198744579
Processor [0] :       1024    0.5401748622847766
Processor [0] :       1024    0.5453249884091632
Processor [0] :       1024    0.5504614270388756
Processor [0] :       1024    0.5555702330064769
Processor [0] :       1024    0.5606650943268183
Processor [0] :       1024    0.5657318107702478
Processor [0] :       1024    0.5707843275138440
Processor [0] :       1024    0.5758081914042419
Processor [0] :       1024    0.5808176026806560
Processor [0] :       1024    0.5857978574425993
Processor [0] :       1024    0.5907634088529192
Processor [0] :       1024    0.5956993044783599
Processor [0] :       1024    0.6006202482288074
Processor [0] :       1024    0.6055110413900203
Processor [0] :       1024    0.6103866364045676
Processor [0] :       1024    0.6152315905660921
Processor [0] :       1024    0.6200611025980637
Processor [0] :       1024    0.6248594881276240
Processor [0] :       1024    0.6296421898702727
Processor [0] :       1024    0.6343932841486583
Processor [0] :       1024    0.6391284553446930
Processor [0] :       1024    0.6438315428745809
Processor [0] :       1024    0.6485184704246377
Processor [0] :       1024    0.6531728429383457
Processor [0] :       1024    0.6578108210083748
Processor [0] :       1024    0.6624157775745224
Processor [0] :       1024    0.6670041077020865
Processor [0] :       1024    0.6715589548311528
Processor [0] :       1024    0.6760969460306122
Processor [0] :       1024    0.6806009977793739
Processor [0] :       1024    0.6850879666459454
Processor [0] :       1024    0.6895405447207765
Processor [0] :       1024    0.6939758155334539
Processor [0] :       1024    0.6983762493924739
Processor [0] :       1024    0.7027591542157857
Processor [0] :       1024    0.7071067811698422
Processor [0] :       1024    0.7114366599544452
Processor [0] :       1024    0.7157308252669097
Processor [0] :       1024    0.7200070259489844
Processor [0] :       1024    0.7242470829343566
Processor [0] :       1024    0.7284689615338100
Processor [0] :       1024    0.7326542716551037
Processor [0] :       1024    0.7368211923725480
Processor [0] :       1024    0.7409511253374543
Processor [0] :       1024    0.7450624606499561
Processor [0] :       1024    0.7491363945057607
Processor [0] :       1024    0.7531915252613453
Processor [0] :       1024    0.7572088464885954
Processor [0] :       1024    0.7612071619994862
Processor [0] :       1024    0.7651672656043820
Processor [0] :       1024    0.7691081637389704
Processor [0] :       1024    0.7730104533444744
Processor [0] :       1024    0.7768933406179971
Processor [0] :       1024    0.7807372285536497
Processor [0] :       1024    0.7845615202175653
Processor [0] :       1024    0.7883464276079816
Processor [0] :       1024    0.7921115477380331
Processor [0] :       1024    0.7958369045900819
Processor [0] :       1024    0.7995422861730259
Processor [0] :       1024    0.8032075314616690
Processor [0] :       1024    0.8068526164806694
Processor [0] :       1024    0.8104571982334478
Processor [0] :       1024    0.8140414377521079
Processor [0] :       1024    0.8175848131322683
Processor [0] :       1024    0.8211076673773009
Processor [0] :       1024    0.8245893027655441
Processor [0] :       1024    0.8280502412080586
Processor [0] :       1024    0.8314696122829021
Processor [0] :       1024    0.8348681137182976
Processor [0] :       1024    0.8382247055350351
Processor [0] :       1024    0.8415602581614977
Processor [0] :       1024    0.8448535652297473
Processor [0] :       1024    0.8481256667253202
Processor [0] :       1024    0.8513551930851518
Processor [0] :       1024    0.8545633506833853
Processor [0] :       1024    0.8577286099800083
Processor [0] :       1024    0.8608723405441685
Processor [0] :       1024    0.8639728561011755
Processor [0] :       1024    0.8670516861970032
Processor [0] :       1024    0.8700869910881557
Processor [0] :       1024    0.8731004570551630
Processor [0] :       1024    0.8760700941747097
Processor [0] :       1024    0.8790177421960064
Processor [0] :       1024    0.8819212643275198
Processor [0] :       1024    0.8848026504981563
Processor [0] :       1024    0.8876396203818834
Processor [0] :       1024    0.8904543107757011
Processor [0] :       1024    0.8932243011744133
Processor [0] :       1024    0.8959718719093919
Processor [0] :       1024    0.8986744656727225
Processor [0] :       1024    0.9013545029748162
Processor [0] :       1024    0.9039892931020864
Processor [0] :       1024    0.9066013933675354
Processor [0] :       1024    0.9091679830690433
Processor [0] :       1024    0.9117117529251553
Processor [0] :       1024    0.9142097556819329
Processor [0] :       1024    0.9166848120463240
Processor [0] :       1024    0.9191138516683439
Processor [0] :       1024    0.9215198218066301
Processor [0] :       1024    0.9238795324894604
Processor [0] :       1024    0.9262160540713886
Processor [0] :       1024    0.9285060804512796
Processor [0] :       1024    0.9307728016052942
Processor [0] :       1024    0.9329927988126971
Processor [0] :       1024    0.9351893781789297
Processor [0] :       1024    0.9373390118904301
Processor [0] :       1024    0.9394651186721081
Processor [0] :       1024    0.9415440651607770
Processor [0] :       1024    0.9435993791740387
Processor [0] :       1024    0.9456073253581813
Processor [0] :       1024    0.9475915370802973
Processor [0] :       1024    0.9495281805706037
Processor [0] :       1024    0.9514409911865872
Processor [0] :       1024    0.9533060403316722
Processor [0] :       1024    0.9551471617792791
Processor [0] :       1024    0.9569403357096011
Processor [0] :       1024    0.9587094907227145
Processor [0] :       1024    0.9604305193928755
Processor [0] :       1024    0.9621274415432579
Processor [0] :       1024    0.9637760657726706
Processor [0] :       1024    0.9654004995100878
Processor [0] :       1024    0.9669764710220072
Processor [0] :       1024    0.9685281717127130
Processor [0] :       1024    0.9700312531716273
Processor [0] :       1024    0.9715099871352055
Processor [0] :       1024    0.9729399521825741
Processor [0] :       1024    0.9743454967271296
Processor [0] :       1024    0.9757021300154776
Processor [0] :       1024    0.9770342734711716
Processor [0] :       1024    0.9783173706965149
Processor [0] :       1024    0.9795759124474429
Processor [0] :       1024    0.9807852803800599
Processor [0] :       1024    0.9819700308944632
Processor [0] :       1024    0.9831054874079902
Processor [0] :       1024    0.9842162682668004
Processor [0] :       1024    0.9852776423656640
Processor [0] :       1024    0.9863142862893683
Processor [0] :       1024    0.9873014181345334
Processor [0] :       1024    0.9882637690083701
Processor [0] :       1024    0.9891765099414114
Processor [0] :       1024    0.9900644228388790
Processor [0] :       1024    0.9909026354043701
Processor [0] :       1024    0.9917159766090520
Processor [0] :       1024    0.9924795345752628
Processor [0] :       1024    0.9932181816009658
Processor [0] :       1024    0.9939069699788750
Processor [0] :       1024    0.9945708115880738
Processor [0] :       1024    0.9951847266486855
Processor [0] :       1024    0.9957736628692754
Processor [0] :       1024    0.9963126121592405
Processor [0] :       1024    0.9968265542995925
Processor [0] :       1024    0.9972904566551293
Processor [0] :       1024    0.9977293273174481
Processor [0] :       1024    0.9981181128765686
Processor [0] :       1024    0.9984818459685468
Processor [0] :       1024    0.9987954561815761
Processor [0] :       1024    0.9990839969263476
Processor [0] :       1024    0.9993223845647408
Processor [0] :       1024    0.9995356895091307
Processor [0] :       1024    0.9996988186725867
Processor [0] :       1024    0.9998368556936550
Processor [0] :       1024    0.9999247018155211
Processor [0] :       1024    0.9999874501254010
Processor [0] :       1024    0.9999999999763753
Processor [0] :       1024    0.9999874501254014
Processor [0] :       1024    0.9999247018155213
Processor [0] :       1024    0.9998368556936549
Processor [0] :       1024    0.9996988186725860
Processor [0] :       1024    0.9995356895091307
Processor [0] :       1024    0.9993223845647404
Processor [0] :       1024    0.9990839969263474
Processor [0] :       1024    0.9987954561815763
Processor [0] :       1024    0.9984818459685465
Processor [0] :       1024    0.9981181128765684
Processor [0] :       1024    0.9977293273174486
Processor [0] :       1024    0.9972904566551293
Processor [0] :       1024    0.9968265542995929
Processor [0] :       1024    0.9963126121592401
Processor [0] :       1024    0.9957736628692753
Processor [0] :       1024    0.9951847266486857
Processor [0] :       1024    0.9945708115880736
Processor [0] :       1024    0.9939069699788753
Processor [0] :       1024    0.9932181816009656
Processor [0] :       1024    0.9924795345752626
Processor [0] :       1024    0.9917159766090522
Processor [0] :       1024    0.9909026354043697
Processor [0] :       1024    0.9900644228388794
Processor [0] :       1024    0.9891765099414116
Processor [0] :       1024    0.9882637690083702
Processor [0] :       1024    0.9873014181345333
Processor [0] :       1024    0.9863142862893680
Processor [0] :       1024    0.9852776423656644
Processor [0] :       1024    0.9842162682667999
Processor [0] :       1024    0.9831054874079908
Processor [0] :       1024    0.9819700308944630
Processor [0] :       1024    0.9807852803800595
Processor [0] :       1024    0.9795759124474432
Processor [0] :       1024    0.9783173706965151
Processor [0] :       1024    0.9770342734711716
Processor [0] :       1024    0.9757021300154776
Processor [0] :       1024    0.9743454967271300
Processor [0] :       1024    0.9729399521825747
Processor [0] :       1024    0.9715099871352055
Processor [0] :       1024    0.9700312531716271
Processor [0] :       1024    0.9685281717127131
Processor [0] :       1024    0.9669764710220075
Processor [0] :       1024    0.9654004995100878
Processor [0] :       1024    0.9637760657726711
Processor [0] :       1024    0.9621274415432581
Processor [0] :       1024    0.9604305193928755
Processor [0] :       1024    0.9587094907227151
Processor [0] :       1024    0.9569403357096014
Processor [0] :       1024    0.9551471617792796
Processor [0] :       1024    0.9533060403316720
Processor [0] :       1024    0.9514409911865869
Processor [0] :       1024    0.9495281805706044
Processor [0] :       1024    0.9475915370802976
Processor [0] :       1024    0.9456073253581814
Processor [0] :       1024    0.9435993791740385
Processor [0] :       1024    0.9415440651607767
Processor [0] :       1024    0.9394651186721081
Processor [0] :       1024    0.9373390118904308
Processor [0] :       1024    0.9351893781789297
Processor [0] :       1024    0.9329927988126976
Processor [0] :       1024    0.9307728016052946
Processor [0] :       1024    0.9285060804512797
Processor [0] :       1024    0.9262160540713884
Processor [0] :       1024    0.9238795324894604
Processor [0] :       1024    0.9215198218066298
Processor [0] :       1024    0.9191138516683434
Processor [0] :       1024    0.9166848120463240
Processor [0] :       1024    0.9142097556819326
Processor [0] :       1024    0.9117117529251553
Processor [0] :       1024    0.9091679830690438
Processor [0] :       1024    0.9066013933675354
Processor [0] :       1024    0.9039892931020868
Processor [0] :       1024    0.9013545029748167
Processor [0] :       1024    0.8986744656727228
Processor [0] :       1024    0.8959718719093921
Processor [0] :       1024    0.8932243011744128
Processor [0] :       1024    0.8904543107757017
Processor [0] :       1024    0.8876396203818839
Processor [0] :       1024    0.8848026504981568
Processor [0] :       1024    0.8819212643275196
Processor [0] :       1024    0.8790177421960066
Processor [0] :       1024    0.8760700941747102
Processor [0] :       1024    0.8731004570551628
Processor [0] :       1024    0.8700869910881561
Processor [0] :       1024    0.8670516861970030
Processor [0] :       1024    0.8639728561011761
Processor [0] :       1024    0.8608723405441685
Processor [0] :       1024    0.8577286099800081
Processor [0] :       1024    0.8545633506833854
Processor [0] :       1024    0.8513551930851522
Processor [0] :       1024    0.8481256667253203
Processor [0] :       1024    0.8448535652297475
Processor [0] :       1024    0.8415602581614974
Processor [0] :       1024    0.8382247055350354
Processor [0] :       1024    0.8348681137182978
Processor [0] :       1024    0.8314696122829015
Processor [0] :       1024    0.8280502412080586
Processor [0] :       1024    0.8245893027655440
Processor [0] :       1024    0.8211076673773015
Processor [0] :       1024    0.8175848131322687
Processor [0] :       1024    0.8140414377521086
Processor [0] :       1024    0.8104571982334476
Processor [0] :       1024    0.8068526164806695
Processor [0] :       1024    0.8032075314616691
Processor [0] :       1024    0.7995422861730268
Processor [0] :       1024    0.7958369045900819
Processor [0] :       1024    0.7921115477380332
Processor [0] :       1024    0.7883464276079815
Processor [0] :       1024    0.7845615202175658
Processor [0] :       1024    0.7807372285536489
Processor [0] :       1024    0.7768933406179972
Processor [0] :       1024    0.7730104533444748
Processor [0] :       1024    0.7691081637389701
Processor [0] :       1024    0.7651672656043822
Processor [0] :       1024    0.7612071619994865
Processor [0] :       1024    0.7572088464885955
Processor [0] :       1024    0.7531915252613455
Processor [0] :       1024    0.7491363945057612
Processor [0] :       1024    0.7450624606499561
Processor [0] :       1024    0.7409511253374543
Processor [0] :       1024    0.7368211923725483
Processor [0] :       1024    0.7326542716551043
Processor [0] :       1024    0.7284689615338107
Processor [0] :       1024    0.7242470829343568
Processor [0] :       1024    0.7200070259489846
Processor [0] :       1024    0.7157308252669092
Processor [0] :       1024    0.7114366599544450
Processor [0] :       1024    0.7071067811698422
Processor [0] :       1024    0.7027591542157867
Processor [0] :       1024    0.6983762493924743
Processor [0] :       1024    0.6939758155334537
Processor [0] :       1024    0.6895405447207770
Processor [0] :       1024    0.6850879666459455
Processor [0] :       1024    0.6806009977793741
Processor [0] :       1024    0.6760969460306123
Processor [0] :       1024    0.6715589548311529
Processor [0] :       1024    0.6670041077020863
Processor [0] :       1024    0.6624157775745225
Processor [0] :       1024    0.6578108210083746
Processor [0] :       1024    0.6531728429383457
Processor [0] :       1024    0.6485184704246378
Processor [0] :       1024    0.6438315428745813
Processor [0] :       1024    0.6391284553446932
Processor [0] :       1024    0.6343932841486579
Processor [0] :       1024    0.6296421898702727
Processor [0] :       1024    0.6248594881276244
Processor [0] :       1024    0.6200611025980642
Processor [0] :       1024    0.6152315905660923
Processor [0] :       1024    0.6103866364045680
Processor [0] :       1024    0.6055110413900207
Processor [0] :       1024    0.6006202482288077
Processor [0] :       1024    0.5956993044783603
Processor [0] :       1024    0.5907634088529190
Processor [0] :       1024    0.5857978574425995
Processor [0] :       1024    0.5808176026806562
Processor [0] :       1024    0.5758081914042426
Processor [0] :       1024    0.5707843275138442
Processor [0] :       1024    0.5657318107702483
Processor [0] :       1024    0.5606650943268188
Processor [0] :       1024    0.5555702330064771
Processor [0] :       1024    0.5504614270388755
Processor [0] :       1024    0.5453249884091631
Processor [0] :       1024    0.5401748622847771
Processor [0] :       1024    0.5349976198744582
Processor [0] :       1024    0.5298069491833373
Processor [0] :       1024    0.5245896826660759
Processor [0] :       1024    0.5193592491041339
Processor [0] :       1024    0.5141027441810759
Processor [0] :       1024    0.5088333354323691
Processor [0] :       1024    0.5035383837138216
Processor [0] :       1024    0.4982307933319237
Processor [0] :       1024    0.4928981922181392
Processor [0] :       1024    0.4875532195066392
Processor [0] :       1024    0.4821837720677309
Processor [0] :       1024    0.4768022219598600
Processor [0] :       1024    0.4713967368148613
Processor [0] :       1024    0.4659794197522689
Processor [0] :       1024    0.4605387109473602
Processor [0] :       1024    0.4550864427580701
Processor [0] :       1024    0.4496113296439850
Processor [0] :       1024    0.4441249314195326
Processor [0] :       1024    0.4386162385281653
Processor [0] :       1024    0.4330965364999422
Processor [0] :       1024    0.4275550934201813
Processor [0] :       1024    0.4220029188350092
Processor [0] :       1024    0.4164295600877994
Processor [0] :       1024    0.4108457490827486
Processor [0] :       1024    0.4052413139954165
Processor [0] :       1024    0.3996267074718856
Processor [0] :       1024    0.3939920400517403
Processor [0] :       1024    0.3883474835488196
Processor [0] :       1024    0.3826834323560491
Processor [0] :       1024    0.3770097759231859
Processor [0] :       1024    0.3713171939430651
Processor [0] :       1024    0.3656152920120481
Processor [0] :       1024    0.3598950365264859
Processor [0] :       1024    0.3541657477827731
Processor [0] :       1024    0.3484186802412039
Processor [0] :       1024    0.3426628674946059
Processor [0] :       1024    0.3368898533842613
Processor [0] :       1024    0.3311083834390069
Processor [0] :       1024    0.3253102921545779
Processor [0] :       1024    0.3195040356787742
Processor [0] :       1024    0.3136817403914811
Processor [0] :       1024    0.3078515717859971
Processor [0] :       1024    0.3020059493120935
Processor [0] :       1024    0.2961527465788756
Processor [0] :       1024    0.2902846772476046
Processor [0] :       1024    0.2844093218574546
Processor [0] :       1024    0.2785196893784729
Processor [0] :       1024    0.2726230661383020
Processor [0] :       1024    0.2667127574685972
Processor [0] :       1024    0.2607957543881751
Processor [0] :       1024    0.2548656595984935
Processor [0] :       1024    0.2489291677567194
Processor [0] :       1024    0.2429801798975242
Processor [0] :       1024    0.2370250933082332
Processor [0] :       1024    0.2310581082752123
Processor [0] :       1024    0.2250853237525416
Processor [0] :       1024    0.2191012401516939
Processor [0] :       1024    0.2131116571750218
Processor [0] :       1024    0.2071113761873258
Processor [0] :       1024    0.2011058967658172
Processor [0] :       1024    0.1950903220115197
Processor [0] :       1024    0.1890698505482864
Processor [0] :       1024    0.1830398879508168
Processor [0] :       1024    0.1770053311067157
Processor [0] :       1024    0.1709618887562627
Processor [0] :       1024    0.1649141553133568
Processor [0] :       1024    0.1588581433301084
Processor [0] :       1024    0.1527981440548103
Processor [0] :       1024    0.1467304744518956
Processor [0] :       1024    0.1406591219578051
Processor [0] :       1024    0.1345807085039474
Processor [0] :       1024    0.1284989171144175
Processor [0] :       1024    0.1224106751963245
Processor [0] :       1024    0.1163193608067690
Processor [0] :       1024    0.1102222072912791
Processor [0] :       1024    0.1041222872312386
Processor [0] :       1024    0.0980171403272456
Processor [0] :       1024    0.0919095332222435
Processor [0] :       1024    0.0857973123424129
Processor [0] :       1024    0.0796829379756150
Processor [0] :       1024    0.0735645635979298
Processor [0] :       1024    0.0674443427716240
Processor [0] :       1024    0.0613207363007597
Processor [0] :       1024    0.0551955906976920
Processor [0] :       1024    0.0490676743262592
Processor [0] :       1024    0.0429385263708255
Processor [0] :       1024    0.0368072229404892
Processor [0] :       1024    0.0306749956598282
Processor [0] :       1024    0.0245412285223321
Processor [0] :       1024    0.0184068454073163
Processor [0] :       1024    0.0122715382854299
Processor [0] :       1024    0.0061359231515907
Processor [0] :       1024    0.0000000000000007
Processor [0] :       1024    -0.0061359231515907
Processor [0] :       1024    -0.0122715382854299
Processor [0] :       1024    -0.0184068454073154
Processor [0] :       1024    -0.0245412285223325
Processor [0] :       1024    -0.0306749956598273
Processor [0] :       1024    -0.0368072229404899
Processor [0] :       1024    -0.0429385263708248
Processor [0] :       1024    -0.0490676743262586
Processor [0] :       1024    -0.0551955906976911
Processor [0] :       1024    -0.0613207363007597
Processor [0] :       1024    -0.0674443427716240
Processor [0] :       1024    -0.0735645635979294
Processor [0] :       1024    -0.0796829379756141
Processor [0] :       1024    -0.0857973123424127
Processor [0] :       1024    -0.0919095332222428
Processor [0] :       1024    -0.0980171403272445
Processor [0] :       1024    -0.1041222872312384
Processor [0] :       1024    -0.1102222072912793
Processor [0] :       1024    -0.1163193608067685
Processor [0] :       1024    -0.1224106751963241
Processor [0] :       1024    -0.1284989171144171
Processor [0] :       1024    -0.1345807085039463
Processor [0] :       1024    -0.1406591219578046
Processor [0] :       1024    -0.1467304744518951
Processor [0] :       1024    -0.1527981440548101
Processor [0] :       1024    -0.1588581433301082
Processor [0] :       1024    -0.1649141553133568
Processor [0] :       1024    -0.1709618887562618
Processor [0] :       1024    -0.1770053311067155
Processor [0] :       1024    -0.1830398879508168
Processor [0] :       1024    -0.1890698505482855
Processor [0] :       1024    -0.1950903220115190
Processor [0] :       1024    -0.2011058967658170
Processor [0] :       1024    -0.2071113761873260
Processor [0] :       1024    -0.2131116571750209
Processor [0] :       1024    -0.2191012401516936
Processor [0] :       1024    -0.2250853237525408
Processor [0] :       1024    -0.2310581082752123
Processor [0] :       1024    -0.2370250933082325
Processor [0] :       1024    -0.2429801798975233
Processor [0] :       1024    -0.2489291677567191
Processor [0] :       1024    -0.2548656595984933
Processor [0] :       1024    -0.2607957543881740
Processor [0] :       1024    -0.2667127574685970
Processor [0] :       1024    -0.2726230661383016
Processor [0] :       1024    -0.2785196893784727
Processor [0] :       1024    -0.2844093218574544
Processor [0] :       1024    -0.2902846772476042
Processor [0] :       1024    -0.2961527465788749
Processor [0] :       1024    -0.3020059493120930
Processor [0] :       1024    -0.3078515717859964
Processor [0] :       1024    -0.3136817403914802
Processor [0] :       1024    -0.3195040356787739
Processor [0] :       1024    -0.3253102921545776
Processor [0] :       1024    -0.3311083834390063
Processor [0] :       1024    -0.3368898533842606
Processor [0] :       1024    -0.3426628674946055
Processor [0] :       1024    -0.3484186802412030
Processor [0] :       1024    -0.3541657477827729
Processor [0] :       1024    -0.3598950365264852
Processor [0] :       1024    -0.3656152920120481
Processor [0] :       1024    -0.3713171939430653
Processor [0] :       1024    -0.3770097759231856
Processor [0] :       1024    -0.3826834323560486
Processor [0] :       1024    -0.3883474835488194
Processor [0] :       1024    -0.3939920400517400
Processor [0] :       1024    -0.3996267074718849
Processor [0] :       1024    -0.4052413139954156
Processor [0] :       1024    -0.4108457490827480
Processor [0] :       1024    -0.4164295600877987
Processor [0] :       1024    -0.4220029188350090
Processor [0] :       1024    -0.4275550934201811
Processor [0] :       1024    -0.4330965364999413
Processor [0] :       1024    -0.4386162385281653
Processor [0] :       1024    -0.4441249314195315
Processor [0] :       1024    -0.4496113296439843
Processor [0] :       1024    -0.4550864427580701
Processor [0] :       1024    -0.4605387109473593
Processor [0] :       1024    -0.4659794197522686
Processor [0] :       1024    -0.4713967368148608
Processor [0] :       1024    -0.4768022219598596
Processor [0] :       1024    -0.4821837720677309
Processor [0] :       1024    -0.4875532195066394
Processor [0] :       1024    -0.4928981922181390
Processor [0] :       1024    -0.4982307933319232
Processor [0] :       1024    -0.5035383837138214
Processor [0] :       1024    -0.5088333354323689
Processor [0] :       1024    -0.5141027441810757
Processor [0] :       1024    -0.5193592491041330
Processor [0] :       1024    -0.5245896826660750
Processor [0] :       1024    -0.5298069491833370
Processor [0] :       1024    -0.5349976198744575
Processor [0] :       1024    -0.5401748622847768
Processor [0] :       1024    -0.5453249884091631
Processor [0] :       1024    -0.5504614270388748
Processor [0] :       1024    -0.5555702330064765
Processor [0] :       1024    -0.5606650943268177
Processor [0] :       1024    -0.5657318107702474
Processor [0] :       1024    -0.5707843275138436
Processor [0] :       1024    -0.5758081914042417
Processor [0] :       1024    -0.5808176026806560
Processor [0] :       1024    -0.5857978574425993
Processor [0] :       1024    -0.5907634088529188
Processor [0] :       1024    -0.5956993044783601
Processor [0] :       1024    -0.6006202482288074
Processor [0] :       1024    -0.6055110413900200
Processor [0] :       1024    -0.6103866364045674
Processor [0] :       1024    -0.6152315905660919
Processor [0] :       1024    -0.6200611025980634
Processor [0] :       1024    -0.6248594881276239
Processor [0] :       1024    -0.6296421898702727
Processor [0] :       1024    -0.6343932841486577
Processor [0] :       1024    -0.6391284553446930
Processor [0] :       1024    -0.6438315428745809
Processor [0] :       1024    -0.6485184704246376
Processor [0] :       1024    -0.6531728429383452
Processor [0] :       1024    -0.6578108210083748
Processor [0] :       1024    -0.6624157775745221
Processor [0] :       1024    -0.6670041077020863
Processor [0] :       1024    -0.6715589548311525
Processor [0] :       1024    -0.6760969460306119
Processor [0] :       1024    -0.6806009977793734
Processor [0] :       1024    -0.6850879666459453
Processor [0] :       1024    -0.6895405447207767
Processor [0] :       1024    -0.6939758155334537
Processor [0] :       1024    -0.6983762493924739
Processor [0] :       1024    -0.7027591542157858
Processor [0] :       1024    -0.7071067811698422
Processor [0] :       1024    -0.7114366599544450
Processor [0] :       1024    -0.7157308252669092
Processor [0] :       1024    -0.7200070259489839
Processor [0] :       1024    -0.7242470829343559
Processor [0] :       1024    -0.7284689615338096
Processor [0] :       1024    -0.7326542716551034
Processor [0] :       1024    -0.7368211923725481
Processor [0] :       1024    -0.7409511253374537
Processor [0] :       1024    -0.7450624606499556
Processor [0] :       1024    -0.7491363945057610
Processor [0] :       1024    -0.7531915252613453
Processor [0] :       1024    -0.7572088464885953
Processor [0] :       1024    -0.7612071619994860
Processor [0] :       1024    -0.7651672656043815
Processor [0] :       1024    -0.7691081637389701
Processor [0] :       1024    -0.7730104533444742
Processor [0] :       1024    -0.7768933406179968
Processor [0] :       1024    -0.7807372285536496
Processor [0] :       1024    -0.7845615202175655
Processor [0] :       1024    -0.7883464276079815
Processor [0] :       1024    -0.7921115477380325
Processor [0] :       1024    -0.7958369045900813
Processor [0] :       1024    -0.7995422861730255
Processor [0] :       1024    -0.8032075314616689
Processor [0] :       1024    -0.8068526164806689
Processor [0] :       1024    -0.8104571982334476
Processor [0] :       1024    -0.8140414377521079
Processor [0] :       1024    -0.8175848131322676
Processor [0] :       1024    -0.8211076673773010
Processor [0] :       1024    -0.8245893027655438
Processor [0] :       1024    -0.8280502412080584
Processor [0] :       1024    -0.8314696122829015
Processor [0] :       1024    -0.8348681137182978
Processor [0] :       1024    -0.8382247055350351
Processor [0] :       1024    -0.8415602581614974
Processor [0] :       1024    -0.8448535652297469
Processor [0] :       1024    -0.8481256667253199
Processor [0] :       1024    -0.8513551930851520
Processor [0] :       1024    -0.8545633506833845
Processor [0] :       1024    -0.8577286099800077
Processor [0] :       1024    -0.8608723405441678
Processor [0] :       1024    -0.8639728561011750
Processor [0] :       1024    -0.8670516861970026
Processor [0] :       1024    -0.8700869910881555
Processor [0] :       1024    -0.8731004570551624
Processor [0] :       1024    -0.8760700941747095
Processor [0] :       1024    -0.8790177421960066
Processor [0] :       1024    -0.8819212643275192
Processor [0] :       1024    -0.8848026504981561
Processor [0] :       1024    -0.8876396203818830
Processor [0] :       1024    -0.8904543107757015
Processor [0] :       1024    -0.8932243011744128
Processor [0] :       1024    -0.8959718719093919
Processor [0] :       1024    -0.8986744656727226
Processor [0] :       1024    -0.9013545029748160
Processor [0] :       1024    -0.9039892931020859
Processor [0] :       1024    -0.9066013933675354
Processor [0] :       1024    -0.9091679830690427
Processor [0] :       1024    -0.9117117529251545
Processor [0] :       1024    -0.9142097556819324
Processor [0] :       1024    -0.9166848120463238
Processor [0] :       1024    -0.9191138516683437
Processor [0] :       1024    -0.9215198218066301
Processor [0] :       1024    -0.9238795324894602
Processor [0] :       1024    -0.9262160540713877
Processor [0] :       1024    -0.9285060804512791
Processor [0] :       1024    -0.9307728016052936
Processor [0] :       1024    -0.9329927988126974
Processor [0] :       1024    -0.9351893781789291
Processor [0] :       1024    -0.9373390118904300
Processor [0] :       1024    -0.9394651186721081
Processor [0] :       1024    -0.9415440651607763
Processor [0] :       1024    -0.9435993791740389
Processor [0] :       1024    -0.9456073253581806
Processor [0] :       1024    -0.9475915370802966
Processor [0] :       1024    -0.9495281805706041
Processor [0] :       1024    -0.9514409911865870
Processor [0] :       1024    -0.9533060403316718
Processor [0] :       1024    -0.9551471617792791
Processor [0] :       1024    -0.9569403357096009
Processor [0] :       1024    -0.9587094907227141
Processor [0] :       1024    -0.9604305193928757
Processor [0] :       1024    -0.9621274415432577
Processor [0] :       1024    -0.9637760657726706
Processor [0] :       1024    -0.9654004995100874
Processor [0] :       1024    -0.9669764710220073
Processor [0] :       1024    -0.9685281717127130
Processor [0] :       1024    -0.9700312531716270
Processor [0] :       1024    -0.9715099871352051
Processor [0] :       1024    -0.9729399521825739
Processor [0] :       1024    -0.9743454967271299
Processor [0] :       1024    -0.9757021300154771
Processor [0] :       1024    -0.9770342734711713
Processor [0] :       1024    -0.9783173706965145
Processor [0] :       1024    -0.9795759124474430
Processor [0] :       1024    -0.9807852803800596
Processor [0] :       1024    -0.9819700308944630
Processor [0] :       1024    -0.9831054874079900
Processor [0] :       1024    -0.9842162682667996
Processor [0] :       1024    -0.9852776423656635
Processor [0] :       1024    -0.9863142862893679
Processor [0] :       1024    -0.9873014181345332
Processor [0] :       1024    -0.9882637690083700
Processor [0] :       1024    -0.9891765099414115
Processor [0] :       1024    -0.9900644228388793
Processor [0] :       1024    -0.9909026354043696
Processor [0] :       1024    -0.9917159766090520
Processor [0] :       1024    -0.9924795345752626
Processor [0] :       1024    -0.9932181816009655
Processor [0] :       1024    -0.9939069699788745
Processor [0] :       1024    -0.9945708115880736
Processor [0] :       1024    -0.9951847266486851
Processor [0] :       1024    -0.9957736628692752
Processor [0] :       1024    -0.9963126121592398
Processor [0] :       1024    -0.9968265542995924
Processor [0] :       1024    -0.9972904566551293
Processor [0] :       1024    -0.9977293273174477
Processor [0] :       1024    -0.9981181128765682
Processor [0] :       1024    -0.9984818459685464
Processor [0] :       1024    -0.9987954561815754
Processor [0] :       1024    -0.9990839969263470
Processor [0] :       1024    -0.9993223845647405
Processor [0] :       1024    -0.9995356895091305
Processor [0] :       1024    -0.9996988186725863
Processor [0] :       1024    -0.9998368556936554
Processor [0] :       1024    -0.9999247018155214
Processor [0] :       1024    -0.9999874501254009
Processor [0] :       1024    -0.9999999999763746
Processor [0] :       1024    -0.9999874501254008
Processor [0] :       1024    -0.9999247018155214
Processor [0] :       1024    -0.9998368556936554
Processor [0] :       1024    -0.9996988186725861
Processor [0] :       1024    -0.9995356895091305
Processor [0] :       1024    -0.9993223845647401
Processor [0] :       1024    -0.9990839969263472
Processor [0] :       1024    -0.9987954561815758
Processor [0] :       1024    -0.9984818459685466
Processor [0] :       1024    -0.9981181128765686
Processor [0] :       1024    -0.9977293273174479
Processor [0] :       1024    -0.9972904566551288
Processor [0] :       1024    -0.9968265542995922
Processor [0] :       1024    -0.9963126121592399
Processor [0] :       1024    -0.9957736628692753
Processor [0] :       1024    -0.9951847266486854
Processor [0] :       1024    -0.9945708115880738
Processor [0] :       1024    -0.9939069699788754
Processor [0] :       1024    -0.9932181816009658
Processor [0] :       1024    -0.9924795345752624
Processor [0] :       1024    -0.9917159766090520
Processor [0] :       1024    -0.9909026354043698
Processor [0] :       1024    -0.9900644228388789
Processor [0] :       1024    -0.9891765099414113
Processor [0] :       1024    -0.9882637690083700
Processor [0] :       1024    -0.9873014181345332
Processor [0] :       1024    -0.9863142862893683
Processor [0] :       1024    -0.9852776423656640
Processor [0] :       1024    -0.9842162682668000
Processor [0] :       1024    -0.9831054874079904
Processor [0] :       1024    -0.9819700308944629
Processor [0] :       1024    -0.9807852803800593
Processor [0] :       1024    -0.9795759124474426
Processor [0] :       1024    -0.9783173706965147
Processor [0] :       1024    -0.9770342734711713
Processor [0] :       1024    -0.9757021300154771
Processor [0] :       1024    -0.9743454967271298
Processor [0] :       1024    -0.9729399521825741
Processor [0] :       1024    -0.9715099871352055
Processor [0] :       1024    -0.9700312531716268
Processor [0] :       1024    -0.9685281717127130
Processor [0] :       1024    -0.9669764710220075
Processor [0] :       1024    -0.9654004995100876
Processor [0] :       1024    -0.9637760657726707
Processor [0] :       1024    -0.9621274415432577
Processor [0] :       1024    -0.9604305193928756
Processor [0] :       1024    -0.9587094907227148
Processor [0] :       1024    -0.9569403357096010
Processor [0] :       1024    -0.9551471617792789
Processor [0] :       1024    -0.9533060403316720
Processor [0] :       1024    -0.9514409911865868
Processor [0] :       1024    -0.9495281805706042
Processor [0] :       1024    -0.9475915370802970
Processor [0] :       1024    -0.9456073253581813
Processor [0] :       1024    -0.9435993791740387
Processor [0] :       1024    -0.9415440651607769
Processor [0] :       1024    -0.9394651186721079
Processor [0] :       1024    -0.9373390118904302
Processor [0] :       1024    -0.9351893781789296
Processor [0] :       1024    -0.9329927988126970
Processor [0] :       1024    -0.9307728016052940
Processor [0] :       1024    -0.9285060804512798
Processor [0] :       1024    -0.9262160540713886
Processor [0] :       1024    -0.9238795324894602
Processor [0] :       1024    -0.9215198218066298
Processor [0] :       1024    -0.9191138516683435
Processor [0] :       1024    -0.9166848120463236
Processor [0] :       1024    -0.9142097556819324
Processor [0] :       1024    -0.9117117529251551
Processor [0] :       1024    -0.9091679830690432
Processor [0] :       1024    -0.9066013933675352
Processor [0] :       1024    -0.9039892931020869
Processor [0] :       1024    -0.9013545029748165
Processor [0] :       1024    -0.8986744656727227
Processor [0] :       1024    -0.8959718719093918
Processor [0] :       1024    -0.8932243011744128
Processor [0] :       1024    -0.8904543107757011
Processor [0] :       1024    -0.8876396203818834
Processor [0] :       1024    -0.8848026504981563
Processor [0] :       1024    -0.8819212643275196
Processor [0] :       1024    -0.8790177421960064
Processor [0] :       1024    -0.8760700941747088
Processor [0] :       1024    -0.8731004570551629
Processor [0] :       1024    -0.8700869910881555
Processor [0] :       1024    -0.8670516861970027
Processor [0] :       1024    -0.8639728561011754
Processor [0] :       1024    -0.8608723405441684
Processor [0] :       1024    -0.8577286099800082
Processor [0] :       1024    -0.8545633506833850
Processor [0] :       1024    -0.8513551930851515
Processor [0] :       1024    -0.8481256667253201
Processor [0] :       1024    -0.8448535652297476
Processor [0] :       1024    -0.8415602581614974
Processor [0] :       1024    -0.8382247055350348
Processor [0] :       1024    -0.8348681137182976
Processor [0] :       1024    -0.8314696122829018
Processor [0] :       1024    -0.8280502412080581
Processor [0] :       1024    -0.8245893027655442
Processor [0] :       1024    -0.8211076673773008
Processor [0] :       1024    -0.8175848131322681
Processor [0] :       1024    -0.8140414377521084
Processor [0] :       1024    -0.8104571982334476
Processor [0] :       1024    -0.8068526164806695
Processor [0] :       1024    -0.8032075314616695
Processor [0] :       1024    -0.7995422861730263
Processor [0] :       1024    -0.7958369045900817
Processor [0] :       1024    -0.7921115477380329
Processor [0] :       1024    -0.7883464276079815
Processor [0] :       1024    -0.7845615202175652
Processor [0] :       1024    -0.7807372285536496
Processor [0] :       1024    -0.7768933406179971
Processor [0] :       1024    -0.7730104533444746
Processor [0] :       1024    -0.7691081637389701
Processor [0] :       1024    -0.7651672656043819
Processor [0] :       1024    -0.7612071619994862
Processor [0] :       1024    -0.7572088464885953
Processor [0] :       1024    -0.7531915252613450
Processor [0] :       1024    -0.7491363945057607
Processor [0] :       1024    -0.7450624606499558
Processor [0] :       1024    -0.7409511253374540
Processor [0] :       1024    -0.7368211923725478
Processor [0] :       1024    -0.7326542716551040
Processor [0] :       1024    -0.7284689615338099
Processor [0] :       1024    -0.7242470829343566
Processor [0] :       1024    -0.7200070259489845
Processor [0] :       1024    -0.7157308252669097
Processor [0] :       1024    -0.7114366599544446
Processor [0] :       1024    -0.7071067811698417
Processor [0] :       1024    -0.7027591542157863
Processor [0] :       1024    -0.6983762493924737
Processor [0] :       1024    -0.6939758155334533
Processor [0] :       1024    -0.6895405447207765
Processor [0] :       1024    -0.6850879666459454
Processor [0] :       1024    -0.6806009977793741
Processor [0] :       1024    -0.6760969460306119
Processor [0] :       1024    -0.6715589548311527
Processor [0] :       1024    -0.6670041077020867
Processor [0] :       1024    -0.6624157775745221
Processor [0] :       1024    -0.6578108210083746
Processor [0] :       1024    -0.6531728429383457
Processor [0] :       1024    -0.6485184704246376
Processor [0] :       1024    -0.6438315428745809
Processor [0] :       1024    -0.6391284553446932
Processor [0] :       1024    -0.6343932841486579
Processor [0] :       1024    -0.6296421898702728
Processor [0] :       1024    -0.6248594881276242
Processor [0] :       1024    -0.6200611025980638
Processor [0] :       1024    -0.6152315905660919
Processor [0] :       1024    -0.6103866364045678
Processor [0] :       1024    -0.6055110413900202
Processor [0] :       1024    -0.6006202482288074
Processor [0] :       1024    -0.5956993044783601
Processor [0] :       1024    -0.5907634088529191
Processor [0] :       1024    -0.5857978574425995
Processor [0] :       1024    -0.5808176026806557
Processor [0] :       1024    -0.5758081914042419
Processor [0] :       1024    -0.5707843275138442
Processor [0] :       1024    -0.5657318107702476
Processor [0] :       1024    -0.5606650943268185
Processor [0] :       1024    -0.5555702330064770
Processor [0] :       1024    -0.5504614270388755
Processor [0] :       1024    -0.5453249884091632
Processor [0] :       1024    -0.5401748622847766
Processor [0] :       1024    -0.5349976198744579
Processor [0] :       1024    -0.5298069491833373
Processor [0] :       1024    -0.5245896826660754
Processor [0] :       1024    -0.5193592491041337
Processor [0] :       1024    -0.5141027441810760
Processor [0] :       1024    -0.5088333354323684
Processor [0] :       1024    -0.5035383837138215
Processor [0] :       1024    -0.4982307933319236
Processor [0] :       1024    -0.4928981922181393
Processor [0] :       1024    -0.4875532195066394
Processor [0] :       1024    -0.4821837720677313
Processor [0] :       1024    -0.4768022219598595
Processor [0] :       1024    -0.4713967368148609
Processor [0] :       1024    -0.4659794197522689
Processor [0] :       1024    -0.4605387109473597
Processor [0] :       1024    -0.4550864427580703
Processor [0] :       1024    -0.4496113296439846
Processor [0] :       1024    -0.4441249314195320
Processor [0] :       1024    -0.4386162385281654
Processor [0] :       1024    -0.4330965364999418
Processor [0] :       1024    -0.4275550934201812
Processor [0] :       1024    -0.4220029188350089
Processor [0] :       1024    -0.4164295600877991
Processor [0] :       1024    -0.4108457490827483
Processor [0] :       1024    -0.4052413139954160
Processor [0] :       1024    -0.3996267074718853
Processor [0] :       1024    -0.3939920400517400
Processor [0] :       1024    -0.3883474835488196
Processor [0] :       1024    -0.3826834323560487
Processor [0] :       1024    -0.3770097759231855
Processor [0] :       1024    -0.3713171939430652
Processor [0] :       1024    -0.3656152920120487
Processor [0] :       1024    -0.3598950365264856
Processor [0] :       1024    -0.3541657477827732
Processor [0] :       1024    -0.3484186802412033
Processor [0] :       1024    -0.3426628674946058
Processor [0] :       1024    -0.3368898533842610
Processor [0] :       1024    -0.3311083834390068
Processor [0] :       1024    -0.3253102921545775
Processor [0] :       1024    -0.3195040356787743
Processor [0] :       1024    -0.3136817403914808
Processor [0] :       1024    -0.3078515717859968
Processor [0] :       1024    -0.3020059493120932
Processor [0] :       1024    -0.2961527465788752
Processor [0] :       1024    -0.2902846772476045
Processor [0] :       1024    -0.2844093218574544
Processor [0] :       1024    -0.2785196893784732
Processor [0] :       1024    -0.2726230661383016
Processor [0] :       1024    -0.2667127574685973
Processor [0] :       1024    -0.2607957543881747
Processor [0] :       1024    -0.2548656595984934
Processor [0] :       1024    -0.2489291677567192
Processor [0] :       1024    -0.2429801798975235
Processor [0] :       1024    -0.2370250933082329
Processor [0] :       1024    -0.2310581082752124
Processor [0] :       1024    -0.2250853237525414
Processor [0] :       1024    -0.2191012401516936
Processor [0] :       1024    -0.2131116571750215
Processor [0] :       1024    -0.2071113761873255
Processor [0] :       1024    -0.2011058967658172
Processor [0] :       1024    -0.1950903220115192
Processor [0] :       1024    -0.1890698505482857
Processor [0] :       1024    -0.1830398879508166
Processor [0] :       1024    -0.1770053311067153
Processor [0] :       1024    -0.1709618887562623
Processor [0] :       1024    -0.1649141553133569
Processor [0] :       1024    -0.1588581433301084
Processor [0] :       1024    -0.1527981440548103
Processor [0] :       1024    -0.1467304744518953
Processor [0] :       1024    -0.1406591219578047
Processor [0] :       1024    -0.1345807085039467
Processor [0] :       1024    -0.1284989171144172
Processor [0] :       1024    -0.1224106751963242
Processor [0] :       1024    -0.1163193608067685
Processor [0] :       1024    -0.1102222072912791
Processor [0] :       1024    -0.1041222872312385
Processor [0] :       1024    -0.0980171403272449
Processor [0] :       1024    -0.0919095332222433
Processor [0] :       1024    -0.0857973123424129
Processor [0] :       1024    -0.0796829379756148
Processor [0] :       1024    -0.0735645635979295
Processor [0] :       1024    -0.0674443427716239
Processor [0] :       1024    -0.0613207363007599
Processor [0] :       1024    -0.0551955906976914
Processor [0] :       1024    -0.0490676743262588
Processor [0] :       1024    -0.0429385263708253
Processor [0] :       1024    -0.0368072229404893
Processor [0] :       1024    -0.0306749956598279
Processor [0] :       1024    -0.0245412285223325
Processor [0] :       1024    -0.0184068454073157
Processor [0] :       1024    -0.0122715382854300
Processor [0] :       1024    -0.0061359231515909
Processor [0] :       1024     0.0000000000000000
