Processor [0] :       1024    0.0000000000000000
Processor [0] :       1024    0.0061359231515909
Processor [0] :       1024    0.0122715382854300
Processor [0] :       1024    0.0184068454073157
Processor [0] :       1024    0.0245412285223325
Processor [0] :       1024    0.0306749956598279
Processor [0] :       1024    0.0368072229404893
Processor [0] :       1024    0.0429385263708253
Processor [0] :       1024    0.0490676743262588
Processor [0] :       1024    0.0551955906976914
Processor [0] :       1024    0.0613207363007599
Processor [0] :       1024    0.0674443427716239
Processor [0] :       1024    0.0735645635979295
Processor [0] :       1024    0.0796829379756147
Processor [0] :       1024    0.0857973123424129
Processor [0] :       1024    0.0919095332222433
Processor [0] :       1024    0.0980171403272450
Processor [0] :       1024    0.1041222872312385
Processor [0] :       1024    0.1102222072912790
Processor [0] :       1024    0.1163193608067685
Processor [0] :       1024    0.1224106751963243
Processor [0] :       1024    0.1284989171144172
Processor [0] :       1024    0.1345807085039467
Processor [0] :       1024    0.1406591219578048
Processor [0] :       1024    0.1467304744518953
Processor [0] :       1024    0.1527981440548102
Processor [0] :       1024    0.1588581433301083
Processor [0] :       1024    0.1649141553133568
Processor [0] :       1024    0.1709618887562623
Processor [0] :       1024    0.1770053311067153
Processor [0] :       1024    0.1830398879508166
Processor [0] :       1024    0.1890698505482858
Processor [0] :       1024    0.1950903220115194
Processor [0] :       1024    0.2011058967658174
Processor [0] :       1024    0.2071113761873256
Processor [0] :       1024    0.2131116571750214
Processor [0] :       1024    0.2191012401516935
Processor [0] :       1024    0.2250853237525414
Processor [0] :       1024    0.2310581082752124
Processor [0] :       1024    0.2370250933082329
Processor [0] :       1024    0.2429801798975235
Processor [0] :       1024    0.2489291677567192
Processor [0] :       1024    0.2548656595984933
Processor [0] :       1024    0.2607957543881748
Processor [0] :       1024    0.2667127574685974
Processor [0] :       1024    0.2726230661383017
Processor [0] :       1024    0.2785196893784732
Processor [0] :       1024    0.2844093218574545
Processor [0] :       1024    0.2902846772476045
Processor [0] :       1024    0.2961527465788754
Processor [0] :       1024    0.3020059493120931
Processor [0] :       1024    0.3078515717859969
Processor [0] :       1024    0.3136817403914807
Processor [0] :       1024    0.3195040356787743
Processor [0] :       1024    0.3253102921545774
Processor [0] :       1024    0.3311083834390068
Processor [0] :       1024    0.3368898533842611
Processor [0] :       1024    0.3426628674946059
Processor [0] :       1024    0.3484186802412034
Processor [0] :       1024    0.3541657477827733
Processor [0] :       1024    0.3598950365264857
Processor [0] :       1024    0.3656152920120487
Processor [0] :       1024    0.3713171939430651
Processor [0] :       1024    0.3770097759231855
Processor [0] :       1024    0.3826834323560490
Processor [0] :       1024    0.3883474835488196
Processor [0] :       1024    0.3939920400517403
Processor [0] :       1024    0.3996267074718851
Processor [0] :       1024    0.4052413139954161
Processor [0] :       1024    0.4108457490827483
Processor [0] :       1024    0.4164295600877991
Processor [0] :       1024    0.4220029188350090
Processor [0] :       1024    0.4275550934201811
Processor [0] :       1024    0.4330965364999419
Processor [0] :       1024    0.4386162385281656
Processor [0] :       1024    0.4441249314195321
Processor [0] :       1024    0.4496113296439845
Processor [0] :       1024    0.4550864427580702
Processor [0] :       1024    0.4605387109473598
Processor [0] :       1024    0.4659794197522687
Processor [0] :       1024    0.4713967368148610
Processor [0] :       1024    0.4768022219598594
Processor [0] :       1024    0.4821837720677311
Processor [0] :       1024    0.4875532195066397
Processor [0] :       1024    0.4928981922181393
Processor [0] :       1024    0.4982307933319233
Processor [0] :       1024    0.5035383837138216
Processor [0] :       1024    0.5088333354323686
Processor [0] :       1024    0.5141027441810762
Processor [0] :       1024    0.5193592491041336
Processor [0] :       1024    0.5245896826660758
Processor [0] :       1024    0.5298069491833373
Processor [0] :       1024    0.5349976198744579
Processor [0] :       1024    0.5401748622847768
Processor [0] :       1024    0.5453249884091633
Processor [0] :       1024    0.5504614270388757
Processor [0] :       1024    0.5555702330064771
Processor [0] :       1024    0.5606650943268183
Processor [0] :       1024    0.5657318107702480
Processor [0] :       1024    0.5707843275138440
Processor [0] :       1024    0.5758081914042417
Processor [0] :       1024    0.5808176026806561
Processor [0] :       1024    0.5857978574425997
Processor [0] :       1024    0.5907634088529190
Processor [0] :       1024    0.5956993044783598
Processor [0] :       1024    0.6006202482288077
Processor [0] :       1024    0.6055110413900202
Processor [0] :       1024    0.6103866364045678
Processor [0] :       1024    0.6152315905660919
Processor [0] :       1024    0.6200611025980641
Processor [0] :       1024    0.6248594881276242
Processor [0] :       1024    0.6296421898702729
Processor [0] :       1024    0.6343932841486581
Processor [0] :       1024    0.6391284553446929
Processor [0] :       1024    0.6438315428745811
Processor [0] :       1024    0.6485184704246377
Processor [0] :       1024    0.6531728429383459
Processor [0] :       1024    0.6578108210083747
Processor [0] :       1024    0.6624157775745224
Processor [0] :       1024    0.6670041077020863
Processor [0] :       1024    0.6715589548311529
Processor [0] :       1024    0.6760969460306123
Processor [0] :       1024    0.6806009977793741
Processor [0] :       1024    0.6850879666459457
Processor [0] :       1024    0.6895405447207764
Processor [0] :       1024    0.6939758155334536
Processor [0] :       1024    0.6983762493924736
Processor [0] :       1024    0.7027591542157858
Processor [0] :       1024    0.7071067811698425
Processor [0] :       1024    0.7114366599544450
Processor [0] :       1024    0.7157308252669101
Processor [0] :       1024    0.7200070259489846
Processor [0] :       1024    0.7242470829343568
Processor [0] :       1024    0.7284689615338102
Processor [0] :       1024    0.7326542716551037
Processor [0] :       1024    0.7368211923725481
Processor [0] :       1024    0.7409511253374541
Processor [0] :       1024    0.7450624606499561
Processor [0] :       1024    0.7491363945057611
Processor [0] :       1024    0.7531915252613453
Processor [0] :       1024    0.7572088464885953
Processor [0] :       1024    0.7612071619994862
Processor [0] :       1024    0.7651672656043820
Processor [0] :       1024    0.7691081637389703
Processor [0] :       1024    0.7730104533444746
Processor [0] :       1024    0.7768933406179976
Processor [0] :       1024    0.7807372285536497
Processor [0] :       1024    0.7845615202175653
Processor [0] :       1024    0.7883464276079819
Processor [0] :       1024    0.7921115477380326
Processor [0] :       1024    0.7958369045900821
Processor [0] :       1024    0.7995422861730263
Processor [0] :       1024    0.8032075314616690
Processor [0] :       1024    0.8068526164806695
Processor [0] :       1024    0.8104571982334476
Processor [0] :       1024    0.8140414377521082
Processor [0] :       1024    0.8175848131322681
Processor [0] :       1024    0.8211076673773015
Processor [0] :       1024    0.8245893027655441
Processor [0] :       1024    0.8280502412080590
Processor [0] :       1024    0.8314696122829021
Processor [0] :       1024    0.8348681137182978
Processor [0] :       1024    0.8382247055350349
Processor [0] :       1024    0.8415602581614977
Processor [0] :       1024    0.8448535652297473
Processor [0] :       1024    0.8481256667253205
Processor [0] :       1024    0.8513551930851522
Processor [0] :       1024    0.8545633506833850
Processor [0] :       1024    0.8577286099800080
Processor [0] :       1024    0.8608723405441678
Processor [0] :       1024    0.8639728561011747
Processor [0] :       1024    0.8670516861970027
Processor [0] :       1024    0.8700869910881558
Processor [0] :       1024    0.8731004570551633
Processor [0] :       1024    0.8760700941747096
Processor [0] :       1024    0.8790177421960067
Processor [0] :       1024    0.8819212643275196
Processor [0] :       1024    0.8848026504981565
Processor [0] :       1024    0.8876396203818830
Processor [0] :       1024    0.8904543107757016
Processor [0] :       1024    0.8932243011744136
Processor [0] :       1024    0.8959718719093921
Processor [0] :       1024    0.8986744656727231
Processor [0] :       1024    0.9013545029748166
Processor [0] :       1024    0.9039892931020866
Processor [0] :       1024    0.9066013933675351
Processor [0] :       1024    0.9091679830690437
Processor [0] :       1024    0.9117117529251553
Processor [0] :       1024    0.9142097556819330
Processor [0] :       1024    0.9166848120463236
Processor [0] :       1024    0.9191138516683441
Processor [0] :       1024    0.9215198218066301
Processor [0] :       1024    0.9238795324894606
Processor [0] :       1024    0.9262160540713882
Processor [0] :       1024    0.9285060804512795
Processor [0] :       1024    0.9307728016052939
Processor [0] :       1024    0.9329927988126975
Processor [0] :       1024    0.9351893781789293
Processor [0] :       1024    0.9373390118904300
Processor [0] :       1024    0.9394651186721084
Processor [0] :       1024    0.9415440651607766
Processor [0] :       1024    0.9435993791740388
Processor [0] :       1024    0.9456073253581816
Processor [0] :       1024    0.9475915370802974
Processor [0] :       1024    0.9495281805706042
Processor [0] :       1024    0.9514409911865869
Processor [0] :       1024    0.9533060403316722
Processor [0] :       1024    0.9551471617792792
Processor [0] :       1024    0.9569403357096008
Processor [0] :       1024    0.9587094907227142
Processor [0] :       1024    0.9604305193928758
Processor [0] :       1024    0.9621274415432579
Processor [0] :       1024    0.9637760657726705
Processor [0] :       1024    0.9654004995100876
Processor [0] :       1024    0.9669764710220076
Processor [0] :       1024    0.9685281717127135
Processor [0] :       1024    0.9700312531716268
Processor [0] :       1024    0.9715099871352054
Processor [0] :       1024    0.9729399521825750
Processor [0] :       1024    0.9743454967271294
Processor [0] :       1024    0.9757021300154781
Processor [0] :       1024    0.9770342734711712
Processor [0] :       1024    0.9783173706965150
Processor [0] :       1024    0.9795759124474430
Processor [0] :       1024    0.9807852803800602
Processor [0] :       1024    0.9819700308944636
Processor [0] :       1024    0.9831054874079903
Processor [0] :       1024    0.9842162682668005
Processor [0] :       1024    0.9852776423656642
Processor [0] :       1024    0.9863142862893686
Processor [0] :       1024    0.9873014181345334
Processor [0] :       1024    0.9882637690083702
Processor [0] :       1024    0.9891765099414122
Processor [0] :       1024    0.9900644228388797
Processor [0] :       1024    0.9909026354043697
Processor [0] :       1024    0.9917159766090522
Processor [0] :       1024    0.9924795345752628
Processor [0] :       1024    0.9932181816009654
Processor [0] :       1024    0.9939069699788747
Processor [0] :       1024    0.9945708115880737
Processor [0] :       1024    0.9951847266486854
Processor [0] :       1024    0.9957736628692755
Processor [0] :       1024    0.9963126121592406
Processor [0] :       1024    0.9968265542995927
Processor [0] :       1024    0.9972904566551297
Processor [0] :       1024    0.9977293273174478
Processor [0] :       1024    0.9981181128765690
Processor [0] :       1024    0.9984818459685467
Processor [0] :       1024    0.9987954561815764
Processor [0] :       1024    0.9990839969263476
Processor [0] :       1024    0.9993223845647405
Processor [0] :       1024    0.9995356895091310
Processor [0] :       1024    0.9996988186725861
Processor [0] :       1024    0.9998368556936549
Processor [0] :       1024    0.9999247018155211
Processor [0] :       1024    0.9999874501254011
Processor [0] :       1024    0.9999999999763756
Processor [0] :       1024    0.9999874501254014
Processor [0] :       1024    0.9999247018155214
Processor [0] :       1024    0.9998368556936552
Processor [0] :       1024    0.9996988186725869
Processor [0] :       1024    0.9995356895091304
Processor [0] :       1024    0.9993223845647409
Processor [0] :       1024    0.9990839969263481
Processor [0] :       1024    0.9987954561815767
Processor [0] :       1024    0.9984818459685469
Processor [0] :       1024    0.9981181128765688
Processor [0] :       1024    0.9977293273174480
Processor [0] :       1024    0.9972904566551292
Processor [0] :       1024    0.9968265542995923
Processor [0] :       1024    0.9963126121592405
Processor [0] :       1024    0.9957736628692750
Processor [0] :       1024    0.9951847266486857
Processor [0] :       1024    0.9945708115880737
Processor [0] :       1024    0.9939069699788747
Processor [0] :       1024    0.9932181816009653
Processor [0] :       1024    0.9924795345752626
Processor [0] :       1024    0.9917159766090516
Processor [0] :       1024    0.9909026354043701
Processor [0] :       1024    0.9900644228388797
Processor [0] :       1024    0.9891765099414119
Processor [0] :       1024    0.9882637690083698
Processor [0] :       1024    0.9873014181345332
Processor [0] :       1024    0.9863142862893688
Processor [0] :       1024    0.9852776423656641
Processor [0] :       1024    0.9842162682668003
Processor [0] :       1024    0.9831054874079913
Processor [0] :       1024    0.9819700308944633
Processor [0] :       1024    0.9807852803800595
Processor [0] :       1024    0.9795759124474428
Processor [0] :       1024    0.9783173706965151
Processor [0] :       1024    0.9770342734711708
Processor [0] :       1024    0.9757021300154776
Processor [0] :       1024    0.9743454967271301
Processor [0] :       1024    0.9729399521825747
Processor [0] :       1024    0.9715099871352058
Processor [0] :       1024    0.9700312531716272
Processor [0] :       1024    0.9685281717127125
Processor [0] :       1024    0.9669764710220070
Processor [0] :       1024    0.9654004995100876
Processor [0] :       1024    0.9637760657726708
Processor [0] :       1024    0.9621274415432572
Processor [0] :       1024    0.9604305193928764
Processor [0] :       1024    0.9587094907227157
Processor [0] :       1024    0.9569403357096007
Processor [0] :       1024    0.9551471617792793
Processor [0] :       1024    0.9533060403316719
Processor [0] :       1024    0.9514409911865869
Processor [0] :       1024    0.9495281805706042
Processor [0] :       1024    0.9475915370802974
Processor [0] :       1024    0.9456073253581816
Processor [0] :       1024    0.9435993791740380
Processor [0] :       1024    0.9415440651607762
Processor [0] :       1024    0.9394651186721082
Processor [0] :       1024    0.9373390118904307
Processor [0] :       1024    0.9351893781789298
Processor [0] :       1024    0.9329927988126974
Processor [0] :       1024    0.9307728016052945
Processor [0] :       1024    0.9285060804512800
Processor [0] :       1024    0.9262160540713886
Processor [0] :       1024    0.9238795324894606
Processor [0] :       1024    0.9215198218066303
Processor [0] :       1024    0.9191138516683437
Processor [0] :       1024    0.9166848120463247
Processor [0] :       1024    0.9142097556819326
Processor [0] :       1024    0.9117117529251553
Processor [0] :       1024    0.9091679830690433
Processor [0] :       1024    0.9066013933675352
Processor [0] :       1024    0.9039892931020868
Processor [0] :       1024    0.9013545029748169
Processor [0] :       1024    0.8986744656727221
Processor [0] :       1024    0.8959718719093923
Processor [0] :       1024    0.8932243011744134
Processor [0] :       1024    0.8904543107757017
Processor [0] :       1024    0.8876396203818833
Processor [0] :       1024    0.8848026504981563
Processor [0] :       1024    0.8819212643275198
Processor [0] :       1024    0.8790177421960070
Processor [0] :       1024    0.8760700941747093
Processor [0] :       1024    0.8731004570551626
Processor [0] :       1024    0.8700869910881555
Processor [0] :       1024    0.8670516861970030
Processor [0] :       1024    0.8639728561011750
Processor [0] :       1024    0.8608723405441683
Processor [0] :       1024    0.8577286099800083
Processor [0] :       1024    0.8545633506833852
Processor [0] :       1024    0.8513551930851520
Processor [0] :       1024    0.8481256667253199
Processor [0] :       1024    0.8448535652297475
Processor [0] :       1024    0.8415602581614972
Processor [0] :       1024    0.8382247055350360
Processor [0] :       1024    0.8348681137182983
Processor [0] :       1024    0.8314696122829019
Processor [0] :       1024    0.8280502412080588
Processor [0] :       1024    0.8245893027655442
Processor [0] :       1024    0.8211076673773015
Processor [0] :       1024    0.8175848131322683
Processor [0] :       1024    0.8140414377521079
Processor [0] :       1024    0.8104571982334476
Processor [0] :       1024    0.8068526164806697
Processor [0] :       1024    0.8032075314616693
Processor [0] :       1024    0.7995422861730268
Processor [0] :       1024    0.7958369045900824
Processor [0] :       1024    0.7921115477380327
Processor [0] :       1024    0.7883464276079815
Processor [0] :       1024    0.7845615202175660
Processor [0] :       1024    0.7807372285536496
Processor [0] :       1024    0.7768933406179970
Processor [0] :       1024    0.7730104533444748
Processor [0] :       1024    0.7691081637389698
Processor [0] :       1024    0.7651672656043822
Processor [0] :       1024    0.7612071619994865
Processor [0] :       1024    0.7572088464885960
Processor [0] :       1024    0.7531915252613450
Processor [0] :       1024    0.7491363945057610
Processor [0] :       1024    0.7450624606499563
Processor [0] :       1024    0.7409511253374548
Processor [0] :       1024    0.7368211923725483
Processor [0] :       1024    0.7326542716551039
Processor [0] :       1024    0.7284689615338102
Processor [0] :       1024    0.7242470829343561
Processor [0] :       1024    0.7200070259489841
Processor [0] :       1024    0.7157308252669092
Processor [0] :       1024    0.7114366599544444
Processor [0] :       1024    0.7071067811698422
Processor [0] :       1024    0.7027591542157863
Processor [0] :       1024    0.6983762493924741
Processor [0] :       1024    0.6939758155334541
Processor [0] :       1024    0.6895405447207774
Processor [0] :       1024    0.6850879666459455
Processor [0] :       1024    0.6806009977793739
Processor [0] :       1024    0.6760969460306128
Processor [0] :       1024    0.6715589548311527
Processor [0] :       1024    0.6670041077020865
Processor [0] :       1024    0.6624157775745219
Processor [0] :       1024    0.6578108210083755
Processor [0] :       1024    0.6531728429383452
Processor [0] :       1024    0.6485184704246378
Processor [0] :       1024    0.6438315428745822
Processor [0] :       1024    0.6391284553446932
Processor [0] :       1024    0.6343932841486581
Processor [0] :       1024    0.6296421898702733
Processor [0] :       1024    0.6248594881276242
Processor [0] :       1024    0.6200611025980640
Processor [0] :       1024    0.6152315905660926
Processor [0] :       1024    0.6103866364045680
Processor [0] :       1024    0.6055110413900202
Processor [0] :       1024    0.6006202482288079
Processor [0] :       1024    0.5956993044783605
Processor [0] :       1024    0.5907634088529201
Processor [0] :       1024    0.5857978574425995
Processor [0] :       1024    0.5808176026806555
Processor [0] :       1024    0.5758081914042428
Processor [0] :       1024    0.5707843275138442
Processor [0] :       1024    0.5657318107702480
Processor [0] :       1024    0.5606650943268194
Processor [0] :       1024    0.5555702330064769
Processor [0] :       1024    0.5504614270388757
Processor [0] :       1024    0.5453249884091627
Processor [0] :       1024    0.5401748622847775
Processor [0] :       1024    0.5349976198744582
Processor [0] :       1024    0.5298069491833379
Processor [0] :       1024    0.5245896826660768
Processor [0] :       1024    0.5193592491041337
Processor [0] :       1024    0.5141027441810757
Processor [0] :       1024    0.5088333354323697
Processor [0] :       1024    0.5035383837138214
Processor [0] :       1024    0.4982307933319228
Processor [0] :       1024    0.4928981922181392
Processor [0] :       1024    0.4875532195066394
Processor [0] :       1024    0.4821837720677313
Processor [0] :       1024    0.4768022219598609
Processor [0] :       1024    0.4713967368148611
Processor [0] :       1024    0.4659794197522693
Processor [0] :       1024    0.4605387109473595
Processor [0] :       1024    0.4550864427580699
Processor [0] :       1024    0.4496113296439850
Processor [0] :       1024    0.4441249314195321
Processor [0] :       1024    0.4386162385281658
Processor [0] :       1024    0.4330965364999424
Processor [0] :       1024    0.4275550934201815
Processor [0] :       1024    0.4220029188350092
Processor [0] :       1024    0.4164295600877992
Processor [0] :       1024    0.4108457490827484
Processor [0] :       1024    0.4052413139954174
Processor [0] :       1024    0.3996267074718847
Processor [0] :       1024    0.3939920400517400
Processor [0] :       1024    0.3883474835488199
Processor [0] :       1024    0.3826834323560488
Processor [0] :       1024    0.3770097759231859
Processor [0] :       1024    0.3713171939430653
Processor [0] :       1024    0.3656152920120486
Processor [0] :       1024    0.3598950365264861
Processor [0] :       1024    0.3541657477827731
Processor [0] :       1024    0.3484186802412039
Processor [0] :       1024    0.3426628674946048
Processor [0] :       1024    0.3368898533842615
Processor [0] :       1024    0.3311083834390078
Processor [0] :       1024    0.3253102921545787
Processor [0] :       1024    0.3195040356787753
Processor [0] :       1024    0.3136817403914809
Processor [0] :       1024    0.3078515717859966
Processor [0] :       1024    0.3020059493120932
Processor [0] :       1024    0.2961527465788758
Processor [0] :       1024    0.2902846772476046
Processor [0] :       1024    0.2844093218574544
Processor [0] :       1024    0.2785196893784740
Processor [0] :       1024    0.2726230661383013
Processor [0] :       1024    0.2667127574685972
Processor [0] :       1024    0.2607957543881745
Processor [0] :       1024    0.2548656595984935
Processor [0] :       1024    0.2489291677567198
Processor [0] :       1024    0.2429801798975240
Processor [0] :       1024    0.2370250933082330
Processor [0] :       1024    0.2310581082752123
Processor [0] :       1024    0.2250853237525419
Processor [0] :       1024    0.2191012401516934
Processor [0] :       1024    0.2131116571750216
Processor [0] :       1024    0.2071113761873258
Processor [0] :       1024    0.2011058967658177
Processor [0] :       1024    0.1950903220115199
Processor [0] :       1024    0.1890698505482860
Processor [0] :       1024    0.1830398879508170
Processor [0] :       1024    0.1770053311067157
Processor [0] :       1024    0.1709618887562629
Processor [0] :       1024    0.1649141553133571
Processor [0] :       1024    0.1588581433301086
Processor [0] :       1024    0.1527981440548103
Processor [0] :       1024    0.1467304744518956
Processor [0] :       1024    0.1406591219578048
Processor [0] :       1024    0.1345807085039474
Processor [0] :       1024    0.1284989171144171
Processor [0] :       1024    0.1224106751963245
Processor [0] :       1024    0.1163193608067687
Processor [0] :       1024    0.1102222072912800
Processor [0] :       1024    0.1041222872312382
Processor [0] :       1024    0.0980171403272454
Processor [0] :       1024    0.0919095332222437
Processor [0] :       1024    0.0857973123424138
Processor [0] :       1024    0.0796829379756143
Processor [0] :       1024    0.0735645635979285
Processor [0] :       1024    0.0674443427716240
Processor [0] :       1024    0.0613207363007597
Processor [0] :       1024    0.0551955906976913
Processor [0] :       1024    0.0490676743262590
Processor [0] :       1024    0.0429385263708260
Processor [0] :       1024    0.0368072229404888
Processor [0] :       1024    0.0306749956598278
Processor [0] :       1024    0.0245412285223328
Processor [0] :       1024    0.0184068454073165
Processor [0] :       1024    0.0122715382854304
Processor [0] :       1024    0.0061359231515907
Processor [0] :       1024    0.0000000000000007
Processor [0] :       1024    -0.0061359231515912
Processor [0] :       1024    -0.0122715382854295
Processor [0] :       1024    -0.0184068454073154
Processor [0] :       1024    -0.0245412285223328
Processor [0] :       1024    -0.0306749956598273
Processor [0] :       1024    -0.0368072229404890
Processor [0] :       1024    -0.0429385263708246
Processor [0] :       1024    -0.0490676743262590
Processor [0] :       1024    -0.0551955906976906
Processor [0] :       1024    -0.0613207363007597
Processor [0] :       1024    -0.0674443427716236
Processor [0] :       1024    -0.0735645635979285
Processor [0] :       1024    -0.0796829379756141
Processor [0] :       1024    -0.0857973123424114
Processor [0] :       1024    -0.0919095332222430
Processor [0] :       1024    -0.0980171403272445
Processor [0] :       1024    -0.1041222872312382
Processor [0] :       1024    -0.1102222072912789
Processor [0] :       1024    -0.1163193608067687
Processor [0] :       1024    -0.1224106751963236
Processor [0] :       1024    -0.1284989171144171
Processor [0] :       1024    -0.1345807085039463
Processor [0] :       1024    -0.1406591219578046
Processor [0] :       1024    -0.1467304744518956
Processor [0] :       1024    -0.1527981440548087
Processor [0] :       1024    -0.1588581433301086
Processor [0] :       1024    -0.1649141553133571
Processor [0] :       1024    -0.1709618887562618
Processor [0] :       1024    -0.1770053311067148
Processor [0] :       1024    -0.1830398879508170
Processor [0] :       1024    -0.1890698505482855
Processor [0] :       1024    -0.1950903220115188
Processor [0] :       1024    -0.2011058967658168
Processor [0] :       1024    -0.2071113761873253
Processor [0] :       1024    -0.2131116571750213
Processor [0] :       1024    -0.2191012401516927
Processor [0] :       1024    -0.2250853237525405
Processor [0] :       1024    -0.2310581082752126
Processor [0] :       1024    -0.2370250933082327
Processor [0] :       1024    -0.2429801798975231
Processor [0] :       1024    -0.2489291677567189
Processor [0] :       1024    -0.2548656595984937
Processor [0] :       1024    -0.2607957543881743
Processor [0] :       1024    -0.2667127574685972
Processor [0] :       1024    -0.2726230661383013
Processor [0] :       1024    -0.2785196893784727
Processor [0] :       1024    -0.2844093218574542
Processor [0] :       1024    -0.2902846772476038
Processor [0] :       1024    -0.2961527465788751
Processor [0] :       1024    -0.3020059493120926
Processor [0] :       1024    -0.3078515717859969
Processor [0] :       1024    -0.3136817403914798
Processor [0] :       1024    -0.3195040356787742
Processor [0] :       1024    -0.3253102921545770
Processor [0] :       1024    -0.3311083834390069
Processor [0] :       1024    -0.3368898533842601
Processor [0] :       1024    -0.3426628674946053
Processor [0] :       1024    -0.3484186802412026
Processor [0] :       1024    -0.3541657477827735
Processor [0] :       1024    -0.3598950365264846
Processor [0] :       1024    -0.3656152920120475
Processor [0] :       1024    -0.3713171939430651
Processor [0] :       1024    -0.3770097759231850
Processor [0] :       1024    -0.3826834323560488
Processor [0] :       1024    -0.3883474835488188
Processor [0] :       1024    -0.3939920400517400
Processor [0] :       1024    -0.3996267074718847
Processor [0] :       1024    -0.4052413139954154
Processor [0] :       1024    -0.4108457490827486
Processor [0] :       1024    -0.4164295600877985
Processor [0] :       1024    -0.4220029188350085
Processor [0] :       1024    -0.4275550934201813
Processor [0] :       1024    -0.4330965364999415
Processor [0] :       1024    -0.4386162385281647
Processor [0] :       1024    -0.4441249314195308
Processor [0] :       1024    -0.4496113296439841
Processor [0] :       1024    -0.4550864427580703
Processor [0] :       1024    -0.4605387109473587
Processor [0] :       1024    -0.4659794197522693
Processor [0] :       1024    -0.4713967368148608
Processor [0] :       1024    -0.4768022219598591
Processor [0] :       1024    -0.4821837720677307
Processor [0] :       1024    -0.4875532195066390
Processor [0] :       1024    -0.4928981922181390
Processor [0] :       1024    -0.4982307933319232
Processor [0] :       1024    -0.5035383837138208
Processor [0] :       1024    -0.5088333354323689
Processor [0] :       1024    -0.5141027441810762
Processor [0] :       1024    -0.5193592491041332
Processor [0] :       1024    -0.5245896826660756
Processor [0] :       1024    -0.5298069491833366
Processor [0] :       1024    -0.5349976198744570
Processor [0] :       1024    -0.5401748622847768
Processor [0] :       1024    -0.5453249884091631
Processor [0] :       1024    -0.5504614270388757
Processor [0] :       1024    -0.5555702330064765
Processor [0] :       1024    -0.5606650943268174
Processor [0] :       1024    -0.5657318107702480
Processor [0] :       1024    -0.5707843275138440
Processor [0] :       1024    -0.5758081914042419
Processor [0] :       1024    -0.5808176026806553
Processor [0] :       1024    -0.5857978574425993
Processor [0] :       1024    -0.5907634088529192
Processor [0] :       1024    -0.5956993044783598
Processor [0] :       1024    -0.6006202482288066
Processor [0] :       1024    -0.6055110413900202
Processor [0] :       1024    -0.6103866364045674
Processor [0] :       1024    -0.6152315905660923
Processor [0] :       1024    -0.6200611025980631
Processor [0] :       1024    -0.6248594881276242
Processor [0] :       1024    -0.6296421898702715
Processor [0] :       1024    -0.6343932841486584
Processor [0] :       1024    -0.6391284553446934
Processor [0] :       1024    -0.6438315428745807
Processor [0] :       1024    -0.6485184704246378
Processor [0] :       1024    -0.6531728429383452
Processor [0] :       1024    -0.6578108210083746
Processor [0] :       1024    -0.6624157775745221
Processor [0] :       1024    -0.6670041077020865
Processor [0] :       1024    -0.6715589548311520
Processor [0] :       1024    -0.6760969460306125
Processor [0] :       1024    -0.6806009977793732
Processor [0] :       1024    -0.6850879666459453
Processor [0] :       1024    -0.6895405447207756
Processor [0] :       1024    -0.6939758155334541
Processor [0] :       1024    -0.6983762493924737
Processor [0] :       1024    -0.7027591542157865
Processor [0] :       1024    -0.7071067811698419
Processor [0] :       1024    -0.7114366599544442
Processor [0] :       1024    -0.7157308252669095
Processor [0] :       1024    -0.7200070259489841
Processor [0] :       1024    -0.7242470829343564
Processor [0] :       1024    -0.7284689615338100
Processor [0] :       1024    -0.7326542716551043
Processor [0] :       1024    -0.7368211923725476
Processor [0] :       1024    -0.7409511253374537
Processor [0] :       1024    -0.7450624606499556
Processor [0] :       1024    -0.7491363945057605
Processor [0] :       1024    -0.7531915252613455
Processor [0] :       1024    -0.7572088464885955
Processor [0] :       1024    -0.7612071619994858
Processor [0] :       1024    -0.7651672656043820
Processor [0] :       1024    -0.7691081637389692
Processor [0] :       1024    -0.7730104533444746
Processor [0] :       1024    -0.7768933406179972
Processor [0] :       1024    -0.7807372285536487
Processor [0] :       1024    -0.7845615202175655
Processor [0] :       1024    -0.7883464276079810
Processor [0] :       1024    -0.7921115477380327
Processor [0] :       1024    -0.7958369045900811
Processor [0] :       1024    -0.7995422861730259
Processor [0] :       1024    -0.8032075314616680
Processor [0] :       1024    -0.8068526164806700
Processor [0] :       1024    -0.8104571982334476
Processor [0] :       1024    -0.8140414377521070
Processor [0] :       1024    -0.8175848131322687
Processor [0] :       1024    -0.8211076673773010
Processor [0] :       1024    -0.8245893027655435
Processor [0] :       1024    -0.8280502412080577
Processor [0] :       1024    -0.8314696122829017
Processor [0] :       1024    -0.8348681137182972
Processor [0] :       1024    -0.8382247055350343
Processor [0] :       1024    -0.8415602581614972
Processor [0] :       1024    -0.8448535652297469
Processor [0] :       1024    -0.8481256667253192
Processor [0] :       1024    -0.8513551930851522
Processor [0] :       1024    -0.8545633506833854
Processor [0] :       1024    -0.8577286099800083
Processor [0] :       1024    -0.8608723405441685
Processor [0] :       1024    -0.8639728561011752
Processor [0] :       1024    -0.8670516861970021
Processor [0] :       1024    -0.8700869910881557
Processor [0] :       1024    -0.8731004570551617
Processor [0] :       1024    -0.8760700941747088
Processor [0] :       1024    -0.8790177421960066
Processor [0] :       1024    -0.8819212643275198
Processor [0] :       1024    -0.8848026504981565
Processor [0] :       1024    -0.8876396203818833
Processor [0] :       1024    -0.8904543107757006
Processor [0] :       1024    -0.8932243011744125
Processor [0] :       1024    -0.8959718719093916
Processor [0] :       1024    -0.8986744656727224
Processor [0] :       1024    -0.9013545029748165
Processor [0] :       1024    -0.9039892931020868
Processor [0] :       1024    -0.9066013933675359
Processor [0] :       1024    -0.9091679830690436
Processor [0] :       1024    -0.9117117529251548
Processor [0] :       1024    -0.9142097556819324
Processor [0] :       1024    -0.9166848120463235
Processor [0] :       1024    -0.9191138516683431
Processor [0] :       1024    -0.9215198218066294
Processor [0] :       1024    -0.9238795324894598
Processor [0] :       1024    -0.9262160540713882
Processor [0] :       1024    -0.9285060804512785
Processor [0] :       1024    -0.9307728016052939
Processor [0] :       1024    -0.9329927988126969
Processor [0] :       1024    -0.9351893781789287
Processor [0] :       1024    -0.9373390118904299
Processor [0] :       1024    -0.9394651186721077
Processor [0] :       1024    -0.9415440651607762
Processor [0] :       1024    -0.9435993791740389
Processor [0] :       1024    -0.9456073253581814
Processor [0] :       1024    -0.9475915370802970
Processor [0] :       1024    -0.9495281805706035
Processor [0] :       1024    -0.9514409911865869
Processor [0] :       1024    -0.9533060403316714
Processor [0] :       1024    -0.9551471617792789
Processor [0] :       1024    -0.9569403357096002
Processor [0] :       1024    -0.9587094907227141
Processor [0] :       1024    -0.9604305193928749
Processor [0] :       1024    -0.9621274415432564
Processor [0] :       1024    -0.9637760657726705
Processor [0] :       1024    -0.9654004995100873
Processor [0] :       1024    -0.9669764710220075
Processor [0] :       1024    -0.9685281717127124
Processor [0] :       1024    -0.9700312531716268
Processor [0] :       1024    -0.9715099871352060
Processor [0] :       1024    -0.9729399521825743
Processor [0] :       1024    -0.9743454967271294
Processor [0] :       1024    -0.9757021300154776
Processor [0] :       1024    -0.9770342734711717
Processor [0] :       1024    -0.9783173706965144
Processor [0] :       1024    -0.9795759124474432
Processor [0] :       1024    -0.9807852803800592
Processor [0] :       1024    -0.9819700308944626
Processor [0] :       1024    -0.9831054874079909
Processor [0] :       1024    -0.9842162682667992
Processor [0] :       1024    -0.9852776423656640
Processor [0] :       1024    -0.9863142862893672
Processor [0] :       1024    -0.9873014181345332
Processor [0] :       1024    -0.9882637690083704
Processor [0] :       1024    -0.9891765099414117
Processor [0] :       1024    -0.9900644228388786
Processor [0] :       1024    -0.9909026354043695
Processor [0] :       1024    -0.9917159766090519
Processor [0] :       1024    -0.9924795345752626
Processor [0] :       1024    -0.9932181816009654
Processor [0] :       1024    -0.9939069699788744
Processor [0] :       1024    -0.9945708115880725
Processor [0] :       1024    -0.9951847266486858
Processor [0] :       1024    -0.9957736628692749
Processor [0] :       1024    -0.9963126121592399
Processor [0] :       1024    -0.9968265542995927
Processor [0] :       1024    -0.9972904566551289
Processor [0] :       1024    -0.9977293273174479
Processor [0] :       1024    -0.9981181128765682
Processor [0] :       1024    -0.9984818459685465
Processor [0] :       1024    -0.9987954561815762
Processor [0] :       1024    -0.9990839969263469
Processor [0] :       1024    -0.9993223845647408
Processor [0] :       1024    -0.9995356895091306
Processor [0] :       1024    -0.9996988186725863
Processor [0] :       1024    -0.9998368556936552
Processor [0] :       1024    -0.9999247018155211
Processor [0] :       1024    -0.9999874501254008
Processor [0] :       1024    -0.9999999999763741
Processor [0] :       1024    -0.9999874501253999
Processor [0] :       1024    -0.9999247018155214
Processor [0] :       1024    -0.9998368556936551
Processor [0] :       1024    -0.9996988186725859
Processor [0] :       1024    -0.9995356895091304
Processor [0] :       1024    -0.9993223845647394
Processor [0] :       1024    -0.9990839969263474
Processor [0] :       1024    -0.9987954561815761
Processor [0] :       1024    -0.9984818459685465
Processor [0] :       1024    -0.9981181128765684
Processor [0] :       1024    -0.9977293273174478
Processor [0] :       1024    -0.9972904566551289
Processor [0] :       1024    -0.9968265542995927
Processor [0] :       1024    -0.9963126121592401
Processor [0] :       1024    -0.9957736628692749
Processor [0] :       1024    -0.9951847266486857
Processor [0] :       1024    -0.9945708115880734
Processor [0] :       1024    -0.9939069699788747
Processor [0] :       1024    -0.9932181816009663
Processor [0] :       1024    -0.9924795345752631
Processor [0] :       1024    -0.9917159766090524
Processor [0] :       1024    -0.9909026354043696
Processor [0] :       1024    -0.9900644228388795
Processor [0] :       1024    -0.9891765099414118
Processor [0] :       1024    -0.9882637690083694
Processor [0] :       1024    -0.9873014181345332
Processor [0] :       1024    -0.9863142862893686
Processor [0] :       1024    -0.9852776423656630
Processor [0] :       1024    -0.9842162682667999
Processor [0] :       1024    -0.9831054874079904
Processor [0] :       1024    -0.9819700308944628
Processor [0] :       1024    -0.9807852803800587
Processor [0] :       1024    -0.9795759124474430
Processor [0] :       1024    -0.9783173706965153
Processor [0] :       1024    -0.9770342734711709
Processor [0] :       1024    -0.9757021300154776
Processor [0] :       1024    -0.9743454967271294
Processor [0] :       1024    -0.9729399521825740
Processor [0] :       1024    -0.9715099871352056
Processor [0] :       1024    -0.9700312531716273
Processor [0] :       1024    -0.9685281717127125
Processor [0] :       1024    -0.9669764710220076
Processor [0] :       1024    -0.9654004995100872
Processor [0] :       1024    -0.9637760657726702
Processor [0] :       1024    -0.9621274415432578
Processor [0] :       1024    -0.9604305193928754
Processor [0] :       1024    -0.9587094907227149
Processor [0] :       1024    -0.9569403357096014
Processor [0] :       1024    -0.9551471617792787
Processor [0] :       1024    -0.9533060403316715
Processor [0] :       1024    -0.9514409911865873
Processor [0] :       1024    -0.9495281805706037
Processor [0] :       1024    -0.9475915370802970
Processor [0] :       1024    -0.9456073253581817
Processor [0] :       1024    -0.9435993791740386
Processor [0] :       1024    -0.9415440651607772
Processor [0] :       1024    -0.9394651186721080
Processor [0] :       1024    -0.9373390118904299
Processor [0] :       1024    -0.9351893781789297
Processor [0] :       1024    -0.9329927988126967
Processor [0] :       1024    -0.9307728016052942
Processor [0] :       1024    -0.9285060804512795
Processor [0] :       1024    -0.9262160540713882
Processor [0] :       1024    -0.9238795324894603
Processor [0] :       1024    -0.9215198218066302
Processor [0] :       1024    -0.9191138516683433
Processor [0] :       1024    -0.9166848120463242
Processor [0] :       1024    -0.9142097556819322
Processor [0] :       1024    -0.9117117529251551
Processor [0] :       1024    -0.9091679830690433
Processor [0] :       1024    -0.9066013933675345
Processor [0] :       1024    -0.9039892931020865
Processor [0] :       1024    -0.9013545029748158
Processor [0] :       1024    -0.8986744656727227
Processor [0] :       1024    -0.8959718719093921
Processor [0] :       1024    -0.8932243011744125
Processor [0] :       1024    -0.8904543107757017
Processor [0] :       1024    -0.8876396203818835
Processor [0] :       1024    -0.8848026504981559
Processor [0] :       1024    -0.8819212643275195
Processor [0] :       1024    -0.8790177421960064
Processor [0] :       1024    -0.8760700941747094
Processor [0] :       1024    -0.8731004570551625
Processor [0] :       1024    -0.8700869910881550
Processor [0] :       1024    -0.8670516861970028
Processor [0] :       1024    -0.8639728561011752
Processor [0] :       1024    -0.8608723405441678
Processor [0] :       1024    -0.8577286099800082
Processor [0] :       1024    -0.8545633506833845
Processor [0] :       1024    -0.8513551930851515
Processor [0] :       1024    -0.8481256667253201
Processor [0] :       1024    -0.8448535652297475
Processor [0] :       1024    -0.8415602581614980
Processor [0] :       1024    -0.8382247055350353
Processor [0] :       1024    -0.8348681137182981
Processor [0] :       1024    -0.8314696122829018
Processor [0] :       1024    -0.8280502412080577
Processor [0] :       1024    -0.8245893027655440
Processor [0] :       1024    -0.8211076673773012
Processor [0] :       1024    -0.8175848131322681
Processor [0] :       1024    -0.8140414377521082
Processor [0] :       1024    -0.8104571982334475
Processor [0] :       1024    -0.8068526164806693
Processor [0] :       1024    -0.8032075314616690
Processor [0] :       1024    -0.7995422861730257
Processor [0] :       1024    -0.7958369045900822
Processor [0] :       1024    -0.7921115477380329
Processor [0] :       1024    -0.7883464276079817
Processor [0] :       1024    -0.7845615202175653
Processor [0] :       1024    -0.7807372285536497
Processor [0] :       1024    -0.7768933406179972
Processor [0] :       1024    -0.7730104533444748
Processor [0] :       1024    -0.7691081637389696
Processor [0] :       1024    -0.7651672656043821
Processor [0] :       1024    -0.7612071619994860
Processor [0] :       1024    -0.7572088464885958
Processor [0] :       1024    -0.7531915252613451
Processor [0] :       1024    -0.7491363945057607
Processor [0] :       1024    -0.7450624606499561
Processor [0] :       1024    -0.7409511253374537
Processor [0] :       1024    -0.7368211923725481
Processor [0] :       1024    -0.7326542716551041
Processor [0] :       1024    -0.7284689615338098
Processor [0] :       1024    -0.7242470829343571
Processor [0] :       1024    -0.7200070259489844
Processor [0] :       1024    -0.7157308252669097
Processor [0] :       1024    -0.7114366599544450
Processor [0] :       1024    -0.7071067811698419
Processor [0] :       1024    -0.7027591542157858
Processor [0] :       1024    -0.6983762493924733
Processor [0] :       1024    -0.6939758155334532
Processor [0] :       1024    -0.6895405447207765
Processor [0] :       1024    -0.6850879666459455
Processor [0] :       1024    -0.6806009977793741
Processor [0] :       1024    -0.6760969460306120
Processor [0] :       1024    -0.6715589548311527
Processor [0] :       1024    -0.6670041077020860
Processor [0] :       1024    -0.6624157775745221
Processor [0] :       1024    -0.6578108210083748
Processor [0] :       1024    -0.6531728429383454
Processor [0] :       1024    -0.6485184704246376
Processor [0] :       1024    -0.6438315428745807
Processor [0] :       1024    -0.6391284553446932
Processor [0] :       1024    -0.6343932841486579
Processor [0] :       1024    -0.6296421898702727
Processor [0] :       1024    -0.6248594881276240
Processor [0] :       1024    -0.6200611025980638
Processor [0] :       1024    -0.6152315905660919
Processor [0] :       1024    -0.6103866364045678
Processor [0] :       1024    -0.6055110413900202
Processor [0] :       1024    -0.6006202482288079
Processor [0] :       1024    -0.5956993044783601
Processor [0] :       1024    -0.5907634088529189
Processor [0] :       1024    -0.5857978574425994
Processor [0] :       1024    -0.5808176026806557
Processor [0] :       1024    -0.5758081914042423
Processor [0] :       1024    -0.5707843275138439
Processor [0] :       1024    -0.5657318107702476
Processor [0] :       1024    -0.5606650943268184
Processor [0] :       1024    -0.5555702330064769
Processor [0] :       1024    -0.5504614270388754
Processor [0] :       1024    -0.5453249884091630
Processor [0] :       1024    -0.5401748622847767
Processor [0] :       1024    -0.5349976198744579
Processor [0] :       1024    -0.5298069491833373
Processor [0] :       1024    -0.5245896826660754
Processor [0] :       1024    -0.5193592491041339
Processor [0] :       1024    -0.5141027441810759
Processor [0] :       1024    -0.5088333354323686
Processor [0] :       1024    -0.5035383837138213
Processor [0] :       1024    -0.4982307933319235
Processor [0] :       1024    -0.4928981922181394
Processor [0] :       1024    -0.4875532195066394
Processor [0] :       1024    -0.4821837720677311
Processor [0] :       1024    -0.4768022219598596
Processor [0] :       1024    -0.4713967368148609
Processor [0] :       1024    -0.4659794197522688
Processor [0] :       1024    -0.4605387109473599
Processor [0] :       1024    -0.4550864427580704
Processor [0] :       1024    -0.4496113296439845
Processor [0] :       1024    -0.4441249314195322
Processor [0] :       1024    -0.4386162385281654
Processor [0] :       1024    -0.4330965364999420
Processor [0] :       1024    -0.4275550934201813
Processor [0] :       1024    -0.4220029188350092
Processor [0] :       1024    -0.4164295600877991
Processor [0] :       1024    -0.4108457490827483
Processor [0] :       1024    -0.4052413139954160
Processor [0] :       1024    -0.3996267074718853
Processor [0] :       1024    -0.3939920400517403
Processor [0] :       1024    -0.3883474835488196
Processor [0] :       1024    -0.3826834323560487
Processor [0] :       1024    -0.3770097759231855
Processor [0] :       1024    -0.3713171939430652
Processor [0] :       1024    -0.3656152920120486
Processor [0] :       1024    -0.3598950365264856
Processor [0] :       1024    -0.3541657477827732
Processor [0] :       1024    -0.3484186802412031
Processor [0] :       1024    -0.3426628674946056
Processor [0] :       1024    -0.3368898533842610
Processor [0] :       1024    -0.3311083834390068
Processor [0] :       1024    -0.3253102921545775
Processor [0] :       1024    -0.3195040356787742
Processor [0] :       1024    -0.3136817403914807
Processor [0] :       1024    -0.3078515717859967
Processor [0] :       1024    -0.3020059493120934
Processor [0] :       1024    -0.2961527465788752
Processor [0] :       1024    -0.2902846772476044
Processor [0] :       1024    -0.2844093218574543
Processor [0] :       1024    -0.2785196893784731
Processor [0] :       1024    -0.2726230661383015
Processor [0] :       1024    -0.2667127574685972
Processor [0] :       1024    -0.2607957543881746
Processor [0] :       1024    -0.2548656595984934
Processor [0] :       1024    -0.2489291677567192
Processor [0] :       1024    -0.2429801798975235
Processor [0] :       1024    -0.2370250933082330
Processor [0] :       1024    -0.2310581082752124
Processor [0] :       1024    -0.2250853237525414
Processor [0] :       1024    -0.2191012401516937
Processor [0] :       1024    -0.2131116571750215
Processor [0] :       1024    -0.2071113761873255
Processor [0] :       1024    -0.2011058967658174
Processor [0] :       1024    -0.1950903220115192
Processor [0] :       1024    -0.1890698505482857
Processor [0] :       1024    -0.1830398879508167
Processor [0] :       1024    -0.1770053311067153
Processor [0] :       1024    -0.1709618887562623
Processor [0] :       1024    -0.1649141553133569
Processor [0] :       1024    -0.1588581433301084
Processor [0] :       1024    -0.1527981440548104
Processor [0] :       1024    -0.1467304744518952
Processor [0] :       1024    -0.1406591219578047
Processor [0] :       1024    -0.1345807085039467
Processor [0] :       1024    -0.1284989171144173
Processor [0] :       1024    -0.1224106751963242
Processor [0] :       1024    -0.1163193608067685
Processor [0] :       1024    -0.1102222072912791
Processor [0] :       1024    -0.1041222872312385
Processor [0] :       1024    -0.0980171403272449
Processor [0] :       1024    -0.0919095332222434
Processor [0] :       1024    -0.0857973123424129
Processor [0] :       1024    -0.0796829379756148
Processor [0] :       1024    -0.0735645635979295
Processor [0] :       1024    -0.0674443427716239
Processor [0] :       1024    -0.0613207363007599
Processor [0] :       1024    -0.0551955906976915
Processor [0] :       1024    -0.0490676743262588
Processor [0] :       1024    -0.0429385263708253
Processor [0] :       1024    -0.0368072229404893
Processor [0] :       1024    -0.0306749956598279
Processor [0] :       1024    -0.0245412285223325
Processor [0] :       1024    -0.0184068454073157
Processor [0] :       1024    -0.0122715382854300
Processor [0] :       1024    -0.0061359231515909
Processor [0] :       1024     0.0000000000000000
