Processor [0] :       1024    0.0000000000000000
Processor [0] :       1024    0.0061359231515909
Processor [0] :       1024    0.0122715382854300
Processor [0] :       1024    0.0184068454073157
Processor [0] :       1024    0.0245412285223325
Processor [0] :       1024    0.0306749956598279
Processor [0] :       1024    0.0368072229404893
Processor [0] :       1024    0.0429385263708252
Processor [0] :       1024    0.0490676743262588
Processor [0] :       1024    0.0551955906976914
Processor [0] :       1024    0.0613207363007599
Processor [0] :       1024    0.0674443427716239
Processor [0] :       1024    0.0735645635979295
Processor [0] :       1024    0.0796829379756147
Processor [0] :       1024    0.0857973123424128
Processor [0] :       1024    0.0919095332222434
Processor [0] :       1024    0.0980171403272450
Processor [0] :       1024    0.1041222872312385
Processor [0] :       1024    0.1102222072912790
Processor [0] :       1024    0.1163193608067685
Processor [0] :       1024    0.1224106751963243
Processor [0] :       1024    0.1284989171144173
Processor [0] :       1024    0.1345807085039467
Processor [0] :       1024    0.1406591219578046
Processor [0] :       1024    0.1467304744518952
Processor [0] :       1024    0.1527981440548104
Processor [0] :       1024    0.1588581433301084
Processor [0] :       1024    0.1649141553133568
Processor [0] :       1024    0.1709618887562621
Processor [0] :       1024    0.1770053311067153
Processor [0] :       1024    0.1830398879508167
Processor [0] :       1024    0.1890698505482859
Processor [0] :       1024    0.1950903220115192
Processor [0] :       1024    0.2011058967658173
Processor [0] :       1024    0.2071113761873255
Processor [0] :       1024    0.2131116571750214
Processor [0] :       1024    0.2191012401516934
Processor [0] :       1024    0.2250853237525414
Processor [0] :       1024    0.2310581082752122
Processor [0] :       1024    0.2370250933082331
Processor [0] :       1024    0.2429801798975236
Processor [0] :       1024    0.2489291677567191
Processor [0] :       1024    0.2548656595984934
Processor [0] :       1024    0.2607957543881747
Processor [0] :       1024    0.2667127574685972
Processor [0] :       1024    0.2726230661383018
Processor [0] :       1024    0.2785196893784728
Processor [0] :       1024    0.2844093218574542
Processor [0] :       1024    0.2902846772476044
Processor [0] :       1024    0.2961527465788755
Processor [0] :       1024    0.3020059493120935
Processor [0] :       1024    0.3078515717859966
Processor [0] :       1024    0.3136817403914807
Processor [0] :       1024    0.3195040356787742
Processor [0] :       1024    0.3253102921545773
Processor [0] :       1024    0.3311083834390067
Processor [0] :       1024    0.3368898533842607
Processor [0] :       1024    0.3426628674946059
Processor [0] :       1024    0.3484186802412032
Processor [0] :       1024    0.3541657477827732
Processor [0] :       1024    0.3598950365264858
Processor [0] :       1024    0.3656152920120486
Processor [0] :       1024    0.3713171939430654
Processor [0] :       1024    0.3770097759231854
Processor [0] :       1024    0.3826834323560488
Processor [0] :       1024    0.3883474835488200
Processor [0] :       1024    0.3939920400517402
Processor [0] :       1024    0.3996267074718851
Processor [0] :       1024    0.4052413139954159
Processor [0] :       1024    0.4108457490827485
Processor [0] :       1024    0.4164295600877991
Processor [0] :       1024    0.4220029188350090
Processor [0] :       1024    0.4275550934201808
Processor [0] :       1024    0.4330965364999419
Processor [0] :       1024    0.4386162385281656
Processor [0] :       1024    0.4441249314195320
Processor [0] :       1024    0.4496113296439843
Processor [0] :       1024    0.4550864427580703
Processor [0] :       1024    0.4605387109473599
Processor [0] :       1024    0.4659794197522690
Processor [0] :       1024    0.4713967368148613
Processor [0] :       1024    0.4768022219598594
Processor [0] :       1024    0.4821837720677311
Processor [0] :       1024    0.4875532195066399
Processor [0] :       1024    0.4928981922181395
Processor [0] :       1024    0.4982307933319230
Processor [0] :       1024    0.5035383837138214
Processor [0] :       1024    0.5088333354323687
Processor [0] :       1024    0.5141027441810758
Processor [0] :       1024    0.5193592491041337
Processor [0] :       1024    0.5245896826660759
Processor [0] :       1024    0.5298069491833370
Processor [0] :       1024    0.5349976198744577
Processor [0] :       1024    0.5401748622847762
Processor [0] :       1024    0.5453249884091624
Processor [0] :       1024    0.5504614270388756
Processor [0] :       1024    0.5555702330064769
Processor [0] :       1024    0.5606650943268184
Processor [0] :       1024    0.5657318107702483
Processor [0] :       1024    0.5707843275138440
Processor [0] :       1024    0.5758081914042422
Processor [0] :       1024    0.5808176026806554
Processor [0] :       1024    0.5857978574425993
Processor [0] :       1024    0.5907634088529188
Processor [0] :       1024    0.5956993044783598
Processor [0] :       1024    0.6006202482288077
Processor [0] :       1024    0.6055110413900202
Processor [0] :       1024    0.6103866364045680
Processor [0] :       1024    0.6152315905660917
Processor [0] :       1024    0.6200611025980640
Processor [0] :       1024    0.6248594881276238
Processor [0] :       1024    0.6296421898702729
Processor [0] :       1024    0.6343932841486575
Processor [0] :       1024    0.6391284553446932
Processor [0] :       1024    0.6438315428745808
Processor [0] :       1024    0.6485184704246377
Processor [0] :       1024    0.6531728429383458
Processor [0] :       1024    0.6578108210083744
Processor [0] :       1024    0.6624157775745220
Processor [0] :       1024    0.6670041077020868
Processor [0] :       1024    0.6715589548311529
Processor [0] :       1024    0.6760969460306128
Processor [0] :       1024    0.6806009977793738
Processor [0] :       1024    0.6850879666459462
Processor [0] :       1024    0.6895405447207767
Processor [0] :       1024    0.6939758155334533
Processor [0] :       1024    0.6983762493924733
Processor [0] :       1024    0.7027591542157858
Processor [0] :       1024    0.7071067811698422
Processor [0] :       1024    0.7114366599544453
Processor [0] :       1024    0.7157308252669106
Processor [0] :       1024    0.7200070259489845
Processor [0] :       1024    0.7242470829343566
Processor [0] :       1024    0.7284689615338104
Processor [0] :       1024    0.7326542716551036
Processor [0] :       1024    0.7368211923725484
Processor [0] :       1024    0.7409511253374540
Processor [0] :       1024    0.7450624606499556
Processor [0] :       1024    0.7491363945057612
Processor [0] :       1024    0.7531915252613451
Processor [0] :       1024    0.7572088464885957
Processor [0] :       1024    0.7612071619994861
Processor [0] :       1024    0.7651672656043818
Processor [0] :       1024    0.7691081637389710
Processor [0] :       1024    0.7730104533444742
Processor [0] :       1024    0.7768933406179972
Processor [0] :       1024    0.7807372285536492
Processor [0] :       1024    0.7845615202175655
Processor [0] :       1024    0.7883464276079822
Processor [0] :       1024    0.7921115477380325
Processor [0] :       1024    0.7958369045900817
Processor [0] :       1024    0.7995422861730258
Processor [0] :       1024    0.8032075314616687
Processor [0] :       1024    0.8068526164806704
Processor [0] :       1024    0.8104571982334478
Processor [0] :       1024    0.8140414377521082
Processor [0] :       1024    0.8175848131322684
Processor [0] :       1024    0.8211076673773010
Processor [0] :       1024    0.8245893027655449
Processor [0] :       1024    0.8280502412080588
Processor [0] :       1024    0.8314696122829024
Processor [0] :       1024    0.8348681137182981
Processor [0] :       1024    0.8382247055350347
Processor [0] :       1024    0.8415602581614975
Processor [0] :       1024    0.8448535652297475
Processor [0] :       1024    0.8481256667253207
Processor [0] :       1024    0.8513551930851522
Processor [0] :       1024    0.8545633506833851
Processor [0] :       1024    0.8577286099800079
Processor [0] :       1024    0.8608723405441685
Processor [0] :       1024    0.8639728561011744
Processor [0] :       1024    0.8670516861970016
Processor [0] :       1024    0.8700869910881556
Processor [0] :       1024    0.8731004570551633
Processor [0] :       1024    0.8760700941747099
Processor [0] :       1024    0.8790177421960065
Processor [0] :       1024    0.8819212643275189
Processor [0] :       1024    0.8848026504981559
Processor [0] :       1024    0.8876396203818829
Processor [0] :       1024    0.8904543107757013
Processor [0] :       1024    0.8932243011744138
Processor [0] :       1024    0.8959718719093912
Processor [0] :       1024    0.8986744656727229
Processor [0] :       1024    0.9013545029748161
Processor [0] :       1024    0.9039892931020860
Processor [0] :       1024    0.9066013933675348
Processor [0] :       1024    0.9091679830690428
Processor [0] :       1024    0.9117117529251547
Processor [0] :       1024    0.9142097556819319
Processor [0] :       1024    0.9166848120463229
Processor [0] :       1024    0.9191138516683439
Processor [0] :       1024    0.9215198218066299
Processor [0] :       1024    0.9238795324894609
Processor [0] :       1024    0.9262160540713881
Processor [0] :       1024    0.9285060804512801
Processor [0] :       1024    0.9307728016052944
Processor [0] :       1024    0.9329927988126977
Processor [0] :       1024    0.9351893781789296
Processor [0] :       1024    0.9373390118904300
Processor [0] :       1024    0.9394651186721075
Processor [0] :       1024    0.9415440651607774
Processor [0] :       1024    0.9435993791740391
Processor [0] :       1024    0.9456073253581809
Processor [0] :       1024    0.9475915370802971
Processor [0] :       1024    0.9495281805706046
Processor [0] :       1024    0.9514409911865869
Processor [0] :       1024    0.9533060403316712
Processor [0] :       1024    0.9551471617792785
Processor [0] :       1024    0.9569403357096015
Processor [0] :       1024    0.9587094907227155
Processor [0] :       1024    0.9604305193928765
Processor [0] :       1024    0.9621274415432575
Processor [0] :       1024    0.9637760657726706
Processor [0] :       1024    0.9654004995100874
Processor [0] :       1024    0.9669764710220080
Processor [0] :       1024    0.9685281717127141
Processor [0] :       1024    0.9700312531716272
Processor [0] :       1024    0.9715099871352048
Processor [0] :       1024    0.9729399521825756
Processor [0] :       1024    0.9743454967271293
Processor [0] :       1024    0.9757021300154773
Processor [0] :       1024    0.9770342734711714
Processor [0] :       1024    0.9783173706965153
Processor [0] :       1024    0.9795759124474427
Processor [0] :       1024    0.9807852803800587
Processor [0] :       1024    0.9819700308944621
Processor [0] :       1024    0.9831054874079911
Processor [0] :       1024    0.9842162682668010
Processor [0] :       1024    0.9852776423656635
Processor [0] :       1024    0.9863142862893687
Processor [0] :       1024    0.9873014181345334
Processor [0] :       1024    0.9882637690083708
Processor [0] :       1024    0.9891765099414127
Processor [0] :       1024    0.9900644228388802
Processor [0] :       1024    0.9909026354043698
Processor [0] :       1024    0.9917159766090521
Processor [0] :       1024    0.9924795345752628
Processor [0] :       1024    0.9932181816009642
Processor [0] :       1024    0.9939069699788754
Processor [0] :       1024    0.9945708115880739
Processor [0] :       1024    0.9951847266486861
Processor [0] :       1024    0.9957736628692762
Processor [0] :       1024    0.9963126121592407
Processor [0] :       1024    0.9968265542995925
Processor [0] :       1024    0.9972904566551291
Processor [0] :       1024    0.9977293273174479
Processor [0] :       1024    0.9981181128765694
Processor [0] :       1024    0.9984818459685482
Processor [0] :       1024    0.9987954561815768
Processor [0] :       1024    0.9990839969263476
Processor [0] :       1024    0.9993223845647403
Processor [0] :       1024    0.9995356895091315
Processor [0] :       1024    0.9996988186725855
Processor [0] :       1024    0.9998368556936548
Processor [0] :       1024    0.9999247018155205
Processor [0] :       1024    0.9999874501254016
Processor [0] :       1024    0.9999999999763750
Processor [0] :       1024    0.9999874501254022
Processor [0] :       1024    0.9999247018155216
Processor [0] :       1024    0.9998368556936550
Processor [0] :       1024    0.9996988186725870
Processor [0] :       1024    0.9995356895091323
Processor [0] :       1024    0.9993223845647410
Processor [0] :       1024    0.9990839969263479
Processor [0] :       1024    0.9987954561815767
Processor [0] :       1024    0.9984818459685473
Processor [0] :       1024    0.9981181128765693
Processor [0] :       1024    0.9977293273174482
Processor [0] :       1024    0.9972904566551286
Processor [0] :       1024    0.9968265542995927
Processor [0] :       1024    0.9963126121592401
Processor [0] :       1024    0.9957736628692756
Processor [0] :       1024    0.9951847266486855
Processor [0] :       1024    0.9945708115880731
Processor [0] :       1024    0.9939069699788740
Processor [0] :       1024    0.9932181816009653
Processor [0] :       1024    0.9924795345752622
Processor [0] :       1024    0.9917159766090520
Processor [0] :       1024    0.9909026354043704
Processor [0] :       1024    0.9900644228388789
Processor [0] :       1024    0.9891765099414125
Processor [0] :       1024    0.9882637690083684
Processor [0] :       1024    0.9873014181345334
Processor [0] :       1024    0.9863142862893679
Processor [0] :       1024    0.9852776423656644
Processor [0] :       1024    0.9842162682667994
Processor [0] :       1024    0.9831054874079920
Processor [0] :       1024    0.9819700308944630
Processor [0] :       1024    0.9807852803800596
Processor [0] :       1024    0.9795759124474424
Processor [0] :       1024    0.9783173706965149
Processor [0] :       1024    0.9770342734711699
Processor [0] :       1024    0.9757021300154769
Processor [0] :       1024    0.9743454967271296
Processor [0] :       1024    0.9729399521825745
Processor [0] :       1024    0.9715099871352060
Processor [0] :       1024    0.9700312531716275
Processor [0] :       1024    0.9685281717127133
Processor [0] :       1024    0.9669764710220067
Processor [0] :       1024    0.9654004995100876
Processor [0] :       1024    0.9637760657726706
Processor [0] :       1024    0.9621274415432575
Processor [0] :       1024    0.9604305193928753
Processor [0] :       1024    0.9587094907227156
Processor [0] :       1024    0.9569403357096000
Processor [0] :       1024    0.9551471617792788
Processor [0] :       1024    0.9533060403316730
Processor [0] :       1024    0.9514409911865868
Processor [0] :       1024    0.9495281805706044
Processor [0] :       1024    0.9475915370802976
Processor [0] :       1024    0.9456073253581818
Processor [0] :       1024    0.9435993791740382
Processor [0] :       1024    0.9415440651607772
Processor [0] :       1024    0.9394651186721081
Processor [0] :       1024    0.9373390118904300
Processor [0] :       1024    0.9351893781789300
Processor [0] :       1024    0.9329927988126974
Processor [0] :       1024    0.9307728016052947
Processor [0] :       1024    0.9285060804512796
Processor [0] :       1024    0.9262160540713889
Processor [0] :       1024    0.9238795324894615
Processor [0] :       1024    0.9215198218066309
Processor [0] :       1024    0.9191138516683443
Processor [0] :       1024    0.9166848120463240
Processor [0] :       1024    0.9142097556819322
Processor [0] :       1024    0.9117117529251553
Processor [0] :       1024    0.9091679830690429
Processor [0] :       1024    0.9066013933675356
Processor [0] :       1024    0.9039892931020868
Processor [0] :       1024    0.9013545029748160
Processor [0] :       1024    0.8986744656727228
Processor [0] :       1024    0.8959718719093921
Processor [0] :       1024    0.8932243011744136
Processor [0] :       1024    0.8904543107757021
Processor [0] :       1024    0.8876396203818830
Processor [0] :       1024    0.8848026504981568
Processor [0] :       1024    0.8819212643275200
Processor [0] :       1024    0.8790177421960059
Processor [0] :       1024    0.8760700941747097
Processor [0] :       1024    0.8731004570551628
Processor [0] :       1024    0.8700869910881548
Processor [0] :       1024    0.8670516861970030
Processor [0] :       1024    0.8639728561011739
Processor [0] :       1024    0.8608723405441681
Processor [0] :       1024    0.8577286099800081
Processor [0] :       1024    0.8545633506833845
Processor [0] :       1024    0.8513551930851517
Processor [0] :       1024    0.8481256667253205
Processor [0] :       1024    0.8448535652297475
Processor [0] :       1024    0.8415602581614978
Processor [0] :       1024    0.8382247055350349
Processor [0] :       1024    0.8348681137182992
Processor [0] :       1024    0.8314696122829015
Processor [0] :       1024    0.8280502412080595
Processor [0] :       1024    0.8245893027655442
Processor [0] :       1024    0.8211076673773023
Processor [0] :       1024    0.8175848131322674
Processor [0] :       1024    0.8140414377521070
Processor [0] :       1024    0.8104571982334474
Processor [0] :       1024    0.8068526164806695
Processor [0] :       1024    0.8032075314616700
Processor [0] :       1024    0.7995422861730266
Processor [0] :       1024    0.7958369045900819
Processor [0] :       1024    0.7921115477380325
Processor [0] :       1024    0.7883464276079815
Processor [0] :       1024    0.7845615202175660
Processor [0] :       1024    0.7807372285536494
Processor [0] :       1024    0.7768933406179961
Processor [0] :       1024    0.7730104533444748
Processor [0] :       1024    0.7691081637389696
Processor [0] :       1024    0.7651672656043826
Processor [0] :       1024    0.7612071619994876
Processor [0] :       1024    0.7572088464885962
Processor [0] :       1024    0.7531915252613459
Processor [0] :       1024    0.7491363945057610
Processor [0] :       1024    0.7450624606499554
Processor [0] :       1024    0.7409511253374550
Processor [0] :       1024    0.7368211923725496
Processor [0] :       1024    0.7326542716551045
Processor [0] :       1024    0.7284689615338111
Processor [0] :       1024    0.7242470829343566
Processor [0] :       1024    0.7200070259489857
Processor [0] :       1024    0.7157308252669090
Processor [0] :       1024    0.7114366599544442
Processor [0] :       1024    0.7071067811698426
Processor [0] :       1024    0.7027591542157854
Processor [0] :       1024    0.6983762493924737
Processor [0] :       1024    0.6939758155334548
Processor [0] :       1024    0.6895405447207779
Processor [0] :       1024    0.6850879666459460
Processor [0] :       1024    0.6806009977793750
Processor [0] :       1024    0.6760969460306123
Processor [0] :       1024    0.6715589548311531
Processor [0] :       1024    0.6670041077020861
Processor [0] :       1024    0.6624157775745219
Processor [0] :       1024    0.6578108210083755
Processor [0] :       1024    0.6531728429383445
Processor [0] :       1024    0.6485184704246361
Processor [0] :       1024    0.6438315428745813
Processor [0] :       1024    0.6391284553446936
Processor [0] :       1024    0.6343932841486590
Processor [0] :       1024    0.6296421898702731
Processor [0] :       1024    0.6248594881276219
Processor [0] :       1024    0.6200611025980636
Processor [0] :       1024    0.6152315905660921
Processor [0] :       1024    0.6103866364045680
Processor [0] :       1024    0.6055110413900200
Processor [0] :       1024    0.6006202482288092
Processor [0] :       1024    0.5956993044783592
Processor [0] :       1024    0.5907634088529208
Processor [0] :       1024    0.5857978574425995
Processor [0] :       1024    0.5808176026806553
Processor [0] :       1024    0.5758081914042414
Processor [0] :       1024    0.5707843275138453
Processor [0] :       1024    0.5657318107702480
Processor [0] :       1024    0.5606650943268185
Processor [0] :       1024    0.5555702330064773
Processor [0] :       1024    0.5504614270388757
Processor [0] :       1024    0.5453249884091631
Processor [0] :       1024    0.5401748622847766
Processor [0] :       1024    0.5349976198744579
Processor [0] :       1024    0.5298069491833370
Processor [0] :       1024    0.5245896826660768
Processor [0] :       1024    0.5193592491041343
Processor [0] :       1024    0.5141027441810770
Processor [0] :       1024    0.5088333354323689
Processor [0] :       1024    0.5035383837138216
Processor [0] :       1024    0.4982307933319237
Processor [0] :       1024    0.4928981922181404
Processor [0] :       1024    0.4875532195066390
Processor [0] :       1024    0.4821837720677311
Processor [0] :       1024    0.4768022219598598
Processor [0] :       1024    0.4713967368148611
Processor [0] :       1024    0.4659794197522693
Processor [0] :       1024    0.4605387109473587
Processor [0] :       1024    0.4550864427580712
Processor [0] :       1024    0.4496113296439832
Processor [0] :       1024    0.4441249314195312
Processor [0] :       1024    0.4386162385281664
Processor [0] :       1024    0.4330965364999428
Processor [0] :       1024    0.4275550934201804
Processor [0] :       1024    0.4220029188350092
Processor [0] :       1024    0.4164295600877992
Processor [0] :       1024    0.4108457490827471
Processor [0] :       1024    0.4052413139954170
Processor [0] :       1024    0.3996267074718853
Processor [0] :       1024    0.3939920400517407
Processor [0] :       1024    0.3883474835488205
Processor [0] :       1024    0.3826834323560493
Processor [0] :       1024    0.3770097759231852
Processor [0] :       1024    0.3713171939430659
Processor [0] :       1024    0.3656152920120488
Processor [0] :       1024    0.3598950365264872
Processor [0] :       1024    0.3541657477827735
Processor [0] :       1024    0.3484186802412044
Processor [0] :       1024    0.3426628674946059
Processor [0] :       1024    0.3368898533842608
Processor [0] :       1024    0.3311083834390072
Processor [0] :       1024    0.3253102921545785
Processor [0] :       1024    0.3195040356787757
Processor [0] :       1024    0.3136817403914804
Processor [0] :       1024    0.3078515717859978
Processor [0] :       1024    0.3020059493120943
Processor [0] :       1024    0.2961527465788745
Processor [0] :       1024    0.2902846772476042
Processor [0] :       1024    0.2844093218574544
Processor [0] :       1024    0.2785196893784740
Processor [0] :       1024    0.2726230661383011
Processor [0] :       1024    0.2667127574685970
Processor [0] :       1024    0.2607957543881751
Processor [0] :       1024    0.2548656595984926
Processor [0] :       1024    0.2489291677567187
Processor [0] :       1024    0.2429801798975215
Processor [0] :       1024    0.2370250933082338
Processor [0] :       1024    0.2310581082752123
Processor [0] :       1024    0.2250853237525408
Processor [0] :       1024    0.2191012401516943
Processor [0] :       1024    0.2131116571750216
Processor [0] :       1024    0.2071113761873247
Processor [0] :       1024    0.2011058967658177
Processor [0] :       1024    0.1950903220115185
Processor [0] :       1024    0.1890698505482853
Processor [0] :       1024    0.1830398879508177
Processor [0] :       1024    0.1770053311067157
Processor [0] :       1024    0.1709618887562629
Processor [0] :       1024    0.1649141553133582
Processor [0] :       1024    0.1588581433301097
Processor [0] :       1024    0.1527981440548112
Processor [0] :       1024    0.1467304744518958
Processor [0] :       1024    0.1406591219578064
Processor [0] :       1024    0.1345807085039477
Processor [0] :       1024    0.1284989171144173
Processor [0] :       1024    0.1224106751963252
Processor [0] :       1024    0.1163193608067694
Processor [0] :       1024    0.1102222072912804
Processor [0] :       1024    0.1041222872312393
Processor [0] :       1024    0.0980171403272458
Processor [0] :       1024    0.0919095332222430
Processor [0] :       1024    0.0857973123424141
Processor [0] :       1024    0.0796829379756150
Processor [0] :       1024    0.0735645635979292
Processor [0] :       1024    0.0674443427716243
Processor [0] :       1024    0.0613207363007600
Processor [0] :       1024    0.0551955906976918
Processor [0] :       1024    0.0490676743262592
Processor [0] :       1024    0.0429385263708262
Processor [0] :       1024    0.0368072229404892
Processor [0] :       1024    0.0306749956598278
Processor [0] :       1024    0.0245412285223321
Processor [0] :       1024    0.0184068454073165
Processor [0] :       1024    0.0122715382854306
Processor [0] :       1024    0.0061359231515914
Processor [0] :       1024    -0.0000000000000007
Processor [0] :       1024    -0.0061359231515896
Processor [0] :       1024    -0.0122715382854299
Processor [0] :       1024    -0.0184068454073163
Processor [0] :       1024    -0.0245412285223316
Processor [0] :       1024    -0.0306749956598273
Processor [0] :       1024    -0.0368072229404888
Processor [0] :       1024    -0.0429385263708244
Processor [0] :       1024    -0.0490676743262572
Processor [0] :       1024    -0.0551955906976913
Processor [0] :       1024    -0.0613207363007595
Processor [0] :       1024    -0.0674443427716227
Processor [0] :       1024    -0.0735645635979283
Processor [0] :       1024    -0.0796829379756143
Processor [0] :       1024    -0.0857973123424136
Processor [0] :       1024    -0.0919095332222424
Processor [0] :       1024    -0.0980171403272445
Processor [0] :       1024    -0.1041222872312373
Processor [0] :       1024    -0.1102222072912786
Processor [0] :       1024    -0.1163193608067685
Processor [0] :       1024    -0.1224106751963225
Processor [0] :       1024    -0.1284989171144162
Processor [0] :       1024    -0.1345807085039472
Processor [0] :       1024    -0.1406591219578048
Processor [0] :       1024    -0.1467304744518962
Processor [0] :       1024    -0.1527981440548085
Processor [0] :       1024    -0.1588581433301088
Processor [0] :       1024    -0.1649141553133555
Processor [0] :       1024    -0.1709618887562614
Processor [0] :       1024    -0.1770053311067146
Processor [0] :       1024    -0.1830398879508157
Processor [0] :       1024    -0.1890698505482846
Processor [0] :       1024    -0.1950903220115190
Processor [0] :       1024    -0.2011058967658161
Processor [0] :       1024    -0.2071113761873256
Processor [0] :       1024    -0.2131116571750213
Processor [0] :       1024    -0.2191012401516936
Processor [0] :       1024    -0.2250853237525403
Processor [0] :       1024    -0.2310581082752132
Processor [0] :       1024    -0.2370250933082323
Processor [0] :       1024    -0.2429801798975224
Processor [0] :       1024    -0.2489291677567185
Processor [0] :       1024    -0.2548656595984937
Processor [0] :       1024    -0.2607957543881740
Processor [0] :       1024    -0.2667127574685981
Processor [0] :       1024    -0.2726230661383027
Processor [0] :       1024    -0.2785196893784725
Processor [0] :       1024    -0.2844093218574535
Processor [0] :       1024    -0.2902846772476040
Processor [0] :       1024    -0.2961527465788760
Processor [0] :       1024    -0.3020059493120928
Processor [0] :       1024    -0.3078515717859975
Processor [0] :       1024    -0.3136817403914800
Processor [0] :       1024    -0.3195040356787735
Processor [0] :       1024    -0.3253102921545765
Processor [0] :       1024    -0.3311083834390078
Processor [0] :       1024    -0.3368898533842606
Processor [0] :       1024    -0.3426628674946062
Processor [0] :       1024    -0.3484186802412026
Processor [0] :       1024    -0.3541657477827733
Processor [0] :       1024    -0.3598950365264844
Processor [0] :       1024    -0.3656152920120479
Processor [0] :       1024    -0.3713171939430655
Processor [0] :       1024    -0.3770097759231841
Processor [0] :       1024    -0.3826834323560502
Processor [0] :       1024    -0.3883474835488194
Processor [0] :       1024    -0.3939920400517392
Processor [0] :       1024    -0.3996267074718844
Processor [0] :       1024    -0.4052413139954159
Processor [0] :       1024    -0.4108457490827486
Processor [0] :       1024    -0.4164295600877992
Processor [0] :       1024    -0.4220029188350078
Processor [0] :       1024    -0.4275550934201817
Processor [0] :       1024    -0.4330965364999424
Processor [0] :       1024    -0.4386162385281649
Processor [0] :       1024    -0.4441249314195312
Processor [0] :       1024    -0.4496113296439830
Processor [0] :       1024    -0.4550864427580696
Processor [0] :       1024    -0.4605387109473584
Processor [0] :       1024    -0.4659794197522686
Processor [0] :       1024    -0.4713967368148606
Processor [0] :       1024    -0.4768022219598593
Processor [0] :       1024    -0.4821837720677309
Processor [0] :       1024    -0.4875532195066388
Processor [0] :       1024    -0.4928981922181390
Processor [0] :       1024    -0.4982307933319228
Processor [0] :       1024    -0.5035383837138219
Processor [0] :       1024    -0.5088333354323673
Processor [0] :       1024    -0.5141027441810759
Processor [0] :       1024    -0.5193592491041332
Processor [0] :       1024    -0.5245896826660752
Processor [0] :       1024    -0.5298069491833370
Processor [0] :       1024    -0.5349976198744586
Processor [0] :       1024    -0.5401748622847766
Processor [0] :       1024    -0.5453249884091624
Processor [0] :       1024    -0.5504614270388744
Processor [0] :       1024    -0.5555702330064773
Processor [0] :       1024    -0.5606650943268177
Processor [0] :       1024    -0.5657318107702485
Processor [0] :       1024    -0.5707843275138451
Processor [0] :       1024    -0.5758081914042423
Processor [0] :       1024    -0.5808176026806549
Processor [0] :       1024    -0.5857978574425988
Processor [0] :       1024    -0.5907634088529199
Processor [0] :       1024    -0.5956993044783601
Processor [0] :       1024    -0.6006202482288074
Processor [0] :       1024    -0.6055110413900193
Processor [0] :       1024    -0.6103866364045671
Processor [0] :       1024    -0.6152315905660926
Processor [0] :       1024    -0.6200611025980631
Processor [0] :       1024    -0.6248594881276239
Processor [0] :       1024    -0.6296421898702702
Processor [0] :       1024    -0.6343932841486577
Processor [0] :       1024    -0.6391284553446934
Processor [0] :       1024    -0.6438315428745796
Processor [0] :       1024    -0.6485184704246387
Processor [0] :       1024    -0.6531728429383463
Processor [0] :       1024    -0.6578108210083744
Processor [0] :       1024    -0.6624157775745219
Processor [0] :       1024    -0.6670041077020854
Processor [0] :       1024    -0.6715589548311518
Processor [0] :       1024    -0.6760969460306130
Processor [0] :       1024    -0.6806009977793726
Processor [0] :       1024    -0.6850879666459446
Processor [0] :       1024    -0.6895405447207765
Processor [0] :       1024    -0.6939758155334532
Processor [0] :       1024    -0.6983762493924741
Processor [0] :       1024    -0.7027591542157861
Processor [0] :       1024    -0.7071067811698413
Processor [0] :       1024    -0.7114366599544448
Processor [0] :       1024    -0.7157308252669097
Processor [0] :       1024    -0.7200070259489850
Processor [0] :       1024    -0.7242470829343561
Processor [0] :       1024    -0.7284689615338111
Processor [0] :       1024    -0.7326542716551052
Processor [0] :       1024    -0.7368211923725485
Processor [0] :       1024    -0.7409511253374537
Processor [0] :       1024    -0.7450624606499563
Processor [0] :       1024    -0.7491363945057601
Processor [0] :       1024    -0.7531915252613439
Processor [0] :       1024    -0.7572088464885960
Processor [0] :       1024    -0.7612071619994865
Processor [0] :       1024    -0.7651672656043818
Processor [0] :       1024    -0.7691081637389696
Processor [0] :       1024    -0.7730104533444744
Processor [0] :       1024    -0.7768933406179981
Processor [0] :       1024    -0.7807372285536498
Processor [0] :       1024    -0.7845615202175660
Processor [0] :       1024    -0.7883464276079808
Processor [0] :       1024    -0.7921115477380321
Processor [0] :       1024    -0.7958369045900802
Processor [0] :       1024    -0.7995422861730270
Processor [0] :       1024    -0.8032075314616687
Processor [0] :       1024    -0.8068526164806695
Processor [0] :       1024    -0.8104571982334470
Processor [0] :       1024    -0.8140414377521086
Processor [0] :       1024    -0.8175848131322687
Processor [0] :       1024    -0.8211076673773012
Processor [0] :       1024    -0.8245893027655438
Processor [0] :       1024    -0.8280502412080573
Processor [0] :       1024    -0.8314696122829015
Processor [0] :       1024    -0.8348681137182974
Processor [0] :       1024    -0.8382247055350345
Processor [0] :       1024    -0.8415602581614967
Processor [0] :       1024    -0.8448535652297469
Processor [0] :       1024    -0.8481256667253196
Processor [0] :       1024    -0.8513551930851522
Processor [0] :       1024    -0.8545633506833852
Processor [0] :       1024    -0.8577286099800099
Processor [0] :       1024    -0.8608723405441685
Processor [0] :       1024    -0.8639728561011750
Processor [0] :       1024    -0.8670516861970032
Processor [0] :       1024    -0.8700869910881559
Processor [0] :       1024    -0.8731004570551635
Processor [0] :       1024    -0.8760700941747090
Processor [0] :       1024    -0.8790177421960057
Processor [0] :       1024    -0.8819212643275189
Processor [0] :       1024    -0.8848026504981559
Processor [0] :       1024    -0.8876396203818822
Processor [0] :       1024    -0.8904543107757004
Processor [0] :       1024    -0.8932243011744128
Processor [0] :       1024    -0.8959718719093916
Processor [0] :       1024    -0.8986744656727226
Processor [0] :       1024    -0.9013545029748156
Processor [0] :       1024    -0.9039892931020861
Processor [0] :       1024    -0.9066013933675345
Processor [0] :       1024    -0.9091679830690436
Processor [0] :       1024    -0.9117117529251546
Processor [0] :       1024    -0.9142097556819330
Processor [0] :       1024    -0.9166848120463243
Processor [0] :       1024    -0.9191138516683419
Processor [0] :       1024    -0.9215198218066289
Processor [0] :       1024    -0.9238795324894598
Processor [0] :       1024    -0.9262160540713873
Processor [0] :       1024    -0.9285060804512788
Processor [0] :       1024    -0.9307728016052934
Processor [0] :       1024    -0.9329927988126969
Processor [0] :       1024    -0.9351893781789278
Processor [0] :       1024    -0.9373390118904291
Processor [0] :       1024    -0.9394651186721077
Processor [0] :       1024    -0.9415440651607767
Processor [0] :       1024    -0.9435993791740386
Processor [0] :       1024    -0.9456073253581820
Processor [0] :       1024    -0.9475915370802968
Processor [0] :       1024    -0.9495281805706044
Processor [0] :       1024    -0.9514409911865873
Processor [0] :       1024    -0.9533060403316712
Processor [0] :       1024    -0.9551471617792786
Processor [0] :       1024    -0.9569403357096009
Processor [0] :       1024    -0.9587094907227145
Processor [0] :       1024    -0.9604305193928753
Processor [0] :       1024    -0.9621274415432568
Processor [0] :       1024    -0.9637760657726708
Processor [0] :       1024    -0.9654004995100876
Processor [0] :       1024    -0.9669764710220080
Processor [0] :       1024    -0.9685281717127125
Processor [0] :       1024    -0.9700312531716281
Processor [0] :       1024    -0.9715099871352055
Processor [0] :       1024    -0.9729399521825747
Processor [0] :       1024    -0.9743454967271290
Processor [0] :       1024    -0.9757021300154771
Processor [0] :       1024    -0.9770342734711714
Processor [0] :       1024    -0.9783173706965143
Processor [0] :       1024    -0.9795759124474417
Processor [0] :       1024    -0.9807852803800590
Processor [0] :       1024    -0.9819700308944628
Processor [0] :       1024    -0.9831054874079890
Processor [0] :       1024    -0.9842162682667994
Processor [0] :       1024    -0.9852776423656646
Processor [0] :       1024    -0.9863142862893678
Processor [0] :       1024    -0.9873014181345334
Processor [0] :       1024    -0.9882637690083698
Processor [0] :       1024    -0.9891765099414113
Processor [0] :       1024    -0.9900644228388789
Processor [0] :       1024    -0.9909026354043702
Processor [0] :       1024    -0.9917159766090515
Processor [0] :       1024    -0.9924795345752635
Processor [0] :       1024    -0.9932181816009651
Processor [0] :       1024    -0.9939069699788747
Processor [0] :       1024    -0.9945708115880736
Processor [0] :       1024    -0.9951847266486857
Processor [0] :       1024    -0.9957736628692755
Processor [0] :       1024    -0.9963126121592389
Processor [0] :       1024    -0.9968265542995915
Processor [0] :       1024    -0.9972904566551288
Processor [0] :       1024    -0.9977293273174481
Processor [0] :       1024    -0.9981181128765675
Processor [0] :       1024    -0.9984818459685472
Processor [0] :       1024    -0.9987954561815746
Processor [0] :       1024    -0.9990839969263459
Processor [0] :       1024    -0.9993223845647407
Processor [0] :       1024    -0.9995356895091312
Processor [0] :       1024    -0.9996988186725868
Processor [0] :       1024    -0.9998368556936545
Processor [0] :       1024    -0.9999247018155208
Processor [0] :       1024    -0.9999874501254005
Processor [0] :       1024    -0.9999999999763751
Processor [0] :       1024    -0.9999874501254006
Processor [0] :       1024    -0.9999247018155213
Processor [0] :       1024    -0.9998368556936543
Processor [0] :       1024    -0.9996988186725851
Processor [0] :       1024    -0.9995356895091313
Processor [0] :       1024    -0.9993223845647395
Processor [0] :       1024    -0.9990839969263476
Processor [0] :       1024    -0.9987954561815748
Processor [0] :       1024    -0.9984818459685464
Processor [0] :       1024    -0.9981181128765680
Processor [0] :       1024    -0.9977293273174478
Processor [0] :       1024    -0.9972904566551288
Processor [0] :       1024    -0.9968265542995928
Processor [0] :       1024    -0.9963126121592397
Processor [0] :       1024    -0.9957736628692753
Processor [0] :       1024    -0.9951847266486852
Processor [0] :       1024    -0.9945708115880736
Processor [0] :       1024    -0.9939069699788754
Processor [0] :       1024    -0.9932181816009671
Processor [0] :       1024    -0.9924795345752626
Processor [0] :       1024    -0.9917159766090520
Processor [0] :       1024    -0.9909026354043700
Processor [0] :       1024    -0.9900644228388792
Processor [0] :       1024    -0.9891765099414125
Processor [0] :       1024    -0.9882637690083689
Processor [0] :       1024    -0.9873014181345325
Processor [0] :       1024    -0.9863142862893686
Processor [0] :       1024    -0.9852776423656634
Processor [0] :       1024    -0.9842162682667999
Processor [0] :       1024    -0.9831054874079908
Processor [0] :       1024    -0.9819700308944633
Processor [0] :       1024    -0.9807852803800596
Processor [0] :       1024    -0.9795759124474432
Processor [0] :       1024    -0.9783173706965144
Processor [0] :       1024    -0.9770342734711699
Processor [0] :       1024    -0.9757021300154789
Processor [0] :       1024    -0.9743454967271304
Processor [0] :       1024    -0.9729399521825738
Processor [0] :       1024    -0.9715099871352048
Processor [0] :       1024    -0.9700312531716264
Processor [0] :       1024    -0.9685281717127133
Processor [0] :       1024    -0.9669764710220071
Processor [0] :       1024    -0.9654004995100867
Processor [0] :       1024    -0.9637760657726713
Processor [0] :       1024    -0.9621274415432578
Processor [0] :       1024    -0.9604305193928753
Processor [0] :       1024    -0.9587094907227141
Processor [0] :       1024    -0.9569403357096017
Processor [0] :       1024    -0.9551471617792796
Processor [0] :       1024    -0.9533060403316709
Processor [0] :       1024    -0.9514409911865863
Processor [0] :       1024    -0.9495281805706042
Processor [0] :       1024    -0.9475915370802965
Processor [0] :       1024    -0.9456073253581818
Processor [0] :       1024    -0.9435993791740389
Processor [0] :       1024    -0.9415440651607778
Processor [0] :       1024    -0.9394651186721076
Processor [0] :       1024    -0.9373390118904305
Processor [0] :       1024    -0.9351893781789288
Processor [0] :       1024    -0.9329927988126968
Processor [0] :       1024    -0.9307728016052936
Processor [0] :       1024    -0.9285060804512805
Processor [0] :       1024    -0.9262160540713873
Processor [0] :       1024    -0.9238795324894600
Processor [0] :       1024    -0.9215198218066303
Processor [0] :       1024    -0.9191138516683428
Processor [0] :       1024    -0.9166848120463233
Processor [0] :       1024    -0.9142097556819317
Processor [0] :       1024    -0.9117117529251546
Processor [0] :       1024    -0.9091679830690440
Processor [0] :       1024    -0.9066013933675348
Processor [0] :       1024    -0.9039892931020855
Processor [0] :       1024    -0.9013545029748148
Processor [0] :       1024    -0.8986744656727225
Processor [0] :       1024    -0.8959718719093921
Processor [0] :       1024    -0.8932243011744135
Processor [0] :       1024    -0.8904543107757013
Processor [0] :       1024    -0.8876396203818837
Processor [0] :       1024    -0.8848026504981555
Processor [0] :       1024    -0.8819212643275192
Processor [0] :       1024    -0.8790177421960074
Processor [0] :       1024    -0.8760700941747098
Processor [0] :       1024    -0.8731004570551630
Processor [0] :       1024    -0.8700869910881558
Processor [0] :       1024    -0.8670516861970033
Processor [0] :       1024    -0.8639728561011750
Processor [0] :       1024    -0.8608723405441682
Processor [0] :       1024    -0.8577286099800076
Processor [0] :       1024    -0.8545633506833843
Processor [0] :       1024    -0.8513551930851518
Processor [0] :       1024    -0.8481256667253197
Processor [0] :       1024    -0.8448535652297480
Processor [0] :       1024    -0.8415602581614980
Processor [0] :       1024    -0.8382247055350345
Processor [0] :       1024    -0.8348681137182976
Processor [0] :       1024    -0.8314696122829006
Processor [0] :       1024    -0.8280502412080583
Processor [0] :       1024    -0.8245893027655435
Processor [0] :       1024    -0.8211076673773015
Processor [0] :       1024    -0.8175848131322683
Processor [0] :       1024    -0.8140414377521084
Processor [0] :       1024    -0.8104571982334473
Processor [0] :       1024    -0.8068526164806691
Processor [0] :       1024    -0.8032075314616693
Processor [0] :       1024    -0.7995422861730263
Processor [0] :       1024    -0.7958369045900819
Processor [0] :       1024    -0.7921115477380332
Processor [0] :       1024    -0.7883464276079828
Processor [0] :       1024    -0.7845615202175651
Processor [0] :       1024    -0.7807372285536491
Processor [0] :       1024    -0.7768933406179973
Processor [0] :       1024    -0.7730104533444745
Processor [0] :       1024    -0.7691081637389686
Processor [0] :       1024    -0.7651672656043818
Processor [0] :       1024    -0.7612071619994863
Processor [0] :       1024    -0.7572088464885949
Processor [0] :       1024    -0.7531915252613455
Processor [0] :       1024    -0.7491363945057610
Processor [0] :       1024    -0.7450624606499558
Processor [0] :       1024    -0.7409511253374541
Processor [0] :       1024    -0.7368211923725478
Processor [0] :       1024    -0.7326542716551034
Processor [0] :       1024    -0.7284689615338104
Processor [0] :       1024    -0.7242470829343568
Processor [0] :       1024    -0.7200070259489841
Processor [0] :       1024    -0.7157308252669096
Processor [0] :       1024    -0.7114366599544448
Processor [0] :       1024    -0.7071067811698422
Processor [0] :       1024    -0.7027591542157854
Processor [0] :       1024    -0.6983762493924734
Processor [0] :       1024    -0.6939758155334537
Processor [0] :       1024    -0.6895405447207760
Processor [0] :       1024    -0.6850879666459453
Processor [0] :       1024    -0.6806009977793738
Processor [0] :       1024    -0.6760969460306123
Processor [0] :       1024    -0.6715589548311529
Processor [0] :       1024    -0.6670041077020865
Processor [0] :       1024    -0.6624157775745221
Processor [0] :       1024    -0.6578108210083747
Processor [0] :       1024    -0.6531728429383453
Processor [0] :       1024    -0.6485184704246374
Processor [0] :       1024    -0.6438315428745802
Processor [0] :       1024    -0.6391284553446930
Processor [0] :       1024    -0.6343932841486588
Processor [0] :       1024    -0.6296421898702722
Processor [0] :       1024    -0.6248594881276244
Processor [0] :       1024    -0.6200611025980636
Processor [0] :       1024    -0.6152315905660917
Processor [0] :       1024    -0.6103866364045676
Processor [0] :       1024    -0.6055110413900200
Processor [0] :       1024    -0.6006202482288083
Processor [0] :       1024    -0.5956993044783596
Processor [0] :       1024    -0.5907634088529189
Processor [0] :       1024    -0.5857978574425995
Processor [0] :       1024    -0.5808176026806563
Processor [0] :       1024    -0.5758081914042419
Processor [0] :       1024    -0.5707843275138442
Processor [0] :       1024    -0.5657318107702480
Processor [0] :       1024    -0.5606650943268188
Processor [0] :       1024    -0.5555702330064768
Processor [0] :       1024    -0.5504614270388755
Processor [0] :       1024    -0.5453249884091628
Processor [0] :       1024    -0.5401748622847766
Processor [0] :       1024    -0.5349976198744579
Processor [0] :       1024    -0.5298069491833373
Processor [0] :       1024    -0.5245896826660754
Processor [0] :       1024    -0.5193592491041338
Processor [0] :       1024    -0.5141027441810757
Processor [0] :       1024    -0.5088333354323682
Processor [0] :       1024    -0.5035383837138214
Processor [0] :       1024    -0.4982307933319229
Processor [0] :       1024    -0.4928981922181395
Processor [0] :       1024    -0.4875532195066397
Processor [0] :       1024    -0.4821837720677314
Processor [0] :       1024    -0.4768022219598598
Processor [0] :       1024    -0.4713967368148607
Processor [0] :       1024    -0.4659794197522688
Processor [0] :       1024    -0.4605387109473598
Processor [0] :       1024    -0.4550864427580701
Processor [0] :       1024    -0.4496113296439845
Processor [0] :       1024    -0.4441249314195324
Processor [0] :       1024    -0.4386162385281658
Processor [0] :       1024    -0.4330965364999421
Processor [0] :       1024    -0.4275550934201811
Processor [0] :       1024    -0.4220029188350093
Processor [0] :       1024    -0.4164295600877990
Processor [0] :       1024    -0.4108457490827486
Processor [0] :       1024    -0.4052413139954161
Processor [0] :       1024    -0.3996267074718851
Processor [0] :       1024    -0.3939920400517402
Processor [0] :       1024    -0.3883474835488196
Processor [0] :       1024    -0.3826834323560487
Processor [0] :       1024    -0.3770097759231853
Processor [0] :       1024    -0.3713171939430650
Processor [0] :       1024    -0.3656152920120487
Processor [0] :       1024    -0.3598950365264857
Processor [0] :       1024    -0.3541657477827732
Processor [0] :       1024    -0.3484186802412032
Processor [0] :       1024    -0.3426628674946058
Processor [0] :       1024    -0.3368898533842615
Processor [0] :       1024    -0.3311083834390069
Processor [0] :       1024    -0.3253102921545771
Processor [0] :       1024    -0.3195040356787742
Processor [0] :       1024    -0.3136817403914806
Processor [0] :       1024    -0.3078515717859968
Processor [0] :       1024    -0.3020059493120932
Processor [0] :       1024    -0.2961527465788751
Processor [0] :       1024    -0.2902846772476043
Processor [0] :       1024    -0.2844093218574543
Processor [0] :       1024    -0.2785196893784729
Processor [0] :       1024    -0.2726230661383015
Processor [0] :       1024    -0.2667127574685973
Processor [0] :       1024    -0.2607957543881748
Processor [0] :       1024    -0.2548656595984936
Processor [0] :       1024    -0.2489291677567192
Processor [0] :       1024    -0.2429801798975234
Processor [0] :       1024    -0.2370250933082329
Processor [0] :       1024    -0.2310581082752122
Processor [0] :       1024    -0.2250853237525416
Processor [0] :       1024    -0.2191012401516938
Processor [0] :       1024    -0.2131116571750215
Processor [0] :       1024    -0.2071113761873255
Processor [0] :       1024    -0.2011058967658172
Processor [0] :       1024    -0.1950903220115193
Processor [0] :       1024    -0.1890698505482857
Processor [0] :       1024    -0.1830398879508167
Processor [0] :       1024    -0.1770053311067153
Processor [0] :       1024    -0.1709618887562624
Processor [0] :       1024    -0.1649141553133567
Processor [0] :       1024    -0.1588581433301083
Processor [0] :       1024    -0.1527981440548103
Processor [0] :       1024    -0.1467304744518952
Processor [0] :       1024    -0.1406591219578048
Processor [0] :       1024    -0.1345807085039467
Processor [0] :       1024    -0.1284989171144174
Processor [0] :       1024    -0.1224106751963242
Processor [0] :       1024    -0.1163193608067684
Processor [0] :       1024    -0.1102222072912791
Processor [0] :       1024    -0.1041222872312385
Processor [0] :       1024    -0.0980171403272450
Processor [0] :       1024    -0.0919095332222433
Processor [0] :       1024    -0.0857973123424130
Processor [0] :       1024    -0.0796829379756147
Processor [0] :       1024    -0.0735645635979295
Processor [0] :       1024    -0.0674443427716239
Processor [0] :       1024    -0.0613207363007598
Processor [0] :       1024    -0.0551955906976915
Processor [0] :       1024    -0.0490676743262588
Processor [0] :       1024    -0.0429385263708253
Processor [0] :       1024    -0.0368072229404892
Processor [0] :       1024    -0.0306749956598279
Processor [0] :       1024    -0.0245412285223325
Processor [0] :       1024    -0.0184068454073157
Processor [0] :       1024    -0.0122715382854300
Processor [0] :       1024    -0.0061359231515909
Processor [0] :       1024     0.0000000000000000
