Processor [0] :       1024    0.0000000000000000
Processor [0] :       1024    0.0061359231515909
Processor [0] :       1024    0.0122715382854300
Processor [0] :       1024    0.0184068454073157
Processor [0] :       1024    0.0245412285223325
Processor [0] :       1024    0.0306749956598279
Processor [0] :       1024    0.0368072229404891
Processor [0] :       1024    0.0429385263708251
Processor [0] :       1024    0.0490676743262588
Processor [0] :       1024    0.0551955906976914
Processor [0] :       1024    0.0613207363007599
Processor [0] :       1024    0.0674443427716239
Processor [0] :       1024    0.0735645635979292
Processor [0] :       1024    0.0796829379756148
Processor [0] :       1024    0.0857973123424127
Processor [0] :       1024    0.0919095332222437
Processor [0] :       1024    0.0980171403272450
Processor [0] :       1024    0.1041222872312384
Processor [0] :       1024    0.1102222072912789
Processor [0] :       1024    0.1163193608067684
Processor [0] :       1024    0.1224106751963243
Processor [0] :       1024    0.1284989171144170
Processor [0] :       1024    0.1345807085039468
Processor [0] :       1024    0.1406591219578047
Processor [0] :       1024    0.1467304744518948
Processor [0] :       1024    0.1527981440548105
Processor [0] :       1024    0.1588581433301086
Processor [0] :       1024    0.1649141553133565
Processor [0] :       1024    0.1709618887562618
Processor [0] :       1024    0.1770053311067152
Processor [0] :       1024    0.1830398879508173
Processor [0] :       1024    0.1890698505482861
Processor [0] :       1024    0.1950903220115194
Processor [0] :       1024    0.2011058967658167
Processor [0] :       1024    0.2071113761873253
Processor [0] :       1024    0.2131116571750210
Processor [0] :       1024    0.2191012401516932
Processor [0] :       1024    0.2250853237525413
Processor [0] :       1024    0.2310581082752122
Processor [0] :       1024    0.2370250933082322
Processor [0] :       1024    0.2429801798975236
Processor [0] :       1024    0.2489291677567195
Processor [0] :       1024    0.2548656595984929
Processor [0] :       1024    0.2607957543881747
Processor [0] :       1024    0.2667127574685974
Processor [0] :       1024    0.2726230661383013
Processor [0] :       1024    0.2785196893784729
Processor [0] :       1024    0.2844093218574537
Processor [0] :       1024    0.2902846772476035
Processor [0] :       1024    0.2961527465788750
Processor [0] :       1024    0.3020059493120935
Processor [0] :       1024    0.3078515717859968
Processor [0] :       1024    0.3136817403914811
Processor [0] :       1024    0.3195040356787746
Processor [0] :       1024    0.3253102921545769
Processor [0] :       1024    0.3311083834390059
Processor [0] :       1024    0.3368898533842600
Processor [0] :       1024    0.3426628674946053
Processor [0] :       1024    0.3484186802412029
Processor [0] :       1024    0.3541657477827729
Processor [0] :       1024    0.3598950365264870
Processor [0] :       1024    0.3656152920120495
Processor [0] :       1024    0.3713171939430656
Processor [0] :       1024    0.3770097759231860
Processor [0] :       1024    0.3826834323560490
Processor [0] :       1024    0.3883474835488190
Processor [0] :       1024    0.3939920400517389
Processor [0] :       1024    0.3996267074718852
Processor [0] :       1024    0.4052413139954156
Processor [0] :       1024    0.4108457490827488
Processor [0] :       1024    0.4164295600877983
Processor [0] :       1024    0.4220029188350090
Processor [0] :       1024    0.4275550934201806
Processor [0] :       1024    0.4330965364999426
Processor [0] :       1024    0.4386162385281651
Processor [0] :       1024    0.4441249314195319
Processor [0] :       1024    0.4496113296439844
Processor [0] :       1024    0.4550864427580699
Processor [0] :       1024    0.4605387109473583
Processor [0] :       1024    0.4659794197522682
Processor [0] :       1024    0.4713967368148611
Processor [0] :       1024    0.4768022219598583
Processor [0] :       1024    0.4821837720677318
Processor [0] :       1024    0.4875532195066399
Processor [0] :       1024    0.4928981922181384
Processor [0] :       1024    0.4982307933319229
Processor [0] :       1024    0.5035383837138213
Processor [0] :       1024    0.5088333354323684
Processor [0] :       1024    0.5141027441810763
Processor [0] :       1024    0.5193592491041351
Processor [0] :       1024    0.5245896826660749
Processor [0] :       1024    0.5298069491833363
Processor [0] :       1024    0.5349976198744586
Processor [0] :       1024    0.5401748622847770
Processor [0] :       1024    0.5453249884091612
Processor [0] :       1024    0.5504614270388750
Processor [0] :       1024    0.5555702330064749
Processor [0] :       1024    0.5606650943268171
Processor [0] :       1024    0.5657318107702473
Processor [0] :       1024    0.5707843275138434
Processor [0] :       1024    0.5758081914042424
Processor [0] :       1024    0.5808176026806576
Processor [0] :       1024    0.5857978574425999
Processor [0] :       1024    0.5907634088529189
Processor [0] :       1024    0.5956993044783599
Processor [0] :       1024    0.6006202482288050
Processor [0] :       1024    0.6055110413900208
Processor [0] :       1024    0.6103866364045679
Processor [0] :       1024    0.6152315905660909
Processor [0] :       1024    0.6200611025980637
Processor [0] :       1024    0.6248594881276222
Processor [0] :       1024    0.6296421898702725
Processor [0] :       1024    0.6343932841486566
Processor [0] :       1024    0.6391284553446928
Processor [0] :       1024    0.6438315428745807
Processor [0] :       1024    0.6485184704246373
Processor [0] :       1024    0.6531728429383453
Processor [0] :       1024    0.6578108210083752
Processor [0] :       1024    0.6624157775745217
Processor [0] :       1024    0.6670041077020873
Processor [0] :       1024    0.6715589548311557
Processor [0] :       1024    0.6760969460306127
Processor [0] :       1024    0.6806009977793757
Processor [0] :       1024    0.6850879666459475
Processor [0] :       1024    0.6895405447207774
Processor [0] :       1024    0.6939758155334541
Processor [0] :       1024    0.6983762493924744
Processor [0] :       1024    0.7027591542157858
Processor [0] :       1024    0.7071067811698427
Processor [0] :       1024    0.7114366599544447
Processor [0] :       1024    0.7157308252669088
Processor [0] :       1024    0.7200070259489851
Processor [0] :       1024    0.7242470829343542
Processor [0] :       1024    0.7284689615338106
Processor [0] :       1024    0.7326542716551038
Processor [0] :       1024    0.7368211923725495
Processor [0] :       1024    0.7409511253374531
Processor [0] :       1024    0.7450624606499581
Processor [0] :       1024    0.7491363945057615
Processor [0] :       1024    0.7531915252613448
Processor [0] :       1024    0.7572088464885939
Processor [0] :       1024    0.7612071619994865
Processor [0] :       1024    0.7651672656043820
Processor [0] :       1024    0.7691081637389692
Processor [0] :       1024    0.7730104533444736
Processor [0] :       1024    0.7768933406179984
Processor [0] :       1024    0.7807372285536509
Processor [0] :       1024    0.7845615202175642
Processor [0] :       1024    0.7883464276079816
Processor [0] :       1024    0.7921115477380328
Processor [0] :       1024    0.7958369045900811
Processor [0] :       1024    0.7995422861730268
Processor [0] :       1024    0.8032075314616702
Processor [0] :       1024    0.8068526164806684
Processor [0] :       1024    0.8104571982334474
Processor [0] :       1024    0.8140414377521110
Processor [0] :       1024    0.8175848131322665
Processor [0] :       1024    0.8211076673773015
Processor [0] :       1024    0.8245893027655448
Processor [0] :       1024    0.8280502412080596
Processor [0] :       1024    0.8314696122829021
Processor [0] :       1024    0.8348681137182979
Processor [0] :       1024    0.8382247055350306
Processor [0] :       1024    0.8415602581615000
Processor [0] :       1024    0.8448535652297479
Processor [0] :       1024    0.8481256667253203
Processor [0] :       1024    0.8513551930851514
Processor [0] :       1024    0.8545633506833856
Processor [0] :       1024    0.8577286099800063
Processor [0] :       1024    0.8608723405441677
Processor [0] :       1024    0.8639728561011738
Processor [0] :       1024    0.8670516861970032
Processor [0] :       1024    0.8700869910881538
Processor [0] :       1024    0.8731004570551653
Processor [0] :       1024    0.8760700941747107
Processor [0] :       1024    0.8790177421960084
Processor [0] :       1024    0.8819212643275184
Processor [0] :       1024    0.8848026504981563
Processor [0] :       1024    0.8876396203818846
Processor [0] :       1024    0.8904543107757000
Processor [0] :       1024    0.8932243011744099
Processor [0] :       1024    0.8959718719093918
Processor [0] :       1024    0.8986744656727214
Processor [0] :       1024    0.9013545029748182
Processor [0] :       1024    0.9039892931020868
Processor [0] :       1024    0.9066013933675371
Processor [0] :       1024    0.9091679830690409
Processor [0] :       1024    0.9117117529251532
Processor [0] :       1024    0.9142097556819316
Processor [0] :       1024    0.9166848120463237
Processor [0] :       1024    0.9191138516683428
Processor [0] :       1024    0.9215198218066311
Processor [0] :       1024    0.9238795324894573
Processor [0] :       1024    0.9262160540713885
Processor [0] :       1024    0.9285060804512780
Processor [0] :       1024    0.9307728016052920
Processor [0] :       1024    0.9329927988126955
Processor [0] :       1024    0.9351893781789283
Processor [0] :       1024    0.9373390118904309
Processor [0] :       1024    0.9394651186721088
Processor [0] :       1024    0.9415440651607767
Processor [0] :       1024    0.9435993791740406
Processor [0] :       1024    0.9456073253581856
Processor [0] :       1024    0.9475915370802978
Processor [0] :       1024    0.9495281805706061
Processor [0] :       1024    0.9514409911865903
Processor [0] :       1024    0.9533060403316722
Processor [0] :       1024    0.9551471617792794
Processor [0] :       1024    0.9569403357096019
Processor [0] :       1024    0.9587094907227134
Processor [0] :       1024    0.9604305193928732
Processor [0] :       1024    0.9621274415432595
Processor [0] :       1024    0.9637760657726718
Processor [0] :       1024    0.9654004995100890
Processor [0] :       1024    0.9669764710220085
Processor [0] :       1024    0.9685281717127117
Processor [0] :       1024    0.9700312531716232
Processor [0] :       1024    0.9715099871352093
Processor [0] :       1024    0.9729399521825749
Processor [0] :       1024    0.9743454967271292
Processor [0] :       1024    0.9757021300154777
Processor [0] :       1024    0.9770342734711742
Processor [0] :       1024    0.9783173706965139
Processor [0] :       1024    0.9795759124474447
Processor [0] :       1024    0.9807852803800556
Processor [0] :       1024    0.9819700308944673
Processor [0] :       1024    0.9831054874079891
Processor [0] :       1024    0.9842162682667973
Processor [0] :       1024    0.9852776423656633
Processor [0] :       1024    0.9863142862893718
Processor [0] :       1024    0.9873014181345335
Processor [0] :       1024    0.9882637690083730
Processor [0] :       1024    0.9891765099414118
Processor [0] :       1024    0.9900644228388785
Processor [0] :       1024    0.9909026354043706
Processor [0] :       1024    0.9917159766090524
Processor [0] :       1024    0.9924795345752626
Processor [0] :       1024    0.9932181816009665
Processor [0] :       1024    0.9939069699788771
Processor [0] :       1024    0.9945708115880758
Processor [0] :       1024    0.9951847266486887
Processor [0] :       1024    0.9957736628692758
Processor [0] :       1024    0.9963126121592375
Processor [0] :       1024    0.9968265542995933
Processor [0] :       1024    0.9972904566551294
Processor [0] :       1024    0.9977293273174471
Processor [0] :       1024    0.9981181128765666
Processor [0] :       1024    0.9984818459685467
Processor [0] :       1024    0.9987954561815765
Processor [0] :       1024    0.9990839969263453
Processor [0] :       1024    0.9993223845647395
Processor [0] :       1024    0.9995356895091293
Processor [0] :       1024    0.9996988186725887
Processor [0] :       1024    0.9998368556936520
Processor [0] :       1024    0.9999247018155194
Processor [0] :       1024    0.9999874501253996
Processor [0] :       1024    0.9999999999763749
Processor [0] :       1024    0.9999874501254031
Processor [0] :       1024    0.9999247018155204
Processor [0] :       1024    0.9998368556936571
Processor [0] :       1024    0.9996988186725863
Processor [0] :       1024    0.9995356895091313
Processor [0] :       1024    0.9993223845647422
Processor [0] :       1024    0.9990839969263449
Processor [0] :       1024    0.9987954561815725
Processor [0] :       1024    0.9984818459685506
Processor [0] :       1024    0.9981181128765692
Processor [0] :       1024    0.9977293273174489
Processor [0] :       1024    0.9972904566551285
Processor [0] :       1024    0.9968265542995915
Processor [0] :       1024    0.9963126121592382
Processor [0] :       1024    0.9957736628692752
Processor [0] :       1024    0.9951847266486876
Processor [0] :       1024    0.9945708115880727
Processor [0] :       1024    0.9939069699788758
Processor [0] :       1024    0.9932181816009655
Processor [0] :       1024    0.9924795345752627
Processor [0] :       1024    0.9917159766090550
Processor [0] :       1024    0.9909026354043693
Processor [0] :       1024    0.9900644228388793
Processor [0] :       1024    0.9891765099414132
Processor [0] :       1024    0.9882637690083708
Processor [0] :       1024    0.9873014181345331
Processor [0] :       1024    0.9863142862893716
Processor [0] :       1024    0.9852776423656634
Processor [0] :       1024    0.9842162682668029
Processor [0] :       1024    0.9831054874079874
Processor [0] :       1024    0.9819700308944667
Processor [0] :       1024    0.9807852803800593
Processor [0] :       1024    0.9795759124474409
Processor [0] :       1024    0.9783173706965161
Processor [0] :       1024    0.9770342734711747
Processor [0] :       1024    0.9757021300154788
Processor [0] :       1024    0.9743454967271311
Processor [0] :       1024    0.9729399521825736
Processor [0] :       1024    0.9715099871352080
Processor [0] :       1024    0.9700312531716255
Processor [0] :       1024    0.9685281717127124
Processor [0] :       1024    0.9669764710220093
Processor [0] :       1024    0.9654004995100864
Processor [0] :       1024    0.9637760657726715
Processor [0] :       1024    0.9621274415432595
Processor [0] :       1024    0.9604305193928754
Processor [0] :       1024    0.9587094907227116
Processor [0] :       1024    0.9569403357096039
Processor [0] :       1024    0.9551471617792799
Processor [0] :       1024    0.9533060403316722
Processor [0] :       1024    0.9514409911865876
Processor [0] :       1024    0.9495281805706046
Processor [0] :       1024    0.9475915370803026
Processor [0] :       1024    0.9456073253581830
Processor [0] :       1024    0.9435993791740395
Processor [0] :       1024    0.9415440651607762
Processor [0] :       1024    0.9394651186721110
Processor [0] :       1024    0.9373390118904285
Processor [0] :       1024    0.9351893781789298
Processor [0] :       1024    0.9329927988126983
Processor [0] :       1024    0.9307728016052947
Processor [0] :       1024    0.9285060804512799
Processor [0] :       1024    0.9262160540713925
Processor [0] :       1024    0.9238795324894604
Processor [0] :       1024    0.9215198218066282
Processor [0] :       1024    0.9191138516683443
Processor [0] :       1024    0.9166848120463221
Processor [0] :       1024    0.9142097556819294
Processor [0] :       1024    0.9117117529251542
Processor [0] :       1024    0.9091679830690430
Processor [0] :       1024    0.9066013933675346
Processor [0] :       1024    0.9039892931020840
Processor [0] :       1024    0.9013545029748179
Processor [0] :       1024    0.8986744656727198
Processor [0] :       1024    0.8959718719093952
Processor [0] :       1024    0.8932243011744113
Processor [0] :       1024    0.8904543107757036
Processor [0] :       1024    0.8876396203818818
Processor [0] :       1024    0.8848026504981585
Processor [0] :       1024    0.8819212643275215
Processor [0] :       1024    0.8790177421960085
Processor [0] :       1024    0.8760700941747107
Processor [0] :       1024    0.8731004570551614
Processor [0] :       1024    0.8700869910881582
Processor [0] :       1024    0.8670516861970010
Processor [0] :       1024    0.8639728561011769
Processor [0] :       1024    0.8608723405441711
Processor [0] :       1024    0.8577286099800069
Processor [0] :       1024    0.8545633506833875
Processor [0] :       1024    0.8513551930851543
Processor [0] :       1024    0.8481256667253211
Processor [0] :       1024    0.8448535652297461
Processor [0] :       1024    0.8415602581614983
Processor [0] :       1024    0.8382247055350311
Processor [0] :       1024    0.8348681137182972
Processor [0] :       1024    0.8314696122829001
Processor [0] :       1024    0.8280502412080583
Processor [0] :       1024    0.8245893027655421
Processor [0] :       1024    0.8211076673773009
Processor [0] :       1024    0.8175848131322688
Processor [0] :       1024    0.8140414377521092
Processor [0] :       1024    0.8104571982334446
Processor [0] :       1024    0.8068526164806720
Processor [0] :       1024    0.8032075314616679
Processor [0] :       1024    0.7995422861730302
Processor [0] :       1024    0.7958369045900803
Processor [0] :       1024    0.7921115477380331
Processor [0] :       1024    0.7883464276079805
Processor [0] :       1024    0.7845615202175668
Processor [0] :       1024    0.7807372285536490
Processor [0] :       1024    0.7768933406179972
Processor [0] :       1024    0.7730104533444760
Processor [0] :       1024    0.7691081637389720
Processor [0] :       1024    0.7651672656043798
Processor [0] :       1024    0.7612071619994861
Processor [0] :       1024    0.7572088464885937
Processor [0] :       1024    0.7531915252613456
Processor [0] :       1024    0.7491363945057592
Processor [0] :       1024    0.7450624606499555
Processor [0] :       1024    0.7409511253374541
Processor [0] :       1024    0.7368211923725471
Processor [0] :       1024    0.7326542716551060
Processor [0] :       1024    0.7284689615338072
Processor [0] :       1024    0.7242470829343540
Processor [0] :       1024    0.7200070259489871
Processor [0] :       1024    0.7157308252669092
Processor [0] :       1024    0.7114366599544476
Processor [0] :       1024    0.7071067811698420
Processor [0] :       1024    0.7027591542157864
Processor [0] :       1024    0.6983762493924739
Processor [0] :       1024    0.6939758155334551
Processor [0] :       1024    0.6895405447207783
Processor [0] :       1024    0.6850879666459462
Processor [0] :       1024    0.6806009977793743
Processor [0] :       1024    0.6760969460306131
Processor [0] :       1024    0.6715589548311532
Processor [0] :       1024    0.6670041077020858
Processor [0] :       1024    0.6624157775745222
Processor [0] :       1024    0.6578108210083803
Processor [0] :       1024    0.6531728429383470
Processor [0] :       1024    0.6485184704246368
Processor [0] :       1024    0.6438315428745802
Processor [0] :       1024    0.6391284553446932
Processor [0] :       1024    0.6343932841486576
Processor [0] :       1024    0.6296421898702719
Processor [0] :       1024    0.6248594881276276
Processor [0] :       1024    0.6200611025980642
Processor [0] :       1024    0.6152315905660906
Processor [0] :       1024    0.6103866364045704
Processor [0] :       1024    0.6055110413900210
Processor [0] :       1024    0.6006202482288063
Processor [0] :       1024    0.5956993044783606
Processor [0] :       1024    0.5907634088529211
Processor [0] :       1024    0.5857978574425989
Processor [0] :       1024    0.5808176026806565
Processor [0] :       1024    0.5758081914042446
Processor [0] :       1024    0.5707843275138446
Processor [0] :       1024    0.5657318107702449
Processor [0] :       1024    0.5606650943268192
Processor [0] :       1024    0.5555702330064766
Processor [0] :       1024    0.5504614270388763
Processor [0] :       1024    0.5453249884091654
Processor [0] :       1024    0.5401748622847743
Processor [0] :       1024    0.5349976198744585
Processor [0] :       1024    0.5298069491833370
Processor [0] :       1024    0.5245896826660730
Processor [0] :       1024    0.5193592491041354
Processor [0] :       1024    0.5141027441810776
Processor [0] :       1024    0.5088333354323670
Processor [0] :       1024    0.5035383837138234
Processor [0] :       1024    0.4982307933319226
Processor [0] :       1024    0.4928981922181400
Processor [0] :       1024    0.4875532195066427
Processor [0] :       1024    0.4821837720677314
Processor [0] :       1024    0.4768022219598582
Processor [0] :       1024    0.4713967368148608
Processor [0] :       1024    0.4659794197522688
Processor [0] :       1024    0.4605387109473578
Processor [0] :       1024    0.4550864427580693
Processor [0] :       1024    0.4496113296439826
Processor [0] :       1024    0.4441249314195317
Processor [0] :       1024    0.4386162385281657
Processor [0] :       1024    0.4330965364999418
Processor [0] :       1024    0.4275550934201779
Processor [0] :       1024    0.4220029188350085
Processor [0] :       1024    0.4164295600877991
Processor [0] :       1024    0.4108457490827475
Processor [0] :       1024    0.4052413139954172
Processor [0] :       1024    0.3996267074718831
Processor [0] :       1024    0.3939920400517411
Processor [0] :       1024    0.3883474835488194
Processor [0] :       1024    0.3826834323560499
Processor [0] :       1024    0.3770097759231845
Processor [0] :       1024    0.3713171939430639
Processor [0] :       1024    0.3656152920120492
Processor [0] :       1024    0.3598950365264875
Processor [0] :       1024    0.3541657477827698
Processor [0] :       1024    0.3484186802412034
Processor [0] :       1024    0.3426628674946073
Processor [0] :       1024    0.3368898533842615
Processor [0] :       1024    0.3311083834390081
Processor [0] :       1024    0.3253102921545776
Processor [0] :       1024    0.3195040356787750
Processor [0] :       1024    0.3136817403914813
Processor [0] :       1024    0.3078515717859976
Processor [0] :       1024    0.3020059493120920
Processor [0] :       1024    0.2961527465788741
Processor [0] :       1024    0.2902846772476040
Processor [0] :       1024    0.2844093218574555
Processor [0] :       1024    0.2785196893784731
Processor [0] :       1024    0.2726230661383012
Processor [0] :       1024    0.2667127574685936
Processor [0] :       1024    0.2607957543881756
Processor [0] :       1024    0.2548656595984936
Processor [0] :       1024    0.2489291677567204
Processor [0] :       1024    0.2429801798975262
Processor [0] :       1024    0.2370250933082331
Processor [0] :       1024    0.2310581082752120
Processor [0] :       1024    0.2250853237525411
Processor [0] :       1024    0.2191012401516937
Processor [0] :       1024    0.2131116571750225
Processor [0] :       1024    0.2071113761873261
Processor [0] :       1024    0.2011058967658184
Processor [0] :       1024    0.1950903220115200
Processor [0] :       1024    0.1890698505482845
Processor [0] :       1024    0.1830398879508165
Processor [0] :       1024    0.1770053311067123
Processor [0] :       1024    0.1709618887562629
Processor [0] :       1024    0.1649141553133593
Processor [0] :       1024    0.1588581433301091
Processor [0] :       1024    0.1527981440548113
Processor [0] :       1024    0.1467304744518944
Processor [0] :       1024    0.1406591219578056
Processor [0] :       1024    0.1345807085039467
Processor [0] :       1024    0.1284989171144182
Processor [0] :       1024    0.1224106751963234
Processor [0] :       1024    0.1163193608067679
Processor [0] :       1024    0.1102222072912790
Processor [0] :       1024    0.1041222872312407
Processor [0] :       1024    0.0980171403272464
Processor [0] :       1024    0.0919095332222430
Processor [0] :       1024    0.0857973123424142
Processor [0] :       1024    0.0796829379756162
Processor [0] :       1024    0.0735645635979311
Processor [0] :       1024    0.0674443427716251
Processor [0] :       1024    0.0613207363007612
Processor [0] :       1024    0.0551955906976905
Processor [0] :       1024    0.0490676743262575
Processor [0] :       1024    0.0429385263708240
Processor [0] :       1024    0.0368072229404881
Processor [0] :       1024    0.0306749956598294
Processor [0] :       1024    0.0245412285223321
Processor [0] :       1024    0.0184068454073166
Processor [0] :       1024    0.0122715382854324
Processor [0] :       1024    0.0061359231515907
Processor [0] :       1024    -0.0000000000000000
Processor [0] :       1024    -0.0061359231515904
Processor [0] :       1024    -0.0122715382854315
Processor [0] :       1024    -0.0184068454073163
Processor [0] :       1024    -0.0245412285223312
Processor [0] :       1024    -0.0306749956598287
Processor [0] :       1024    -0.0368072229404877
Processor [0] :       1024    -0.0429385263708245
Processor [0] :       1024    -0.0490676743262566
Processor [0] :       1024    -0.0551955906976907
Processor [0] :       1024    -0.0613207363007611
Processor [0] :       1024    -0.0674443427716242
Processor [0] :       1024    -0.0735645635979306
Processor [0] :       1024    -0.0796829379756151
Processor [0] :       1024    -0.0857973123424135
Processor [0] :       1024    -0.0919095332222419
Processor [0] :       1024    -0.0980171403272455
Processor [0] :       1024    -0.1041222872312393
Processor [0] :       1024    -0.1102222072912793
Processor [0] :       1024    -0.1163193608067683
Processor [0] :       1024    -0.1224106751963232
Processor [0] :       1024    -0.1284989171144172
Processor [0] :       1024    -0.1345807085039468
Processor [0] :       1024    -0.1406591219578043
Processor [0] :       1024    -0.1467304744518940
Processor [0] :       1024    -0.1527981440548114
Processor [0] :       1024    -0.1588581433301081
Processor [0] :       1024    -0.1649141553133575
Processor [0] :       1024    -0.1709618887562619
Processor [0] :       1024    -0.1770053311067139
Processor [0] :       1024    -0.1830398879508156
Processor [0] :       1024    -0.1890698505482849
Processor [0] :       1024    -0.1950903220115191
Processor [0] :       1024    -0.2011058967658169
Processor [0] :       1024    -0.2071113761873255
Processor [0] :       1024    -0.2131116571750211
Processor [0] :       1024    -0.2191012401516939
Processor [0] :       1024    -0.2250853237525402
Processor [0] :       1024    -0.2310581082752130
Processor [0] :       1024    -0.2370250933082331
Processor [0] :       1024    -0.2429801798975240
Processor [0] :       1024    -0.2489291677567185
Processor [0] :       1024    -0.2548656595984923
Processor [0] :       1024    -0.2607957543881746
Processor [0] :       1024    -0.2667127574685956
Processor [0] :       1024    -0.2726230661383001
Processor [0] :       1024    -0.2785196893784726
Processor [0] :       1024    -0.2844093218574543
Processor [0] :       1024    -0.2902846772476042
Processor [0] :       1024    -0.2961527465788750
Processor [0] :       1024    -0.3020059493120936
Processor [0] :       1024    -0.3078515717859966
Processor [0] :       1024    -0.3136817403914809
Processor [0] :       1024    -0.3195040356787736
Processor [0] :       1024    -0.3253102921545773
Processor [0] :       1024    -0.3311083834390082
Processor [0] :       1024    -0.3368898533842575
Processor [0] :       1024    -0.3426628674946073
Processor [0] :       1024    -0.3484186802412045
Processor [0] :       1024    -0.3541657477827707
Processor [0] :       1024    -0.3598950365264867
Processor [0] :       1024    -0.3656152920120499
Processor [0] :       1024    -0.3713171939430647
Processor [0] :       1024    -0.3770097759231852
Processor [0] :       1024    -0.3826834323560490
Processor [0] :       1024    -0.3883474835488200
Processor [0] :       1024    -0.3939920400517402
Processor [0] :       1024    -0.3996267074718842
Processor [0] :       1024    -0.4052413139954163
Processor [0] :       1024    -0.4108457490827475
Processor [0] :       1024    -0.4164295600877998
Processor [0] :       1024    -0.4220029188350101
Processor [0] :       1024    -0.4275550934201813
Processor [0] :       1024    -0.4330965364999436
Processor [0] :       1024    -0.4386162385281647
Processor [0] :       1024    -0.4441249314195308
Processor [0] :       1024    -0.4496113296439834
Processor [0] :       1024    -0.4550864427580696
Processor [0] :       1024    -0.4605387109473584
Processor [0] :       1024    -0.4659794197522675
Processor [0] :       1024    -0.4713967368148601
Processor [0] :       1024    -0.4768022219598589
Processor [0] :       1024    -0.4821837720677316
Processor [0] :       1024    -0.4875532195066385
Processor [0] :       1024    -0.4928981922181407
Processor [0] :       1024    -0.4982307933319230
Processor [0] :       1024    -0.5035383837138215
Processor [0] :       1024    -0.5088333354323683
Processor [0] :       1024    -0.5141027441810745
Processor [0] :       1024    -0.5193592491041333
Processor [0] :       1024    -0.5245896826660769
Processor [0] :       1024    -0.5298069491833365
Processor [0] :       1024    -0.5349976198744588
Processor [0] :       1024    -0.5401748622847767
Processor [0] :       1024    -0.5453249884091622
Processor [0] :       1024    -0.5504614270388754
Processor [0] :       1024    -0.5555702330064772
Processor [0] :       1024    -0.5606650943268178
Processor [0] :       1024    -0.5657318107702478
Processor [0] :       1024    -0.5707843275138446
Processor [0] :       1024    -0.5758081914042417
Processor [0] :       1024    -0.5808176026806556
Processor [0] :       1024    -0.5857978574425985
Processor [0] :       1024    -0.5907634088529198
Processor [0] :       1024    -0.5956993044783599
Processor [0] :       1024    -0.6006202482288083
Processor [0] :       1024    -0.6055110413900181
Processor [0] :       1024    -0.6103866364045661
Processor [0] :       1024    -0.6152315905660920
Processor [0] :       1024    -0.6200611025980624
Processor [0] :       1024    -0.6248594881276230
Processor [0] :       1024    -0.6296421898702719
Processor [0] :       1024    -0.6343932841486571
Processor [0] :       1024    -0.6391284553446933
Processor [0] :       1024    -0.6438315428745803
Processor [0] :       1024    -0.6485184704246385
Processor [0] :       1024    -0.6531728429383453
Processor [0] :       1024    -0.6578108210083740
Processor [0] :       1024    -0.6624157775745227
Processor [0] :       1024    -0.6670041077020855
Processor [0] :       1024    -0.6715589548311541
Processor [0] :       1024    -0.6760969460306111
Processor [0] :       1024    -0.6806009977793736
Processor [0] :       1024    -0.6850879666459467
Processor [0] :       1024    -0.6895405447207774
Processor [0] :       1024    -0.6939758155334546
Processor [0] :       1024    -0.6983762493924731
Processor [0] :       1024    -0.7027591542157839
Processor [0] :       1024    -0.7071067811698426
Processor [0] :       1024    -0.7114366599544444
Processor [0] :       1024    -0.7157308252669100
Processor [0] :       1024    -0.7200070259489850
Processor [0] :       1024    -0.7242470829343565
Processor [0] :       1024    -0.7284689615338106
Processor [0] :       1024    -0.7326542716551044
Processor [0] :       1024    -0.7368211923725489
Processor [0] :       1024    -0.7409511253374562
Processor [0] :       1024    -0.7450624606499557
Processor [0] :       1024    -0.7491363945057611
Processor [0] :       1024    -0.7531915252613460
Processor [0] :       1024    -0.7572088464885969
Processor [0] :       1024    -0.7612071619994860
Processor [0] :       1024    -0.7651672656043806
Processor [0] :       1024    -0.7691081637389691
Processor [0] :       1024    -0.7730104533444733
Processor [0] :       1024    -0.7768933406179972
Processor [0] :       1024    -0.7807372285536492
Processor [0] :       1024    -0.7845615202175650
Processor [0] :       1024    -0.7883464276079805
Processor [0] :       1024    -0.7921115477380328
Processor [0] :       1024    -0.7958369045900821
Processor [0] :       1024    -0.7995422861730249
Processor [0] :       1024    -0.8032075314616693
Processor [0] :       1024    -0.8068526164806694
Processor [0] :       1024    -0.8104571982334483
Processor [0] :       1024    -0.8140414377521082
Processor [0] :       1024    -0.8175848131322687
Processor [0] :       1024    -0.8211076673773006
Processor [0] :       1024    -0.8245893027655447
Processor [0] :       1024    -0.8280502412080573
Processor [0] :       1024    -0.8314696122829021
Processor [0] :       1024    -0.8348681137182975
Processor [0] :       1024    -0.8382247055350341
Processor [0] :       1024    -0.8415602581614957
Processor [0] :       1024    -0.8448535652297463
Processor [0] :       1024    -0.8481256667253197
Processor [0] :       1024    -0.8513551930851522
Processor [0] :       1024    -0.8545633506833848
Processor [0] :       1024    -0.8577286099800082
Processor [0] :       1024    -0.8608723405441663
Processor [0] :       1024    -0.8639728561011727
Processor [0] :       1024    -0.8670516861970033
Processor [0] :       1024    -0.8700869910881538
Processor [0] :       1024    -0.8731004570551625
Processor [0] :       1024    -0.8760700941747100
Processor [0] :       1024    -0.8790177421960038
Processor [0] :       1024    -0.8819212643275197
Processor [0] :       1024    -0.8848026504981560
Processor [0] :       1024    -0.8876396203818840
Processor [0] :       1024    -0.8904543107757027
Processor [0] :       1024    -0.8932243011744139
Processor [0] :       1024    -0.8959718719093916
Processor [0] :       1024    -0.8986744656727228
Processor [0] :       1024    -0.9013545029748152
Processor [0] :       1024    -0.9039892931020862
Processor [0] :       1024    -0.9066013933675342
Processor [0] :       1024    -0.9091679830690417
Processor [0] :       1024    -0.9117117529251551
Processor [0] :       1024    -0.9142097556819326
Processor [0] :       1024    -0.9166848120463240
Processor [0] :       1024    -0.9191138516683433
Processor [0] :       1024    -0.9215198218066299
Processor [0] :       1024    -0.9238795324894622
Processor [0] :       1024    -0.9262160540713875
Processor [0] :       1024    -0.9285060804512790
Processor [0] :       1024    -0.9307728016052942
Processor [0] :       1024    -0.9329927988126959
Processor [0] :       1024    -0.9351893781789281
Processor [0] :       1024    -0.9373390118904291
Processor [0] :       1024    -0.9394651186721074
Processor [0] :       1024    -0.9415440651607785
Processor [0] :       1024    -0.9435993791740370
Processor [0] :       1024    -0.9456073253581825
Processor [0] :       1024    -0.9475915370802958
Processor [0] :       1024    -0.9495281805706030
Processor [0] :       1024    -0.9514409911865865
Processor [0] :       1024    -0.9533060403316712
Processor [0] :       1024    -0.9551471617792778
Processor [0] :       1024    -0.9569403357096009
Processor [0] :       1024    -0.9587094907227139
Processor [0] :       1024    -0.9604305193928756
Processor [0] :       1024    -0.9621274415432582
Processor [0] :       1024    -0.9637760657726703
Processor [0] :       1024    -0.9654004995100857
Processor [0] :       1024    -0.9669764710220071
Processor [0] :       1024    -0.9685281717127140
Processor [0] :       1024    -0.9700312531716254
Processor [0] :       1024    -0.9715099871352062
Processor [0] :       1024    -0.9729399521825743
Processor [0] :       1024    -0.9743454967271301
Processor [0] :       1024    -0.9757021300154770
Processor [0] :       1024    -0.9770342734711707
Processor [0] :       1024    -0.9783173706965135
Processor [0] :       1024    -0.9795759124474426
Processor [0] :       1024    -0.9807852803800595
Processor [0] :       1024    -0.9819700308944621
Processor [0] :       1024    -0.9831054874079905
Processor [0] :       1024    -0.9842162682667994
Processor [0] :       1024    -0.9852776423656630
Processor [0] :       1024    -0.9863142862893676
Processor [0] :       1024    -0.9873014181345335
Processor [0] :       1024    -0.9882637690083702
Processor [0] :       1024    -0.9891765099414133
Processor [0] :       1024    -0.9900644228388792
Processor [0] :       1024    -0.9909026354043702
Processor [0] :       1024    -0.9917159766090515
Processor [0] :       1024    -0.9924795345752616
Processor [0] :       1024    -0.9932181816009659
Processor [0] :       1024    -0.9939069699788746
Processor [0] :       1024    -0.9945708115880740
Processor [0] :       1024    -0.9951847266486844
Processor [0] :       1024    -0.9957736628692752
Processor [0] :       1024    -0.9963126121592391
Processor [0] :       1024    -0.9968265542995919
Processor [0] :       1024    -0.9972904566551287
Processor [0] :       1024    -0.9977293273174469
Processor [0] :       1024    -0.9981181128765680
Processor [0] :       1024    -0.9984818459685485
Processor [0] :       1024    -0.9987954561815754
Processor [0] :       1024    -0.9990839969263471
Processor [0] :       1024    -0.9993223845647402
Processor [0] :       1024    -0.9995356895091324
Processor [0] :       1024    -0.9996988186725883
Processor [0] :       1024    -0.9998368556936540
Processor [0] :       1024    -0.9999247018155204
Processor [0] :       1024    -0.9999874501254006
Processor [0] :       1024    -0.9999999999763752
Processor [0] :       1024    -0.9999874501254018
Processor [0] :       1024    -0.9999247018155216
Processor [0] :       1024    -0.9998368556936539
Processor [0] :       1024    -0.9996988186725853
Processor [0] :       1024    -0.9995356895091317
Processor [0] :       1024    -0.9993223845647412
Processor [0] :       1024    -0.9990839969263480
Processor [0] :       1024    -0.9987954561815755
Processor [0] :       1024    -0.9984818459685472
Processor [0] :       1024    -0.9981181128765683
Processor [0] :       1024    -0.9977293273174470
Processor [0] :       1024    -0.9972904566551276
Processor [0] :       1024    -0.9968265542995910
Processor [0] :       1024    -0.9963126121592391
Processor [0] :       1024    -0.9957736628692758
Processor [0] :       1024    -0.9951847266486847
Processor [0] :       1024    -0.9945708115880741
Processor [0] :       1024    -0.9939069699788748
Processor [0] :       1024    -0.9932181816009656
Processor [0] :       1024    -0.9924795345752617
Processor [0] :       1024    -0.9917159766090515
Processor [0] :       1024    -0.9909026354043693
Processor [0] :       1024    -0.9900644228388802
Processor [0] :       1024    -0.9891765099414122
Processor [0] :       1024    -0.9882637690083694
Processor [0] :       1024    -0.9873014181345341
Processor [0] :       1024    -0.9863142862893680
Processor [0] :       1024    -0.9852776423656627
Processor [0] :       1024    -0.9842162682667999
Processor [0] :       1024    -0.9831054874079919
Processor [0] :       1024    -0.9819700308944629
Processor [0] :       1024    -0.9807852803800592
Processor [0] :       1024    -0.9795759124474435
Processor [0] :       1024    -0.9783173706965149
Processor [0] :       1024    -0.9770342734711713
Processor [0] :       1024    -0.9757021300154781
Processor [0] :       1024    -0.9743454967271296
Processor [0] :       1024    -0.9729399521825745
Processor [0] :       1024    -0.9715099871352044
Processor [0] :       1024    -0.9700312531716263
Processor [0] :       1024    -0.9685281717127138
Processor [0] :       1024    -0.9669764710220083
Processor [0] :       1024    -0.9654004995100877
Processor [0] :       1024    -0.9637760657726714
Processor [0] :       1024    -0.9621274415432586
Processor [0] :       1024    -0.9604305193928752
Processor [0] :       1024    -0.9587094907227134
Processor [0] :       1024    -0.9569403357096018
Processor [0] :       1024    -0.9551471617792794
Processor [0] :       1024    -0.9533060403316705
Processor [0] :       1024    -0.9514409911865856
Processor [0] :       1024    -0.9495281805706043
Processor [0] :       1024    -0.9475915370802951
Processor [0] :       1024    -0.9456073253581807
Processor [0] :       1024    -0.9435993791740386
Processor [0] :       1024    -0.9415440651607773
Processor [0] :       1024    -0.9394651186721074
Processor [0] :       1024    -0.9373390118904297
Processor [0] :       1024    -0.9351893781789293
Processor [0] :       1024    -0.9329927988126990
Processor [0] :       1024    -0.9307728016052946
Processor [0] :       1024    -0.9285060804512799
Processor [0] :       1024    -0.9262160540713874
Processor [0] :       1024    -0.9238795324894601
Processor [0] :       1024    -0.9215198218066299
Processor [0] :       1024    -0.9191138516683434
Processor [0] :       1024    -0.9166848120463231
Processor [0] :       1024    -0.9142097556819330
Processor [0] :       1024    -0.9117117529251552
Processor [0] :       1024    -0.9091679830690437
Processor [0] :       1024    -0.9066013933675352
Processor [0] :       1024    -0.9039892931020853
Processor [0] :       1024    -0.9013545029748165
Processor [0] :       1024    -0.8986744656727224
Processor [0] :       1024    -0.8959718719093921
Processor [0] :       1024    -0.8932243011744133
Processor [0] :       1024    -0.8904543107757008
Processor [0] :       1024    -0.8876396203818836
Processor [0] :       1024    -0.8848026504981568
Processor [0] :       1024    -0.8819212643275188
Processor [0] :       1024    -0.8790177421960069
Processor [0] :       1024    -0.8760700941747105
Processor [0] :       1024    -0.8731004570551623
Processor [0] :       1024    -0.8700869910881553
Processor [0] :       1024    -0.8670516861970015
Processor [0] :       1024    -0.8639728561011751
Processor [0] :       1024    -0.8608723405441684
Processor [0] :       1024    -0.8577286099800082
Processor [0] :       1024    -0.8545633506833844
Processor [0] :       1024    -0.8513551930851526
Processor [0] :       1024    -0.8481256667253195
Processor [0] :       1024    -0.8448535652297471
Processor [0] :       1024    -0.8415602581614973
Processor [0] :       1024    -0.8382247055350353
Processor [0] :       1024    -0.8348681137182971
Processor [0] :       1024    -0.8314696122829027
Processor [0] :       1024    -0.8280502412080580
Processor [0] :       1024    -0.8245893027655438
Processor [0] :       1024    -0.8211076673773013
Processor [0] :       1024    -0.8175848131322695
Processor [0] :       1024    -0.8140414377521079
Processor [0] :       1024    -0.8104571982334469
Processor [0] :       1024    -0.8068526164806697
Processor [0] :       1024    -0.8032075314616702
Processor [0] :       1024    -0.7995422861730250
Processor [0] :       1024    -0.7958369045900812
Processor [0] :       1024    -0.7921115477380325
Processor [0] :       1024    -0.7883464276079817
Processor [0] :       1024    -0.7845615202175642
Processor [0] :       1024    -0.7807372285536499
Processor [0] :       1024    -0.7768933406179962
Processor [0] :       1024    -0.7730104533444749
Processor [0] :       1024    -0.7691081637389702
Processor [0] :       1024    -0.7651672656043819
Processor [0] :       1024    -0.7612071619994861
Processor [0] :       1024    -0.7572088464885973
Processor [0] :       1024    -0.7531915252613448
Processor [0] :       1024    -0.7491363945057609
Processor [0] :       1024    -0.7450624606499562
Processor [0] :       1024    -0.7409511253374544
Processor [0] :       1024    -0.7368211923725471
Processor [0] :       1024    -0.7326542716551034
Processor [0] :       1024    -0.7284689615338098
Processor [0] :       1024    -0.7242470829343565
Processor [0] :       1024    -0.7200070259489837
Processor [0] :       1024    -0.7157308252669092
Processor [0] :       1024    -0.7114366599544441
Processor [0] :       1024    -0.7071067811698416
Processor [0] :       1024    -0.7027591542157857
Processor [0] :       1024    -0.6983762493924734
Processor [0] :       1024    -0.6939758155334533
Processor [0] :       1024    -0.6895405447207770
Processor [0] :       1024    -0.6850879666459453
Processor [0] :       1024    -0.6806009977793742
Processor [0] :       1024    -0.6760969460306120
Processor [0] :       1024    -0.6715589548311525
Processor [0] :       1024    -0.6670041077020864
Processor [0] :       1024    -0.6624157775745222
Processor [0] :       1024    -0.6578108210083741
Processor [0] :       1024    -0.6531728429383453
Processor [0] :       1024    -0.6485184704246377
Processor [0] :       1024    -0.6438315428745800
Processor [0] :       1024    -0.6391284553446931
Processor [0] :       1024    -0.6343932841486584
Processor [0] :       1024    -0.6296421898702723
Processor [0] :       1024    -0.6248594881276243
Processor [0] :       1024    -0.6200611025980637
Processor [0] :       1024    -0.6152315905660921
Processor [0] :       1024    -0.6103866364045684
Processor [0] :       1024    -0.6055110413900198
Processor [0] :       1024    -0.6006202482288081
Processor [0] :       1024    -0.5956993044783596
Processor [0] :       1024    -0.5907634088529189
Processor [0] :       1024    -0.5857978574425999
Processor [0] :       1024    -0.5808176026806559
Processor [0] :       1024    -0.5758081914042413
Processor [0] :       1024    -0.5707843275138442
Processor [0] :       1024    -0.5657318107702485
Processor [0] :       1024    -0.5606650943268187
Processor [0] :       1024    -0.5555702330064770
Processor [0] :       1024    -0.5504614270388756
Processor [0] :       1024    -0.5453249884091634
Processor [0] :       1024    -0.5401748622847765
Processor [0] :       1024    -0.5349976198744579
Processor [0] :       1024    -0.5298069491833372
Processor [0] :       1024    -0.5245896826660759
Processor [0] :       1024    -0.5193592491041334
Processor [0] :       1024    -0.5141027441810759
Processor [0] :       1024    -0.5088333354323685
Processor [0] :       1024    -0.5035383837138218
Processor [0] :       1024    -0.4982307933319227
Processor [0] :       1024    -0.4928981922181395
Processor [0] :       1024    -0.4875532195066399
Processor [0] :       1024    -0.4821837720677313
Processor [0] :       1024    -0.4768022219598599
Processor [0] :       1024    -0.4713967368148619
Processor [0] :       1024    -0.4659794197522689
Processor [0] :       1024    -0.4605387109473604
Processor [0] :       1024    -0.4550864427580699
Processor [0] :       1024    -0.4496113296439847
Processor [0] :       1024    -0.4441249314195321
Processor [0] :       1024    -0.4386162385281656
Processor [0] :       1024    -0.4330965364999422
Processor [0] :       1024    -0.4275550934201812
Processor [0] :       1024    -0.4220029188350087
Processor [0] :       1024    -0.4164295600877991
Processor [0] :       1024    -0.4108457490827483
Processor [0] :       1024    -0.4052413139954155
Processor [0] :       1024    -0.3996267074718853
Processor [0] :       1024    -0.3939920400517398
Processor [0] :       1024    -0.3883474835488196
Processor [0] :       1024    -0.3826834323560490
Processor [0] :       1024    -0.3770097759231855
Processor [0] :       1024    -0.3713171939430651
Processor [0] :       1024    -0.3656152920120483
Processor [0] :       1024    -0.3598950365264856
Processor [0] :       1024    -0.3541657477827729
Processor [0] :       1024    -0.3484186802412033
Processor [0] :       1024    -0.3426628674946057
Processor [0] :       1024    -0.3368898533842612
Processor [0] :       1024    -0.3311083834390068
Processor [0] :       1024    -0.3253102921545773
Processor [0] :       1024    -0.3195040356787741
Processor [0] :       1024    -0.3136817403914805
Processor [0] :       1024    -0.3078515717859970
Processor [0] :       1024    -0.3020059493120929
Processor [0] :       1024    -0.2961527465788754
Processor [0] :       1024    -0.2902846772476044
Processor [0] :       1024    -0.2844093218574545
Processor [0] :       1024    -0.2785196893784730
Processor [0] :       1024    -0.2726230661383017
Processor [0] :       1024    -0.2667127574685974
Processor [0] :       1024    -0.2607957543881750
Processor [0] :       1024    -0.2548656595984936
Processor [0] :       1024    -0.2489291677567192
Processor [0] :       1024    -0.2429801798975240
Processor [0] :       1024    -0.2370250933082332
Processor [0] :       1024    -0.2310581082752123
Processor [0] :       1024    -0.2250853237525415
Processor [0] :       1024    -0.2191012401516937
Processor [0] :       1024    -0.2131116571750215
Processor [0] :       1024    -0.2071113761873253
Processor [0] :       1024    -0.2011058967658172
Processor [0] :       1024    -0.1950903220115192
Processor [0] :       1024    -0.1890698505482859
Processor [0] :       1024    -0.1830398879508166
Processor [0] :       1024    -0.1770053311067153
Processor [0] :       1024    -0.1709618887562623
Processor [0] :       1024    -0.1649141553133568
Processor [0] :       1024    -0.1588581433301083
Processor [0] :       1024    -0.1527981440548102
Processor [0] :       1024    -0.1467304744518953
Processor [0] :       1024    -0.1406591219578048
Processor [0] :       1024    -0.1345807085039467
Processor [0] :       1024    -0.1284989171144173
Processor [0] :       1024    -0.1224106751963245
Processor [0] :       1024    -0.1163193608067684
Processor [0] :       1024    -0.1102222072912791
Processor [0] :       1024    -0.1041222872312383
Processor [0] :       1024    -0.0980171403272450
Processor [0] :       1024    -0.0919095332222433
Processor [0] :       1024    -0.0857973123424129
Processor [0] :       1024    -0.0796829379756147
Processor [0] :       1024    -0.0735645635979295
Processor [0] :       1024    -0.0674443427716239
Processor [0] :       1024    -0.0613207363007600
Processor [0] :       1024    -0.0551955906976915
Processor [0] :       1024    -0.0490676743262588
Processor [0] :       1024    -0.0429385263708253
Processor [0] :       1024    -0.0368072229404893
Processor [0] :       1024    -0.0306749956598280
Processor [0] :       1024    -0.0245412285223325
Processor [0] :       1024    -0.0184068454073157
Processor [0] :       1024    -0.0122715382854300
Processor [0] :       1024    -0.0061359231515909
Processor [0] :       1024     0.0000000000000000
