Processor [0] :       1024    0.0000000000000000
Processor [0] :       1024    0.0061359039003002
Processor [0] :       1024    0.0122715767872866
Processor [0] :       1024    0.0184067876563428
Processor [0] :       1024    0.0245413055202475
Processor [0] :       1024    0.0306748994178699
Processor [0] :       1024    0.0368073384228669
Processor [0] :       1024    0.0429383916523757
Processor [0] :       1024    0.0490678282757081
Processor [0] :       1024    0.0551954175230387
Processor [0] :       1024    0.0613209286940963
Processor [0] :       1024    0.0674441311668472
Processor [0] :       1024    0.0735647944061794
Processor [0] :       1024    0.0796826879725813
Processor [0] :       1024    0.0857975815308174
Processor [0] :       1024    0.0919092448586024
Processor [0] :       1024    0.0980174478552657
Processor [0] :       1024    0.1041219605504164
Processor [0] :       1024    0.1102225531126029
Processor [0] :       1024    0.1163189958579627
Processor [0] :       1024    0.1224110592588720
Processor [0] :       1024    0.1284985139525871
Processor [0] :       1024    0.1345811307498798
Processor [0] :       1024    0.1406586806436655
Processor [0] :       1024    0.1467309348176253
Processor [0] :       1024    0.1527976646548219
Processor [0] :       1024    0.1588586417463062
Processor [0] :       1024    0.1649136378997155
Processor [0] :       1024    0.1709624251478670
Processor [0] :       1024    0.1770047757573411
Processor [0] :       1024    0.1830404622370512
Processor [0] :       1024    0.1890692573468132
Processor [0] :       1024    0.1950909341058980
Processor [0] :       1024    0.2011052658015783
Processor [0] :       1024    0.2071120259976680
Processor [0] :       1024    0.2131109885430392
Processor [0] :       1024    0.2191019275801417
Processor [0] :       1024    0.2250846175535082
Processor [0] :       1024    0.2310588332182423
Processor [0] :       1024    0.2370243496485003
Processor [0] :       1024    0.2429809422459608
Processor [0] :       1024    0.2489283867482788
Processor [0] :       1024    0.2548664592375309
Processor [0] :       1024    0.2607949361486444
Processor [0] :       1024    0.2667135942778132
Processor [0] :       1024    0.2726222107909043
Processor [0] :       1024    0.2785205632318470
Processor [0] :       1024    0.2844084295310028
Processor [0] :       1024    0.2902855880135366
Processor [0] :       1024    0.2961518174077508
Processor [0] :       1024    0.3020068968534260
Processor [0] :       1024    0.3078506059101294
Processor [0] :       1024    0.3136827245655184
Processor [0] :       1024    0.3195030332436200
Processor [0] :       1024    0.3253113128131061
Processor [0] :       1024    0.3311073445955304
Processor [0] :       1024    0.3368909103735723
Processor [0] :       1024    0.3426617923992524
Processor [0] :       1024    0.3484197734021208
Processor [0] :       1024    0.3541646365974475
Processor [0] :       1024    0.3598961656943825
Processor [0] :       1024    0.3656141449040923
Processor [0] :       1024    0.3713183589478941
Processor [0] :       1024    0.3770085930653484
Processor [0] :       1024    0.3826846330223629
Processor [0] :       1024    0.3883462651192357
Processor [0] :       1024    0.3939932761987210
Processor [0] :       1024    0.3996254536540457
Processor [0] :       1024    0.4052425854369076
Processor [0] :       1024    0.4108444600654735
Processor [0] :       1024    0.4164308666323270
Processor [0] :       1024    0.4220015948124177
Processor [0] :       1024    0.4275564348709837
Processor [0] :       1024    0.4330951776714306
Processor [0] :       1024    0.4386176146832249
Processor [0] :       1024    0.4441235379897346
Processor [0] :       1024    0.4496127402960585
Processor [0] :       1024    0.4550850149368310
Processor [0] :       1024    0.4605401558840072
Processor [0] :       1024    0.4659779577546128
Processor [0] :       1024    0.4713982158184811
Processor [0] :       1024    0.4768007260059587
Processor [0] :       1024    0.4821852849155903
Processor [0] :       1024    0.4875516898217788
Processor [0] :       1024    0.4928997386824084
Processor [0] :       1024    0.4982292301464676
Processor [0] :       1024    0.5035399635616101
Processor [0] :       1024    0.5088317389817272
Processor [0] :       1024    0.5141043571744638
Processor [0] :       1024    0.5193576196287273
Processor [0] :       1024    0.5245913285621508
Processor [0] :       1024    0.5298052869285566
Processor [0] :       1024    0.5349992984253572
Processor [0] :       1024    0.5401731675009542
Processor [0] :       1024    0.5453266993621001
Processor [0] :       1024    0.5504596999812377
Processor [0] :       1024    0.5555719761037908
Processor [0] :       1024    0.5606633352554544
Processor [0] :       1024    0.5657335857494329
Processor [0] :       1024    0.5707825366936639
Processor [0] :       1024    0.5758099979979938
Processor [0] :       1024    0.5808157803813496
Processor [0] :       1024    0.5857996953788517
Processor [0] :       1024    0.5907615553489202
Processor [0] :       1024    0.5957011734803268
Processor [0] :       1024    0.6006183637992422
Processor [0] :       1024    0.6055129411762329
Processor [0] :       1024    0.6103847213332276
Processor [0] :       1024    0.6152335208504547
Processor [0] :       1024    0.6200591571733518
Processor [0] :       1024    0.6248614486194409
Processor [0] :       1024    0.6296402143851620
Processor [0] :       1024    0.6343952745526837
Processor [0] :       1024    0.6391264500966851
Processor [0] :       1024    0.6438335628910731
Processor [0] :       1024    0.6485164357157164
Processor [0] :       1024    0.6531748922630949
Processor [0] :       1024    0.6578087571449558
Processor [0] :       1024    0.6624178558989067
Processor [0] :       1024    0.6670020149949827
Processor [0] :       1024    0.6715610618421864
Processor [0] :       1024    0.6760948247949784
Processor [0] :       1024    0.6806031331597474
Processor [0] :       1024    0.6850858172012309
Processor [0] :       1024    0.6895427081489109
Processor [0] :       1024    0.6939736382033559
Processor [0] :       1024    0.6983784405425613
Processor [0] :       1024    0.7027569493282042
Processor [0] :       1024    0.7071089997119074
Processor [0] :       1024    0.7114344278414275
Processor [0] :       1024    0.7157330708668455
Processor [0] :       1024    0.7200047669466776
Processor [0] :       1024    0.7242493552539827
Processor [0] :       1024    0.7284666759824104
Processor [0] :       1024    0.7326565703522198
Processor [0] :       1024    0.7368188806162578
Processor [0] :       1024    0.7409534500658852
Processor [0] :       1024    0.7450601230369113
Processor [0] :       1024    0.7491387449154120
Processor [0] :       1024    0.7531891621435820
Processor [0] :       1024    0.7572112222255014
Processor [0] :       1024    0.7612047737328834
Processor [0] :       1024    0.7651696663107633
Processor [0] :       1024    0.7691057506831891
Processor [0] :       1024    0.7730128786587993
Processor [0] :       1024    0.7768909031364395
Processor [0] :       1024    0.7807396781106729
Processor [0] :       1024    0.7845590586773034
Processor [0] :       1024    0.7883489010388081
Processor [0] :       1024    0.7921090625097663
Processor [0] :       1024    0.7958394015222221
Processor [0] :       1024    0.7995397776310212
Processor [0] :       1024    0.8032100515190951
Processor [0] :       1024    0.8068500850027051
Processor [0] :       1024    0.8104597410366469
Processor [0] :       1024    0.8140388837194141
Processor [0] :       1024    0.8175873782983019
Processor [0] :       1024    0.8211050911745039
Processor [0] :       1024    0.8245918899081105
Processor [0] :       1024    0.8280476432231262
Processor [0] :       1024    0.8314722210123870
Processor [0] :       1024    0.8348654943424771
Processor [0] :       1024    0.8382273354585726
Processor [0] :       1024    0.8415576177892563
Processor [0] :       1024    0.8448562159512809
Processor [0] :       1024    0.8481230057542892
Processor [0] :       1024    0.8513578642054920
Processor [0] :       1024    0.8545606695142993
Processor [0] :       1024    0.8577313010968944
Processor [0] :       1024    0.8608696395807997
Processor [0] :       1024    0.8639755668093377
Processor [0] :       1024    0.8670489658461060
Processor [0] :       1024    0.8700897209793677
Processor [0] :       1024    0.8730977177264134
Processor [0] :       1024    0.8760728428378597
Processor [0] :       1024    0.8790149843019339
Processor [0] :       1024    0.8819240313486729
Processor [0] :       1024    0.8847998744540960
Processor [0] :       1024    0.8876424053443364
Processor [0] :       1024    0.8904515169997104
Processor [0] :       1024    0.8932271036587552
Processor [0] :       1024    0.8959690608222055
Processor [0] :       1024    0.8986772852569146
Processor [0] :       1024    0.9013516749997729
Processor [0] :       1024    0.9039921293615101
Processor [0] :       1024    0.9065985489305148
Processor [0] :       1024    0.9091708355765664
Processor [0] :       1024    0.9117088924545208
Processor [0] :       1024    0.9142126240079747
Processor [0] :       1024    0.9166819359728545
Processor [0] :       1024    0.9191167353809517
Processor [0] :       1024    0.9215169305634515
Processor [0] :       1024    0.9238824311543546
Processor [0] :       1024    0.9262131480939095
Processor [0] :       1024    0.9285089936319362
Processor [0] :       1024    0.9307698813311427
Processor [0] :       1024    0.9329957260703940
Processor [0] :       1024    0.9351864440478896
Processor [0] :       1024    0.9373419527843394
Processor [0] :       1024    0.9394621711260513
Processor [0] :       1024    0.9415470192480078
Processor [0] :       1024    0.9435964186568576
Processor [0] :       1024    0.9456102921938593
Processor [0] :       1024    0.9475885640378248
Processor [0] :       1024    0.9495311597079360
Processor [0] :       1024    0.9514380060665626
Processor [0] :       1024    0.9533090313220115
Processor [0] :       1024    0.9551441650312427
Processor [0] :       1024    0.9569433381025135
Processor [0] :       1024    0.9587064827979703
Processor [0] :       1024    0.9604335327362080
Processor [0] :       1024    0.9621244228947865
Processor [0] :       1024    0.9637790896126293
Processor [0] :       1024    0.9653974705924853
Processor [0] :       1024    0.9669795049032134
Processor [0] :       1024    0.9685251329821245
Processor [0] :       1024    0.9700342966371917
Processor [0] :       1024    0.9715069390492539
Processor [0] :       1024    0.9729430047741591
Processor [0] :       1024    0.9743424397448428
Processor [0] :       1024    0.9757051912733740
Processor [0] :       1024    0.9770312080529239
Processor [0] :       1024    0.9783204401597080
Processor [0] :       1024    0.9795728390548702
Processor [0] :       1024    0.9807883575862966
Processor [0] :       1024    0.9819669499904092
Processor [0] :       1024    0.9831085718938629
Processor [0] :       1024    0.9842131803152374
Processor [0] :       1024    0.9852807336666553
Processor [0] :       1024    0.9863111917553349
Processor [0] :       1024    0.9873045157851074
Processor [0] :       1024    0.9882606683578855
Processor [0] :       1024    0.9891796134750708
Processor [0] :       1024    0.9900613165388933
Processor [0] :       1024    0.9909057443537322
Processor [0] :       1024    0.9917128651273617
Processor [0] :       1024    0.9924826484721350
Processor [0] :       1024    0.9932150654061470
Processor [0] :       1024    0.9939100883543163
Processor [0] :       1024    0.9945676911494171
Processor [0] :       1024    0.9951878490330789
Processor [0] :       1024    0.9957705386567061
Processor [0] :       1024    0.9963157380823618
Processor [0] :       1024    0.9968234267836039
Processor [0] :       1024    0.9972935856462333
Processor [0] :       1024    0.9977261969690330
Processor [0] :       1024    0.9981212444644368
Processor [0] :       1024    0.9984787132591253
Processor [0] :       1024    0.9987985898946055
Processor [0] :       1024    0.9990808623276921
Processor [0] :       1024    0.9993255199310019
Processor [0] :       1024    0.9995325534933042
Processor [0] :       1024    0.9997019552199095
Processor [0] :       1024    0.9998337187329283
Processor [0] :       1024    0.9999278390715486
Processor [0] :       1024    0.9999843126921888
Processor [0] :       1024    1.0000031374686513
Processor [0] :       1024    0.9999843126921899
Processor [0] :       1024    0.9999278390715470
Processor [0] :       1024    0.9998337187329301
Processor [0] :       1024    0.9997019552199090
Processor [0] :       1024    0.9995325534933079
Processor [0] :       1024    0.9993255199310029
Processor [0] :       1024    0.9990808623276930
Processor [0] :       1024    0.9987985898946041
Processor [0] :       1024    0.9984787132591250
Processor [0] :       1024    0.9981212444644373
Processor [0] :       1024    0.9977261969690372
Processor [0] :       1024    0.9972935856462307
Processor [0] :       1024    0.9968234267836057
Processor [0] :       1024    0.9963157380823633
Processor [0] :       1024    0.9957705386567057
Processor [0] :       1024    0.9951878490330753
Processor [0] :       1024    0.9945676911494141
Processor [0] :       1024    0.9939100883543154
Processor [0] :       1024    0.9932150654061466
Processor [0] :       1024    0.9924826484721352
Processor [0] :       1024    0.9917128651273603
Processor [0] :       1024    0.9909057443537335
Processor [0] :       1024    0.9900613165388936
Processor [0] :       1024    0.9891796134750713
Processor [0] :       1024    0.9882606683578863
Processor [0] :       1024    0.9873045157851028
Processor [0] :       1024    0.9863111917553319
Processor [0] :       1024    0.9852807336666541
Processor [0] :       1024    0.9842131803152411
Processor [0] :       1024    0.9831085718938624
Processor [0] :       1024    0.9819669499904099
Processor [0] :       1024    0.9807883575863001
Processor [0] :       1024    0.9795728390548721
Processor [0] :       1024    0.9783204401597081
Processor [0] :       1024    0.9770312080529236
Processor [0] :       1024    0.9757051912733753
Processor [0] :       1024    0.9743424397448447
Processor [0] :       1024    0.9729430047741586
Processor [0] :       1024    0.9715069390492534
Processor [0] :       1024    0.9700342966371879
Processor [0] :       1024    0.9685251329821229
Processor [0] :       1024    0.9669795049032159
Processor [0] :       1024    0.9653974705924825
Processor [0] :       1024    0.9637790896126289
Processor [0] :       1024    0.9621244228947838
Processor [0] :       1024    0.9604335327362100
Processor [0] :       1024    0.9587064827979686
Processor [0] :       1024    0.9569433381025123
Processor [0] :       1024    0.9551441650312426
Processor [0] :       1024    0.9533090313220083
Processor [0] :       1024    0.9514380060665584
Processor [0] :       1024    0.9495311597079364
Processor [0] :       1024    0.9475885640378263
Processor [0] :       1024    0.9456102921938613
Processor [0] :       1024    0.9435964186568503
Processor [0] :       1024    0.9415470192480063
Processor [0] :       1024    0.9394621711260543
Processor [0] :       1024    0.9373419527843371
Processor [0] :       1024    0.9351864440478923
Processor [0] :       1024    0.9329957260703957
Processor [0] :       1024    0.9307698813311421
Processor [0] :       1024    0.9285089936319353
Processor [0] :       1024    0.9262131480939115
Processor [0] :       1024    0.9238824311543559
Processor [0] :       1024    0.9215169305634483
Processor [0] :       1024    0.9191167353809526
Processor [0] :       1024    0.9166819359728559
Processor [0] :       1024    0.9142126240079763
Processor [0] :       1024    0.9117088924545217
Processor [0] :       1024    0.9091708355765652
Processor [0] :       1024    0.9065985489305163
Processor [0] :       1024    0.9039921293615099
Processor [0] :       1024    0.9013516749997705
Processor [0] :       1024    0.8986772852569136
Processor [0] :       1024    0.8959690608222046
Processor [0] :       1024    0.8932271036587587
Processor [0] :       1024    0.8904515169997097
Processor [0] :       1024    0.8876424053443330
Processor [0] :       1024    0.8847998744540968
Processor [0] :       1024    0.8819240313486758
Processor [0] :       1024    0.8790149843019340
Processor [0] :       1024    0.8760728428378624
Processor [0] :       1024    0.8730977177264124
Processor [0] :       1024    0.8700897209793717
Processor [0] :       1024    0.8670489658461056
Processor [0] :       1024    0.8639755668093378
Processor [0] :       1024    0.8608696395807972
Processor [0] :       1024    0.8577313010968965
Processor [0] :       1024    0.8545606695142969
Processor [0] :       1024    0.8513578642054925
Processor [0] :       1024    0.8481230057542929
Processor [0] :       1024    0.8448562159512808
Processor [0] :       1024    0.8415576177892562
Processor [0] :       1024    0.8382273354585702
Processor [0] :       1024    0.8348654943424758
Processor [0] :       1024    0.8314722210123870
Processor [0] :       1024    0.8280476432231260
Processor [0] :       1024    0.8245918899081106
Processor [0] :       1024    0.8211050911745050
Processor [0] :       1024    0.8175873782983041
Processor [0] :       1024    0.8140388837194136
Processor [0] :       1024    0.8104597410366441
Processor [0] :       1024    0.8068500850027062
Processor [0] :       1024    0.8032100515190954
Processor [0] :       1024    0.7995397776310215
Processor [0] :       1024    0.7958394015222218
Processor [0] :       1024    0.7921090625097670
Processor [0] :       1024    0.7883489010388089
Processor [0] :       1024    0.7845590586773036
Processor [0] :       1024    0.7807396781106737
Processor [0] :       1024    0.7768909031364373
Processor [0] :       1024    0.7730128786588006
Processor [0] :       1024    0.7691057506831910
Processor [0] :       1024    0.7651696663107678
Processor [0] :       1024    0.7612047737328825
Processor [0] :       1024    0.7572112222255012
Processor [0] :       1024    0.7531891621435832
Processor [0] :       1024    0.7491387449154124
Processor [0] :       1024    0.7450601230369123
Processor [0] :       1024    0.7409534500658890
Processor [0] :       1024    0.7368188806162574
Processor [0] :       1024    0.7326565703522232
Processor [0] :       1024    0.7284666759824121
Processor [0] :       1024    0.7242493552539829
Processor [0] :       1024    0.7200047669466794
Processor [0] :       1024    0.7157330708668432
Processor [0] :       1024    0.7114344278414302
Processor [0] :       1024    0.7071089997119052
Processor [0] :       1024    0.7027569493282037
Processor [0] :       1024    0.6983784405425613
Processor [0] :       1024    0.6939736382033582
Processor [0] :       1024    0.6895427081489103
Processor [0] :       1024    0.6850858172012319
Processor [0] :       1024    0.6806031331597493
Processor [0] :       1024    0.6760948247949776
Processor [0] :       1024    0.6715610618421901
Processor [0] :       1024    0.6670020149949807
Processor [0] :       1024    0.6624178558989073
Processor [0] :       1024    0.6578087571449585
Processor [0] :       1024    0.6531748922630948
Processor [0] :       1024    0.6485164357157125
Processor [0] :       1024    0.6438335628910710
Processor [0] :       1024    0.6391264500966840
Processor [0] :       1024    0.6343952745526847
Processor [0] :       1024    0.6296402143851616
Processor [0] :       1024    0.6248614486194404
Processor [0] :       1024    0.6200591571733535
Processor [0] :       1024    0.6152335208504547
Processor [0] :       1024    0.6103847213332295
Processor [0] :       1024    0.6055129411762341
Processor [0] :       1024    0.6006183637992419
Processor [0] :       1024    0.5957011734803248
Processor [0] :       1024    0.5907615553489201
Processor [0] :       1024    0.5857996953788503
Processor [0] :       1024    0.5808157803813504
Processor [0] :       1024    0.5758099979979940
Processor [0] :       1024    0.5707825366936654
Processor [0] :       1024    0.5657335857494329
Processor [0] :       1024    0.5606633352554538
Processor [0] :       1024    0.5555719761037913
Processor [0] :       1024    0.5504596999812380
Processor [0] :       1024    0.5453266993621022
Processor [0] :       1024    0.5401731675009519
Processor [0] :       1024    0.5349992984253568
Processor [0] :       1024    0.5298052869285582
Processor [0] :       1024    0.5245913285621507
Processor [0] :       1024    0.5193576196287271
Processor [0] :       1024    0.5141043571744660
Processor [0] :       1024    0.5088317389817264
Processor [0] :       1024    0.5035399635616092
Processor [0] :       1024    0.4982292301464698
Processor [0] :       1024    0.4928997386824125
Processor [0] :       1024    0.4875516898217782
Processor [0] :       1024    0.4821852849155917
Processor [0] :       1024    0.4768007260059584
Processor [0] :       1024    0.4713982158184824
Processor [0] :       1024    0.4659779577546132
Processor [0] :       1024    0.4605401558840080
Processor [0] :       1024    0.4550850149368317
Processor [0] :       1024    0.4496127402960551
Processor [0] :       1024    0.4441235379897325
Processor [0] :       1024    0.4386176146832259
Processor [0] :       1024    0.4330951776714345
Processor [0] :       1024    0.4275564348709833
Processor [0] :       1024    0.4220015948124188
Processor [0] :       1024    0.4164308666323264
Processor [0] :       1024    0.4108444600654712
Processor [0] :       1024    0.4052425854369101
Processor [0] :       1024    0.3996254536540464
Processor [0] :       1024    0.3939932761987230
Processor [0] :       1024    0.3883462651192358
Processor [0] :       1024    0.3826846330223647
Processor [0] :       1024    0.3770085930653475
Processor [0] :       1024    0.3713183589478907
Processor [0] :       1024    0.3656141449040955
Processor [0] :       1024    0.3598961656943822
Processor [0] :       1024    0.3541646365974468
Processor [0] :       1024    0.3484197734021217
Processor [0] :       1024    0.3426617923992533
Processor [0] :       1024    0.3368909103735738
Processor [0] :       1024    0.3311073445955312
Processor [0] :       1024    0.3253113128131043
Processor [0] :       1024    0.3195030332436216
Processor [0] :       1024    0.3136827245655192
Processor [0] :       1024    0.3078506059101329
Processor [0] :       1024    0.3020068968534255
Processor [0] :       1024    0.2961518174077523
Processor [0] :       1024    0.2902855880135364
Processor [0] :       1024    0.2844084295310059
Processor [0] :       1024    0.2785205632318467
Processor [0] :       1024    0.2726222107909047
Processor [0] :       1024    0.2667135942778112
Processor [0] :       1024    0.2607949361486455
Processor [0] :       1024    0.2548664592375305
Processor [0] :       1024    0.2489283867482784
Processor [0] :       1024    0.2429809422459618
Processor [0] :       1024    0.2370243496484992
Processor [0] :       1024    0.2310588332182432
Processor [0] :       1024    0.2250846175535068
Processor [0] :       1024    0.2191019275801421
Processor [0] :       1024    0.2131109885430390
Processor [0] :       1024    0.2071120259976696
Processor [0] :       1024    0.2011052658015778
Processor [0] :       1024    0.1950909341058980
Processor [0] :       1024    0.1890692573468110
Processor [0] :       1024    0.1830404622370496
Processor [0] :       1024    0.1770047757573393
Processor [0] :       1024    0.1709624251478707
Processor [0] :       1024    0.1649136378997175
Processor [0] :       1024    0.1588586417463071
Processor [0] :       1024    0.1527976646548231
Processor [0] :       1024    0.1467309348176247
Processor [0] :       1024    0.1406586806436660
Processor [0] :       1024    0.1345811307498787
Processor [0] :       1024    0.1284985139525864
Processor [0] :       1024    0.1224110592588721
Processor [0] :       1024    0.1163189958579618
Processor [0] :       1024    0.1102225531126029
Processor [0] :       1024    0.1041219605504176
Processor [0] :       1024    0.0980174478552648
Processor [0] :       1024    0.0919092448586015
Processor [0] :       1024    0.0857975815308187
Processor [0] :       1024    0.0796826879725827
Processor [0] :       1024    0.0735647944061797
Processor [0] :       1024    0.0674441311668464
Processor [0] :       1024    0.0613209286940987
Processor [0] :       1024    0.0551954175230369
Processor [0] :       1024    0.0490678282757070
Processor [0] :       1024    0.0429383916523755
Processor [0] :       1024    0.0368073384228650
Processor [0] :       1024    0.0306748994178703
Processor [0] :       1024    0.0245413055202459
Processor [0] :       1024    0.0184067876563435
Processor [0] :       1024    0.0122715767872884
Processor [0] :       1024    0.0061359039002987
Processor [0] :       1024    0.0000000000000002
Processor [0] :       1024    -0.0061359039002977
Processor [0] :       1024    -0.0122715767872875
Processor [0] :       1024    -0.0184067876563429
Processor [0] :       1024    -0.0245413055202451
Processor [0] :       1024    -0.0306748994178699
Processor [0] :       1024    -0.0368073384228648
Processor [0] :       1024    -0.0429383916523750
Processor [0] :       1024    -0.0490678282757067
Processor [0] :       1024    -0.0551954175230363
Processor [0] :       1024    -0.0613209286940973
Processor [0] :       1024    -0.0674441311668464
Processor [0] :       1024    -0.0735647944061788
Processor [0] :       1024    -0.0796826879725819
Processor [0] :       1024    -0.0857975815308181
Processor [0] :       1024    -0.0919092448586003
Processor [0] :       1024    -0.0980174478552642
Processor [0] :       1024    -0.1041219605504173
Processor [0] :       1024    -0.1102225531126037
Processor [0] :       1024    -0.1163189958579615
Processor [0] :       1024    -0.1224110592588722
Processor [0] :       1024    -0.1284985139525855
Processor [0] :       1024    -0.1345811307498796
Processor [0] :       1024    -0.1406586806436662
Processor [0] :       1024    -0.1467309348176241
Processor [0] :       1024    -0.1527976646548233
Processor [0] :       1024    -0.1588586417463059
Processor [0] :       1024    -0.1649136378997162
Processor [0] :       1024    -0.1709624251478695
Processor [0] :       1024    -0.1770047757573390
Processor [0] :       1024    -0.1830404622370498
Processor [0] :       1024    -0.1890692573468112
Processor [0] :       1024    -0.1950909341058978
Processor [0] :       1024    -0.2011052658015780
Processor [0] :       1024    -0.2071120259976697
Processor [0] :       1024    -0.2131109885430383
Processor [0] :       1024    -0.2191019275801424
Processor [0] :       1024    -0.2250846175535068
Processor [0] :       1024    -0.2310588332182427
Processor [0] :       1024    -0.2370243496484997
Processor [0] :       1024    -0.2429809422459595
Processor [0] :       1024    -0.2489283867482793
Processor [0] :       1024    -0.2548664592375310
Processor [0] :       1024    -0.2607949361486441
Processor [0] :       1024    -0.2667135942778124
Processor [0] :       1024    -0.2726222107909060
Processor [0] :       1024    -0.2785205632318453
Processor [0] :       1024    -0.2844084295310033
Processor [0] :       1024    -0.2902855880135365
Processor [0] :       1024    -0.2961518174077513
Processor [0] :       1024    -0.3020068968534240
Processor [0] :       1024    -0.3078506059101298
Processor [0] :       1024    -0.3136827245655167
Processor [0] :       1024    -0.3195030332436204
Processor [0] :       1024    -0.3253113128131053
Processor [0] :       1024    -0.3311073445955330
Processor [0] :       1024    -0.3368909103735735
Processor [0] :       1024    -0.3426617923992518
Processor [0] :       1024    -0.3484197734021216
Processor [0] :       1024    -0.3541646365974463
Processor [0] :       1024    -0.3598961656943829
Processor [0] :       1024    -0.3656141449040938
Processor [0] :       1024    -0.3713183589478918
Processor [0] :       1024    -0.3770085930653478
Processor [0] :       1024    -0.3826846330223634
Processor [0] :       1024    -0.3883462651192346
Processor [0] :       1024    -0.3939932761987227
Processor [0] :       1024    -0.3996254536540446
Processor [0] :       1024    -0.4052425854369103
Processor [0] :       1024    -0.4108444600654717
Processor [0] :       1024    -0.4164308666323263
Processor [0] :       1024    -0.4220015948124197
Processor [0] :       1024    -0.4275564348709822
Processor [0] :       1024    -0.4330951776714340
Processor [0] :       1024    -0.4386176146832252
Processor [0] :       1024    -0.4441235379897321
Processor [0] :       1024    -0.4496127402960551
Processor [0] :       1024    -0.4550850149368303
Processor [0] :       1024    -0.4605401558840049
Processor [0] :       1024    -0.4659779577546126
Processor [0] :       1024    -0.4713982158184805
Processor [0] :       1024    -0.4768007260059576
Processor [0] :       1024    -0.4821852849155913
Processor [0] :       1024    -0.4875516898217782
Processor [0] :       1024    -0.4928997386824121
Processor [0] :       1024    -0.4982292301464665
Processor [0] :       1024    -0.5035399635616099
Processor [0] :       1024    -0.5088317389817266
Processor [0] :       1024    -0.5141043571744635
Processor [0] :       1024    -0.5193576196287266
Processor [0] :       1024    -0.5245913285621528
Processor [0] :       1024    -0.5298052869285569
Processor [0] :       1024    -0.5349992984253581
Processor [0] :       1024    -0.5401731675009529
Processor [0] :       1024    -0.5453266993621032
Processor [0] :       1024    -0.5504596999812371
Processor [0] :       1024    -0.5555719761037903
Processor [0] :       1024    -0.5606633352554538
Processor [0] :       1024    -0.5657335857494329
Processor [0] :       1024    -0.5707825366936641
Processor [0] :       1024    -0.5758099979979951
Processor [0] :       1024    -0.5808157803813487
Processor [0] :       1024    -0.5857996953788525
Processor [0] :       1024    -0.5907615553489202
Processor [0] :       1024    -0.5957011734803246
Processor [0] :       1024    -0.6006183637992444
Processor [0] :       1024    -0.6055129411762337
Processor [0] :       1024    -0.6103847213332289
Processor [0] :       1024    -0.6152335208504536
Processor [0] :       1024    -0.6200591571733514
Processor [0] :       1024    -0.6248614486194396
Processor [0] :       1024    -0.6296402143851607
Processor [0] :       1024    -0.6343952745526855
Processor [0] :       1024    -0.6391264500966816
Processor [0] :       1024    -0.6438335628910720
Processor [0] :       1024    -0.6485164357157138
Processor [0] :       1024    -0.6531748922630921
Processor [0] :       1024    -0.6578087571449567
Processor [0] :       1024    -0.6624178558989056
Processor [0] :       1024    -0.6670020149949817
Processor [0] :       1024    -0.6715610618421853
Processor [0] :       1024    -0.6760948247949760
Processor [0] :       1024    -0.6806031331597476
Processor [0] :       1024    -0.6850858172012294
Processor [0] :       1024    -0.6895427081489099
Processor [0] :       1024    -0.6939736382033571
Processor [0] :       1024    -0.6983784405425595
Processor [0] :       1024    -0.7027569493282023
Processor [0] :       1024    -0.7071089997119050
Processor [0] :       1024    -0.7114344278414262
Processor [0] :       1024    -0.7157330708668437
Processor [0] :       1024    -0.7200047669466777
Processor [0] :       1024    -0.7242493552539837
Processor [0] :       1024    -0.7284666759824128
Processor [0] :       1024    -0.7326565703522213
Processor [0] :       1024    -0.7368188806162566
Processor [0] :       1024    -0.7409534500658874
Processor [0] :       1024    -0.7450601230369099
Processor [0] :       1024    -0.7491387449154102
Processor [0] :       1024    -0.7531891621435828
Processor [0] :       1024    -0.7572112222255029
Processor [0] :       1024    -0.7612047737328824
Processor [0] :       1024    -0.7651696663107644
Processor [0] :       1024    -0.7691057506831896
Processor [0] :       1024    -0.7730128786588012
Processor [0] :       1024    -0.7768909031364368
Processor [0] :       1024    -0.7807396781106732
Processor [0] :       1024    -0.7845590586773018
Processor [0] :       1024    -0.7883489010388086
Processor [0] :       1024    -0.7921090625097683
Processor [0] :       1024    -0.7958394015222233
Processor [0] :       1024    -0.7995397776310206
Processor [0] :       1024    -0.8032100515190950
Processor [0] :       1024    -0.8068500850027039
Processor [0] :       1024    -0.8104597410366470
Processor [0] :       1024    -0.8140388837194128
Processor [0] :       1024    -0.8175873782983046
Processor [0] :       1024    -0.8211050911745034
Processor [0] :       1024    -0.8245918899081134
Processor [0] :       1024    -0.8280476432231260
Processor [0] :       1024    -0.8314722210123866
Processor [0] :       1024    -0.8348654943424771
Processor [0] :       1024    -0.8382273354585729
Processor [0] :       1024    -0.8415576177892563
Processor [0] :       1024    -0.8448562159512821
Processor [0] :       1024    -0.8481230057542913
Processor [0] :       1024    -0.8513578642054928
Processor [0] :       1024    -0.8545606695142977
Processor [0] :       1024    -0.8577313010968961
Processor [0] :       1024    -0.8608696395807991
Processor [0] :       1024    -0.8639755668093350
Processor [0] :       1024    -0.8670489658461061
Processor [0] :       1024    -0.8700897209793678
Processor [0] :       1024    -0.8730977177264135
Processor [0] :       1024    -0.8760728428378634
Processor [0] :       1024    -0.8790149843019373
Processor [0] :       1024    -0.8819240313486734
Processor [0] :       1024    -0.8847998744540947
Processor [0] :       1024    -0.8876424053443355
Processor [0] :       1024    -0.8904515169997115
Processor [0] :       1024    -0.8932271036587561
Processor [0] :       1024    -0.8959690608222053
Processor [0] :       1024    -0.8986772852569157
Processor [0] :       1024    -0.9013516749997719
Processor [0] :       1024    -0.9039921293615089
Processor [0] :       1024    -0.9065985489305146
Processor [0] :       1024    -0.9091708355765663
Processor [0] :       1024    -0.9117088924545219
Processor [0] :       1024    -0.9142126240079785
Processor [0] :       1024    -0.9166819359728549
Processor [0] :       1024    -0.9191167353809521
Processor [0] :       1024    -0.9215169305634506
Processor [0] :       1024    -0.9238824311543563
Processor [0] :       1024    -0.9262131480939083
Processor [0] :       1024    -0.9285089936319331
Processor [0] :       1024    -0.9307698813311444
Processor [0] :       1024    -0.9329957260703943
Processor [0] :       1024    -0.9351864440478910
Processor [0] :       1024    -0.9373419527843391
Processor [0] :       1024    -0.9394621711260506
Processor [0] :       1024    -0.9415470192480095
Processor [0] :       1024    -0.9435964186568538
Processor [0] :       1024    -0.9456102921938598
Processor [0] :       1024    -0.9475885640378261
Processor [0] :       1024    -0.9495311597079358
Processor [0] :       1024    -0.9514380060665584
Processor [0] :       1024    -0.9533090313220084
Processor [0] :       1024    -0.9551441650312424
Processor [0] :       1024    -0.9569433381025111
Processor [0] :       1024    -0.9587064827979680
Processor [0] :       1024    -0.9604335327362111
Processor [0] :       1024    -0.9621244228947847
Processor [0] :       1024    -0.9637790896126316
Processor [0] :       1024    -0.9653974705924850
Processor [0] :       1024    -0.9669795049032142
Processor [0] :       1024    -0.9685251329821249
Processor [0] :       1024    -0.9700342966371898
Processor [0] :       1024    -0.9715069390492517
Processor [0] :       1024    -0.9729430047741580
Processor [0] :       1024    -0.9743424397448430
Processor [0] :       1024    -0.9757051912733711
Processor [0] :       1024    -0.9770312080529209
Processor [0] :       1024    -0.9783204401597075
Processor [0] :       1024    -0.9795728390548701
Processor [0] :       1024    -0.9807883575862987
Processor [0] :       1024    -0.9819669499904101
Processor [0] :       1024    -0.9831085718938630
Processor [0] :       1024    -0.9842131803152382
Processor [0] :       1024    -0.9852807336666556
Processor [0] :       1024    -0.9863111917553331
Processor [0] :       1024    -0.9873045157851059
Processor [0] :       1024    -0.9882606683578858
Processor [0] :       1024    -0.9891796134750712
Processor [0] :       1024    -0.9900613165388917
Processor [0] :       1024    -0.9909057443537342
Processor [0] :       1024    -0.9917128651273613
Processor [0] :       1024    -0.9924826484721357
Processor [0] :       1024    -0.9932150654061479
Processor [0] :       1024    -0.9939100883543148
Processor [0] :       1024    -0.9945676911494171
Processor [0] :       1024    -0.9951878490330776
Processor [0] :       1024    -0.9957705386567053
Processor [0] :       1024    -0.9963157380823634
Processor [0] :       1024    -0.9968234267836039
Processor [0] :       1024    -0.9972935856462319
Processor [0] :       1024    -0.9977261969690335
Processor [0] :       1024    -0.9981212444644357
Processor [0] :       1024    -0.9984787132591276
Processor [0] :       1024    -0.9987985898946034
Processor [0] :       1024    -0.9990808623276943
Processor [0] :       1024    -0.9993255199310019
Processor [0] :       1024    -0.9995325534933046
Processor [0] :       1024    -0.9997019552199069
Processor [0] :       1024    -0.9998337187329286
Processor [0] :       1024    -0.9999278390715489
Processor [0] :       1024    -0.9999843126921886
Processor [0] :       1024    -1.0000031374686496
Processor [0] :       1024    -0.9999843126921895
Processor [0] :       1024    -0.9999278390715475
Processor [0] :       1024    -0.9998337187329265
Processor [0] :       1024    -0.9997019552199057
Processor [0] :       1024    -0.9995325534933065
Processor [0] :       1024    -0.9993255199310024
Processor [0] :       1024    -0.9990808623276954
Processor [0] :       1024    -0.9987985898946025
Processor [0] :       1024    -0.9984787132591273
Processor [0] :       1024    -0.9981212444644370
Processor [0] :       1024    -0.9977261969690336
Processor [0] :       1024    -0.9972935856462315
Processor [0] :       1024    -0.9968234267836035
Processor [0] :       1024    -0.9963157380823644
Processor [0] :       1024    -0.9957705386567047
Processor [0] :       1024    -0.9951878490330782
Processor [0] :       1024    -0.9945676911494167
Processor [0] :       1024    -0.9939100883543164
Processor [0] :       1024    -0.9932150654061487
Processor [0] :       1024    -0.9924826484721356
Processor [0] :       1024    -0.9917128651273619
Processor [0] :       1024    -0.9909057443537341
Processor [0] :       1024    -0.9900613165388924
Processor [0] :       1024    -0.9891796134750697
Processor [0] :       1024    -0.9882606683578857
Processor [0] :       1024    -0.9873045157851046
Processor [0] :       1024    -0.9863111917553324
Processor [0] :       1024    -0.9852807336666560
Processor [0] :       1024    -0.9842131803152377
Processor [0] :       1024    -0.9831085718938628
Processor [0] :       1024    -0.9819669499904089
Processor [0] :       1024    -0.9807883575863008
Processor [0] :       1024    -0.9795728390548710
Processor [0] :       1024    -0.9783204401597098
Processor [0] :       1024    -0.9770312080529204
Processor [0] :       1024    -0.9757051912733733
Processor [0] :       1024    -0.9743424397448422
Processor [0] :       1024    -0.9729430047741571
Processor [0] :       1024    -0.9715069390492511
Processor [0] :       1024    -0.9700342966371893
Processor [0] :       1024    -0.9685251329821246
Processor [0] :       1024    -0.9669795049032169
Processor [0] :       1024    -0.9653974705924847
Processor [0] :       1024    -0.9637790896126314
Processor [0] :       1024    -0.9621244228947846
Processor [0] :       1024    -0.9604335327362109
Processor [0] :       1024    -0.9587064827979683
Processor [0] :       1024    -0.9569433381025122
Processor [0] :       1024    -0.9551441650312427
Processor [0] :       1024    -0.9533090313220097
Processor [0] :       1024    -0.9514380060665585
Processor [0] :       1024    -0.9495311597079353
Processor [0] :       1024    -0.9475885640378250
Processor [0] :       1024    -0.9456102921938592
Processor [0] :       1024    -0.9435964186568536
Processor [0] :       1024    -0.9415470192480075
Processor [0] :       1024    -0.9394621711260511
Processor [0] :       1024    -0.9373419527843376
Processor [0] :       1024    -0.9351864440478904
Processor [0] :       1024    -0.9329957260703962
Processor [0] :       1024    -0.9307698813311450
Processor [0] :       1024    -0.9285089936319351
Processor [0] :       1024    -0.9262131480939072
Processor [0] :       1024    -0.9238824311543565
Processor [0] :       1024    -0.9215169305634506
Processor [0] :       1024    -0.9191167353809517
Processor [0] :       1024    -0.9166819359728544
Processor [0] :       1024    -0.9142126240079801
Processor [0] :       1024    -0.9117088924545210
Processor [0] :       1024    -0.9091708355765669
Processor [0] :       1024    -0.9065985489305143
Processor [0] :       1024    -0.9039921293615109
Processor [0] :       1024    -0.9013516749997724
Processor [0] :       1024    -0.8986772852569170
Processor [0] :       1024    -0.8959690608222061
Processor [0] :       1024    -0.8932271036587576
Processor [0] :       1024    -0.8904515169997116
Processor [0] :       1024    -0.8876424053443358
Processor [0] :       1024    -0.8847998744540968
Processor [0] :       1024    -0.8819240313486730
Processor [0] :       1024    -0.8790149843019364
Processor [0] :       1024    -0.8760728428378626
Processor [0] :       1024    -0.8730977177264124
Processor [0] :       1024    -0.8700897209793678
Processor [0] :       1024    -0.8670489658461050
Processor [0] :       1024    -0.8639755668093371
Processor [0] :       1024    -0.8608696395807988
Processor [0] :       1024    -0.8577313010968958
Processor [0] :       1024    -0.8545606695142984
Processor [0] :       1024    -0.8513578642054933
Processor [0] :       1024    -0.8481230057542898
Processor [0] :       1024    -0.8448562159512815
Processor [0] :       1024    -0.8415576177892571
Processor [0] :       1024    -0.8382273354585730
Processor [0] :       1024    -0.8348654943424763
Processor [0] :       1024    -0.8314722210123868
Processor [0] :       1024    -0.8280476432231257
Processor [0] :       1024    -0.8245918899081117
Processor [0] :       1024    -0.8211050911745037
Processor [0] :       1024    -0.8175873782983049
Processor [0] :       1024    -0.8140388837194122
Processor [0] :       1024    -0.8104597410366459
Processor [0] :       1024    -0.8068500850027031
Processor [0] :       1024    -0.8032100515190944
Processor [0] :       1024    -0.7995397776310206
Processor [0] :       1024    -0.7958394015222224
Processor [0] :       1024    -0.7921090625097652
Processor [0] :       1024    -0.7883489010388079
Processor [0] :       1024    -0.7845590586773021
Processor [0] :       1024    -0.7807396781106725
Processor [0] :       1024    -0.7768909031364374
Processor [0] :       1024    -0.7730128786587999
Processor [0] :       1024    -0.7691057506831898
Processor [0] :       1024    -0.7651696663107663
Processor [0] :       1024    -0.7612047737328820
Processor [0] :       1024    -0.7572112222255015
Processor [0] :       1024    -0.7531891621435819
Processor [0] :       1024    -0.7491387449154112
Processor [0] :       1024    -0.7450601230369094
Processor [0] :       1024    -0.7409534500658859
Processor [0] :       1024    -0.7368188806162542
Processor [0] :       1024    -0.7326565703522202
Processor [0] :       1024    -0.7284666759824125
Processor [0] :       1024    -0.7242493552539838
Processor [0] :       1024    -0.7200047669466783
Processor [0] :       1024    -0.7157330708668449
Processor [0] :       1024    -0.7114344278414269
Processor [0] :       1024    -0.7071089997119056
Processor [0] :       1024    -0.7027569493282033
Processor [0] :       1024    -0.6983784405425607
Processor [0] :       1024    -0.6939736382033566
Processor [0] :       1024    -0.6895427081489089
Processor [0] :       1024    -0.6850858172012310
Processor [0] :       1024    -0.6806031331597465
Processor [0] :       1024    -0.6760948247949785
Processor [0] :       1024    -0.6715610618421860
Processor [0] :       1024    -0.6670020149949832
Processor [0] :       1024    -0.6624178558989073
Processor [0] :       1024    -0.6578087571449565
Processor [0] :       1024    -0.6531748922630941
Processor [0] :       1024    -0.6485164357157136
Processor [0] :       1024    -0.6438335628910721
Processor [0] :       1024    -0.6391264500966841
Processor [0] :       1024    -0.6343952745526872
Processor [0] :       1024    -0.6296402143851630
Processor [0] :       1024    -0.6248614486194409
Processor [0] :       1024    -0.6200591571733514
Processor [0] :       1024    -0.6152335208504545
Processor [0] :       1024    -0.6103847213332292
Processor [0] :       1024    -0.6055129411762347
Processor [0] :       1024    -0.6006183637992433
Processor [0] :       1024    -0.5957011734803257
Processor [0] :       1024    -0.5907615553489189
Processor [0] :       1024    -0.5857996953788519
Processor [0] :       1024    -0.5808157803813494
Processor [0] :       1024    -0.5758099979979936
Processor [0] :       1024    -0.5707825366936631
Processor [0] :       1024    -0.5657335857494339
Processor [0] :       1024    -0.5606633352554544
Processor [0] :       1024    -0.5555719761037917
Processor [0] :       1024    -0.5504596999812377
Processor [0] :       1024    -0.5453266993621023
Processor [0] :       1024    -0.5401731675009536
Processor [0] :       1024    -0.5349992984253577
Processor [0] :       1024    -0.5298052869285579
Processor [0] :       1024    -0.5245913285621527
Processor [0] :       1024    -0.5193576196287266
Processor [0] :       1024    -0.5141043571744647
Processor [0] :       1024    -0.5088317389817273
Processor [0] :       1024    -0.5035399635616108
Processor [0] :       1024    -0.4982292301464671
Processor [0] :       1024    -0.4928997386824099
Processor [0] :       1024    -0.4875516898217783
Processor [0] :       1024    -0.4821852849155908
Processor [0] :       1024    -0.4768007260059587
Processor [0] :       1024    -0.4713982158184815
Processor [0] :       1024    -0.4659779577546130
Processor [0] :       1024    -0.4605401558840083
Processor [0] :       1024    -0.4550850149368316
Processor [0] :       1024    -0.4496127402960577
Processor [0] :       1024    -0.4441235379897345
Processor [0] :       1024    -0.4386176146832257
Processor [0] :       1024    -0.4330951776714309
Processor [0] :       1024    -0.4275564348709838
Processor [0] :       1024    -0.4220015948124195
Processor [0] :       1024    -0.4164308666323268
Processor [0] :       1024    -0.4108444600654731
Processor [0] :       1024    -0.4052425854369078
Processor [0] :       1024    -0.3996254536540452
Processor [0] :       1024    -0.3939932761987221
Processor [0] :       1024    -0.3883462651192356
Processor [0] :       1024    -0.3826846330223613
Processor [0] :       1024    -0.3770085930653485
Processor [0] :       1024    -0.3713183589478926
Processor [0] :       1024    -0.3656141449040921
Processor [0] :       1024    -0.3598961656943826
Processor [0] :       1024    -0.3541646365974482
Processor [0] :       1024    -0.3484197734021210
Processor [0] :       1024    -0.3426617923992524
Processor [0] :       1024    -0.3368909103735739
Processor [0] :       1024    -0.3311073445955302
Processor [0] :       1024    -0.3253113128131056
Processor [0] :       1024    -0.3195030332436207
Processor [0] :       1024    -0.3136827245655180
Processor [0] :       1024    -0.3078506059101293
Processor [0] :       1024    -0.3020068968534259
Processor [0] :       1024    -0.2961518174077514
Processor [0] :       1024    -0.2902855880135368
Processor [0] :       1024    -0.2844084295310038
Processor [0] :       1024    -0.2785205632318472
Processor [0] :       1024    -0.2726222107909052
Processor [0] :       1024    -0.2667135942778137
Processor [0] :       1024    -0.2607949361486445
Processor [0] :       1024    -0.2548664592375315
Processor [0] :       1024    -0.2489283867482793
Processor [0] :       1024    -0.2429809422459609
Processor [0] :       1024    -0.2370243496485006
Processor [0] :       1024    -0.2310588332182419
Processor [0] :       1024    -0.2250846175535084
Processor [0] :       1024    -0.2191019275801419
Processor [0] :       1024    -0.2131109885430391
Processor [0] :       1024    -0.2071120259976683
Processor [0] :       1024    -0.2011052658015790
Processor [0] :       1024    -0.1950909341058972
Processor [0] :       1024    -0.1890692573468126
Processor [0] :       1024    -0.1830404622370512
Processor [0] :       1024    -0.1770047757573411
Processor [0] :       1024    -0.1709624251478676
Processor [0] :       1024    -0.1649136378997151
Processor [0] :       1024    -0.1588586417463059
Processor [0] :       1024    -0.1527976646548219
Processor [0] :       1024    -0.1467309348176254
Processor [0] :       1024    -0.1406586806436655
Processor [0] :       1024    -0.1345811307498800
Processor [0] :       1024    -0.1284985139525874
Processor [0] :       1024    -0.1224110592588721
Processor [0] :       1024    -0.1163189958579625
Processor [0] :       1024    -0.1102225531126030
Processor [0] :       1024    -0.1041219605504166
Processor [0] :       1024    -0.0980174478552654
Processor [0] :       1024    -0.0919092448586024
Processor [0] :       1024    -0.0857975815308176
Processor [0] :       1024    -0.0796826879725812
Processor [0] :       1024    -0.0735647944061795
Processor [0] :       1024    -0.0674441311668473
Processor [0] :       1024    -0.0613209286940963
Processor [0] :       1024    -0.0551954175230387
Processor [0] :       1024    -0.0490678282757079
Processor [0] :       1024    -0.0429383916523759
Processor [0] :       1024    -0.0368073384228669
Processor [0] :       1024    -0.0306748994178699
Processor [0] :       1024    -0.0245413055202474
Processor [0] :       1024    -0.0184067876563428
Processor [0] :       1024    -0.0122715767872866
Processor [0] :       1024    -0.0061359039003002
Processor [0] :       1024     0.0000000000000000
