Processor [0] :       1024    0.0000000000000000
Processor [0] :       1024    0.0061359039003002
Processor [0] :       1024    0.0122715767872866
Processor [0] :       1024    0.0184067876563428
Processor [0] :       1024    0.0245413055202474
Processor [0] :       1024    0.0306748994178699
Processor [0] :       1024    0.0368073384228669
Processor [0] :       1024    0.0429383916523758
Processor [0] :       1024    0.0490678282757079
Processor [0] :       1024    0.0551954175230387
Processor [0] :       1024    0.0613209286940963
Processor [0] :       1024    0.0674441311668473
Processor [0] :       1024    0.0735647944061795
Processor [0] :       1024    0.0796826879725812
Processor [0] :       1024    0.0857975815308176
Processor [0] :       1024    0.0919092448586024
Processor [0] :       1024    0.0980174478552655
Processor [0] :       1024    0.1041219605504166
Processor [0] :       1024    0.1102225531126029
Processor [0] :       1024    0.1163189958579626
Processor [0] :       1024    0.1224110592588721
Processor [0] :       1024    0.1284985139525872
Processor [0] :       1024    0.1345811307498799
Processor [0] :       1024    0.1406586806436654
Processor [0] :       1024    0.1467309348176253
Processor [0] :       1024    0.1527976646548220
Processor [0] :       1024    0.1588586417463059
Processor [0] :       1024    0.1649136378997154
Processor [0] :       1024    0.1709624251478675
Processor [0] :       1024    0.1770047757573411
Processor [0] :       1024    0.1830404622370511
Processor [0] :       1024    0.1890692573468126
Processor [0] :       1024    0.1950909341058974
Processor [0] :       1024    0.2011052658015791
Processor [0] :       1024    0.2071120259976683
Processor [0] :       1024    0.2131109885430390
Processor [0] :       1024    0.2191019275801419
Processor [0] :       1024    0.2250846175535082
Processor [0] :       1024    0.2310588332182420
Processor [0] :       1024    0.2370243496485002
Processor [0] :       1024    0.2429809422459609
Processor [0] :       1024    0.2489283867482793
Processor [0] :       1024    0.2548664592375313
Processor [0] :       1024    0.2607949361486445
Processor [0] :       1024    0.2667135942778134
Processor [0] :       1024    0.2726222107909050
Processor [0] :       1024    0.2785205632318468
Processor [0] :       1024    0.2844084295310035
Processor [0] :       1024    0.2902855880135369
Processor [0] :       1024    0.2961518174077514
Processor [0] :       1024    0.3020068968534263
Processor [0] :       1024    0.3078506059101294
Processor [0] :       1024    0.3136827245655179
Processor [0] :       1024    0.3195030332436208
Processor [0] :       1024    0.3253113128131060
Processor [0] :       1024    0.3311073445955304
Processor [0] :       1024    0.3368909103735735
Processor [0] :       1024    0.3426617923992525
Processor [0] :       1024    0.3484197734021207
Processor [0] :       1024    0.3541646365974482
Processor [0] :       1024    0.3598961656943825
Processor [0] :       1024    0.3656141449040924
Processor [0] :       1024    0.3713183589478926
Processor [0] :       1024    0.3770085930653484
Processor [0] :       1024    0.3826846330223615
Processor [0] :       1024    0.3883462651192356
Processor [0] :       1024    0.3939932761987220
Processor [0] :       1024    0.3996254536540457
Processor [0] :       1024    0.4052425854369082
Processor [0] :       1024    0.4108444600654731
Processor [0] :       1024    0.4164308666323268
Processor [0] :       1024    0.4220015948124195
Processor [0] :       1024    0.4275564348709836
Processor [0] :       1024    0.4330951776714311
Processor [0] :       1024    0.4386176146832251
Processor [0] :       1024    0.4441235379897345
Processor [0] :       1024    0.4496127402960577
Processor [0] :       1024    0.4550850149368314
Processor [0] :       1024    0.4605401558840075
Processor [0] :       1024    0.4659779577546130
Processor [0] :       1024    0.4713982158184812
Processor [0] :       1024    0.4768007260059587
Processor [0] :       1024    0.4821852849155912
Processor [0] :       1024    0.4875516898217788
Processor [0] :       1024    0.4928997386824093
Processor [0] :       1024    0.4982292301464673
Processor [0] :       1024    0.5035399635616103
Processor [0] :       1024    0.5088317389817272
Processor [0] :       1024    0.5141043571744641
Processor [0] :       1024    0.5193576196287265
Processor [0] :       1024    0.5245913285621523
Processor [0] :       1024    0.5298052869285579
Processor [0] :       1024    0.5349992984253571
Processor [0] :       1024    0.5401731675009538
Processor [0] :       1024    0.5453266993621014
Processor [0] :       1024    0.5504596999812381
Processor [0] :       1024    0.5555719761037912
Processor [0] :       1024    0.5606633352554545
Processor [0] :       1024    0.5657335857494339
Processor [0] :       1024    0.5707825366936635
Processor [0] :       1024    0.5758099979979945
Processor [0] :       1024    0.5808157803813495
Processor [0] :       1024    0.5857996953788518
Processor [0] :       1024    0.5907615553489182
Processor [0] :       1024    0.5957011734803258
Processor [0] :       1024    0.6006183637992433
Processor [0] :       1024    0.6055129411762349
Processor [0] :       1024    0.6103847213332287
Processor [0] :       1024    0.6152335208504546
Processor [0] :       1024    0.6200591571733522
Processor [0] :       1024    0.6248614486194409
Processor [0] :       1024    0.6296402143851622
Processor [0] :       1024    0.6343952745526863
Processor [0] :       1024    0.6391264500966848
Processor [0] :       1024    0.6438335628910732
Processor [0] :       1024    0.6485164357157145
Processor [0] :       1024    0.6531748922630942
Processor [0] :       1024    0.6578087571449559
Processor [0] :       1024    0.6624178558989069
Processor [0] :       1024    0.6670020149949829
Processor [0] :       1024    0.6715610618421858
Processor [0] :       1024    0.6760948247949778
Processor [0] :       1024    0.6806031331597466
Processor [0] :       1024    0.6850858172012306
Processor [0] :       1024    0.6895427081489086
Processor [0] :       1024    0.6939736382033561
Processor [0] :       1024    0.6983784405425608
Processor [0] :       1024    0.7027569493282040
Processor [0] :       1024    0.7071089997119057
Processor [0] :       1024    0.7114344278414273
Processor [0] :       1024    0.7157330708668448
Processor [0] :       1024    0.7200047669466781
Processor [0] :       1024    0.7242493552539844
Processor [0] :       1024    0.7284666759824129
Processor [0] :       1024    0.7326565703522214
Processor [0] :       1024    0.7368188806162554
Processor [0] :       1024    0.7409534500658859
Processor [0] :       1024    0.7450601230369100
Processor [0] :       1024    0.7491387449154114
Processor [0] :       1024    0.7531891621435816
Processor [0] :       1024    0.7572112222255019
Processor [0] :       1024    0.7612047737328824
Processor [0] :       1024    0.7651696663107665
Processor [0] :       1024    0.7691057506831900
Processor [0] :       1024    0.7730128786588002
Processor [0] :       1024    0.7768909031364380
Processor [0] :       1024    0.7807396781106730
Processor [0] :       1024    0.7845590586773030
Processor [0] :       1024    0.7883489010388077
Processor [0] :       1024    0.7921090625097655
Processor [0] :       1024    0.7958394015222220
Processor [0] :       1024    0.7995397776310209
Processor [0] :       1024    0.8032100515190937
Processor [0] :       1024    0.8068500850027037
Processor [0] :       1024    0.8104597410366463
Processor [0] :       1024    0.8140388837194128
Processor [0] :       1024    0.8175873782983034
Processor [0] :       1024    0.8211050911745031
Processor [0] :       1024    0.8245918899081115
Processor [0] :       1024    0.8280476432231259
Processor [0] :       1024    0.8314722210123873
Processor [0] :       1024    0.8348654943424774
Processor [0] :       1024    0.8382273354585734
Processor [0] :       1024    0.8415576177892571
Processor [0] :       1024    0.8448562159512819
Processor [0] :       1024    0.8481230057542908
Processor [0] :       1024    0.8513578642054938
Processor [0] :       1024    0.8545606695142987
Processor [0] :       1024    0.8577313010968954
Processor [0] :       1024    0.8608696395807988
Processor [0] :       1024    0.8639755668093366
Processor [0] :       1024    0.8670489658461058
Processor [0] :       1024    0.8700897209793685
Processor [0] :       1024    0.8730977177264135
Processor [0] :       1024    0.8760728428378619
Processor [0] :       1024    0.8790149843019365
Processor [0] :       1024    0.8819240313486730
Processor [0] :       1024    0.8847998744540956
Processor [0] :       1024    0.8876424053443348
Processor [0] :       1024    0.8904515169997109
Processor [0] :       1024    0.8932271036587576
Processor [0] :       1024    0.8959690608222055
Processor [0] :       1024    0.8986772852569168
Processor [0] :       1024    0.9013516749997718
Processor [0] :       1024    0.9039921293615100
Processor [0] :       1024    0.9065985489305169
Processor [0] :       1024    0.9091708355765661
Processor [0] :       1024    0.9117088924545227
Processor [0] :       1024    0.9142126240079782
Processor [0] :       1024    0.9166819359728550
Processor [0] :       1024    0.9191167353809535
Processor [0] :       1024    0.9215169305634512
Processor [0] :       1024    0.9238824311543562
Processor [0] :       1024    0.9262131480939086
Processor [0] :       1024    0.9285089936319346
Processor [0] :       1024    0.9307698813311444
Processor [0] :       1024    0.9329957260703960
Processor [0] :       1024    0.9351864440478923
Processor [0] :       1024    0.9373419527843390
Processor [0] :       1024    0.9394621711260517
Processor [0] :       1024    0.9415470192480079
Processor [0] :       1024    0.9435964186568537
Processor [0] :       1024    0.9456102921938596
Processor [0] :       1024    0.9475885640378258
Processor [0] :       1024    0.9495311597079353
Processor [0] :       1024    0.9514380060665582
Processor [0] :       1024    0.9533090313220087
Processor [0] :       1024    0.9551441650312422
Processor [0] :       1024    0.9569433381025119
Processor [0] :       1024    0.9587064827979689
Processor [0] :       1024    0.9604335327362105
Processor [0] :       1024    0.9621244228947844
Processor [0] :       1024    0.9637790896126315
Processor [0] :       1024    0.9653974705924846
Processor [0] :       1024    0.9669795049032157
Processor [0] :       1024    0.9685251329821251
Processor [0] :       1024    0.9700342966371898
Processor [0] :       1024    0.9715069390492526
Processor [0] :       1024    0.9729430047741584
Processor [0] :       1024    0.9743424397448437
Processor [0] :       1024    0.9757051912733727
Processor [0] :       1024    0.9770312080529218
Processor [0] :       1024    0.9783204401597074
Processor [0] :       1024    0.9795728390548710
Processor [0] :       1024    0.9807883575862999
Processor [0] :       1024    0.9819669499904098
Processor [0] :       1024    0.9831085718938626
Processor [0] :       1024    0.9842131803152386
Processor [0] :       1024    0.9852807336666559
Processor [0] :       1024    0.9863111917553333
Processor [0] :       1024    0.9873045157851051
Processor [0] :       1024    0.9882606683578858
Processor [0] :       1024    0.9891796134750700
Processor [0] :       1024    0.9900613165388941
Processor [0] :       1024    0.9909057443537337
Processor [0] :       1024    0.9917128651273612
Processor [0] :       1024    0.9924826484721355
Processor [0] :       1024    0.9932150654061477
Processor [0] :       1024    0.9939100883543152
Processor [0] :       1024    0.9945676911494159
Processor [0] :       1024    0.9951878490330777
Processor [0] :       1024    0.9957705386567051
Processor [0] :       1024    0.9963157380823644
Processor [0] :       1024    0.9968234267836046
Processor [0] :       1024    0.9972935856462327
Processor [0] :       1024    0.9977261969690343
Processor [0] :       1024    0.9981212444644373
Processor [0] :       1024    0.9984787132591264
Processor [0] :       1024    0.9987985898946041
Processor [0] :       1024    0.9990808623276948
Processor [0] :       1024    0.9993255199310020
Processor [0] :       1024    0.9995325534933052
Processor [0] :       1024    0.9997019552199070
Processor [0] :       1024    0.9998337187329289
Processor [0] :       1024    0.9999278390715483
Processor [0] :       1024    0.9999843126921888
Processor [0] :       1024    1.0000031374686496
Processor [0] :       1024    0.9999843126921887
Processor [0] :       1024    0.9999278390715490
Processor [0] :       1024    0.9998337187329287
Processor [0] :       1024    0.9997019552199073
Processor [0] :       1024    0.9995325534933047
Processor [0] :       1024    0.9993255199310023
Processor [0] :       1024    0.9990808623276957
Processor [0] :       1024    0.9987985898946037
Processor [0] :       1024    0.9984787132591273
Processor [0] :       1024    0.9981212444644376
Processor [0] :       1024    0.9977261969690343
Processor [0] :       1024    0.9972935856462332
Processor [0] :       1024    0.9968234267836045
Processor [0] :       1024    0.9963157380823638
Processor [0] :       1024    0.9957705386567048
Processor [0] :       1024    0.9951878490330776
Processor [0] :       1024    0.9945676911494168
Processor [0] :       1024    0.9939100883543156
Processor [0] :       1024    0.9932150654061473
Processor [0] :       1024    0.9924826484721351
Processor [0] :       1024    0.9917128651273611
Processor [0] :       1024    0.9909057443537335
Processor [0] :       1024    0.9900613165388934
Processor [0] :       1024    0.9891796134750699
Processor [0] :       1024    0.9882606683578865
Processor [0] :       1024    0.9873045157851055
Processor [0] :       1024    0.9863111917553328
Processor [0] :       1024    0.9852807336666555
Processor [0] :       1024    0.9842131803152387
Processor [0] :       1024    0.9831085718938621
Processor [0] :       1024    0.9819669499904101
Processor [0] :       1024    0.9807883575863000
Processor [0] :       1024    0.9795728390548706
Processor [0] :       1024    0.9783204401597074
Processor [0] :       1024    0.9770312080529220
Processor [0] :       1024    0.9757051912733737
Processor [0] :       1024    0.9743424397448435
Processor [0] :       1024    0.9729430047741585
Processor [0] :       1024    0.9715069390492532
Processor [0] :       1024    0.9700342966371898
Processor [0] :       1024    0.9685251329821241
Processor [0] :       1024    0.9669795049032150
Processor [0] :       1024    0.9653974705924846
Processor [0] :       1024    0.9637790896126317
Processor [0] :       1024    0.9621244228947846
Processor [0] :       1024    0.9604335327362108
Processor [0] :       1024    0.9587064827979688
Processor [0] :       1024    0.9569433381025116
Processor [0] :       1024    0.9551441650312429
Processor [0] :       1024    0.9533090313220089
Processor [0] :       1024    0.9514380060665594
Processor [0] :       1024    0.9495311597079357
Processor [0] :       1024    0.9475885640378259
Processor [0] :       1024    0.9456102921938605
Processor [0] :       1024    0.9435964186568532
Processor [0] :       1024    0.9415470192480075
Processor [0] :       1024    0.9394621711260517
Processor [0] :       1024    0.9373419527843392
Processor [0] :       1024    0.9351864440478914
Processor [0] :       1024    0.9329957260703954
Processor [0] :       1024    0.9307698813311449
Processor [0] :       1024    0.9285089936319343
Processor [0] :       1024    0.9262131480939090
Processor [0] :       1024    0.9238824311543558
Processor [0] :       1024    0.9215169305634507
Processor [0] :       1024    0.9191167353809533
Processor [0] :       1024    0.9166819359728561
Processor [0] :       1024    0.9142126240079792
Processor [0] :       1024    0.9117088924545237
Processor [0] :       1024    0.9091708355765669
Processor [0] :       1024    0.9065985489305159
Processor [0] :       1024    0.9039921293615099
Processor [0] :       1024    0.9013516749997719
Processor [0] :       1024    0.8986772852569160
Processor [0] :       1024    0.8959690608222055
Processor [0] :       1024    0.8932271036587585
Processor [0] :       1024    0.8904515169997111
Processor [0] :       1024    0.8876424053443357
Processor [0] :       1024    0.8847998744540959
Processor [0] :       1024    0.8819240313486731
Processor [0] :       1024    0.8790149843019366
Processor [0] :       1024    0.8760728428378626
Processor [0] :       1024    0.8730977177264128
Processor [0] :       1024    0.8700897209793685
Processor [0] :       1024    0.8670489658461062
Processor [0] :       1024    0.8639755668093372
Processor [0] :       1024    0.8608696395807987
Processor [0] :       1024    0.8577313010968957
Processor [0] :       1024    0.8545606695142982
Processor [0] :       1024    0.8513578642054935
Processor [0] :       1024    0.8481230057542906
Processor [0] :       1024    0.8448562159512818
Processor [0] :       1024    0.8415576177892572
Processor [0] :       1024    0.8382273354585730
Processor [0] :       1024    0.8348654943424776
Processor [0] :       1024    0.8314722210123866
Processor [0] :       1024    0.8280476432231265
Processor [0] :       1024    0.8245918899081113
Processor [0] :       1024    0.8211050911745041
Processor [0] :       1024    0.8175873782983030
Processor [0] :       1024    0.8140388837194124
Processor [0] :       1024    0.8104597410366456
Processor [0] :       1024    0.8068500850027043
Processor [0] :       1024    0.8032100515190934
Processor [0] :       1024    0.7995397776310216
Processor [0] :       1024    0.7958394015222223
Processor [0] :       1024    0.7921090625097666
Processor [0] :       1024    0.7883489010388087
Processor [0] :       1024    0.7845590586773028
Processor [0] :       1024    0.7807396781106728
Processor [0] :       1024    0.7768909031364373
Processor [0] :       1024    0.7730128786588006
Processor [0] :       1024    0.7691057506831900
Processor [0] :       1024    0.7651696663107670
Processor [0] :       1024    0.7612047737328826
Processor [0] :       1024    0.7572112222255021
Processor [0] :       1024    0.7531891621435816
Processor [0] :       1024    0.7491387449154114
Processor [0] :       1024    0.7450601230369100
Processor [0] :       1024    0.7409534500658863
Processor [0] :       1024    0.7368188806162563
Processor [0] :       1024    0.7326565703522214
Processor [0] :       1024    0.7284666759824128
Processor [0] :       1024    0.7242493552539844
Processor [0] :       1024    0.7200047669466778
Processor [0] :       1024    0.7157330708668446
Processor [0] :       1024    0.7114344278414269
Processor [0] :       1024    0.7071089997119053
Processor [0] :       1024    0.7027569493282035
Processor [0] :       1024    0.6983784405425610
Processor [0] :       1024    0.6939736382033572
Processor [0] :       1024    0.6895427081489094
Processor [0] :       1024    0.6850858172012311
Processor [0] :       1024    0.6806031331597464
Processor [0] :       1024    0.6760948247949783
Processor [0] :       1024    0.6715610618421852
Processor [0] :       1024    0.6670020149949829
Processor [0] :       1024    0.6624178558989073
Processor [0] :       1024    0.6578087571449573
Processor [0] :       1024    0.6531748922630944
Processor [0] :       1024    0.6485164357157145
Processor [0] :       1024    0.6438335628910741
Processor [0] :       1024    0.6391264500966842
Processor [0] :       1024    0.6343952745526864
Processor [0] :       1024    0.6296402143851629
Processor [0] :       1024    0.6248614486194413
Processor [0] :       1024    0.6200591571733527
Processor [0] :       1024    0.6152335208504554
Processor [0] :       1024    0.6103847213332292
Processor [0] :       1024    0.6055129411762359
Processor [0] :       1024    0.6006183637992446
Processor [0] :       1024    0.5957011734803257
Processor [0] :       1024    0.5907615553489192
Processor [0] :       1024    0.5857996953788516
Processor [0] :       1024    0.5808157803813490
Processor [0] :       1024    0.5758099979979945
Processor [0] :       1024    0.5707825366936639
Processor [0] :       1024    0.5657335857494341
Processor [0] :       1024    0.5606633352554549
Processor [0] :       1024    0.5555719761037912
Processor [0] :       1024    0.5504596999812379
Processor [0] :       1024    0.5453266993621020
Processor [0] :       1024    0.5401731675009542
Processor [0] :       1024    0.5349992984253571
Processor [0] :       1024    0.5298052869285581
Processor [0] :       1024    0.5245913285621522
Processor [0] :       1024    0.5193576196287268
Processor [0] :       1024    0.5141043571744639
Processor [0] :       1024    0.5088317389817270
Processor [0] :       1024    0.5035399635616105
Processor [0] :       1024    0.4982292301464670
Processor [0] :       1024    0.4928997386824103
Processor [0] :       1024    0.4875516898217784
Processor [0] :       1024    0.4821852849155908
Processor [0] :       1024    0.4768007260059590
Processor [0] :       1024    0.4713982158184811
Processor [0] :       1024    0.4659779577546135
Processor [0] :       1024    0.4605401558840077
Processor [0] :       1024    0.4550850149368317
Processor [0] :       1024    0.4496127402960581
Processor [0] :       1024    0.4441235379897344
Processor [0] :       1024    0.4386176146832259
Processor [0] :       1024    0.4330951776714318
Processor [0] :       1024    0.4275564348709835
Processor [0] :       1024    0.4220015948124207
Processor [0] :       1024    0.4164308666323273
Processor [0] :       1024    0.4108444600654735
Processor [0] :       1024    0.4052425854369084
Processor [0] :       1024    0.3996254536540462
Processor [0] :       1024    0.3939932761987226
Processor [0] :       1024    0.3883462651192358
Processor [0] :       1024    0.3826846330223623
Processor [0] :       1024    0.3770085930653488
Processor [0] :       1024    0.3713183589478932
Processor [0] :       1024    0.3656141449040924
Processor [0] :       1024    0.3598961656943831
Processor [0] :       1024    0.3541646365974480
Processor [0] :       1024    0.3484197734021210
Processor [0] :       1024    0.3426617923992523
Processor [0] :       1024    0.3368909103735735
Processor [0] :       1024    0.3311073445955310
Processor [0] :       1024    0.3253113128131067
Processor [0] :       1024    0.3195030332436213
Processor [0] :       1024    0.3136827245655176
Processor [0] :       1024    0.3078506059101296
Processor [0] :       1024    0.3020068968534257
Processor [0] :       1024    0.2961518174077518
Processor [0] :       1024    0.2902855880135371
Processor [0] :       1024    0.2844084295310039
Processor [0] :       1024    0.2785205632318477
Processor [0] :       1024    0.2726222107909047
Processor [0] :       1024    0.2667135942778136
Processor [0] :       1024    0.2607949361486439
Processor [0] :       1024    0.2548664592375318
Processor [0] :       1024    0.2489283867482794
Processor [0] :       1024    0.2429809422459610
Processor [0] :       1024    0.2370243496485007
Processor [0] :       1024    0.2310588332182426
Processor [0] :       1024    0.2250846175535086
Processor [0] :       1024    0.2191019275801418
Processor [0] :       1024    0.2131109885430391
Processor [0] :       1024    0.2071120259976684
Processor [0] :       1024    0.2011052658015795
Processor [0] :       1024    0.1950909341058980
Processor [0] :       1024    0.1890692573468127
Processor [0] :       1024    0.1830404622370514
Processor [0] :       1024    0.1770047757573416
Processor [0] :       1024    0.1709624251478683
Processor [0] :       1024    0.1649136378997167
Processor [0] :       1024    0.1588586417463063
Processor [0] :       1024    0.1527976646548217
Processor [0] :       1024    0.1467309348176256
Processor [0] :       1024    0.1406586806436656
Processor [0] :       1024    0.1345811307498801
Processor [0] :       1024    0.1284985139525869
Processor [0] :       1024    0.1224110592588723
Processor [0] :       1024    0.1163189958579636
Processor [0] :       1024    0.1102225531126035
Processor [0] :       1024    0.1041219605504167
Processor [0] :       1024    0.0980174478552653
Processor [0] :       1024    0.0919092448586021
Processor [0] :       1024    0.0857975815308176
Processor [0] :       1024    0.0796826879725812
Processor [0] :       1024    0.0735647944061795
Processor [0] :       1024    0.0674441311668479
Processor [0] :       1024    0.0613209286940968
Processor [0] :       1024    0.0551954175230387
Processor [0] :       1024    0.0490678282757078
Processor [0] :       1024    0.0429383916523762
Processor [0] :       1024    0.0368073384228667
Processor [0] :       1024    0.0306748994178707
Processor [0] :       1024    0.0245413055202479
Processor [0] :       1024    0.0184067876563441
Processor [0] :       1024    0.0122715767872861
Processor [0] :       1024    0.0061359039003004
Processor [0] :       1024    0.0000000000000004
Processor [0] :       1024    -0.0061359039002999
Processor [0] :       1024    -0.0122715767872854
Processor [0] :       1024    -0.0184067876563434
Processor [0] :       1024    -0.0245413055202470
Processor [0] :       1024    -0.0306748994178703
Processor [0] :       1024    -0.0368073384228667
Processor [0] :       1024    -0.0429383916523758
Processor [0] :       1024    -0.0490678282757080
Processor [0] :       1024    -0.0551954175230378
Processor [0] :       1024    -0.0613209286940957
Processor [0] :       1024    -0.0674441311668468
Processor [0] :       1024    -0.0735647944061788
Processor [0] :       1024    -0.0796826879725805
Processor [0] :       1024    -0.0857975815308167
Processor [0] :       1024    -0.0919092448586023
Processor [0] :       1024    -0.0980174478552651
Processor [0] :       1024    -0.1041219605504162
Processor [0] :       1024    -0.1102225531126031
Processor [0] :       1024    -0.1163189958579622
Processor [0] :       1024    -0.1224110592588712
Processor [0] :       1024    -0.1284985139525867
Processor [0] :       1024    -0.1345811307498797
Processor [0] :       1024    -0.1406586806436660
Processor [0] :       1024    -0.1467309348176249
Processor [0] :       1024    -0.1527976646548215
Processor [0] :       1024    -0.1588586417463065
Processor [0] :       1024    -0.1649136378997145
Processor [0] :       1024    -0.1709624251478674
Processor [0] :       1024    -0.1770047757573410
Processor [0] :       1024    -0.1830404622370505
Processor [0] :       1024    -0.1890692573468116
Processor [0] :       1024    -0.1950909341058973
Processor [0] :       1024    -0.2011052658015784
Processor [0] :       1024    -0.2071120259976682
Processor [0] :       1024    -0.2131109885430382
Processor [0] :       1024    -0.2191019275801414
Processor [0] :       1024    -0.2250846175535075
Processor [0] :       1024    -0.2310588332182413
Processor [0] :       1024    -0.2370243496485007
Processor [0] :       1024    -0.2429809422459608
Processor [0] :       1024    -0.2489283867482790
Processor [0] :       1024    -0.2548664592375318
Processor [0] :       1024    -0.2607949361486441
Processor [0] :       1024    -0.2667135942778132
Processor [0] :       1024    -0.2726222107909044
Processor [0] :       1024    -0.2785205632318466
Processor [0] :       1024    -0.2844084295310032
Processor [0] :       1024    -0.2902855880135360
Processor [0] :       1024    -0.2961518174077513
Processor [0] :       1024    -0.3020068968534262
Processor [0] :       1024    -0.3078506059101287
Processor [0] :       1024    -0.3136827245655176
Processor [0] :       1024    -0.3195030332436208
Processor [0] :       1024    -0.3253113128131055
Processor [0] :       1024    -0.3311073445955302
Processor [0] :       1024    -0.3368909103735724
Processor [0] :       1024    -0.3426617923992523
Processor [0] :       1024    -0.3484197734021206
Processor [0] :       1024    -0.3541646365974480
Processor [0] :       1024    -0.3598961656943818
Processor [0] :       1024    -0.3656141449040926
Processor [0] :       1024    -0.3713183589478926
Processor [0] :       1024    -0.3770085930653488
Processor [0] :       1024    -0.3826846330223619
Processor [0] :       1024    -0.3883462651192353
Processor [0] :       1024    -0.3939932761987217
Processor [0] :       1024    -0.3996254536540453
Processor [0] :       1024    -0.4052425854369082
Processor [0] :       1024    -0.4108444600654726
Processor [0] :       1024    -0.4164308666323258
Processor [0] :       1024    -0.4220015948124196
Processor [0] :       1024    -0.4275564348709833
Processor [0] :       1024    -0.4330951776714307
Processor [0] :       1024    -0.4386176146832250
Processor [0] :       1024    -0.4441235379897337
Processor [0] :       1024    -0.4496127402960572
Processor [0] :       1024    -0.4550850149368317
Processor [0] :       1024    -0.4605401558840077
Processor [0] :       1024    -0.4659779577546130
Processor [0] :       1024    -0.4713982158184811
Processor [0] :       1024    -0.4768007260059579
Processor [0] :       1024    -0.4821852849155910
Processor [0] :       1024    -0.4875516898217782
Processor [0] :       1024    -0.4928997386824094
Processor [0] :       1024    -0.4982292301464664
Processor [0] :       1024    -0.5035399635616098
Processor [0] :       1024    -0.5088317389817265
Processor [0] :       1024    -0.5141043571744639
Processor [0] :       1024    -0.5193576196287262
Processor [0] :       1024    -0.5245913285621528
Processor [0] :       1024    -0.5298052869285572
Processor [0] :       1024    -0.5349992984253573
Processor [0] :       1024    -0.5401731675009547
Processor [0] :       1024    -0.5453266993621020
Processor [0] :       1024    -0.5504596999812374
Processor [0] :       1024    -0.5555719761037907
Processor [0] :       1024    -0.5606633352554535
Processor [0] :       1024    -0.5657335857494330
Processor [0] :       1024    -0.5707825366936639
Processor [0] :       1024    -0.5758099979979940
Processor [0] :       1024    -0.5808157803813492
Processor [0] :       1024    -0.5857996953788513
Processor [0] :       1024    -0.5907615553489183
Processor [0] :       1024    -0.5957011734803257
Processor [0] :       1024    -0.6006183637992428
Processor [0] :       1024    -0.6055129411762350
Processor [0] :       1024    -0.6103847213332281
Processor [0] :       1024    -0.6152335208504542
Processor [0] :       1024    -0.6200591571733520
Processor [0] :       1024    -0.6248614486194408
Processor [0] :       1024    -0.6296402143851623
Processor [0] :       1024    -0.6343952745526864
Processor [0] :       1024    -0.6391264500966851
Processor [0] :       1024    -0.6438335628910730
Processor [0] :       1024    -0.6485164357157140
Processor [0] :       1024    -0.6531748922630940
Processor [0] :       1024    -0.6578087571449565
Processor [0] :       1024    -0.6624178558989062
Processor [0] :       1024    -0.6670020149949827
Processor [0] :       1024    -0.6715610618421854
Processor [0] :       1024    -0.6760948247949772
Processor [0] :       1024    -0.6806031331597460
Processor [0] :       1024    -0.6850858172012297
Processor [0] :       1024    -0.6895427081489083
Processor [0] :       1024    -0.6939736382033566
Processor [0] :       1024    -0.6983784405425606
Processor [0] :       1024    -0.7027569493282042
Processor [0] :       1024    -0.7071089997119056
Processor [0] :       1024    -0.7114344278414260
Processor [0] :       1024    -0.7157330708668446
Processor [0] :       1024    -0.7200047669466771
Processor [0] :       1024    -0.7242493552539835
Processor [0] :       1024    -0.7284666759824125
Processor [0] :       1024    -0.7326565703522201
Processor [0] :       1024    -0.7368188806162554
Processor [0] :       1024    -0.7409534500658859
Processor [0] :       1024    -0.7450601230369107
Processor [0] :       1024    -0.7491387449154105
Processor [0] :       1024    -0.7531891621435818
Processor [0] :       1024    -0.7572112222255019
Processor [0] :       1024    -0.7612047737328826
Processor [0] :       1024    -0.7651696663107663
Processor [0] :       1024    -0.7691057506831893
Processor [0] :       1024    -0.7730128786588000
Processor [0] :       1024    -0.7768909031364379
Processor [0] :       1024    -0.7807396781106715
Processor [0] :       1024    -0.7845590586773015
Processor [0] :       1024    -0.7883489010388074
Processor [0] :       1024    -0.7921090625097651
Processor [0] :       1024    -0.7958394015222217
Processor [0] :       1024    -0.7995397776310211
Processor [0] :       1024    -0.8032100515190927
Processor [0] :       1024    -0.8068500850027034
Processor [0] :       1024    -0.8104597410366461
Processor [0] :       1024    -0.8140388837194124
Processor [0] :       1024    -0.8175873782983030
Processor [0] :       1024    -0.8211050911745039
Processor [0] :       1024    -0.8245918899081108
Processor [0] :       1024    -0.8280476432231252
Processor [0] :       1024    -0.8314722210123868
Processor [0] :       1024    -0.8348654943424769
Processor [0] :       1024    -0.8382273354585730
Processor [0] :       1024    -0.8415576177892568
Processor [0] :       1024    -0.8448562159512820
Processor [0] :       1024    -0.8481230057542897
Processor [0] :       1024    -0.8513578642054924
Processor [0] :       1024    -0.8545606695142980
Processor [0] :       1024    -0.8577313010968959
Processor [0] :       1024    -0.8608696395807984
Processor [0] :       1024    -0.8639755668093367
Processor [0] :       1024    -0.8670489658461056
Processor [0] :       1024    -0.8700897209793688
Processor [0] :       1024    -0.8730977177264130
Processor [0] :       1024    -0.8760728428378624
Processor [0] :       1024    -0.8790149843019366
Processor [0] :       1024    -0.8819240313486736
Processor [0] :       1024    -0.8847998744540957
Processor [0] :       1024    -0.8876424053443353
Processor [0] :       1024    -0.8904515169997111
Processor [0] :       1024    -0.8932271036587576
Processor [0] :       1024    -0.8959690608222042
Processor [0] :       1024    -0.8986772852569158
Processor [0] :       1024    -0.9013516749997714
Processor [0] :       1024    -0.9039921293615096
Processor [0] :       1024    -0.9065985489305166
Processor [0] :       1024    -0.9091708355765666
Processor [0] :       1024    -0.9117088924545222
Processor [0] :       1024    -0.9142126240079779
Processor [0] :       1024    -0.9166819359728551
Processor [0] :       1024    -0.9191167353809526
Processor [0] :       1024    -0.9215169305634501
Processor [0] :       1024    -0.9238824311543569
Processor [0] :       1024    -0.9262131480939086
Processor [0] :       1024    -0.9285089936319334
Processor [0] :       1024    -0.9307698813311441
Processor [0] :       1024    -0.9329957260703950
Processor [0] :       1024    -0.9351864440478912
Processor [0] :       1024    -0.9373419527843384
Processor [0] :       1024    -0.9394621711260517
Processor [0] :       1024    -0.9415470192480081
Processor [0] :       1024    -0.9435964186568528
Processor [0] :       1024    -0.9456102921938592
Processor [0] :       1024    -0.9475885640378257
Processor [0] :       1024    -0.9495311597079348
Processor [0] :       1024    -0.9514380060665584
Processor [0] :       1024    -0.9533090313220081
Processor [0] :       1024    -0.9551441650312418
Processor [0] :       1024    -0.9569433381025116
Processor [0] :       1024    -0.9587064827979673
Processor [0] :       1024    -0.9604335327362110
Processor [0] :       1024    -0.9621244228947845
Processor [0] :       1024    -0.9637790896126315
Processor [0] :       1024    -0.9653974705924846
Processor [0] :       1024    -0.9669795049032147
Processor [0] :       1024    -0.9685251329821245
Processor [0] :       1024    -0.9700342966371898
Processor [0] :       1024    -0.9715069390492523
Processor [0] :       1024    -0.9729430047741581
Processor [0] :       1024    -0.9743424397448430
Processor [0] :       1024    -0.9757051912733732
Processor [0] :       1024    -0.9770312080529218
Processor [0] :       1024    -0.9783204401597069
Processor [0] :       1024    -0.9795728390548708
Processor [0] :       1024    -0.9807883575862997
Processor [0] :       1024    -0.9819669499904093
Processor [0] :       1024    -0.9831085718938624
Processor [0] :       1024    -0.9842131803152383
Processor [0] :       1024    -0.9852807336666545
Processor [0] :       1024    -0.9863111917553327
Processor [0] :       1024    -0.9873045157851063
Processor [0] :       1024    -0.9882606683578863
Processor [0] :       1024    -0.9891796134750703
Processor [0] :       1024    -0.9900613165388923
Processor [0] :       1024    -0.9909057443537337
Processor [0] :       1024    -0.9917128651273606
Processor [0] :       1024    -0.9924826484721351
Processor [0] :       1024    -0.9932150654061476
Processor [0] :       1024    -0.9939100883543150
Processor [0] :       1024    -0.9945676911494157
Processor [0] :       1024    -0.9951878490330768
Processor [0] :       1024    -0.9957705386567051
Processor [0] :       1024    -0.9963157380823633
Processor [0] :       1024    -0.9968234267836047
Processor [0] :       1024    -0.9972935856462328
Processor [0] :       1024    -0.9977261969690335
Processor [0] :       1024    -0.9981212444644376
Processor [0] :       1024    -0.9984787132591262
Processor [0] :       1024    -0.9987985898946032
Processor [0] :       1024    -0.9990808623276941
Processor [0] :       1024    -0.9993255199310027
Processor [0] :       1024    -0.9995325534933051
Processor [0] :       1024    -0.9997019552199072
Processor [0] :       1024    -0.9998337187329287
Processor [0] :       1024    -0.9999278390715478
Processor [0] :       1024    -0.9999843126921888
Processor [0] :       1024    -1.0000031374686484
Processor [0] :       1024    -0.9999843126921879
Processor [0] :       1024    -0.9999278390715487
Processor [0] :       1024    -0.9998337187329285
Processor [0] :       1024    -0.9997019552199067
Processor [0] :       1024    -0.9995325534933035
Processor [0] :       1024    -0.9993255199310014
Processor [0] :       1024    -0.9990808623276948
Processor [0] :       1024    -0.9987985898946031
Processor [0] :       1024    -0.9984787132591264
Processor [0] :       1024    -0.9981212444644380
Processor [0] :       1024    -0.9977261969690341
Processor [0] :       1024    -0.9972935856462321
Processor [0] :       1024    -0.9968234267836042
Processor [0] :       1024    -0.9963157380823638
Processor [0] :       1024    -0.9957705386567051
Processor [0] :       1024    -0.9951878490330782
Processor [0] :       1024    -0.9945676911494161
Processor [0] :       1024    -0.9939100883543155
Processor [0] :       1024    -0.9932150654061478
Processor [0] :       1024    -0.9924826484721349
Processor [0] :       1024    -0.9917128651273608
Processor [0] :       1024    -0.9909057443537331
Processor [0] :       1024    -0.9900613165388934
Processor [0] :       1024    -0.9891796134750699
Processor [0] :       1024    -0.9882606683578861
Processor [0] :       1024    -0.9873045157851054
Processor [0] :       1024    -0.9863111917553328
Processor [0] :       1024    -0.9852807336666546
Processor [0] :       1024    -0.9842131803152386
Processor [0] :       1024    -0.9831085718938626
Processor [0] :       1024    -0.9819669499904100
Processor [0] :       1024    -0.9807883575862999
Processor [0] :       1024    -0.9795728390548708
Processor [0] :       1024    -0.9783204401597072
Processor [0] :       1024    -0.9770312080529211
Processor [0] :       1024    -0.9757051912733729
Processor [0] :       1024    -0.9743424397448426
Processor [0] :       1024    -0.9729430047741580
Processor [0] :       1024    -0.9715069390492526
Processor [0] :       1024    -0.9700342966371898
Processor [0] :       1024    -0.9685251329821242
Processor [0] :       1024    -0.9669795049032152
Processor [0] :       1024    -0.9653974705924845
Processor [0] :       1024    -0.9637790896126310
Processor [0] :       1024    -0.9621244228947843
Processor [0] :       1024    -0.9604335327362106
Processor [0] :       1024    -0.9587064827979691
Processor [0] :       1024    -0.9569433381025121
Processor [0] :       1024    -0.9551441650312422
Processor [0] :       1024    -0.9533090313220087
Processor [0] :       1024    -0.9514380060665586
Processor [0] :       1024    -0.9495311597079348
Processor [0] :       1024    -0.9475885640378255
Processor [0] :       1024    -0.9456102921938594
Processor [0] :       1024    -0.9435964186568528
Processor [0] :       1024    -0.9415470192480083
Processor [0] :       1024    -0.9394621711260519
Processor [0] :       1024    -0.9373419527843383
Processor [0] :       1024    -0.9351864440478911
Processor [0] :       1024    -0.9329957260703962
Processor [0] :       1024    -0.9307698813311440
Processor [0] :       1024    -0.9285089936319343
Processor [0] :       1024    -0.9262131480939090
Processor [0] :       1024    -0.9238824311543556
Processor [0] :       1024    -0.9215169305634506
Processor [0] :       1024    -0.9191167353809528
Processor [0] :       1024    -0.9166819359728546
Processor [0] :       1024    -0.9142126240079785
Processor [0] :       1024    -0.9117088924545228
Processor [0] :       1024    -0.9091708355765673
Processor [0] :       1024    -0.9065985489305156
Processor [0] :       1024    -0.9039921293615099
Processor [0] :       1024    -0.9013516749997716
Processor [0] :       1024    -0.8986772852569161
Processor [0] :       1024    -0.8959690608222046
Processor [0] :       1024    -0.8932271036587571
Processor [0] :       1024    -0.8904515169997105
Processor [0] :       1024    -0.8876424053443351
Processor [0] :       1024    -0.8847998744540954
Processor [0] :       1024    -0.8819240313486727
Processor [0] :       1024    -0.8790149843019368
Processor [0] :       1024    -0.8760728428378619
Processor [0] :       1024    -0.8730977177264130
Processor [0] :       1024    -0.8700897209793681
Processor [0] :       1024    -0.8670489658461054
Processor [0] :       1024    -0.8639755668093368
Processor [0] :       1024    -0.8608696395807984
Processor [0] :       1024    -0.8577313010968957
Processor [0] :       1024    -0.8545606695142983
Processor [0] :       1024    -0.8513578642054933
Processor [0] :       1024    -0.8481230057542900
Processor [0] :       1024    -0.8448562159512811
Processor [0] :       1024    -0.8415576177892572
Processor [0] :       1024    -0.8382273354585732
Processor [0] :       1024    -0.8348654943424770
Processor [0] :       1024    -0.8314722210123868
Processor [0] :       1024    -0.8280476432231256
Processor [0] :       1024    -0.8245918899081117
Processor [0] :       1024    -0.8211050911745037
Processor [0] :       1024    -0.8175873782983036
Processor [0] :       1024    -0.8140388837194119
Processor [0] :       1024    -0.8104597410366463
Processor [0] :       1024    -0.8068500850027038
Processor [0] :       1024    -0.8032100515190946
Processor [0] :       1024    -0.7995397776310209
Processor [0] :       1024    -0.7958394015222218
Processor [0] :       1024    -0.7921090625097660
Processor [0] :       1024    -0.7883489010388081
Processor [0] :       1024    -0.7845590586773025
Processor [0] :       1024    -0.7807396781106728
Processor [0] :       1024    -0.7768909031364373
Processor [0] :       1024    -0.7730128786588006
Processor [0] :       1024    -0.7691057506831899
Processor [0] :       1024    -0.7651696663107663
Processor [0] :       1024    -0.7612047737328826
Processor [0] :       1024    -0.7572112222255016
Processor [0] :       1024    -0.7531891621435816
Processor [0] :       1024    -0.7491387449154112
Processor [0] :       1024    -0.7450601230369103
Processor [0] :       1024    -0.7409534500658860
Processor [0] :       1024    -0.7368188806162554
Processor [0] :       1024    -0.7326565703522216
Processor [0] :       1024    -0.7284666759824128
Processor [0] :       1024    -0.7242493552539844
Processor [0] :       1024    -0.7200047669466781
Processor [0] :       1024    -0.7157330708668448
Processor [0] :       1024    -0.7114344278414266
Processor [0] :       1024    -0.7071089997119047
Processor [0] :       1024    -0.7027569493282045
Processor [0] :       1024    -0.6983784405425612
Processor [0] :       1024    -0.6939736382033560
Processor [0] :       1024    -0.6895427081489087
Processor [0] :       1024    -0.6850858172012309
Processor [0] :       1024    -0.6806031331597469
Processor [0] :       1024    -0.6760948247949772
Processor [0] :       1024    -0.6715610618421861
Processor [0] :       1024    -0.6670020149949831
Processor [0] :       1024    -0.6624178558989071
Processor [0] :       1024    -0.6578087571449562
Processor [0] :       1024    -0.6531748922630942
Processor [0] :       1024    -0.6485164357157140
Processor [0] :       1024    -0.6438335628910730
Processor [0] :       1024    -0.6391264500966847
Processor [0] :       1024    -0.6343952745526863
Processor [0] :       1024    -0.6296402143851622
Processor [0] :       1024    -0.6248614486194410
Processor [0] :       1024    -0.6200591571733518
Processor [0] :       1024    -0.6152335208504544
Processor [0] :       1024    -0.6103847213332285
Processor [0] :       1024    -0.6055129411762351
Processor [0] :       1024    -0.6006183637992434
Processor [0] :       1024    -0.5957011734803263
Processor [0] :       1024    -0.5907615553489179
Processor [0] :       1024    -0.5857996953788520
Processor [0] :       1024    -0.5808157803813491
Processor [0] :       1024    -0.5758099979979945
Processor [0] :       1024    -0.5707825366936632
Processor [0] :       1024    -0.5657335857494337
Processor [0] :       1024    -0.5606633352554542
Processor [0] :       1024    -0.5555719761037911
Processor [0] :       1024    -0.5504596999812378
Processor [0] :       1024    -0.5453266993621018
Processor [0] :       1024    -0.5401731675009540
Processor [0] :       1024    -0.5349992984253572
Processor [0] :       1024    -0.5298052869285574
Processor [0] :       1024    -0.5245913285621522
Processor [0] :       1024    -0.5193576196287266
Processor [0] :       1024    -0.5141043571744641
Processor [0] :       1024    -0.5088317389817272
Processor [0] :       1024    -0.5035399635616101
Processor [0] :       1024    -0.4982292301464675
Processor [0] :       1024    -0.4928997386824095
Processor [0] :       1024    -0.4875516898217785
Processor [0] :       1024    -0.4821852849155911
Processor [0] :       1024    -0.4768007260059588
Processor [0] :       1024    -0.4713982158184810
Processor [0] :       1024    -0.4659779577546131
Processor [0] :       1024    -0.4605401558840077
Processor [0] :       1024    -0.4550850149368314
Processor [0] :       1024    -0.4496127402960581
Processor [0] :       1024    -0.4441235379897343
Processor [0] :       1024    -0.4386176146832254
Processor [0] :       1024    -0.4330951776714309
Processor [0] :       1024    -0.4275564348709838
Processor [0] :       1024    -0.4220015948124195
Processor [0] :       1024    -0.4164308666323268
Processor [0] :       1024    -0.4108444600654730
Processor [0] :       1024    -0.4052425854369081
Processor [0] :       1024    -0.3996254536540457
Processor [0] :       1024    -0.3939932761987220
Processor [0] :       1024    -0.3883462651192356
Processor [0] :       1024    -0.3826846330223614
Processor [0] :       1024    -0.3770085930653486
Processor [0] :       1024    -0.3713183589478926
Processor [0] :       1024    -0.3656141449040925
Processor [0] :       1024    -0.3598961656943827
Processor [0] :       1024    -0.3541646365974483
Processor [0] :       1024    -0.3484197734021208
Processor [0] :       1024    -0.3426617923992524
Processor [0] :       1024    -0.3368909103735735
Processor [0] :       1024    -0.3311073445955305
Processor [0] :       1024    -0.3253113128131059
Processor [0] :       1024    -0.3195030332436209
Processor [0] :       1024    -0.3136827245655181
Processor [0] :       1024    -0.3078506059101295
Processor [0] :       1024    -0.3020068968534262
Processor [0] :       1024    -0.2961518174077512
Processor [0] :       1024    -0.2902855880135368
Processor [0] :       1024    -0.2844084295310038
Processor [0] :       1024    -0.2785205632318469
Processor [0] :       1024    -0.2726222107909049
Processor [0] :       1024    -0.2667135942778133
Processor [0] :       1024    -0.2607949361486444
Processor [0] :       1024    -0.2548664592375314
Processor [0] :       1024    -0.2489283867482793
Processor [0] :       1024    -0.2429809422459608
Processor [0] :       1024    -0.2370243496485003
Processor [0] :       1024    -0.2310588332182422
Processor [0] :       1024    -0.2250846175535083
Processor [0] :       1024    -0.2191019275801420
Processor [0] :       1024    -0.2131109885430391
Processor [0] :       1024    -0.2071120259976684
Processor [0] :       1024    -0.2011052658015791
Processor [0] :       1024    -0.1950909341058973
Processor [0] :       1024    -0.1890692573468126
Processor [0] :       1024    -0.1830404622370511
Processor [0] :       1024    -0.1770047757573411
Processor [0] :       1024    -0.1709624251478676
Processor [0] :       1024    -0.1649136378997153
Processor [0] :       1024    -0.1588586417463060
Processor [0] :       1024    -0.1527976646548220
Processor [0] :       1024    -0.1467309348176253
Processor [0] :       1024    -0.1406586806436654
Processor [0] :       1024    -0.1345811307498800
Processor [0] :       1024    -0.1284985139525873
Processor [0] :       1024    -0.1224110592588720
Processor [0] :       1024    -0.1163189958579627
Processor [0] :       1024    -0.1102225531126030
Processor [0] :       1024    -0.1041219605504166
Processor [0] :       1024    -0.0980174478552654
Processor [0] :       1024    -0.0919092448586024
Processor [0] :       1024    -0.0857975815308176
Processor [0] :       1024    -0.0796826879725812
Processor [0] :       1024    -0.0735647944061794
Processor [0] :       1024    -0.0674441311668473
Processor [0] :       1024    -0.0613209286940963
Processor [0] :       1024    -0.0551954175230387
Processor [0] :       1024    -0.0490678282757079
Processor [0] :       1024    -0.0429383916523758
Processor [0] :       1024    -0.0368073384228669
Processor [0] :       1024    -0.0306748994178699
Processor [0] :       1024    -0.0245413055202474
Processor [0] :       1024    -0.0184067876563428
Processor [0] :       1024    -0.0122715767872866
Processor [0] :       1024    -0.0061359039003002
Processor [0] :       1024     0.0000000000000000
