Processor [0] :       1024    0.0000000000000000
Processor [0] :       1024    0.0061359039003002
Processor [0] :       1024    0.0122715767872866
Processor [0] :       1024    0.0184067876563429
Processor [0] :       1024    0.0245413055202474
Processor [0] :       1024    0.0306748994178699
Processor [0] :       1024    0.0368073384228669
Processor [0] :       1024    0.0429383916523758
Processor [0] :       1024    0.0490678282757079
Processor [0] :       1024    0.0551954175230387
Processor [0] :       1024    0.0613209286940963
Processor [0] :       1024    0.0674441311668473
Processor [0] :       1024    0.0735647944061795
Processor [0] :       1024    0.0796826879725811
Processor [0] :       1024    0.0857975815308176
Processor [0] :       1024    0.0919092448586024
Processor [0] :       1024    0.0980174478552655
Processor [0] :       1024    0.1041219605504165
Processor [0] :       1024    0.1102225531126029
Processor [0] :       1024    0.1163189958579626
Processor [0] :       1024    0.1224110592588721
Processor [0] :       1024    0.1284985139525874
Processor [0] :       1024    0.1345811307498800
Processor [0] :       1024    0.1406586806436654
Processor [0] :       1024    0.1467309348176255
Processor [0] :       1024    0.1527976646548219
Processor [0] :       1024    0.1588586417463058
Processor [0] :       1024    0.1649136378997153
Processor [0] :       1024    0.1709624251478675
Processor [0] :       1024    0.1770047757573411
Processor [0] :       1024    0.1830404622370511
Processor [0] :       1024    0.1890692573468128
Processor [0] :       1024    0.1950909341058974
Processor [0] :       1024    0.2011052658015791
Processor [0] :       1024    0.2071120259976683
Processor [0] :       1024    0.2131109885430391
Processor [0] :       1024    0.2191019275801418
Processor [0] :       1024    0.2250846175535082
Processor [0] :       1024    0.2310588332182420
Processor [0] :       1024    0.2370243496485004
Processor [0] :       1024    0.2429809422459610
Processor [0] :       1024    0.2489283867482793
Processor [0] :       1024    0.2548664592375315
Processor [0] :       1024    0.2607949361486445
Processor [0] :       1024    0.2667135942778136
Processor [0] :       1024    0.2726222107909050
Processor [0] :       1024    0.2785205632318469
Processor [0] :       1024    0.2844084295310035
Processor [0] :       1024    0.2902855880135371
Processor [0] :       1024    0.2961518174077514
Processor [0] :       1024    0.3020068968534260
Processor [0] :       1024    0.3078506059101292
Processor [0] :       1024    0.3136827245655177
Processor [0] :       1024    0.3195030332436209
Processor [0] :       1024    0.3253113128131059
Processor [0] :       1024    0.3311073445955306
Processor [0] :       1024    0.3368909103735734
Processor [0] :       1024    0.3426617923992527
Processor [0] :       1024    0.3484197734021207
Processor [0] :       1024    0.3541646365974483
Processor [0] :       1024    0.3598961656943825
Processor [0] :       1024    0.3656141449040922
Processor [0] :       1024    0.3713183589478929
Processor [0] :       1024    0.3770085930653483
Processor [0] :       1024    0.3826846330223615
Processor [0] :       1024    0.3883462651192359
Processor [0] :       1024    0.3939932761987220
Processor [0] :       1024    0.3996254536540455
Processor [0] :       1024    0.4052425854369081
Processor [0] :       1024    0.4108444600654735
Processor [0] :       1024    0.4164308666323269
Processor [0] :       1024    0.4220015948124193
Processor [0] :       1024    0.4275564348709836
Processor [0] :       1024    0.4330951776714309
Processor [0] :       1024    0.4386176146832249
Processor [0] :       1024    0.4441235379897346
Processor [0] :       1024    0.4496127402960577
Processor [0] :       1024    0.4550850149368311
Processor [0] :       1024    0.4605401558840078
Processor [0] :       1024    0.4659779577546135
Processor [0] :       1024    0.4713982158184814
Processor [0] :       1024    0.4768007260059587
Processor [0] :       1024    0.4821852849155913
Processor [0] :       1024    0.4875516898217787
Processor [0] :       1024    0.4928997386824098
Processor [0] :       1024    0.4982292301464675
Processor [0] :       1024    0.5035399635616105
Processor [0] :       1024    0.5088317389817274
Processor [0] :       1024    0.5141043571744646
Processor [0] :       1024    0.5193576196287268
Processor [0] :       1024    0.5245913285621524
Processor [0] :       1024    0.5298052869285581
Processor [0] :       1024    0.5349992984253573
Processor [0] :       1024    0.5401731675009538
Processor [0] :       1024    0.5453266993621015
Processor [0] :       1024    0.5504596999812381
Processor [0] :       1024    0.5555719761037916
Processor [0] :       1024    0.5606633352554546
Processor [0] :       1024    0.5657335857494341
Processor [0] :       1024    0.5707825366936634
Processor [0] :       1024    0.5758099979979940
Processor [0] :       1024    0.5808157803813490
Processor [0] :       1024    0.5857996953788515
Processor [0] :       1024    0.5907615553489179
Processor [0] :       1024    0.5957011734803253
Processor [0] :       1024    0.6006183637992435
Processor [0] :       1024    0.6055129411762348
Processor [0] :       1024    0.6103847213332290
Processor [0] :       1024    0.6152335208504540
Processor [0] :       1024    0.6200591571733518
Processor [0] :       1024    0.6248614486194410
Processor [0] :       1024    0.6296402143851623
Processor [0] :       1024    0.6343952745526860
Processor [0] :       1024    0.6391264500966845
Processor [0] :       1024    0.6438335628910732
Processor [0] :       1024    0.6485164357157145
Processor [0] :       1024    0.6531748922630943
Processor [0] :       1024    0.6578087571449560
Processor [0] :       1024    0.6624178558989068
Processor [0] :       1024    0.6670020149949831
Processor [0] :       1024    0.6715610618421859
Processor [0] :       1024    0.6760948247949778
Processor [0] :       1024    0.6806031331597460
Processor [0] :       1024    0.6850858172012309
Processor [0] :       1024    0.6895427081489091
Processor [0] :       1024    0.6939736382033559
Processor [0] :       1024    0.6983784405425602
Processor [0] :       1024    0.7027569493282038
Processor [0] :       1024    0.7071089997119059
Processor [0] :       1024    0.7114344278414271
Processor [0] :       1024    0.7157330708668452
Processor [0] :       1024    0.7200047669466781
Processor [0] :       1024    0.7242493552539842
Processor [0] :       1024    0.7284666759824132
Processor [0] :       1024    0.7326565703522211
Processor [0] :       1024    0.7368188806162552
Processor [0] :       1024    0.7409534500658858
Processor [0] :       1024    0.7450601230369098
Processor [0] :       1024    0.7491387449154119
Processor [0] :       1024    0.7531891621435813
Processor [0] :       1024    0.7572112222255022
Processor [0] :       1024    0.7612047737328826
Processor [0] :       1024    0.7651696663107664
Processor [0] :       1024    0.7691057506831896
Processor [0] :       1024    0.7730128786588000
Processor [0] :       1024    0.7768909031364379
Processor [0] :       1024    0.7807396781106728
Processor [0] :       1024    0.7845590586773028
Processor [0] :       1024    0.7883489010388078
Processor [0] :       1024    0.7921090625097659
Processor [0] :       1024    0.7958394015222221
Processor [0] :       1024    0.7995397776310199
Processor [0] :       1024    0.8032100515190937
Processor [0] :       1024    0.8068500850027042
Processor [0] :       1024    0.8104597410366460
Processor [0] :       1024    0.8140388837194130
Processor [0] :       1024    0.8175873782983037
Processor [0] :       1024    0.8211050911745034
Processor [0] :       1024    0.8245918899081119
Processor [0] :       1024    0.8280476432231261
Processor [0] :       1024    0.8314722210123877
Processor [0] :       1024    0.8348654943424776
Processor [0] :       1024    0.8382273354585730
Processor [0] :       1024    0.8415576177892571
Processor [0] :       1024    0.8448562159512822
Processor [0] :       1024    0.8481230057542909
Processor [0] :       1024    0.8513578642054931
Processor [0] :       1024    0.8545606695142982
Processor [0] :       1024    0.8577313010968960
Processor [0] :       1024    0.8608696395807989
Processor [0] :       1024    0.8639755668093373
Processor [0] :       1024    0.8670489658461050
Processor [0] :       1024    0.8700897209793680
Processor [0] :       1024    0.8730977177264135
Processor [0] :       1024    0.8760728428378620
Processor [0] :       1024    0.8790149843019360
Processor [0] :       1024    0.8819240313486731
Processor [0] :       1024    0.8847998744540960
Processor [0] :       1024    0.8876424053443354
Processor [0] :       1024    0.8904515169997110
Processor [0] :       1024    0.8932271036587578
Processor [0] :       1024    0.8959690608222045
Processor [0] :       1024    0.8986772852569173
Processor [0] :       1024    0.9013516749997719
Processor [0] :       1024    0.9039921293615097
Processor [0] :       1024    0.9065985489305166
Processor [0] :       1024    0.9091708355765663
Processor [0] :       1024    0.9117088924545232
Processor [0] :       1024    0.9142126240079784
Processor [0] :       1024    0.9166819359728545
Processor [0] :       1024    0.9191167353809538
Processor [0] :       1024    0.9215169305634509
Processor [0] :       1024    0.9238824311543570
Processor [0] :       1024    0.9262131480939086
Processor [0] :       1024    0.9285089936319344
Processor [0] :       1024    0.9307698813311445
Processor [0] :       1024    0.9329957260703963
Processor [0] :       1024    0.9351864440478925
Processor [0] :       1024    0.9373419527843387
Processor [0] :       1024    0.9394621711260513
Processor [0] :       1024    0.9415470192480073
Processor [0] :       1024    0.9435964186568531
Processor [0] :       1024    0.9456102921938588
Processor [0] :       1024    0.9475885640378250
Processor [0] :       1024    0.9495311597079354
Processor [0] :       1024    0.9514380060665590
Processor [0] :       1024    0.9533090313220081
Processor [0] :       1024    0.9551441650312420
Processor [0] :       1024    0.9569433381025112
Processor [0] :       1024    0.9587064827979691
Processor [0] :       1024    0.9604335327362106
Processor [0] :       1024    0.9621244228947845
Processor [0] :       1024    0.9637790896126314
Processor [0] :       1024    0.9653974705924846
Processor [0] :       1024    0.9669795049032164
Processor [0] :       1024    0.9685251329821253
Processor [0] :       1024    0.9700342966371901
Processor [0] :       1024    0.9715069390492517
Processor [0] :       1024    0.9729430047741580
Processor [0] :       1024    0.9743424397448434
Processor [0] :       1024    0.9757051912733733
Processor [0] :       1024    0.9770312080529215
Processor [0] :       1024    0.9783204401597072
Processor [0] :       1024    0.9795728390548704
Processor [0] :       1024    0.9807883575863000
Processor [0] :       1024    0.9819669499904093
Processor [0] :       1024    0.9831085718938622
Processor [0] :       1024    0.9842131803152381
Processor [0] :       1024    0.9852807336666561
Processor [0] :       1024    0.9863111917553335
Processor [0] :       1024    0.9873045157851055
Processor [0] :       1024    0.9882606683578858
Processor [0] :       1024    0.9891796134750701
Processor [0] :       1024    0.9900613165388941
Processor [0] :       1024    0.9909057443537331
Processor [0] :       1024    0.9917128651273607
Processor [0] :       1024    0.9924826484721347
Processor [0] :       1024    0.9932150654061476
Processor [0] :       1024    0.9939100883543150
Processor [0] :       1024    0.9945676911494161
Processor [0] :       1024    0.9951878490330778
Processor [0] :       1024    0.9957705386567043
Processor [0] :       1024    0.9963157380823646
Processor [0] :       1024    0.9968234267836036
Processor [0] :       1024    0.9972935856462316
Processor [0] :       1024    0.9977261969690339
Processor [0] :       1024    0.9981212444644377
Processor [0] :       1024    0.9984787132591277
Processor [0] :       1024    0.9987985898946050
Processor [0] :       1024    0.9990808623276956
Processor [0] :       1024    0.9993255199310025
Processor [0] :       1024    0.9995325534933043
Processor [0] :       1024    0.9997019552199063
Processor [0] :       1024    0.9998337187329280
Processor [0] :       1024    0.9999278390715483
Processor [0] :       1024    0.9999843126921889
Processor [0] :       1024    1.0000031374686491
Processor [0] :       1024    0.9999843126921897
Processor [0] :       1024    0.9999278390715485
Processor [0] :       1024    0.9998337187329287
Processor [0] :       1024    0.9997019552199076
Processor [0] :       1024    0.9995325534933056
Processor [0] :       1024    0.9993255199310027
Processor [0] :       1024    0.9990808623276970
Processor [0] :       1024    0.9987985898946031
Processor [0] :       1024    0.9984787132591257
Processor [0] :       1024    0.9981212444644383
Processor [0] :       1024    0.9977261969690354
Processor [0] :       1024    0.9972935856462333
Processor [0] :       1024    0.9968234267836047
Processor [0] :       1024    0.9963157380823638
Processor [0] :       1024    0.9957705386567052
Processor [0] :       1024    0.9951878490330779
Processor [0] :       1024    0.9945676911494161
Processor [0] :       1024    0.9939100883543152
Processor [0] :       1024    0.9932150654061468
Processor [0] :       1024    0.9924826484721354
Processor [0] :       1024    0.9917128651273608
Processor [0] :       1024    0.9909057443537326
Processor [0] :       1024    0.9900613165388934
Processor [0] :       1024    0.9891796134750701
Processor [0] :       1024    0.9882606683578875
Processor [0] :       1024    0.9873045157851063
Processor [0] :       1024    0.9863111917553331
Processor [0] :       1024    0.9852807336666547
Processor [0] :       1024    0.9842131803152381
Processor [0] :       1024    0.9831085718938617
Processor [0] :       1024    0.9819669499904082
Processor [0] :       1024    0.9807883575863003
Processor [0] :       1024    0.9795728390548695
Processor [0] :       1024    0.9783204401597074
Processor [0] :       1024    0.9770312080529207
Processor [0] :       1024    0.9757051912733727
Processor [0] :       1024    0.9743424397448439
Processor [0] :       1024    0.9729430047741584
Processor [0] :       1024    0.9715069390492543
Processor [0] :       1024    0.9700342966371893
Processor [0] :       1024    0.9685251329821251
Processor [0] :       1024    0.9669795049032148
Processor [0] :       1024    0.9653974705924844
Processor [0] :       1024    0.9637790896126323
Processor [0] :       1024    0.9621244228947854
Processor [0] :       1024    0.9604335327362088
Processor [0] :       1024    0.9587064827979692
Processor [0] :       1024    0.9569433381025119
Processor [0] :       1024    0.9551441650312431
Processor [0] :       1024    0.9533090313220096
Processor [0] :       1024    0.9514380060665588
Processor [0] :       1024    0.9495311597079354
Processor [0] :       1024    0.9475885640378268
Processor [0] :       1024    0.9456102921938597
Processor [0] :       1024    0.9435964186568533
Processor [0] :       1024    0.9415470192480084
Processor [0] :       1024    0.9394621711260520
Processor [0] :       1024    0.9373419527843390
Processor [0] :       1024    0.9351864440478914
Processor [0] :       1024    0.9329957260703969
Processor [0] :       1024    0.9307698813311447
Processor [0] :       1024    0.9285089936319344
Processor [0] :       1024    0.9262131480939105
Processor [0] :       1024    0.9238824311543563
Processor [0] :       1024    0.9215169305634519
Processor [0] :       1024    0.9191167353809532
Processor [0] :       1024    0.9166819359728553
Processor [0] :       1024    0.9142126240079779
Processor [0] :       1024    0.9117088924545227
Processor [0] :       1024    0.9091708355765664
Processor [0] :       1024    0.9065985489305159
Processor [0] :       1024    0.9039921293615105
Processor [0] :       1024    0.9013516749997712
Processor [0] :       1024    0.8986772852569165
Processor [0] :       1024    0.8959690608222062
Processor [0] :       1024    0.8932271036587576
Processor [0] :       1024    0.8904515169997116
Processor [0] :       1024    0.8876424053443341
Processor [0] :       1024    0.8847998744540966
Processor [0] :       1024    0.8819240313486747
Processor [0] :       1024    0.8790149843019359
Processor [0] :       1024    0.8760728428378628
Processor [0] :       1024    0.8730977177264130
Processor [0] :       1024    0.8700897209793699
Processor [0] :       1024    0.8670489658461062
Processor [0] :       1024    0.8639755668093365
Processor [0] :       1024    0.8608696395807984
Processor [0] :       1024    0.8577313010968954
Processor [0] :       1024    0.8545606695142984
Processor [0] :       1024    0.8513578642054929
Processor [0] :       1024    0.8481230057542914
Processor [0] :       1024    0.8448562159512820
Processor [0] :       1024    0.8415576177892574
Processor [0] :       1024    0.8382273354585716
Processor [0] :       1024    0.8348654943424774
Processor [0] :       1024    0.8314722210123873
Processor [0] :       1024    0.8280476432231256
Processor [0] :       1024    0.8245918899081117
Processor [0] :       1024    0.8211050911745041
Processor [0] :       1024    0.8175873782983036
Processor [0] :       1024    0.8140388837194124
Processor [0] :       1024    0.8104597410366456
Processor [0] :       1024    0.8068500850027047
Processor [0] :       1024    0.8032100515190939
Processor [0] :       1024    0.7995397776310202
Processor [0] :       1024    0.7958394015222214
Processor [0] :       1024    0.7921090625097662
Processor [0] :       1024    0.7883489010388087
Processor [0] :       1024    0.7845590586773030
Processor [0] :       1024    0.7807396781106730
Processor [0] :       1024    0.7768909031364384
Processor [0] :       1024    0.7730128786588009
Processor [0] :       1024    0.7691057506831902
Processor [0] :       1024    0.7651696663107659
Processor [0] :       1024    0.7612047737328840
Processor [0] :       1024    0.7572112222255012
Processor [0] :       1024    0.7531891621435831
Processor [0] :       1024    0.7491387449154121
Processor [0] :       1024    0.7450601230369100
Processor [0] :       1024    0.7409534500658865
Processor [0] :       1024    0.7368188806162577
Processor [0] :       1024    0.7326565703522203
Processor [0] :       1024    0.7284666759824137
Processor [0] :       1024    0.7242493552539848
Processor [0] :       1024    0.7200047669466796
Processor [0] :       1024    0.7157330708668435
Processor [0] :       1024    0.7114344278414282
Processor [0] :       1024    0.7071089997119062
Processor [0] :       1024    0.7027569493282044
Processor [0] :       1024    0.6983784405425606
Processor [0] :       1024    0.6939736382033568
Processor [0] :       1024    0.6895427081489109
Processor [0] :       1024    0.6850858172012302
Processor [0] :       1024    0.6806031331597480
Processor [0] :       1024    0.6760948247949778
Processor [0] :       1024    0.6715610618421852
Processor [0] :       1024    0.6670020149949827
Processor [0] :       1024    0.6624178558989076
Processor [0] :       1024    0.6578087571449571
Processor [0] :       1024    0.6531748922630942
Processor [0] :       1024    0.6485164357157140
Processor [0] :       1024    0.6438335628910732
Processor [0] :       1024    0.6391264500966838
Processor [0] :       1024    0.6343952745526846
Processor [0] :       1024    0.6296402143851625
Processor [0] :       1024    0.6248614486194404
Processor [0] :       1024    0.6200591571733507
Processor [0] :       1024    0.6152335208504549
Processor [0] :       1024    0.6103847213332292
Processor [0] :       1024    0.6055129411762348
Processor [0] :       1024    0.6006183637992448
Processor [0] :       1024    0.5957011734803261
Processor [0] :       1024    0.5907615553489194
Processor [0] :       1024    0.5857996953788525
Processor [0] :       1024    0.5808157803813492
Processor [0] :       1024    0.5758099979979947
Processor [0] :       1024    0.5707825366936639
Processor [0] :       1024    0.5657335857494332
Processor [0] :       1024    0.5606633352554549
Processor [0] :       1024    0.5555719761037912
Processor [0] :       1024    0.5504596999812377
Processor [0] :       1024    0.5453266993621024
Processor [0] :       1024    0.5401731675009529
Processor [0] :       1024    0.5349992984253573
Processor [0] :       1024    0.5298052869285574
Processor [0] :       1024    0.5245913285621524
Processor [0] :       1024    0.5193576196287266
Processor [0] :       1024    0.5141043571744643
Processor [0] :       1024    0.5088317389817272
Processor [0] :       1024    0.5035399635616109
Processor [0] :       1024    0.4982292301464679
Processor [0] :       1024    0.4928997386824108
Processor [0] :       1024    0.4875516898217787
Processor [0] :       1024    0.4821852849155912
Processor [0] :       1024    0.4768007260059604
Processor [0] :       1024    0.4713982158184804
Processor [0] :       1024    0.4659779577546135
Processor [0] :       1024    0.4605401558840052
Processor [0] :       1024    0.4550850149368315
Processor [0] :       1024    0.4496127402960566
Processor [0] :       1024    0.4441235379897326
Processor [0] :       1024    0.4386176146832261
Processor [0] :       1024    0.4330951776714325
Processor [0] :       1024    0.4275564348709835
Processor [0] :       1024    0.4220015948124198
Processor [0] :       1024    0.4164308666323269
Processor [0] :       1024    0.4108444600654726
Processor [0] :       1024    0.4052425854369088
Processor [0] :       1024    0.3996254536540456
Processor [0] :       1024    0.3939932761987222
Processor [0] :       1024    0.3883462651192369
Processor [0] :       1024    0.3826846330223621
Processor [0] :       1024    0.3770085930653484
Processor [0] :       1024    0.3713183589478923
Processor [0] :       1024    0.3656141449040937
Processor [0] :       1024    0.3598961656943829
Processor [0] :       1024    0.3541646365974482
Processor [0] :       1024    0.3484197734021199
Processor [0] :       1024    0.3426617923992528
Processor [0] :       1024    0.3368909103735735
Processor [0] :       1024    0.3311073445955313
Processor [0] :       1024    0.3253113128131069
Processor [0] :       1024    0.3195030332436217
Processor [0] :       1024    0.3136827245655174
Processor [0] :       1024    0.3078506059101294
Processor [0] :       1024    0.3020068968534271
Processor [0] :       1024    0.2961518174077515
Processor [0] :       1024    0.2902855880135369
Processor [0] :       1024    0.2844084295310039
Processor [0] :       1024    0.2785205632318484
Processor [0] :       1024    0.2726222107909044
Processor [0] :       1024    0.2667135942778129
Processor [0] :       1024    0.2607949361486450
Processor [0] :       1024    0.2548664592375309
Processor [0] :       1024    0.2489283867482788
Processor [0] :       1024    0.2429809422459592
Processor [0] :       1024    0.2370243496485005
Processor [0] :       1024    0.2310588332182411
Processor [0] :       1024    0.2250846175535086
Processor [0] :       1024    0.2191019275801418
Processor [0] :       1024    0.2131109885430384
Processor [0] :       1024    0.2071120259976684
Processor [0] :       1024    0.2011052658015791
Processor [0] :       1024    0.1950909341058977
Processor [0] :       1024    0.1890692573468133
Processor [0] :       1024    0.1830404622370503
Processor [0] :       1024    0.1770047757573405
Processor [0] :       1024    0.1709624251478683
Processor [0] :       1024    0.1649136378997160
Processor [0] :       1024    0.1588586417463058
Processor [0] :       1024    0.1527976646548228
Processor [0] :       1024    0.1467309348176240
Processor [0] :       1024    0.1406586806436665
Processor [0] :       1024    0.1345811307498792
Processor [0] :       1024    0.1284985139525858
Processor [0] :       1024    0.1224110592588736
Processor [0] :       1024    0.1163189958579642
Processor [0] :       1024    0.1102225531126044
Processor [0] :       1024    0.1041219605504171
Processor [0] :       1024    0.0980174478552667
Processor [0] :       1024    0.0919092448586021
Processor [0] :       1024    0.0857975815308192
Processor [0] :       1024    0.0796826879725812
Processor [0] :       1024    0.0735647944061788
Processor [0] :       1024    0.0674441311668477
Processor [0] :       1024    0.0613209286940968
Processor [0] :       1024    0.0551954175230394
Processor [0] :       1024    0.0490678282757067
Processor [0] :       1024    0.0429383916523771
Processor [0] :       1024    0.0368073384228662
Processor [0] :       1024    0.0306748994178718
Processor [0] :       1024    0.0245413055202475
Processor [0] :       1024    0.0184067876563430
Processor [0] :       1024    0.0122715767872876
Processor [0] :       1024    0.0061359039003015
Processor [0] :       1024    0.0000000000000002
Processor [0] :       1024    -0.0061359039002993
Processor [0] :       1024    -0.0122715767872867
Processor [0] :       1024    -0.0184067876563418
Processor [0] :       1024    -0.0245413055202472
Processor [0] :       1024    -0.0306748994178698
Processor [0] :       1024    -0.0368073384228662
Processor [0] :       1024    -0.0429383916523749
Processor [0] :       1024    -0.0490678282757073
Processor [0] :       1024    -0.0551954175230378
Processor [0] :       1024    -0.0613209286940948
Processor [0] :       1024    -0.0674441311668468
Processor [0] :       1024    -0.0735647944061804
Processor [0] :       1024    -0.0796826879725814
Processor [0] :       1024    -0.0857975815308167
Processor [0] :       1024    -0.0919092448586023
Processor [0] :       1024    -0.0980174478552656
Processor [0] :       1024    -0.1041219605504158
Processor [0] :       1024    -0.1102225531126042
Processor [0] :       1024    -0.1163189958579618
Processor [0] :       1024    -0.1224110592588719
Processor [0] :       1024    -0.1284985139525880
Processor [0] :       1024    -0.1345811307498805
Processor [0] :       1024    -0.1406586806436658
Processor [0] :       1024    -0.1467309348176258
Processor [0] :       1024    -0.1527976646548208
Processor [0] :       1024    -0.1588586417463063
Processor [0] :       1024    -0.1649136378997160
Processor [0] :       1024    -0.1709624251478659
Processor [0] :       1024    -0.1770047757573403
Processor [0] :       1024    -0.1830404622370505
Processor [0] :       1024    -0.1890692573468111
Processor [0] :       1024    -0.1950909341058975
Processor [0] :       1024    -0.2011052658015786
Processor [0] :       1024    -0.2071120259976689
Processor [0] :       1024    -0.2131109885430396
Processor [0] :       1024    -0.2191019275801416
Processor [0] :       1024    -0.2250846175535077
Processor [0] :       1024    -0.2310588332182428
Processor [0] :       1024    -0.2370243496485001
Processor [0] :       1024    -0.2429809422459606
Processor [0] :       1024    -0.2489283867482803
Processor [0] :       1024    -0.2548664592375323
Processor [0] :       1024    -0.2607949361486444
Processor [0] :       1024    -0.2667135942778143
Processor [0] :       1024    -0.2726222107909049
Processor [0] :       1024    -0.2785205632318462
Processor [0] :       1024    -0.2844084295310039
Processor [0] :       1024    -0.2902855880135364
Processor [0] :       1024    -0.2961518174077511
Processor [0] :       1024    -0.3020068968534249
Processor [0] :       1024    -0.3078506059101294
Processor [0] :       1024    -0.3136827245655178
Processor [0] :       1024    -0.3195030332436202
Processor [0] :       1024    -0.3253113128131051
Processor [0] :       1024    -0.3311073445955310
Processor [0] :       1024    -0.3368909103735731
Processor [0] :       1024    -0.3426617923992528
Processor [0] :       1024    -0.3484197734021217
Processor [0] :       1024    -0.3541646365974473
Processor [0] :       1024    -0.3598961656943809
Processor [0] :       1024    -0.3656141449040915
Processor [0] :       1024    -0.3713183589478930
Processor [0] :       1024    -0.3770085930653475
Processor [0] :       1024    -0.3826846330223621
Processor [0] :       1024    -0.3883462651192351
Processor [0] :       1024    -0.3939932761987224
Processor [0] :       1024    -0.3996254536540440
Processor [0] :       1024    -0.4052425854369093
Processor [0] :       1024    -0.4108444600654728
Processor [0] :       1024    -0.4164308666323282
Processor [0] :       1024    -0.4220015948124185
Processor [0] :       1024    -0.4275564348709839
Processor [0] :       1024    -0.4330951776714314
Processor [0] :       1024    -0.4386176146832246
Processor [0] :       1024    -0.4441235379897353
Processor [0] :       1024    -0.4496127402960566
Processor [0] :       1024    -0.4550850149368313
Processor [0] :       1024    -0.4605401558840052
Processor [0] :       1024    -0.4659779577546128
Processor [0] :       1024    -0.4713982158184800
Processor [0] :       1024    -0.4768007260059586
Processor [0] :       1024    -0.4821852849155885
Processor [0] :       1024    -0.4875516898217789
Processor [0] :       1024    -0.4928997386824094
Processor [0] :       1024    -0.4982292301464668
Processor [0] :       1024    -0.5035399635616109
Processor [0] :       1024    -0.5088317389817267
Processor [0] :       1024    -0.5141043571744635
Processor [0] :       1024    -0.5193576196287262
Processor [0] :       1024    -0.5245913285621520
Processor [0] :       1024    -0.5298052869285566
Processor [0] :       1024    -0.5349992984253586
Processor [0] :       1024    -0.5401731675009551
Processor [0] :       1024    -0.5453266993621011
Processor [0] :       1024    -0.5504596999812366
Processor [0] :       1024    -0.5555719761037903
Processor [0] :       1024    -0.5606633352554549
Processor [0] :       1024    -0.5657335857494339
Processor [0] :       1024    -0.5707825366936632
Processor [0] :       1024    -0.5758099979979940
Processor [0] :       1024    -0.5808157803813487
Processor [0] :       1024    -0.5857996953788516
Processor [0] :       1024    -0.5907615553489198
Processor [0] :       1024    -0.5957011734803257
Processor [0] :       1024    -0.6006183637992444
Processor [0] :       1024    -0.6055129411762343
Processor [0] :       1024    -0.6103847213332287
Processor [0] :       1024    -0.6152335208504538
Processor [0] :       1024    -0.6200591571733525
Processor [0] :       1024    -0.6248614486194415
Processor [0] :       1024    -0.6296402143851620
Processor [0] :       1024    -0.6343952745526857
Processor [0] :       1024    -0.6391264500966845
Processor [0] :       1024    -0.6438335628910734
Processor [0] :       1024    -0.6485164357157138
Processor [0] :       1024    -0.6531748922630933
Processor [0] :       1024    -0.6578087571449547
Processor [0] :       1024    -0.6624178558989069
Processor [0] :       1024    -0.6670020149949829
Processor [0] :       1024    -0.6715610618421857
Processor [0] :       1024    -0.6760948247949785
Processor [0] :       1024    -0.6806031331597455
Processor [0] :       1024    -0.6850858172012293
Processor [0] :       1024    -0.6895427081489078
Processor [0] :       1024    -0.6939736382033561
Processor [0] :       1024    -0.6983784405425606
Processor [0] :       1024    -0.7027569493282035
Processor [0] :       1024    -0.7071089997119053
Processor [0] :       1024    -0.7114344278414262
Processor [0] :       1024    -0.7157330708668435
Processor [0] :       1024    -0.7200047669466778
Processor [0] :       1024    -0.7242493552539850
Processor [0] :       1024    -0.7284666759824134
Processor [0] :       1024    -0.7326565703522205
Processor [0] :       1024    -0.7368188806162546
Processor [0] :       1024    -0.7409534500658856
Processor [0] :       1024    -0.7450601230369100
Processor [0] :       1024    -0.7491387449154110
Processor [0] :       1024    -0.7531891621435804
Processor [0] :       1024    -0.7572112222255032
Processor [0] :       1024    -0.7612047737328833
Processor [0] :       1024    -0.7651696663107672
Processor [0] :       1024    -0.7691057506831878
Processor [0] :       1024    -0.7730128786587993
Processor [0] :       1024    -0.7768909031364375
Processor [0] :       1024    -0.7807396781106724
Processor [0] :       1024    -0.7845590586773012
Processor [0] :       1024    -0.7883489010388067
Processor [0] :       1024    -0.7921090625097655
Processor [0] :       1024    -0.7958394015222212
Processor [0] :       1024    -0.7995397776310211
Processor [0] :       1024    -0.8032100515190934
Processor [0] :       1024    -0.8068500850027038
Processor [0] :       1024    -0.8104597410366445
Processor [0] :       1024    -0.8140388837194124
Processor [0] :       1024    -0.8175873782983041
Processor [0] :       1024    -0.8211050911745033
Processor [0] :       1024    -0.8245918899081104
Processor [0] :       1024    -0.8280476432231243
Processor [0] :       1024    -0.8314722210123857
Processor [0] :       1024    -0.8348654943424776
Processor [0] :       1024    -0.8382273354585741
Processor [0] :       1024    -0.8415576177892579
Processor [0] :       1024    -0.8448562159512805
Processor [0] :       1024    -0.8481230057542901
Processor [0] :       1024    -0.8513578642054933
Processor [0] :       1024    -0.8545606695142984
Processor [0] :       1024    -0.8577313010968959
Processor [0] :       1024    -0.8608696395807989
Processor [0] :       1024    -0.8639755668093365
Processor [0] :       1024    -0.8670489658461056
Processor [0] :       1024    -0.8700897209793692
Processor [0] :       1024    -0.8730977177264132
Processor [0] :       1024    -0.8760728428378624
Processor [0] :       1024    -0.8790149843019366
Processor [0] :       1024    -0.8819240313486718
Processor [0] :       1024    -0.8847998744540955
Processor [0] :       1024    -0.8876424053443348
Processor [0] :       1024    -0.8904515169997116
Processor [0] :       1024    -0.8932271036587569
Processor [0] :       1024    -0.8959690608222066
Processor [0] :       1024    -0.8986772852569156
Processor [0] :       1024    -0.9013516749997712
Processor [0] :       1024    -0.9039921293615096
Processor [0] :       1024    -0.9065985489305151
Processor [0] :       1024    -0.9091708355765673
Processor [0] :       1024    -0.9117088924545214
Processor [0] :       1024    -0.9142126240079795
Processor [0] :       1024    -0.9166819359728553
Processor [0] :       1024    -0.9191167353809522
Processor [0] :       1024    -0.9215169305634503
Processor [0] :       1024    -0.9238824311543564
Processor [0] :       1024    -0.9262131480939071
Processor [0] :       1024    -0.9285089936319335
Processor [0] :       1024    -0.9307698813311452
Processor [0] :       1024    -0.9329957260703944
Processor [0] :       1024    -0.9351864440478896
Processor [0] :       1024    -0.9373419527843386
Processor [0] :       1024    -0.9394621711260509
Processor [0] :       1024    -0.9415470192480095
Processor [0] :       1024    -0.9435964186568542
Processor [0] :       1024    -0.9456102921938596
Processor [0] :       1024    -0.9475885640378257
Processor [0] :       1024    -0.9495311597079350
Processor [0] :       1024    -0.9514380060665580
Processor [0] :       1024    -0.9533090313220078
Processor [0] :       1024    -0.9551441650312422
Processor [0] :       1024    -0.9569433381025111
Processor [0] :       1024    -0.9587064827979681
Processor [0] :       1024    -0.9604335327362110
Processor [0] :       1024    -0.9621244228947842
Processor [0] :       1024    -0.9637790896126308
Processor [0] :       1024    -0.9653974705924843
Processor [0] :       1024    -0.9669795049032148
Processor [0] :       1024    -0.9685251329821244
Processor [0] :       1024    -0.9700342966371913
Processor [0] :       1024    -0.9715069390492519
Processor [0] :       1024    -0.9729430047741581
Processor [0] :       1024    -0.9743424397448435
Processor [0] :       1024    -0.9757051912733723
Processor [0] :       1024    -0.9770312080529209
Processor [0] :       1024    -0.9783204401597068
Processor [0] :       1024    -0.9795728390548701
Processor [0] :       1024    -0.9807883575862998
Processor [0] :       1024    -0.9819669499904093
Processor [0] :       1024    -0.9831085718938624
Processor [0] :       1024    -0.9842131803152383
Processor [0] :       1024    -0.9852807336666554
Processor [0] :       1024    -0.9863111917553329
Processor [0] :       1024    -0.9873045157851068
Processor [0] :       1024    -0.9882606683578858
Processor [0] :       1024    -0.9891796134750706
Processor [0] :       1024    -0.9900613165388917
Processor [0] :       1024    -0.9909057443537337
Processor [0] :       1024    -0.9917128651273609
Processor [0] :       1024    -0.9924826484721359
Processor [0] :       1024    -0.9932150654061478
Processor [0] :       1024    -0.9939100883543155
Processor [0] :       1024    -0.9945676911494159
Processor [0] :       1024    -0.9951878490330777
Processor [0] :       1024    -0.9957705386567055
Processor [0] :       1024    -0.9963157380823642
Processor [0] :       1024    -0.9968234267836044
Processor [0] :       1024    -0.9972935856462336
Processor [0] :       1024    -0.9977261969690345
Processor [0] :       1024    -0.9981212444644366
Processor [0] :       1024    -0.9984787132591275
Processor [0] :       1024    -0.9987985898946026
Processor [0] :       1024    -0.9990808623276943
Processor [0] :       1024    -0.9993255199310023
Processor [0] :       1024    -0.9995325534933051
Processor [0] :       1024    -0.9997019552199073
Processor [0] :       1024    -0.9998337187329285
Processor [0] :       1024    -0.9999278390715478
Processor [0] :       1024    -0.9999843126921886
Processor [0] :       1024    -1.0000031374686493
Processor [0] :       1024    -0.9999843126921887
Processor [0] :       1024    -0.9999278390715479
Processor [0] :       1024    -0.9998337187329283
Processor [0] :       1024    -0.9997019552199066
Processor [0] :       1024    -0.9995325534933037
Processor [0] :       1024    -0.9993255199310016
Processor [0] :       1024    -0.9990808623276948
Processor [0] :       1024    -0.9987985898946034
Processor [0] :       1024    -0.9984787132591265
Processor [0] :       1024    -0.9981212444644376
Processor [0] :       1024    -0.9977261969690334
Processor [0] :       1024    -0.9972935856462326
Processor [0] :       1024    -0.9968234267836040
Processor [0] :       1024    -0.9963157380823633
Processor [0] :       1024    -0.9957705386567054
Processor [0] :       1024    -0.9951878490330779
Processor [0] :       1024    -0.9945676911494170
Processor [0] :       1024    -0.9939100883543156
Processor [0] :       1024    -0.9932150654061482
Processor [0] :       1024    -0.9924826484721345
Processor [0] :       1024    -0.9917128651273617
Processor [0] :       1024    -0.9909057443537337
Processor [0] :       1024    -0.9900613165388926
Processor [0] :       1024    -0.9891796134750703
Processor [0] :       1024    -0.9882606683578855
Processor [0] :       1024    -0.9873045157851045
Processor [0] :       1024    -0.9863111917553328
Processor [0] :       1024    -0.9852807336666548
Processor [0] :       1024    -0.9842131803152381
Processor [0] :       1024    -0.9831085718938624
Processor [0] :       1024    -0.9819669499904102
Processor [0] :       1024    -0.9807883575863003
Processor [0] :       1024    -0.9795728390548711
Processor [0] :       1024    -0.9783204401597079
Processor [0] :       1024    -0.9770312080529207
Processor [0] :       1024    -0.9757051912733744
Processor [0] :       1024    -0.9743424397448426
Processor [0] :       1024    -0.9729430047741583
Processor [0] :       1024    -0.9715069390492523
Processor [0] :       1024    -0.9700342966371890
Processor [0] :       1024    -0.9685251329821238
Processor [0] :       1024    -0.9669795049032152
Processor [0] :       1024    -0.9653974705924848
Processor [0] :       1024    -0.9637790896126315
Processor [0] :       1024    -0.9621244228947844
Processor [0] :       1024    -0.9604335327362112
Processor [0] :       1024    -0.9587064827979684
Processor [0] :       1024    -0.9569433381025130
Processor [0] :       1024    -0.9551441650312423
Processor [0] :       1024    -0.9533090313220085
Processor [0] :       1024    -0.9514380060665582
Processor [0] :       1024    -0.9495311597079354
Processor [0] :       1024    -0.9475885640378254
Processor [0] :       1024    -0.9456102921938593
Processor [0] :       1024    -0.9435964186568541
Processor [0] :       1024    -0.9415470192480077
Processor [0] :       1024    -0.9394621711260519
Processor [0] :       1024    -0.9373419527843380
Processor [0] :       1024    -0.9351864440478914
Processor [0] :       1024    -0.9329957260703969
Processor [0] :       1024    -0.9307698813311440
Processor [0] :       1024    -0.9285089936319346
Processor [0] :       1024    -0.9262131480939083
Processor [0] :       1024    -0.9238824311543562
Processor [0] :       1024    -0.9215169305634504
Processor [0] :       1024    -0.9191167353809522
Processor [0] :       1024    -0.9166819359728544
Processor [0] :       1024    -0.9142126240079789
Processor [0] :       1024    -0.9117088924545220
Processor [0] :       1024    -0.9091708355765671
Processor [0] :       1024    -0.9065985489305151
Processor [0] :       1024    -0.9039921293615099
Processor [0] :       1024    -0.9013516749997715
Processor [0] :       1024    -0.8986772852569160
Processor [0] :       1024    -0.8959690608222053
Processor [0] :       1024    -0.8932271036587571
Processor [0] :       1024    -0.8904515169997110
Processor [0] :       1024    -0.8876424053443353
Processor [0] :       1024    -0.8847998744540957
Processor [0] :       1024    -0.8819240313486723
Processor [0] :       1024    -0.8790149843019370
Processor [0] :       1024    -0.8760728428378624
Processor [0] :       1024    -0.8730977177264125
Processor [0] :       1024    -0.8700897209793678
Processor [0] :       1024    -0.8670489658461057
Processor [0] :       1024    -0.8639755668093376
Processor [0] :       1024    -0.8608696395807985
Processor [0] :       1024    -0.8577313010968952
Processor [0] :       1024    -0.8545606695142982
Processor [0] :       1024    -0.8513578642054930
Processor [0] :       1024    -0.8481230057542897
Processor [0] :       1024    -0.8448562159512816
Processor [0] :       1024    -0.8415576177892574
Processor [0] :       1024    -0.8382273354585736
Processor [0] :       1024    -0.8348654943424766
Processor [0] :       1024    -0.8314722210123868
Processor [0] :       1024    -0.8280476432231252
Processor [0] :       1024    -0.8245918899081115
Processor [0] :       1024    -0.8211050911745037
Processor [0] :       1024    -0.8175873782983040
Processor [0] :       1024    -0.8140388837194121
Processor [0] :       1024    -0.8104597410366460
Processor [0] :       1024    -0.8068500850027033
Processor [0] :       1024    -0.8032100515190950
Processor [0] :       1024    -0.7995397776310204
Processor [0] :       1024    -0.7958394015222219
Processor [0] :       1024    -0.7921090625097666
Processor [0] :       1024    -0.7883489010388085
Processor [0] :       1024    -0.7845590586773022
Processor [0] :       1024    -0.7807396781106720
Processor [0] :       1024    -0.7768909031364367
Processor [0] :       1024    -0.7730128786588006
Processor [0] :       1024    -0.7691057506831893
Processor [0] :       1024    -0.7651696663107662
Processor [0] :       1024    -0.7612047737328828
Processor [0] :       1024    -0.7572112222255013
Processor [0] :       1024    -0.7531891621435814
Processor [0] :       1024    -0.7491387449154118
Processor [0] :       1024    -0.7450601230369096
Processor [0] :       1024    -0.7409534500658859
Processor [0] :       1024    -0.7368188806162548
Processor [0] :       1024    -0.7326565703522212
Processor [0] :       1024    -0.7284666759824125
Processor [0] :       1024    -0.7242493552539838
Processor [0] :       1024    -0.7200047669466786
Processor [0] :       1024    -0.7157330708668449
Processor [0] :       1024    -0.7114344278414264
Processor [0] :       1024    -0.7071089997119056
Processor [0] :       1024    -0.7027569493282042
Processor [0] :       1024    -0.6983784405425613
Processor [0] :       1024    -0.6939736382033568
Processor [0] :       1024    -0.6895427081489089
Processor [0] :       1024    -0.6850858172012312
Processor [0] :       1024    -0.6806031331597473
Processor [0] :       1024    -0.6760948247949777
Processor [0] :       1024    -0.6715610618421862
Processor [0] :       1024    -0.6670020149949829
Processor [0] :       1024    -0.6624178558989073
Processor [0] :       1024    -0.6578087571449559
Processor [0] :       1024    -0.6531748922630944
Processor [0] :       1024    -0.6485164357157136
Processor [0] :       1024    -0.6438335628910719
Processor [0] :       1024    -0.6391264500966842
Processor [0] :       1024    -0.6343952745526868
Processor [0] :       1024    -0.6296402143851625
Processor [0] :       1024    -0.6248614486194415
Processor [0] :       1024    -0.6200591571733522
Processor [0] :       1024    -0.6152335208504547
Processor [0] :       1024    -0.6103847213332285
Processor [0] :       1024    -0.6055129411762351
Processor [0] :       1024    -0.6006183637992436
Processor [0] :       1024    -0.5957011734803265
Processor [0] :       1024    -0.5907615553489181
Processor [0] :       1024    -0.5857996953788520
Processor [0] :       1024    -0.5808157803813494
Processor [0] :       1024    -0.5758099979979940
Processor [0] :       1024    -0.5707825366936630
Processor [0] :       1024    -0.5657335857494342
Processor [0] :       1024    -0.5606633352554543
Processor [0] :       1024    -0.5555719761037909
Processor [0] :       1024    -0.5504596999812380
Processor [0] :       1024    -0.5453266993621015
Processor [0] :       1024    -0.5401731675009540
Processor [0] :       1024    -0.5349992984253574
Processor [0] :       1024    -0.5298052869285574
Processor [0] :       1024    -0.5245913285621525
Processor [0] :       1024    -0.5193576196287270
Processor [0] :       1024    -0.5141043571744639
Processor [0] :       1024    -0.5088317389817275
Processor [0] :       1024    -0.5035399635616105
Processor [0] :       1024    -0.4982292301464675
Processor [0] :       1024    -0.4928997386824097
Processor [0] :       1024    -0.4875516898217784
Processor [0] :       1024    -0.4821852849155910
Processor [0] :       1024    -0.4768007260059589
Processor [0] :       1024    -0.4713982158184815
Processor [0] :       1024    -0.4659779577546131
Processor [0] :       1024    -0.4605401558840079
Processor [0] :       1024    -0.4550850149368315
Processor [0] :       1024    -0.4496127402960580
Processor [0] :       1024    -0.4441235379897343
Processor [0] :       1024    -0.4386176146832259
Processor [0] :       1024    -0.4330951776714307
Processor [0] :       1024    -0.4275564348709840
Processor [0] :       1024    -0.4220015948124196
Processor [0] :       1024    -0.4164308666323267
Processor [0] :       1024    -0.4108444600654734
Processor [0] :       1024    -0.4052425854369081
Processor [0] :       1024    -0.3996254536540457
Processor [0] :       1024    -0.3939932761987221
Processor [0] :       1024    -0.3883462651192355
Processor [0] :       1024    -0.3826846330223613
Processor [0] :       1024    -0.3770085930653487
Processor [0] :       1024    -0.3713183589478927
Processor [0] :       1024    -0.3656141449040927
Processor [0] :       1024    -0.3598961656943826
Processor [0] :       1024    -0.3541646365974481
Processor [0] :       1024    -0.3484197734021210
Processor [0] :       1024    -0.3426617923992523
Processor [0] :       1024    -0.3368909103735737
Processor [0] :       1024    -0.3311073445955306
Processor [0] :       1024    -0.3253113128131057
Processor [0] :       1024    -0.3195030332436208
Processor [0] :       1024    -0.3136827245655182
Processor [0] :       1024    -0.3078506059101295
Processor [0] :       1024    -0.3020068968534261
Processor [0] :       1024    -0.2961518174077514
Processor [0] :       1024    -0.2902855880135367
Processor [0] :       1024    -0.2844084295310037
Processor [0] :       1024    -0.2785205632318469
Processor [0] :       1024    -0.2726222107909050
Processor [0] :       1024    -0.2667135942778133
Processor [0] :       1024    -0.2607949361486445
Processor [0] :       1024    -0.2548664592375314
Processor [0] :       1024    -0.2489283867482794
Processor [0] :       1024    -0.2429809422459609
Processor [0] :       1024    -0.2370243496485004
Processor [0] :       1024    -0.2310588332182420
Processor [0] :       1024    -0.2250846175535085
Processor [0] :       1024    -0.2191019275801421
Processor [0] :       1024    -0.2131109885430390
Processor [0] :       1024    -0.2071120259976684
Processor [0] :       1024    -0.2011052658015790
Processor [0] :       1024    -0.1950909341058972
Processor [0] :       1024    -0.1890692573468126
Processor [0] :       1024    -0.1830404622370511
Processor [0] :       1024    -0.1770047757573411
Processor [0] :       1024    -0.1709624251478676
Processor [0] :       1024    -0.1649136378997152
Processor [0] :       1024    -0.1588586417463060
Processor [0] :       1024    -0.1527976646548219
Processor [0] :       1024    -0.1467309348176252
Processor [0] :       1024    -0.1406586806436655
Processor [0] :       1024    -0.1345811307498799
Processor [0] :       1024    -0.1284985139525873
Processor [0] :       1024    -0.1224110592588721
Processor [0] :       1024    -0.1163189958579626
Processor [0] :       1024    -0.1102225531126030
Processor [0] :       1024    -0.1041219605504166
Processor [0] :       1024    -0.0980174478552654
Processor [0] :       1024    -0.0919092448586023
Processor [0] :       1024    -0.0857975815308176
Processor [0] :       1024    -0.0796826879725812
Processor [0] :       1024    -0.0735647944061794
Processor [0] :       1024    -0.0674441311668473
Processor [0] :       1024    -0.0613209286940963
Processor [0] :       1024    -0.0551954175230387
Processor [0] :       1024    -0.0490678282757079
Processor [0] :       1024    -0.0429383916523758
Processor [0] :       1024    -0.0368073384228669
Processor [0] :       1024    -0.0306748994178699
Processor [0] :       1024    -0.0245413055202474
Processor [0] :       1024    -0.0184067876563428
Processor [0] :       1024    -0.0122715767872866
Processor [0] :       1024    -0.0061359039003002
Processor [0] :       1024     0.0000000000000000
