  16   10     7.61e-02
  16   11     1.76e-01
  16   12     6.77e-01
  16   13     6.34e-01
  16   14     2.67e+00
  16   15     1.12e+01
   8   10     2.96e-02
   8   11     1.13e-01
   8   12     1.72e-01
   8   13     5.79e-01
   8   14     2.52e+00
   8   15     9.48e+00
   4   10     3.31e-02
   4   11     8.75e-02
   4   12     2.70e-01
   4   13     1.02e+00
   4   14     3.98e+00
   4   15     1.60e+01
   2   10     3.87e-02
   2   11     1.25e-01
   2   12     5.59e-01
   2   13     1.95e+00
   2   14     8.00e+00
   2   15     3.23e+01
   1   10     6.13e-02
   1   11     2.17e-01
   1   12     9.54e-01
   1   13     3.35e+00
   1   14     1.35e+01
   1   15     5.41e+01
