Processor [0] :       1024    0.0000000000000000
Processor [0] :       1024    0.0061359231515909
Processor [0] :       1024    0.0122715382854300
Processor [0] :       1024    0.0184068454073157
Processor [0] :       1024    0.0245412285223325
Processor [0] :       1024    0.0306749956598279
Processor [0] :       1024    0.0368072229404892
Processor [0] :       1024    0.0429385263708252
Processor [0] :       1024    0.0490676743262588
Processor [0] :       1024    0.0551955906976915
Processor [0] :       1024    0.0613207363007599
Processor [0] :       1024    0.0674443427716240
Processor [0] :       1024    0.0735645635979293
Processor [0] :       1024    0.0796829379756147
Processor [0] :       1024    0.0857973123424129
Processor [0] :       1024    0.0919095332222434
Processor [0] :       1024    0.0980171403272450
Processor [0] :       1024    0.1041222872312386
Processor [0] :       1024    0.1102222072912791
Processor [0] :       1024    0.1163193608067685
Processor [0] :       1024    0.1224106751963243
Processor [0] :       1024    0.1284989171144174
Processor [0] :       1024    0.1345807085039469
Processor [0] :       1024    0.1406591219578047
Processor [0] :       1024    0.1467304744518949
Processor [0] :       1024    0.1527981440548105
Processor [0] :       1024    0.1588581433301083
Processor [0] :       1024    0.1649141553133567
Processor [0] :       1024    0.1709618887562623
Processor [0] :       1024    0.1770053311067152
Processor [0] :       1024    0.1830398879508168
Processor [0] :       1024    0.1890698505482860
Processor [0] :       1024    0.1950903220115193
Processor [0] :       1024    0.2011058967658168
Processor [0] :       1024    0.2071113761873256
Processor [0] :       1024    0.2131116571750215
Processor [0] :       1024    0.2191012401516937
Processor [0] :       1024    0.2250853237525411
Processor [0] :       1024    0.2310581082752123
Processor [0] :       1024    0.2370250933082328
Processor [0] :       1024    0.2429801798975236
Processor [0] :       1024    0.2489291677567193
Processor [0] :       1024    0.2548656595984935
Processor [0] :       1024    0.2607957543881748
Processor [0] :       1024    0.2667127574685977
Processor [0] :       1024    0.2726230661383017
Processor [0] :       1024    0.2785196893784729
Processor [0] :       1024    0.2844093218574536
Processor [0] :       1024    0.2902846772476037
Processor [0] :       1024    0.2961527465788750
Processor [0] :       1024    0.3020059493120936
Processor [0] :       1024    0.3078515717859969
Processor [0] :       1024    0.3136817403914806
Processor [0] :       1024    0.3195040356787744
Processor [0] :       1024    0.3253102921545770
Processor [0] :       1024    0.3311083834390065
Processor [0] :       1024    0.3368898533842610
Processor [0] :       1024    0.3426628674946061
Processor [0] :       1024    0.3484186802412030
Processor [0] :       1024    0.3541657477827735
Processor [0] :       1024    0.3598950365264860
Processor [0] :       1024    0.3656152920120489
Processor [0] :       1024    0.3713171939430653
Processor [0] :       1024    0.3770097759231856
Processor [0] :       1024    0.3826834323560488
Processor [0] :       1024    0.3883474835488200
Processor [0] :       1024    0.3939920400517390
Processor [0] :       1024    0.3996267074718851
Processor [0] :       1024    0.4052413139954162
Processor [0] :       1024    0.4108457490827487
Processor [0] :       1024    0.4164295600877992
Processor [0] :       1024    0.4220029188350091
Processor [0] :       1024    0.4275550934201815
Processor [0] :       1024    0.4330965364999424
Processor [0] :       1024    0.4386162385281646
Processor [0] :       1024    0.4441249314195316
Processor [0] :       1024    0.4496113296439844
Processor [0] :       1024    0.4550864427580702
Processor [0] :       1024    0.4605387109473594
Processor [0] :       1024    0.4659794197522681
Processor [0] :       1024    0.4713967368148615
Processor [0] :       1024    0.4768022219598591
Processor [0] :       1024    0.4821837720677313
Processor [0] :       1024    0.4875532195066403
Processor [0] :       1024    0.4928981922181399
Processor [0] :       1024    0.4982307933319233
Processor [0] :       1024    0.5035383837138216
Processor [0] :       1024    0.5088333354323690
Processor [0] :       1024    0.5141027441810768
Processor [0] :       1024    0.5193592491041341
Processor [0] :       1024    0.5245896826660758
Processor [0] :       1024    0.5298069491833364
Processor [0] :       1024    0.5349976198744582
Processor [0] :       1024    0.5401748622847768
Processor [0] :       1024    0.5453249884091614
Processor [0] :       1024    0.5504614270388755
Processor [0] :       1024    0.5555702330064756
Processor [0] :       1024    0.5606650943268179
Processor [0] :       1024    0.5657318107702476
Processor [0] :       1024    0.5707843275138438
Processor [0] :       1024    0.5758081914042428
Processor [0] :       1024    0.5808176026806582
Processor [0] :       1024    0.5857978574425998
Processor [0] :       1024    0.5907634088529190
Processor [0] :       1024    0.5956993044783594
Processor [0] :       1024    0.6006202482288062
Processor [0] :       1024    0.6055110413900204
Processor [0] :       1024    0.6103866364045676
Processor [0] :       1024    0.6152315905660911
Processor [0] :       1024    0.6200611025980629
Processor [0] :       1024    0.6248594881276235
Processor [0] :       1024    0.6296421898702729
Processor [0] :       1024    0.6343932841486584
Processor [0] :       1024    0.6391284553446925
Processor [0] :       1024    0.6438315428745810
Processor [0] :       1024    0.6485184704246376
Processor [0] :       1024    0.6531728429383452
Processor [0] :       1024    0.6578108210083757
Processor [0] :       1024    0.6624157775745230
Processor [0] :       1024    0.6670041077020881
Processor [0] :       1024    0.6715589548311538
Processor [0] :       1024    0.6760969460306119
Processor [0] :       1024    0.6806009977793746
Processor [0] :       1024    0.6850879666459457
Processor [0] :       1024    0.6895405447207770
Processor [0] :       1024    0.6939758155334543
Processor [0] :       1024    0.6983762493924737
Processor [0] :       1024    0.7027591542157847
Processor [0] :       1024    0.7071067811698426
Processor [0] :       1024    0.7114366599544455
Processor [0] :       1024    0.7157308252669108
Processor [0] :       1024    0.7200070259489850
Processor [0] :       1024    0.7242470829343548
Processor [0] :       1024    0.7284689615338100
Processor [0] :       1024    0.7326542716551034
Processor [0] :       1024    0.7368211923725474
Processor [0] :       1024    0.7409511253374541
Processor [0] :       1024    0.7450624606499563
Processor [0] :       1024    0.7491363945057614
Processor [0] :       1024    0.7531915252613457
Processor [0] :       1024    0.7572088464885955
Processor [0] :       1024    0.7612071619994869
Processor [0] :       1024    0.7651672656043822
Processor [0] :       1024    0.7691081637389696
Processor [0] :       1024    0.7730104533444755
Processor [0] :       1024    0.7768933406179983
Processor [0] :       1024    0.7807372285536505
Processor [0] :       1024    0.7845615202175653
Processor [0] :       1024    0.7883464276079803
Processor [0] :       1024    0.7921115477380336
Processor [0] :       1024    0.7958369045900815
Processor [0] :       1024    0.7995422861730261
Processor [0] :       1024    0.8032075314616700
Processor [0] :       1024    0.8068526164806697
Processor [0] :       1024    0.8104571982334481
Processor [0] :       1024    0.8140414377521092
Processor [0] :       1024    0.8175848131322678
Processor [0] :       1024    0.8211076673773003
Processor [0] :       1024    0.8245893027655453
Processor [0] :       1024    0.8280502412080597
Processor [0] :       1024    0.8314696122829024
Processor [0] :       1024    0.8348681137182985
Processor [0] :       1024    0.8382247055350327
Processor [0] :       1024    0.8415602581614980
Processor [0] :       1024    0.8448535652297481
Processor [0] :       1024    0.8481256667253220
Processor [0] :       1024    0.8513551930851521
Processor [0] :       1024    0.8545633506833842
Processor [0] :       1024    0.8577286099800100
Processor [0] :       1024    0.8608723405441679
Processor [0] :       1024    0.8639728561011741
Processor [0] :       1024    0.8670516861970025
Processor [0] :       1024    0.8700869910881545
Processor [0] :       1024    0.8731004570551635
Processor [0] :       1024    0.8760700941747106
Processor [0] :       1024    0.8790177421960066
Processor [0] :       1024    0.8819212643275202
Processor [0] :       1024    0.8848026504981558
Processor [0] :       1024    0.8876396203818836
Processor [0] :       1024    0.8904543107757016
Processor [0] :       1024    0.8932243011744128
Processor [0] :       1024    0.8959718719093918
Processor [0] :       1024    0.8986744656727216
Processor [0] :       1024    0.9013545029748183
Processor [0] :       1024    0.9039892931020862
Processor [0] :       1024    0.9066013933675366
Processor [0] :       1024    0.9091679830690432
Processor [0] :       1024    0.9117117529251543
Processor [0] :       1024    0.9142097556819306
Processor [0] :       1024    0.9166848120463248
Processor [0] :       1024    0.9191138516683436
Processor [0] :       1024    0.9215198218066321
Processor [0] :       1024    0.9238795324894588
Processor [0] :       1024    0.9262160540713867
Processor [0] :       1024    0.9285060804512794
Processor [0] :       1024    0.9307728016052940
Processor [0] :       1024    0.9329927988126955
Processor [0] :       1024    0.9351893781789281
Processor [0] :       1024    0.9373390118904318
Processor [0] :       1024    0.9394651186721074
Processor [0] :       1024    0.9415440651607782
Processor [0] :       1024    0.9435993791740380
Processor [0] :       1024    0.9456073253581855
Processor [0] :       1024    0.9475915370802988
Processor [0] :       1024    0.9495281805706051
Processor [0] :       1024    0.9514409911865863
Processor [0] :       1024    0.9533060403316728
Processor [0] :       1024    0.9551471617792801
Processor [0] :       1024    0.9569403357096004
Processor [0] :       1024    0.9587094907227146
Processor [0] :       1024    0.9604305193928750
Processor [0] :       1024    0.9621274415432577
Processor [0] :       1024    0.9637760657726714
Processor [0] :       1024    0.9654004995100883
Processor [0] :       1024    0.9669764710220078
Processor [0] :       1024    0.9685281717127123
Processor [0] :       1024    0.9700312531716244
Processor [0] :       1024    0.9715099871352073
Processor [0] :       1024    0.9729399521825738
Processor [0] :       1024    0.9743454967271309
Processor [0] :       1024    0.9757021300154781
Processor [0] :       1024    0.9770342734711727
Processor [0] :       1024    0.9783173706965151
Processor [0] :       1024    0.9795759124474438
Processor [0] :       1024    0.9807852803800606
Processor [0] :       1024    0.9819700308944647
Processor [0] :       1024    0.9831054874079894
Processor [0] :       1024    0.9842162682667980
Processor [0] :       1024    0.9852776423656640
Processor [0] :       1024    0.9863142862893690
Processor [0] :       1024    0.9873014181345330
Processor [0] :       1024    0.9882637690083710
Processor [0] :       1024    0.9891765099414114
Processor [0] :       1024    0.9900644228388800
Processor [0] :       1024    0.9909026354043712
Processor [0] :       1024    0.9917159766090526
Processor [0] :       1024    0.9924795345752636
Processor [0] :       1024    0.9932181816009661
Processor [0] :       1024    0.9939069699788773
Processor [0] :       1024    0.9945708115880736
Processor [0] :       1024    0.9951847266486874
Processor [0] :       1024    0.9957736628692756
Processor [0] :       1024    0.9963126121592386
Processor [0] :       1024    0.9968265542995931
Processor [0] :       1024    0.9972904566551289
Processor [0] :       1024    0.9977293273174469
Processor [0] :       1024    0.9981181128765680
Processor [0] :       1024    0.9984818459685464
Processor [0] :       1024    0.9987954561815766
Processor [0] :       1024    0.9990839969263493
Processor [0] :       1024    0.9993223845647411
Processor [0] :       1024    0.9995356895091295
Processor [0] :       1024    0.9996988186725865
Processor [0] :       1024    0.9998368556936533
Processor [0] :       1024    0.9999247018155207
Processor [0] :       1024    0.9999874501253995
Processor [0] :       1024    0.9999999999763740
Processor [0] :       1024    0.9999874501254037
Processor [0] :       1024    0.9999247018155222
Processor [0] :       1024    0.9998368556936564
Processor [0] :       1024    0.9996988186725871
Processor [0] :       1024    0.9995356895091319
Processor [0] :       1024    0.9993223845647417
Processor [0] :       1024    0.9990839969263453
Processor [0] :       1024    0.9987954561815729
Processor [0] :       1024    0.9984818459685508
Processor [0] :       1024    0.9981181128765692
Processor [0] :       1024    0.9977293273174458
Processor [0] :       1024    0.9972904566551291
Processor [0] :       1024    0.9968265542995909
Processor [0] :       1024    0.9963126121592376
Processor [0] :       1024    0.9957736628692755
Processor [0] :       1024    0.9951847266486875
Processor [0] :       1024    0.9945708115880744
Processor [0] :       1024    0.9939069699788752
Processor [0] :       1024    0.9932181816009661
Processor [0] :       1024    0.9924795345752633
Processor [0] :       1024    0.9917159766090525
Processor [0] :       1024    0.9909026354043694
Processor [0] :       1024    0.9900644228388803
Processor [0] :       1024    0.9891765099414122
Processor [0] :       1024    0.9882637690083705
Processor [0] :       1024    0.9873014181345350
Processor [0] :       1024    0.9863142862893710
Processor [0] :       1024    0.9852776423656645
Processor [0] :       1024    0.9842162682668013
Processor [0] :       1024    0.9831054874079889
Processor [0] :       1024    0.9819700308944643
Processor [0] :       1024    0.9807852803800604
Processor [0] :       1024    0.9795759124474421
Processor [0] :       1024    0.9783173706965155
Processor [0] :       1024    0.9770342734711736
Processor [0] :       1024    0.9757021300154798
Processor [0] :       1024    0.9743454967271304
Processor [0] :       1024    0.9729399521825740
Processor [0] :       1024    0.9715099871352072
Processor [0] :       1024    0.9700312531716243
Processor [0] :       1024    0.9685281717127128
Processor [0] :       1024    0.9669764710220098
Processor [0] :       1024    0.9654004995100863
Processor [0] :       1024    0.9637760657726705
Processor [0] :       1024    0.9621274415432597
Processor [0] :       1024    0.9604305193928765
Processor [0] :       1024    0.9587094907227137
Processor [0] :       1024    0.9569403357096038
Processor [0] :       1024    0.9551471617792807
Processor [0] :       1024    0.9533060403316717
Processor [0] :       1024    0.9514409911865874
Processor [0] :       1024    0.9495281805706045
Processor [0] :       1024    0.9475915370803000
Processor [0] :       1024    0.9456073253581816
Processor [0] :       1024    0.9435993791740397
Processor [0] :       1024    0.9415440651607779
Processor [0] :       1024    0.9394651186721105
Processor [0] :       1024    0.9373390118904290
Processor [0] :       1024    0.9351893781789314
Processor [0] :       1024    0.9329927988126980
Processor [0] :       1024    0.9307728016052960
Processor [0] :       1024    0.9285060804512806
Processor [0] :       1024    0.9262160540713910
Processor [0] :       1024    0.9238795324894604
Processor [0] :       1024    0.9215198218066291
Processor [0] :       1024    0.9191138516683440
Processor [0] :       1024    0.9166848120463206
Processor [0] :       1024    0.9142097556819299
Processor [0] :       1024    0.9117117529251545
Processor [0] :       1024    0.9091679830690438
Processor [0] :       1024    0.9066013933675343
Processor [0] :       1024    0.9039892931020863
Processor [0] :       1024    0.9013545029748158
Processor [0] :       1024    0.8986744656727226
Processor [0] :       1024    0.8959718719093939
Processor [0] :       1024    0.8932243011744128
Processor [0] :       1024    0.8904543107757037
Processor [0] :       1024    0.8876396203818813
Processor [0] :       1024    0.8848026504981572
Processor [0] :       1024    0.8819212643275212
Processor [0] :       1024    0.8790177421960068
Processor [0] :       1024    0.8760700941747102
Processor [0] :       1024    0.8731004570551621
Processor [0] :       1024    0.8700869910881572
Processor [0] :       1024    0.8670516861970021
Processor [0] :       1024    0.8639728561011741
Processor [0] :       1024    0.8608723405441707
Processor [0] :       1024    0.8577286099800085
Processor [0] :       1024    0.8545633506833856
Processor [0] :       1024    0.8513551930851522
Processor [0] :       1024    0.8481256667253203
Processor [0] :       1024    0.8448535652297466
Processor [0] :       1024    0.8415602581614985
Processor [0] :       1024    0.8382247055350329
Processor [0] :       1024    0.8348681137183001
Processor [0] :       1024    0.8314696122829013
Processor [0] :       1024    0.8280502412080581
Processor [0] :       1024    0.8245893027655422
Processor [0] :       1024    0.8211076673773006
Processor [0] :       1024    0.8175848131322687
Processor [0] :       1024    0.8140414377521079
Processor [0] :       1024    0.8104571982334461
Processor [0] :       1024    0.8068526164806704
Processor [0] :       1024    0.8032075314616691
Processor [0] :       1024    0.7995422861730277
Processor [0] :       1024    0.7958369045900808
Processor [0] :       1024    0.7921115477380332
Processor [0] :       1024    0.7883464276079812
Processor [0] :       1024    0.7845615202175673
Processor [0] :       1024    0.7807372285536494
Processor [0] :       1024    0.7768933406179968
Processor [0] :       1024    0.7730104533444735
Processor [0] :       1024    0.7691081637389710
Processor [0] :       1024    0.7651672656043802
Processor [0] :       1024    0.7612071619994867
Processor [0] :       1024    0.7572088464885933
Processor [0] :       1024    0.7531915252613461
Processor [0] :       1024    0.7491363945057603
Processor [0] :       1024    0.7450624606499558
Processor [0] :       1024    0.7409511253374528
Processor [0] :       1024    0.7368211923725476
Processor [0] :       1024    0.7326542716551057
Processor [0] :       1024    0.7284689615338087
Processor [0] :       1024    0.7242470829343559
Processor [0] :       1024    0.7200070259489855
Processor [0] :       1024    0.7157308252669092
Processor [0] :       1024    0.7114366599544446
Processor [0] :       1024    0.7071067811698430
Processor [0] :       1024    0.7027591542157863
Processor [0] :       1024    0.6983762493924741
Processor [0] :       1024    0.6939758155334543
Processor [0] :       1024    0.6895405447207779
Processor [0] :       1024    0.6850879666459444
Processor [0] :       1024    0.6806009977793739
Processor [0] :       1024    0.6760969460306137
Processor [0] :       1024    0.6715589548311542
Processor [0] :       1024    0.6670041077020865
Processor [0] :       1024    0.6624157775745230
Processor [0] :       1024    0.6578108210083791
Processor [0] :       1024    0.6531728429383465
Processor [0] :       1024    0.6485184704246374
Processor [0] :       1024    0.6438315428745804
Processor [0] :       1024    0.6391284553446943
Processor [0] :       1024    0.6343932841486577
Processor [0] :       1024    0.6296421898702718
Processor [0] :       1024    0.6248594881276262
Processor [0] :       1024    0.6200611025980638
Processor [0] :       1024    0.6152315905660910
Processor [0] :       1024    0.6103866364045700
Processor [0] :       1024    0.6055110413900213
Processor [0] :       1024    0.6006202482288077
Processor [0] :       1024    0.5956993044783612
Processor [0] :       1024    0.5907634088529210
Processor [0] :       1024    0.5857978574425986
Processor [0] :       1024    0.5808176026806562
Processor [0] :       1024    0.5758081914042434
Processor [0] :       1024    0.5707843275138436
Processor [0] :       1024    0.5657318107702451
Processor [0] :       1024    0.5606650943268185
Processor [0] :       1024    0.5555702330064769
Processor [0] :       1024    0.5504614270388761
Processor [0] :       1024    0.5453249884091653
Processor [0] :       1024    0.5401748622847771
Processor [0] :       1024    0.5349976198744579
Processor [0] :       1024    0.5298069491833368
Processor [0] :       1024    0.5245896826660741
Processor [0] :       1024    0.5193592491041343
Processor [0] :       1024    0.5141027441810757
Processor [0] :       1024    0.5088333354323673
Processor [0] :       1024    0.5035383837138223
Processor [0] :       1024    0.4982307933319237
Processor [0] :       1024    0.4928981922181404
Processor [0] :       1024    0.4875532195066408
Processor [0] :       1024    0.4821837720677304
Processor [0] :       1024    0.4768022219598578
Processor [0] :       1024    0.4713967368148604
Processor [0] :       1024    0.4659794197522693
Processor [0] :       1024    0.4605387109473573
Processor [0] :       1024    0.4550864427580703
Processor [0] :       1024    0.4496113296439834
Processor [0] :       1024    0.4441249314195315
Processor [0] :       1024    0.4386162385281662
Processor [0] :       1024    0.4330965364999397
Processor [0] :       1024    0.4275550934201813
Processor [0] :       1024    0.4220029188350070
Processor [0] :       1024    0.4164295600877983
Processor [0] :       1024    0.4108457490827473
Processor [0] :       1024    0.4052413139954172
Processor [0] :       1024    0.3996267074718849
Processor [0] :       1024    0.3939920400517412
Processor [0] :       1024    0.3883474835488219
Processor [0] :       1024    0.3826834323560493
Processor [0] :       1024    0.3770097759231847
Processor [0] :       1024    0.3713171939430642
Processor [0] :       1024    0.3656152920120488
Processor [0] :       1024    0.3598950365264875
Processor [0] :       1024    0.3541657477827729
Processor [0] :       1024    0.3484186802412021
Processor [0] :       1024    0.3426628674946075
Processor [0] :       1024    0.3368898533842624
Processor [0] :       1024    0.3311083834390063
Processor [0] :       1024    0.3253102921545790
Processor [0] :       1024    0.3195040356787731
Processor [0] :       1024    0.3136817403914804
Processor [0] :       1024    0.3078515717859966
Processor [0] :       1024    0.3020059493120921
Processor [0] :       1024    0.2961527465788751
Processor [0] :       1024    0.2902846772476033
Processor [0] :       1024    0.2844093218574566
Processor [0] :       1024    0.2785196893784734
Processor [0] :       1024    0.2726230661382987
Processor [0] :       1024    0.2667127574685950
Processor [0] :       1024    0.2607957543881738
Processor [0] :       1024    0.2548656595984955
Processor [0] :       1024    0.2489291677567198
Processor [0] :       1024    0.2429801798975242
Processor [0] :       1024    0.2370250933082341
Processor [0] :       1024    0.2310581082752108
Processor [0] :       1024    0.2250853237525403
Processor [0] :       1024    0.2191012401516943
Processor [0] :       1024    0.2131116571750233
Processor [0] :       1024    0.2071113761873251
Processor [0] :       1024    0.2011058967658184
Processor [0] :       1024    0.1950903220115212
Processor [0] :       1024    0.1890698505482851
Processor [0] :       1024    0.1830398879508182
Processor [0] :       1024    0.1770053311067150
Processor [0] :       1024    0.1709618887562616
Processor [0] :       1024    0.1649141553133580
Processor [0] :       1024    0.1588581433301102
Processor [0] :       1024    0.1527981440548103
Processor [0] :       1024    0.1467304744518945
Processor [0] :       1024    0.1406591219578033
Processor [0] :       1024    0.1345807085039485
Processor [0] :       1024    0.1284989171144200
Processor [0] :       1024    0.1224106751963228
Processor [0] :       1024    0.1163193608067670
Processor [0] :       1024    0.1102222072912795
Processor [0] :       1024    0.1041222872312406
Processor [0] :       1024    0.0980171403272452
Processor [0] :       1024    0.0919095332222428
Processor [0] :       1024    0.0857973123424163
Processor [0] :       1024    0.0796829379756165
Processor [0] :       1024    0.0735645635979312
Processor [0] :       1024    0.0674443427716258
Processor [0] :       1024    0.0613207363007577
Processor [0] :       1024    0.0551955906976911
Processor [0] :       1024    0.0490676743262579
Processor [0] :       1024    0.0429385263708257
Processor [0] :       1024    0.0368072229404903
Processor [0] :       1024    0.0306749956598291
Processor [0] :       1024    0.0245412285223314
Processor [0] :       1024    0.0184068454073165
Processor [0] :       1024    0.0122715382854313
Processor [0] :       1024    0.0061359231515903
Processor [0] :       1024    -0.0000000000000009
Processor [0] :       1024    -0.0061359231515914
Processor [0] :       1024    -0.0122715382854308
Processor [0] :       1024    -0.0184068454073170
Processor [0] :       1024    -0.0245412285223303
Processor [0] :       1024    -0.0306749956598267
Processor [0] :       1024    -0.0368072229404854
Processor [0] :       1024    -0.0429385263708228
Processor [0] :       1024    -0.0490676743262535
Processor [0] :       1024    -0.0551955906976893
Processor [0] :       1024    -0.0613207363007606
Processor [0] :       1024    -0.0674443427716211
Processor [0] :       1024    -0.0735645635979276
Processor [0] :       1024    -0.0796829379756154
Processor [0] :       1024    -0.0857973123424136
Processor [0] :       1024    -0.0919095332222455
Processor [0] :       1024    -0.0980171403272438
Processor [0] :       1024    -0.1041222872312382
Processor [0] :       1024    -0.1102222072912760
Processor [0] :       1024    -0.1163193608067659
Processor [0] :       1024    -0.1224106751963228
Processor [0] :       1024    -0.1284989171144149
Processor [0] :       1024    -0.1345807085039494
Processor [0] :       1024    -0.1406591219578044
Processor [0] :       1024    -0.1467304744518962
Processor [0] :       1024    -0.1527981440548105
Processor [0] :       1024    -0.1588581433301079
Processor [0] :       1024    -0.1649141553133564
Processor [0] :       1024    -0.1709618887562629
Processor [0] :       1024    -0.1770053311067130
Processor [0] :       1024    -0.1830398879508137
Processor [0] :       1024    -0.1890698505482857
Processor [0] :       1024    -0.1950903220115170
Processor [0] :       1024    -0.2011058967658188
Processor [0] :       1024    -0.2071113761873231
Processor [0] :       1024    -0.2131116571750218
Processor [0] :       1024    -0.2191012401516952
Processor [0] :       1024    -0.2250853237525385
Processor [0] :       1024    -0.2310581082752128
Processor [0] :       1024    -0.2370250933082321
Processor [0] :       1024    -0.2429801798975242
Processor [0] :       1024    -0.2489291677567198
Processor [0] :       1024    -0.2548656595984935
Processor [0] :       1024    -0.2607957543881745
Processor [0] :       1024    -0.2667127574685955
Processor [0] :       1024    -0.2726230661383027
Processor [0] :       1024    -0.2785196893784718
Processor [0] :       1024    -0.2844093218574533
Processor [0] :       1024    -0.2902846772476018
Processor [0] :       1024    -0.2961527465788780
Processor [0] :       1024    -0.3020059493120941
Processor [0] :       1024    -0.3078515717859964
Processor [0] :       1024    -0.3136817403914813
Processor [0] :       1024    -0.3195040356787739
Processor [0] :       1024    -0.3253102921545770
Processor [0] :       1024    -0.3311083834390081
Processor [0] :       1024    -0.3368898533842577
Processor [0] :       1024    -0.3426628674946068
Processor [0] :       1024    -0.3484186802412015
Processor [0] :       1024    -0.3541657477827707
Processor [0] :       1024    -0.3598950365264859
Processor [0] :       1024    -0.3656152920120486
Processor [0] :       1024    -0.3713171939430640
Processor [0] :       1024    -0.3770097759231872
Processor [0] :       1024    -0.3826834323560482
Processor [0] :       1024    -0.3883474835488194
Processor [0] :       1024    -0.3939920400517409
Processor [0] :       1024    -0.3996267074718824
Processor [0] :       1024    -0.4052413139954165
Processor [0] :       1024    -0.4108457490827471
Processor [0] :       1024    -0.4164295600877974
Processor [0] :       1024    -0.4220029188350083
Processor [0] :       1024    -0.4275550934201804
Processor [0] :       1024    -0.4330965364999426
Processor [0] :       1024    -0.4386162385281640
Processor [0] :       1024    -0.4441249314195312
Processor [0] :       1024    -0.4496113296439845
Processor [0] :       1024    -0.4550864427580703
Processor [0] :       1024    -0.4605387109473575
Processor [0] :       1024    -0.4659794197522686
Processor [0] :       1024    -0.4713967368148622
Processor [0] :       1024    -0.4768022219598578
Processor [0] :       1024    -0.4821837720677307
Processor [0] :       1024    -0.4875532195066405
Processor [0] :       1024    -0.4928981922181366
Processor [0] :       1024    -0.4982307933319206
Processor [0] :       1024    -0.5035383837138225
Processor [0] :       1024    -0.5088333354323682
Processor [0] :       1024    -0.5141027441810750
Processor [0] :       1024    -0.5193592491041359
Processor [0] :       1024    -0.5245896826660734
Processor [0] :       1024    -0.5298069491833386
Processor [0] :       1024    -0.5349976198744590
Processor [0] :       1024    -0.5401748622847775
Processor [0] :       1024    -0.5453249884091642
Processor [0] :       1024    -0.5504614270388728
Processor [0] :       1024    -0.5555702330064767
Processor [0] :       1024    -0.5606650943268177
Processor [0] :       1024    -0.5657318107702460
Processor [0] :       1024    -0.5707843275138438
Processor [0] :       1024    -0.5758081914042394
Processor [0] :       1024    -0.5808176026806562
Processor [0] :       1024    -0.5857978574425986
Processor [0] :       1024    -0.5907634088529190
Processor [0] :       1024    -0.5956993044783601
Processor [0] :       1024    -0.6006202482288061
Processor [0] :       1024    -0.6055110413900171
Processor [0] :       1024    -0.6103866364045665
Processor [0] :       1024    -0.6152315905660932
Processor [0] :       1024    -0.6200611025980640
Processor [0] :       1024    -0.6248594881276253
Processor [0] :       1024    -0.6296421898702720
Processor [0] :       1024    -0.6343932841486570
Processor [0] :       1024    -0.6391284553446912
Processor [0] :       1024    -0.6438315428745807
Processor [0] :       1024    -0.6485184704246416
Processor [0] :       1024    -0.6531728429383472
Processor [0] :       1024    -0.6578108210083751
Processor [0] :       1024    -0.6624157775745221
Processor [0] :       1024    -0.6670041077020858
Processor [0] :       1024    -0.6715589548311518
Processor [0] :       1024    -0.6760969460306119
Processor [0] :       1024    -0.6806009977793723
Processor [0] :       1024    -0.6850879666459468
Processor [0] :       1024    -0.6895405447207770
Processor [0] :       1024    -0.6939758155334532
Processor [0] :       1024    -0.6983762493924737
Processor [0] :       1024    -0.7027591542157872
Processor [0] :       1024    -0.7071067811698410
Processor [0] :       1024    -0.7114366599544446
Processor [0] :       1024    -0.7157308252669092
Processor [0] :       1024    -0.7200070259489857
Processor [0] :       1024    -0.7242470829343557
Processor [0] :       1024    -0.7284689615338109
Processor [0] :       1024    -0.7326542716551079
Processor [0] :       1024    -0.7368211923725496
Processor [0] :       1024    -0.7409511253374530
Processor [0] :       1024    -0.7450624606499563
Processor [0] :       1024    -0.7491363945057612
Processor [0] :       1024    -0.7531915252613428
Processor [0] :       1024    -0.7572088464885967
Processor [0] :       1024    -0.7612071619994860
Processor [0] :       1024    -0.7651672656043806
Processor [0] :       1024    -0.7691081637389696
Processor [0] :       1024    -0.7730104533444746
Processor [0] :       1024    -0.7768933406179981
Processor [0] :       1024    -0.7807372285536529
Processor [0] :       1024    -0.7845615202175658
Processor [0] :       1024    -0.7883464276079808
Processor [0] :       1024    -0.7921115477380332
Processor [0] :       1024    -0.7958369045900806
Processor [0] :       1024    -0.7995422861730266
Processor [0] :       1024    -0.8032075314616689
Processor [0] :       1024    -0.8068526164806686
Processor [0] :       1024    -0.8104571982334441
Processor [0] :       1024    -0.8140414377521104
Processor [0] :       1024    -0.8175848131322689
Processor [0] :       1024    -0.8211076673773021
Processor [0] :       1024    -0.8245893027655429
Processor [0] :       1024    -0.8280502412080577
Processor [0] :       1024    -0.8314696122829006
Processor [0] :       1024    -0.8348681137182969
Processor [0] :       1024    -0.8382247055350345
Processor [0] :       1024    -0.8415602581614952
Processor [0] :       1024    -0.8448535652297480
Processor [0] :       1024    -0.8481256667253203
Processor [0] :       1024    -0.8513551930851520
Processor [0] :       1024    -0.8545633506833847
Processor [0] :       1024    -0.8577286099800070
Processor [0] :       1024    -0.8608723405441667
Processor [0] :       1024    -0.8639728561011739
Processor [0] :       1024    -0.8670516861970046
Processor [0] :       1024    -0.8700869910881563
Processor [0] :       1024    -0.8731004570551626
Processor [0] :       1024    -0.8760700941747113
Processor [0] :       1024    -0.8790177421960057
Processor [0] :       1024    -0.8819212643275183
Processor [0] :       1024    -0.8848026504981561
Processor [0] :       1024    -0.8876396203818824
Processor [0] :       1024    -0.8904543107757021
Processor [0] :       1024    -0.8932243011744134
Processor [0] :       1024    -0.8959718719093912
Processor [0] :       1024    -0.8986744656727217
Processor [0] :       1024    -0.9013545029748169
Processor [0] :       1024    -0.9039892931020883
Processor [0] :       1024    -0.9066013933675345
Processor [0] :       1024    -0.9091679830690444
Processor [0] :       1024    -0.9117117529251551
Processor [0] :       1024    -0.9142097556819336
Processor [0] :       1024    -0.9166848120463240
Processor [0] :       1024    -0.9191138516683404
Processor [0] :       1024    -0.9215198218066264
Processor [0] :       1024    -0.9238795324894590
Processor [0] :       1024    -0.9262160540713886
Processor [0] :       1024    -0.9285060804512788
Processor [0] :       1024    -0.9307728016052935
Processor [0] :       1024    -0.9329927988126964
Processor [0] :       1024    -0.9351893781789294
Processor [0] :       1024    -0.9373390118904311
Processor [0] :       1024    -0.9394651186721080
Processor [0] :       1024    -0.9415440651607775
Processor [0] :       1024    -0.9435993791740344
Processor [0] :       1024    -0.9456073253581796
Processor [0] :       1024    -0.9475915370802956
Processor [0] :       1024    -0.9495281805706031
Processor [0] :       1024    -0.9514409911865876
Processor [0] :       1024    -0.9533060403316710
Processor [0] :       1024    -0.9551471617792794
Processor [0] :       1024    -0.9569403357095978
Processor [0] :       1024    -0.9587094907227158
Processor [0] :       1024    -0.9604305193928722
Processor [0] :       1024    -0.9621274415432588
Processor [0] :       1024    -0.9637760657726695
Processor [0] :       1024    -0.9654004995100850
Processor [0] :       1024    -0.9669764710220067
Processor [0] :       1024    -0.9685281717127132
Processor [0] :       1024    -0.9700312531716277
Processor [0] :       1024    -0.9715099871352051
Processor [0] :       1024    -0.9729399521825742
Processor [0] :       1024    -0.9743454967271310
Processor [0] :       1024    -0.9757021300154782
Processor [0] :       1024    -0.9770342734711719
Processor [0] :       1024    -0.9783173706965169
Processor [0] :       1024    -0.9795759124474420
Processor [0] :       1024    -0.9807852803800585
Processor [0] :       1024    -0.9819700308944649
Processor [0] :       1024    -0.9831054874079876
Processor [0] :       1024    -0.9842162682668039
Processor [0] :       1024    -0.9852776423656653
Processor [0] :       1024    -0.9863142862893711
Processor [0] :       1024    -0.9873014181345319
Processor [0] :       1024    -0.9882637690083700
Processor [0] :       1024    -0.9891765099414129
Processor [0] :       1024    -0.9900644228388786
Processor [0] :       1024    -0.9909026354043690
Processor [0] :       1024    -0.9917159766090528
Processor [0] :       1024    -0.9924795345752626
Processor [0] :       1024    -0.9932181816009640
Processor [0] :       1024    -0.9939069699788748
Processor [0] :       1024    -0.9945708115880739
Processor [0] :       1024    -0.9951847266486864
Processor [0] :       1024    -0.9957736628692772
Processor [0] :       1024    -0.9963126121592386
Processor [0] :       1024    -0.9968265542995950
Processor [0] :       1024    -0.9972904566551295
Processor [0] :       1024    -0.9977293273174461
Processor [0] :       1024    -0.9981181128765716
Processor [0] :       1024    -0.9984818459685466
Processor [0] :       1024    -0.9987954561815747
Processor [0] :       1024    -0.9990839969263468
Processor [0] :       1024    -0.9993223845647414
Processor [0] :       1024    -0.9995356895091280
Processor [0] :       1024    -0.9996988186725853
Processor [0] :       1024    -0.9998368556936571
Processor [0] :       1024    -0.9999247018155223
Processor [0] :       1024    -0.9999874501253989
Processor [0] :       1024    -0.9999999999763720
Processor [0] :       1024    -0.9999874501254011
Processor [0] :       1024    -0.9999247018155225
Processor [0] :       1024    -0.9998368556936519
Processor [0] :       1024    -0.9996988186725825
Processor [0] :       1024    -0.9995356895091309
Processor [0] :       1024    -0.9993223845647415
Processor [0] :       1024    -0.9990839969263487
Processor [0] :       1024    -0.9987954561815756
Processor [0] :       1024    -0.9984818459685491
Processor [0] :       1024    -0.9981181128765676
Processor [0] :       1024    -0.9977293273174465
Processor [0] :       1024    -0.9972904566551283
Processor [0] :       1024    -0.9968265542995931
Processor [0] :       1024    -0.9963126121592395
Processor [0] :       1024    -0.9957736628692727
Processor [0] :       1024    -0.9951847266486847
Processor [0] :       1024    -0.9945708115880728
Processor [0] :       1024    -0.9939069699788755
Processor [0] :       1024    -0.9932181816009658
Processor [0] :       1024    -0.9924795345752647
Processor [0] :       1024    -0.9917159766090516
Processor [0] :       1024    -0.9909026354043667
Processor [0] :       1024    -0.9900644228388777
Processor [0] :       1024    -0.9891765099414119
Processor [0] :       1024    -0.9882637690083690
Processor [0] :       1024    -0.9873014181345321
Processor [0] :       1024    -0.9863142862893698
Processor [0] :       1024    -0.9852776423656634
Processor [0] :       1024    -0.9842162682667983
Processor [0] :       1024    -0.9831054874079910
Processor [0] :       1024    -0.9819700308944654
Processor [0] :       1024    -0.9807852803800601
Processor [0] :       1024    -0.9795759124474436
Processor [0] :       1024    -0.9783173706965147
Processor [0] :       1024    -0.9770342734711722
Processor [0] :       1024    -0.9757021300154772
Processor [0] :       1024    -0.9743454967271306
Processor [0] :       1024    -0.9729399521825749
Processor [0] :       1024    -0.9715099871352043
Processor [0] :       1024    -0.9700312531716268
Processor [0] :       1024    -0.9685281717127127
Processor [0] :       1024    -0.9669764710220080
Processor [0] :       1024    -0.9654004995100871
Processor [0] :       1024    -0.9637760657726706
Processor [0] :       1024    -0.9621274415432581
Processor [0] :       1024    -0.9604305193928756
Processor [0] :       1024    -0.9587094907227133
Processor [0] :       1024    -0.9569403357095997
Processor [0] :       1024    -0.9551471617792783
Processor [0] :       1024    -0.9533060403316719
Processor [0] :       1024    -0.9514409911865852
Processor [0] :       1024    -0.9495281805706036
Processor [0] :       1024    -0.9475915370802962
Processor [0] :       1024    -0.9456073253581789
Processor [0] :       1024    -0.9435993791740381
Processor [0] :       1024    -0.9415440651607752
Processor [0] :       1024    -0.9394651186721060
Processor [0] :       1024    -0.9373390118904307
Processor [0] :       1024    -0.9351893781789314
Processor [0] :       1024    -0.9329927988126961
Processor [0] :       1024    -0.9307728016052949
Processor [0] :       1024    -0.9285060804512785
Processor [0] :       1024    -0.9262160540713895
Processor [0] :       1024    -0.9238795324894610
Processor [0] :       1024    -0.9215198218066294
Processor [0] :       1024    -0.9191138516683419
Processor [0] :       1024    -0.9166848120463268
Processor [0] :       1024    -0.9142097556819310
Processor [0] :       1024    -0.9117117529251553
Processor [0] :       1024    -0.9091679830690441
Processor [0] :       1024    -0.9066013933675342
Processor [0] :       1024    -0.9039892931020873
Processor [0] :       1024    -0.9013545029748178
Processor [0] :       1024    -0.8986744656727227
Processor [0] :       1024    -0.8959718719093916
Processor [0] :       1024    -0.8932243011744118
Processor [0] :       1024    -0.8904543107756984
Processor [0] :       1024    -0.8876396203818834
Processor [0] :       1024    -0.8848026504981541
Processor [0] :       1024    -0.8819212643275184
Processor [0] :       1024    -0.8790177421960059
Processor [0] :       1024    -0.8760700941747114
Processor [0] :       1024    -0.8731004570551621
Processor [0] :       1024    -0.8700869910881569
Processor [0] :       1024    -0.8670516861970011
Processor [0] :       1024    -0.8639728561011744
Processor [0] :       1024    -0.8608723405441694
Processor [0] :       1024    -0.8577286099800087
Processor [0] :       1024    -0.8545633506833851
Processor [0] :       1024    -0.8513551930851525
Processor [0] :       1024    -0.8481256667253211
Processor [0] :       1024    -0.8448535652297466
Processor [0] :       1024    -0.8415602581614964
Processor [0] :       1024    -0.8382247055350363
Processor [0] :       1024    -0.8348681137182965
Processor [0] :       1024    -0.8314696122829017
Processor [0] :       1024    -0.8280502412080573
Processor [0] :       1024    -0.8245893027655438
Processor [0] :       1024    -0.8211076673773015
Processor [0] :       1024    -0.8175848131322698
Processor [0] :       1024    -0.8140414377521079
Processor [0] :       1024    -0.8104571982334468
Processor [0] :       1024    -0.8068526164806689
Processor [0] :       1024    -0.8032075314616700
Processor [0] :       1024    -0.7995422861730248
Processor [0] :       1024    -0.7958369045900815
Processor [0] :       1024    -0.7921115477380327
Processor [0] :       1024    -0.7883464276079810
Processor [0] :       1024    -0.7845615202175633
Processor [0] :       1024    -0.7807372285536494
Processor [0] :       1024    -0.7768933406179965
Processor [0] :       1024    -0.7730104533444748
Processor [0] :       1024    -0.7691081637389698
Processor [0] :       1024    -0.7651672656043818
Processor [0] :       1024    -0.7612071619994858
Processor [0] :       1024    -0.7572088464885971
Processor [0] :       1024    -0.7531915252613455
Processor [0] :       1024    -0.7491363945057616
Processor [0] :       1024    -0.7450624606499563
Processor [0] :       1024    -0.7409511253374541
Processor [0] :       1024    -0.7368211923725472
Processor [0] :       1024    -0.7326542716551041
Processor [0] :       1024    -0.7284689615338098
Processor [0] :       1024    -0.7242470829343566
Processor [0] :       1024    -0.7200070259489852
Processor [0] :       1024    -0.7157308252669090
Processor [0] :       1024    -0.7114366599544448
Processor [0] :       1024    -0.7071067811698417
Processor [0] :       1024    -0.7027591542157865
Processor [0] :       1024    -0.6983762493924723
Processor [0] :       1024    -0.6939758155334543
Processor [0] :       1024    -0.6895405447207765
Processor [0] :       1024    -0.6850879666459460
Processor [0] :       1024    -0.6806009977793743
Processor [0] :       1024    -0.6760969460306108
Processor [0] :       1024    -0.6715589548311518
Processor [0] :       1024    -0.6670041077020876
Processor [0] :       1024    -0.6624157775745223
Processor [0] :       1024    -0.6578108210083742
Processor [0] :       1024    -0.6531728429383457
Processor [0] :       1024    -0.6485184704246376
Processor [0] :       1024    -0.6438315428745804
Processor [0] :       1024    -0.6391284553446935
Processor [0] :       1024    -0.6343932841486583
Processor [0] :       1024    -0.6296421898702734
Processor [0] :       1024    -0.6248594881276239
Processor [0] :       1024    -0.6200611025980640
Processor [0] :       1024    -0.6152315905660923
Processor [0] :       1024    -0.6103866364045678
Processor [0] :       1024    -0.6055110413900192
Processor [0] :       1024    -0.6006202482288063
Processor [0] :       1024    -0.5956993044783596
Processor [0] :       1024    -0.5907634088529186
Processor [0] :       1024    -0.5857978574425975
Processor [0] :       1024    -0.5808176026806560
Processor [0] :       1024    -0.5758081914042407
Processor [0] :       1024    -0.5707843275138444
Processor [0] :       1024    -0.5657318107702485
Processor [0] :       1024    -0.5606650943268181
Processor [0] :       1024    -0.5555702330064776
Processor [0] :       1024    -0.5504614270388741
Processor [0] :       1024    -0.5453249884091638
Processor [0] :       1024    -0.5401748622847768
Processor [0] :       1024    -0.5349976198744575
Processor [0] :       1024    -0.5298069491833373
Processor [0] :       1024    -0.5245896826660759
Processor [0] :       1024    -0.5193592491041332
Processor [0] :       1024    -0.5141027441810764
Processor [0] :       1024    -0.5088333354323686
Processor [0] :       1024    -0.5035383837138212
Processor [0] :       1024    -0.4982307933319223
Processor [0] :       1024    -0.4928981922181392
Processor [0] :       1024    -0.4875532195066398
Processor [0] :       1024    -0.4821837720677313
Processor [0] :       1024    -0.4768022219598597
Processor [0] :       1024    -0.4713967368148616
Processor [0] :       1024    -0.4659794197522684
Processor [0] :       1024    -0.4605387109473611
Processor [0] :       1024    -0.4550864427580702
Processor [0] :       1024    -0.4496113296439843
Processor [0] :       1024    -0.4441249314195319
Processor [0] :       1024    -0.4386162385281651
Processor [0] :       1024    -0.4330965364999420
Processor [0] :       1024    -0.4275550934201809
Processor [0] :       1024    -0.4220029188350084
Processor [0] :       1024    -0.4164295600877991
Processor [0] :       1024    -0.4108457490827485
Processor [0] :       1024    -0.4052413139954157
Processor [0] :       1024    -0.3996267074718859
Processor [0] :       1024    -0.3939920400517402
Processor [0] :       1024    -0.3883474835488191
Processor [0] :       1024    -0.3826834323560488
Processor [0] :       1024    -0.3770097759231854
Processor [0] :       1024    -0.3713171939430652
Processor [0] :       1024    -0.3656152920120480
Processor [0] :       1024    -0.3598950365264850
Processor [0] :       1024    -0.3541657477827731
Processor [0] :       1024    -0.3484186802412033
Processor [0] :       1024    -0.3426628674946057
Processor [0] :       1024    -0.3368898533842610
Processor [0] :       1024    -0.3311083834390067
Processor [0] :       1024    -0.3253102921545774
Processor [0] :       1024    -0.3195040356787739
Processor [0] :       1024    -0.3136817403914808
Processor [0] :       1024    -0.3078515717859959
Processor [0] :       1024    -0.3020059493120930
Processor [0] :       1024    -0.2961527465788760
Processor [0] :       1024    -0.2902846772476045
Processor [0] :       1024    -0.2844093218574545
Processor [0] :       1024    -0.2785196893784728
Processor [0] :       1024    -0.2726230661383020
Processor [0] :       1024    -0.2667127574685974
Processor [0] :       1024    -0.2607957543881745
Processor [0] :       1024    -0.2548656595984932
Processor [0] :       1024    -0.2489291677567197
Processor [0] :       1024    -0.2429801798975235
Processor [0] :       1024    -0.2370250933082333
Processor [0] :       1024    -0.2310581082752126
Processor [0] :       1024    -0.2250853237525411
Processor [0] :       1024    -0.2191012401516936
Processor [0] :       1024    -0.2131116571750215
Processor [0] :       1024    -0.2071113761873254
Processor [0] :       1024    -0.2011058967658174
Processor [0] :       1024    -0.1950903220115192
Processor [0] :       1024    -0.1890698505482860
Processor [0] :       1024    -0.1830398879508163
Processor [0] :       1024    -0.1770053311067153
Processor [0] :       1024    -0.1709618887562622
Processor [0] :       1024    -0.1649141553133569
Processor [0] :       1024    -0.1588581433301083
Processor [0] :       1024    -0.1527981440548101
Processor [0] :       1024    -0.1467304744518953
Processor [0] :       1024    -0.1406591219578046
Processor [0] :       1024    -0.1345807085039467
Processor [0] :       1024    -0.1284989171144172
Processor [0] :       1024    -0.1224106751963243
Processor [0] :       1024    -0.1163193608067686
Processor [0] :       1024    -0.1102222072912791
Processor [0] :       1024    -0.1041222872312384
Processor [0] :       1024    -0.0980171403272449
Processor [0] :       1024    -0.0919095332222431
Processor [0] :       1024    -0.0857973123424129
Processor [0] :       1024    -0.0796829379756147
Processor [0] :       1024    -0.0735645635979295
Processor [0] :       1024    -0.0674443427716239
Processor [0] :       1024    -0.0613207363007599
Processor [0] :       1024    -0.0551955906976915
Processor [0] :       1024    -0.0490676743262588
Processor [0] :       1024    -0.0429385263708253
Processor [0] :       1024    -0.0368072229404893
Processor [0] :       1024    -0.0306749956598279
Processor [0] :       1024    -0.0245412285223325
Processor [0] :       1024    -0.0184068454073157
Processor [0] :       1024    -0.0122715382854300
Processor [0] :       1024    -0.0061359231515909
Processor [0] :       1024     0.0000000000000000
