Processor [0] :       1024    0.0000000000000000
Processor [0] :       1024    0.0061359039003002
Processor [0] :       1024    0.0122715767872866
Processor [0] :       1024    0.0184067876563428
Processor [0] :       1024    0.0245413055202474
Processor [0] :       1024    0.0306748994178699
Processor [0] :       1024    0.0368073384228669
Processor [0] :       1024    0.0429383916523759
Processor [0] :       1024    0.0490678282757080
Processor [0] :       1024    0.0551954175230387
Processor [0] :       1024    0.0613209286940963
Processor [0] :       1024    0.0674441311668473
Processor [0] :       1024    0.0735647944061794
Processor [0] :       1024    0.0796826879725812
Processor [0] :       1024    0.0857975815308177
Processor [0] :       1024    0.0919092448586023
Processor [0] :       1024    0.0980174478552657
Processor [0] :       1024    0.1041219605504164
Processor [0] :       1024    0.1102225531126029
Processor [0] :       1024    0.1163189958579628
Processor [0] :       1024    0.1224110592588719
Processor [0] :       1024    0.1284985139525872
Processor [0] :       1024    0.1345811307498800
Processor [0] :       1024    0.1406586806436655
Processor [0] :       1024    0.1467309348176252
Processor [0] :       1024    0.1527976646548221
Processor [0] :       1024    0.1588586417463059
Processor [0] :       1024    0.1649136378997152
Processor [0] :       1024    0.1709624251478678
Processor [0] :       1024    0.1770047757573411
Processor [0] :       1024    0.1830404622370510
Processor [0] :       1024    0.1890692573468129
Processor [0] :       1024    0.1950909341058978
Processor [0] :       1024    0.2011052658015786
Processor [0] :       1024    0.2071120259976680
Processor [0] :       1024    0.2131109885430391
Processor [0] :       1024    0.2191019275801419
Processor [0] :       1024    0.2250846175535084
Processor [0] :       1024    0.2310588332182424
Processor [0] :       1024    0.2370243496485001
Processor [0] :       1024    0.2429809422459607
Processor [0] :       1024    0.2489283867482791
Processor [0] :       1024    0.2548664592375311
Processor [0] :       1024    0.2607949361486444
Processor [0] :       1024    0.2667135942778135
Processor [0] :       1024    0.2726222107909045
Processor [0] :       1024    0.2785205632318470
Processor [0] :       1024    0.2844084295310026
Processor [0] :       1024    0.2902855880135365
Processor [0] :       1024    0.2961518174077512
Processor [0] :       1024    0.3020068968534264
Processor [0] :       1024    0.3078506059101295
Processor [0] :       1024    0.3136827245655178
Processor [0] :       1024    0.3195030332436207
Processor [0] :       1024    0.3253113128131057
Processor [0] :       1024    0.3311073445955304
Processor [0] :       1024    0.3368909103735737
Processor [0] :       1024    0.3426617923992520
Processor [0] :       1024    0.3484197734021208
Processor [0] :       1024    0.3541646365974483
Processor [0] :       1024    0.3598961656943822
Processor [0] :       1024    0.3656141449040923
Processor [0] :       1024    0.3713183589478932
Processor [0] :       1024    0.3770085930653485
Processor [0] :       1024    0.3826846330223623
Processor [0] :       1024    0.3883462651192359
Processor [0] :       1024    0.3939932761987213
Processor [0] :       1024    0.3996254536540454
Processor [0] :       1024    0.4052425854369076
Processor [0] :       1024    0.4108444600654728
Processor [0] :       1024    0.4164308666323269
Processor [0] :       1024    0.4220015948124191
Processor [0] :       1024    0.4275564348709838
Processor [0] :       1024    0.4330951776714317
Processor [0] :       1024    0.4386176146832252
Processor [0] :       1024    0.4441235379897339
Processor [0] :       1024    0.4496127402960588
Processor [0] :       1024    0.4550850149368315
Processor [0] :       1024    0.4605401558840075
Processor [0] :       1024    0.4659779577546124
Processor [0] :       1024    0.4713982158184810
Processor [0] :       1024    0.4768007260059586
Processor [0] :       1024    0.4821852849155910
Processor [0] :       1024    0.4875516898217788
Processor [0] :       1024    0.4928997386824091
Processor [0] :       1024    0.4982292301464674
Processor [0] :       1024    0.5035399635616100
Processor [0] :       1024    0.5088317389817272
Processor [0] :       1024    0.5141043571744643
Processor [0] :       1024    0.5193576196287277
Processor [0] :       1024    0.5245913285621513
Processor [0] :       1024    0.5298052869285577
Processor [0] :       1024    0.5349992984253573
Processor [0] :       1024    0.5401731675009538
Processor [0] :       1024    0.5453266993620998
Processor [0] :       1024    0.5504596999812377
Processor [0] :       1024    0.5555719761037907
Processor [0] :       1024    0.5606633352554546
Processor [0] :       1024    0.5657335857494338
Processor [0] :       1024    0.5707825366936639
Processor [0] :       1024    0.5758099979979946
Processor [0] :       1024    0.5808157803813492
Processor [0] :       1024    0.5857996953788519
Processor [0] :       1024    0.5907615553489189
Processor [0] :       1024    0.5957011734803257
Processor [0] :       1024    0.6006183637992422
Processor [0] :       1024    0.6055129411762343
Processor [0] :       1024    0.6103847213332282
Processor [0] :       1024    0.6152335208504538
Processor [0] :       1024    0.6200591571733522
Processor [0] :       1024    0.6248614486194406
Processor [0] :       1024    0.6296402143851627
Processor [0] :       1024    0.6343952745526856
Processor [0] :       1024    0.6391264500966848
Processor [0] :       1024    0.6438335628910725
Processor [0] :       1024    0.6485164357157149
Processor [0] :       1024    0.6531748922630947
Processor [0] :       1024    0.6578087571449562
Processor [0] :       1024    0.6624178558989078
Processor [0] :       1024    0.6670020149949833
Processor [0] :       1024    0.6715610618421858
Processor [0] :       1024    0.6760948247949774
Processor [0] :       1024    0.6806031331597470
Processor [0] :       1024    0.6850858172012306
Processor [0] :       1024    0.6895427081489094
Processor [0] :       1024    0.6939736382033554
Processor [0] :       1024    0.6983784405425610
Processor [0] :       1024    0.7027569493282037
Processor [0] :       1024    0.7071089997119069
Processor [0] :       1024    0.7114344278414286
Processor [0] :       1024    0.7157330708668452
Processor [0] :       1024    0.7200047669466778
Processor [0] :       1024    0.7242493552539838
Processor [0] :       1024    0.7284666759824122
Processor [0] :       1024    0.7326565703522203
Processor [0] :       1024    0.7368188806162554
Processor [0] :       1024    0.7409534500658845
Processor [0] :       1024    0.7450601230369104
Processor [0] :       1024    0.7491387449154108
Processor [0] :       1024    0.7531891621435821
Processor [0] :       1024    0.7572112222255019
Processor [0] :       1024    0.7612047737328825
Processor [0] :       1024    0.7651696663107658
Processor [0] :       1024    0.7691057506831898
Processor [0] :       1024    0.7730128786587995
Processor [0] :       1024    0.7768909031364377
Processor [0] :       1024    0.7807396781106737
Processor [0] :       1024    0.7845590586773038
Processor [0] :       1024    0.7883489010388081
Processor [0] :       1024    0.7921090625097660
Processor [0] :       1024    0.7958394015222214
Processor [0] :       1024    0.7995397776310209
Processor [0] :       1024    0.8032100515190956
Processor [0] :       1024    0.8068500850027035
Processor [0] :       1024    0.8104597410366464
Processor [0] :       1024    0.8140388837194127
Processor [0] :       1024    0.8175873782983029
Processor [0] :       1024    0.8211050911745039
Processor [0] :       1024    0.8245918899081097
Processor [0] :       1024    0.8280476432231269
Processor [0] :       1024    0.8314722210123870
Processor [0] :       1024    0.8348654943424783
Processor [0] :       1024    0.8382273354585734
Processor [0] :       1024    0.8415576177892569
Processor [0] :       1024    0.8448562159512817
Processor [0] :       1024    0.8481230057542904
Processor [0] :       1024    0.8513578642054930
Processor [0] :       1024    0.8545606695142978
Processor [0] :       1024    0.8577313010968941
Processor [0] :       1024    0.8608696395808008
Processor [0] :       1024    0.8639755668093373
Processor [0] :       1024    0.8670489658461051
Processor [0] :       1024    0.8700897209793678
Processor [0] :       1024    0.8730977177264151
Processor [0] :       1024    0.8760728428378609
Processor [0] :       1024    0.8790149843019350
Processor [0] :       1024    0.8819240313486727
Processor [0] :       1024    0.8847998744540947
Processor [0] :       1024    0.8876424053443367
Processor [0] :       1024    0.8904515169997105
Processor [0] :       1024    0.8932271036587555
Processor [0] :       1024    0.8959690608222047
Processor [0] :       1024    0.8986772852569166
Processor [0] :       1024    0.9013516749997724
Processor [0] :       1024    0.9039921293615106
Processor [0] :       1024    0.9065985489305149
Processor [0] :       1024    0.9091708355765667
Processor [0] :       1024    0.9117088924545235
Processor [0] :       1024    0.9142126240079742
Processor [0] :       1024    0.9166819359728545
Processor [0] :       1024    0.9191167353809524
Processor [0] :       1024    0.9215169305634516
Processor [0] :       1024    0.9238824311543542
Processor [0] :       1024    0.9262131480939094
Processor [0] :       1024    0.9285089936319347
Processor [0] :       1024    0.9307698813311439
Processor [0] :       1024    0.9329957260703963
Processor [0] :       1024    0.9351864440478913
Processor [0] :       1024    0.9373419527843393
Processor [0] :       1024    0.9394621711260516
Processor [0] :       1024    0.9415470192480084
Processor [0] :       1024    0.9435964186568555
Processor [0] :       1024    0.9456102921938598
Processor [0] :       1024    0.9475885640378254
Processor [0] :       1024    0.9495311597079354
Processor [0] :       1024    0.9514380060665600
Processor [0] :       1024    0.9533090313220093
Processor [0] :       1024    0.9551441650312430
Processor [0] :       1024    0.9569433381025121
Processor [0] :       1024    0.9587064827979689
Processor [0] :       1024    0.9604335327362077
Processor [0] :       1024    0.9621244228947851
Processor [0] :       1024    0.9637790896126310
Processor [0] :       1024    0.9653974705924855
Processor [0] :       1024    0.9669795049032142
Processor [0] :       1024    0.9685251329821239
Processor [0] :       1024    0.9700342966371897
Processor [0] :       1024    0.9715069390492538
Processor [0] :       1024    0.9729430047741590
Processor [0] :       1024    0.9743424397448430
Processor [0] :       1024    0.9757051912733729
Processor [0] :       1024    0.9770312080529245
Processor [0] :       1024    0.9783204401597086
Processor [0] :       1024    0.9795728390548699
Processor [0] :       1024    0.9807883575863001
Processor [0] :       1024    0.9819669499904095
Processor [0] :       1024    0.9831085718938630
Processor [0] :       1024    0.9842131803152379
Processor [0] :       1024    0.9852807336666540
Processor [0] :       1024    0.9863111917553339
Processor [0] :       1024    0.9873045157851058
Processor [0] :       1024    0.9882606683578854
Processor [0] :       1024    0.9891796134750706
Processor [0] :       1024    0.9900613165388951
Processor [0] :       1024    0.9909057443537331
Processor [0] :       1024    0.9917128651273620
Processor [0] :       1024    0.9924826484721361
Processor [0] :       1024    0.9932150654061483
Processor [0] :       1024    0.9939100883543158
Processor [0] :       1024    0.9945676911494183
Processor [0] :       1024    0.9951878490330781
Processor [0] :       1024    0.9957705386567056
Processor [0] :       1024    0.9963157380823620
Processor [0] :       1024    0.9968234267836046
Processor [0] :       1024    0.9972935856462333
Processor [0] :       1024    0.9977261969690334
Processor [0] :       1024    0.9981212444644386
Processor [0] :       1024    0.9984787132591270
Processor [0] :       1024    0.9987985898946042
Processor [0] :       1024    0.9990808623276962
Processor [0] :       1024    0.9993255199310017
Processor [0] :       1024    0.9995325534933027
Processor [0] :       1024    0.9997019552199083
Processor [0] :       1024    0.9998337187329275
Processor [0] :       1024    0.9999278390715498
Processor [0] :       1024    0.9999843126921899
Processor [0] :       1024    1.0000031374686507
Processor [0] :       1024    0.9999843126921918
Processor [0] :       1024    0.9999278390715493
Processor [0] :       1024    0.9998337187329314
Processor [0] :       1024    0.9997019552199076
Processor [0] :       1024    0.9995325534933058
Processor [0] :       1024    0.9993255199310037
Processor [0] :       1024    0.9990808623276943
Processor [0] :       1024    0.9987985898946035
Processor [0] :       1024    0.9984787132591262
Processor [0] :       1024    0.9981212444644383
Processor [0] :       1024    0.9977261969690355
Processor [0] :       1024    0.9972935856462327
Processor [0] :       1024    0.9968234267836049
Processor [0] :       1024    0.9963157380823608
Processor [0] :       1024    0.9957705386567058
Processor [0] :       1024    0.9951878490330770
Processor [0] :       1024    0.9945676911494147
Processor [0] :       1024    0.9939100883543150
Processor [0] :       1024    0.9932150654061473
Processor [0] :       1024    0.9924826484721351
Processor [0] :       1024    0.9917128651273598
Processor [0] :       1024    0.9909057443537339
Processor [0] :       1024    0.9900613165388941
Processor [0] :       1024    0.9891796134750719
Processor [0] :       1024    0.9882606683578857
Processor [0] :       1024    0.9873045157851059
Processor [0] :       1024    0.9863111917553310
Processor [0] :       1024    0.9852807336666543
Processor [0] :       1024    0.9842131803152390
Processor [0] :       1024    0.9831085718938629
Processor [0] :       1024    0.9819669499904085
Processor [0] :       1024    0.9807883575862989
Processor [0] :       1024    0.9795728390548700
Processor [0] :       1024    0.9783204401597078
Processor [0] :       1024    0.9770312080529222
Processor [0] :       1024    0.9757051912733733
Processor [0] :       1024    0.9743424397448422
Processor [0] :       1024    0.9729430047741583
Processor [0] :       1024    0.9715069390492537
Processor [0] :       1024    0.9700342966371870
Processor [0] :       1024    0.9685251329821253
Processor [0] :       1024    0.9669795049032165
Processor [0] :       1024    0.9653974705924843
Processor [0] :       1024    0.9637790896126317
Processor [0] :       1024    0.9621244228947848
Processor [0] :       1024    0.9604335327362096
Processor [0] :       1024    0.9587064827979692
Processor [0] :       1024    0.9569433381025133
Processor [0] :       1024    0.9551441650312429
Processor [0] :       1024    0.9533090313220098
Processor [0] :       1024    0.9514380060665580
Processor [0] :       1024    0.9495311597079352
Processor [0] :       1024    0.9475885640378292
Processor [0] :       1024    0.9456102921938601
Processor [0] :       1024    0.9435964186568526
Processor [0] :       1024    0.9415470192480080
Processor [0] :       1024    0.9394621711260545
Processor [0] :       1024    0.9373419527843382
Processor [0] :       1024    0.9351864440478932
Processor [0] :       1024    0.9329957260703966
Processor [0] :       1024    0.9307698813311435
Processor [0] :       1024    0.9285089936319353
Processor [0] :       1024    0.9262131480939115
Processor [0] :       1024    0.9238824311543573
Processor [0] :       1024    0.9215169305634507
Processor [0] :       1024    0.9191167353809532
Processor [0] :       1024    0.9166819359728543
Processor [0] :       1024    0.9142126240079765
Processor [0] :       1024    0.9117088924545214
Processor [0] :       1024    0.9091708355765660
Processor [0] :       1024    0.9065985489305157
Processor [0] :       1024    0.9039921293615105
Processor [0] :       1024    0.9013516749997721
Processor [0] :       1024    0.8986772852569149
Processor [0] :       1024    0.8959690608222062
Processor [0] :       1024    0.8932271036587585
Processor [0] :       1024    0.8904515169997116
Processor [0] :       1024    0.8876424053443344
Processor [0] :       1024    0.8847998744540966
Processor [0] :       1024    0.8819240313486743
Processor [0] :       1024    0.8790149843019364
Processor [0] :       1024    0.8760728428378624
Processor [0] :       1024    0.8730977177264143
Processor [0] :       1024    0.8700897209793714
Processor [0] :       1024    0.8670489658461058
Processor [0] :       1024    0.8639755668093372
Processor [0] :       1024    0.8608696395807978
Processor [0] :       1024    0.8577313010968954
Processor [0] :       1024    0.8545606695142980
Processor [0] :       1024    0.8513578642054935
Processor [0] :       1024    0.8481230057542903
Processor [0] :       1024    0.8448562159512796
Processor [0] :       1024    0.8415576177892570
Processor [0] :       1024    0.8382273354585721
Processor [0] :       1024    0.8348654943424787
Processor [0] :       1024    0.8314722210123868
Processor [0] :       1024    0.8280476432231254
Processor [0] :       1024    0.8245918899081117
Processor [0] :       1024    0.8211050911745048
Processor [0] :       1024    0.8175873782983054
Processor [0] :       1024    0.8140388837194137
Processor [0] :       1024    0.8104597410366450
Processor [0] :       1024    0.8068500850027052
Processor [0] :       1024    0.8032100515190936
Processor [0] :       1024    0.7995397776310209
Processor [0] :       1024    0.7958394015222217
Processor [0] :       1024    0.7921090625097655
Processor [0] :       1024    0.7883489010388081
Processor [0] :       1024    0.7845590586773030
Processor [0] :       1024    0.7807396781106735
Processor [0] :       1024    0.7768909031364351
Processor [0] :       1024    0.7730128786588013
Processor [0] :       1024    0.7691057506831902
Processor [0] :       1024    0.7651696663107650
Processor [0] :       1024    0.7612047737328835
Processor [0] :       1024    0.7572112222255005
Processor [0] :       1024    0.7531891621435829
Processor [0] :       1024    0.7491387449154130
Processor [0] :       1024    0.7450601230369118
Processor [0] :       1024    0.7409534500658870
Processor [0] :       1024    0.7368188806162570
Processor [0] :       1024    0.7326565703522203
Processor [0] :       1024    0.7284666759824130
Processor [0] :       1024    0.7242493552539842
Processor [0] :       1024    0.7200047669466794
Processor [0] :       1024    0.7157330708668439
Processor [0] :       1024    0.7114344278414275
Processor [0] :       1024    0.7071089997119064
Processor [0] :       1024    0.7027569493282040
Processor [0] :       1024    0.6983784405425608
Processor [0] :       1024    0.6939736382033566
Processor [0] :       1024    0.6895427081489109
Processor [0] :       1024    0.6850858172012313
Processor [0] :       1024    0.6806031331597475
Processor [0] :       1024    0.6760948247949783
Processor [0] :       1024    0.6715610618421872
Processor [0] :       1024    0.6670020149949820
Processor [0] :       1024    0.6624178558989078
Processor [0] :       1024    0.6578087571449582
Processor [0] :       1024    0.6531748922630953
Processor [0] :       1024    0.6485164357157120
Processor [0] :       1024    0.6438335628910732
Processor [0] :       1024    0.6391264500966847
Processor [0] :       1024    0.6343952745526849
Processor [0] :       1024    0.6296402143851649
Processor [0] :       1024    0.6248614486194424
Processor [0] :       1024    0.6200591571733511
Processor [0] :       1024    0.6152335208504531
Processor [0] :       1024    0.6103847213332299
Processor [0] :       1024    0.6055129411762343
Processor [0] :       1024    0.6006183637992444
Processor [0] :       1024    0.5957011734803268
Processor [0] :       1024    0.5907615553489187
Processor [0] :       1024    0.5857996953788522
Processor [0] :       1024    0.5808157803813518
Processor [0] :       1024    0.5758099979979954
Processor [0] :       1024    0.5707825366936670
Processor [0] :       1024    0.5657335857494350
Processor [0] :       1024    0.5606633352554549
Processor [0] :       1024    0.5555719761037916
Processor [0] :       1024    0.5504596999812366
Processor [0] :       1024    0.5453266993621022
Processor [0] :       1024    0.5401731675009527
Processor [0] :       1024    0.5349992984253558
Processor [0] :       1024    0.5298052869285579
Processor [0] :       1024    0.5245913285621537
Processor [0] :       1024    0.5193576196287271
Processor [0] :       1024    0.5141043571744657
Processor [0] :       1024    0.5088317389817263
Processor [0] :       1024    0.5035399635616116
Processor [0] :       1024    0.4982292301464668
Processor [0] :       1024    0.4928997386824123
Processor [0] :       1024    0.4875516898217787
Processor [0] :       1024    0.4821852849155914
Processor [0] :       1024    0.4768007260059579
Processor [0] :       1024    0.4713982158184815
Processor [0] :       1024    0.4659779577546135
Processor [0] :       1024    0.4605401558840059
Processor [0] :       1024    0.4550850149368302
Processor [0] :       1024    0.4496127402960584
Processor [0] :       1024    0.4441235379897339
Processor [0] :       1024    0.4386176146832261
Processor [0] :       1024    0.4330951776714316
Processor [0] :       1024    0.4275564348709846
Processor [0] :       1024    0.4220015948124169
Processor [0] :       1024    0.4164308666323260
Processor [0] :       1024    0.4108444600654702
Processor [0] :       1024    0.4052425854369084
Processor [0] :       1024    0.3996254536540449
Processor [0] :       1024    0.3939932761987219
Processor [0] :       1024    0.3883462651192382
Processor [0] :       1024    0.3826846330223659
Processor [0] :       1024    0.3770085930653486
Processor [0] :       1024    0.3713183589478928
Processor [0] :       1024    0.3656141449040962
Processor [0] :       1024    0.3598961656943815
Processor [0] :       1024    0.3541646365974478
Processor [0] :       1024    0.3484197734021175
Processor [0] :       1024    0.3426617923992539
Processor [0] :       1024    0.3368909103735733
Processor [0] :       1024    0.3311073445955297
Processor [0] :       1024    0.3253113128131062
Processor [0] :       1024    0.3195030332436206
Processor [0] :       1024    0.3136827245655167
Processor [0] :       1024    0.3078506059101305
Processor [0] :       1024    0.3020068968534255
Processor [0] :       1024    0.2961518174077522
Processor [0] :       1024    0.2902855880135369
Processor [0] :       1024    0.2844084295310068
Processor [0] :       1024    0.2785205632318506
Processor [0] :       1024    0.2726222107909040
Processor [0] :       1024    0.2667135942778120
Processor [0] :       1024    0.2607949361486448
Processor [0] :       1024    0.2548664592375320
Processor [0] :       1024    0.2489283867482797
Processor [0] :       1024    0.2429809422459608
Processor [0] :       1024    0.2370243496485025
Processor [0] :       1024    0.2310588332182417
Processor [0] :       1024    0.2250846175535086
Processor [0] :       1024    0.2191019275801427
Processor [0] :       1024    0.2131109885430398
Processor [0] :       1024    0.2071120259976702
Processor [0] :       1024    0.2011052658015791
Processor [0] :       1024    0.1950909341058984
Processor [0] :       1024    0.1890692573468138
Processor [0] :       1024    0.1830404622370492
Processor [0] :       1024    0.1770047757573407
Processor [0] :       1024    0.1709624251478670
Processor [0] :       1024    0.1649136378997194
Processor [0] :       1024    0.1588586417463074
Processor [0] :       1024    0.1527976646548241
Processor [0] :       1024    0.1467309348176244
Processor [0] :       1024    0.1406586806436645
Processor [0] :       1024    0.1345811307498792
Processor [0] :       1024    0.1284985139525880
Processor [0] :       1024    0.1224110592588727
Processor [0] :       1024    0.1163189958579631
Processor [0] :       1024    0.1102225531126040
Processor [0] :       1024    0.1041219605504167
Processor [0] :       1024    0.0980174478552653
Processor [0] :       1024    0.0919092448586012
Processor [0] :       1024    0.0857975815308194
Processor [0] :       1024    0.0796826879725849
Processor [0] :       1024    0.0735647944061781
Processor [0] :       1024    0.0674441311668452
Processor [0] :       1024    0.0613209286940954
Processor [0] :       1024    0.0551954175230398
Processor [0] :       1024    0.0490678282757089
Processor [0] :       1024    0.0429383916523769
Processor [0] :       1024    0.0368073384228651
Processor [0] :       1024    0.0306748994178720
Processor [0] :       1024    0.0245413055202464
Processor [0] :       1024    0.0184067876563443
Processor [0] :       1024    0.0122715767872854
Processor [0] :       1024    0.0061359039002988
Processor [0] :       1024    0.0000000000000000
Processor [0] :       1024    -0.0061359039002997
Processor [0] :       1024    -0.0122715767872870
Processor [0] :       1024    -0.0184067876563427
Processor [0] :       1024    -0.0245413055202448
Processor [0] :       1024    -0.0306748994178707
Processor [0] :       1024    -0.0368073384228624
Processor [0] :       1024    -0.0429383916523740
Processor [0] :       1024    -0.0490678282757049
Processor [0] :       1024    -0.0551954175230356
Processor [0] :       1024    -0.0613209286940977
Processor [0] :       1024    -0.0674441311668463
Processor [0] :       1024    -0.0735647944061788
Processor [0] :       1024    -0.0796826879725809
Processor [0] :       1024    -0.0857975815308194
Processor [0] :       1024    -0.0919092448586032
Processor [0] :       1024    -0.0980174478552651
Processor [0] :       1024    -0.1041219605504182
Processor [0] :       1024    -0.1102225531126031
Processor [0] :       1024    -0.1163189958579600
Processor [0] :       1024    -0.1224110592588719
Processor [0] :       1024    -0.1284985139525849
Processor [0] :       1024    -0.1345811307498794
Processor [0] :       1024    -0.1406586806436649
Processor [0] :       1024    -0.1467309348176238
Processor [0] :       1024    -0.1527976646548226
Processor [0] :       1024    -0.1588586417463045
Processor [0] :       1024    -0.1649136378997145
Processor [0] :       1024    -0.1709624251478705
Processor [0] :       1024    -0.1770047757573388
Processor [0] :       1024    -0.1830404622370485
Processor [0] :       1024    -0.1890692573468125
Processor [0] :       1024    -0.1950909341058968
Processor [0] :       1024    -0.2011052658015779
Processor [0] :       1024    -0.2071120259976686
Processor [0] :       1024    -0.2131109885430398
Processor [0] :       1024    -0.2191019275801429
Processor [0] :       1024    -0.2250846175535066
Processor [0] :       1024    -0.2310588332182424
Processor [0] :       1024    -0.2370243496484978
Processor [0] :       1024    -0.2429809422459617
Processor [0] :       1024    -0.2489283867482788
Processor [0] :       1024    -0.2548664592375323
Processor [0] :       1024    -0.2607949361486441
Processor [0] :       1024    -0.2667135942778134
Processor [0] :       1024    -0.2726222107909082
Processor [0] :       1024    -0.2785205632318439
Processor [0] :       1024    -0.2844084295310032
Processor [0] :       1024    -0.2902855880135355
Processor [0] :       1024    -0.2961518174077513
Processor [0] :       1024    -0.3020068968534257
Processor [0] :       1024    -0.3078506059101285
Processor [0] :       1024    -0.3136827245655172
Processor [0] :       1024    -0.3195030332436208
Processor [0] :       1024    -0.3253113128131071
Processor [0] :       1024    -0.3311073445955321
Processor [0] :       1024    -0.3368909103735731
Processor [0] :       1024    -0.3426617923992534
Processor [0] :       1024    -0.3484197734021202
Processor [0] :       1024    -0.3541646365974453
Processor [0] :       1024    -0.3598961656943818
Processor [0] :       1024    -0.3656141449040924
Processor [0] :       1024    -0.3713183589478908
Processor [0] :       1024    -0.3770085930653477
Processor [0] :       1024    -0.3826846330223630
Processor [0] :       1024    -0.3883462651192333
Processor [0] :       1024    -0.3939932761987228
Processor [0] :       1024    -0.3996254536540431
Processor [0] :       1024    -0.4052425854369113
Processor [0] :       1024    -0.4108444600654724
Processor [0] :       1024    -0.4164308666323262
Processor [0] :       1024    -0.4220015948124172
Processor [0] :       1024    -0.4275564348709824
Processor [0] :       1024    -0.4330951776714322
Processor [0] :       1024    -0.4386176146832250
Processor [0] :       1024    -0.4441235379897321
Processor [0] :       1024    -0.4496127402960575
Processor [0] :       1024    -0.4550850149368315
Processor [0] :       1024    -0.4605401558840048
Processor [0] :       1024    -0.4659779577546137
Processor [0] :       1024    -0.4713982158184804
Processor [0] :       1024    -0.4768007260059588
Processor [0] :       1024    -0.4821852849155894
Processor [0] :       1024    -0.4875516898217793
Processor [0] :       1024    -0.4928997386824088
Processor [0] :       1024    -0.4982292301464633
Processor [0] :       1024    -0.5035399635616116
Processor [0] :       1024    -0.5088317389817283
Processor [0] :       1024    -0.5141043571744632
Processor [0] :       1024    -0.5193576196287275
Processor [0] :       1024    -0.5245913285621537
Processor [0] :       1024    -0.5298052869285588
Processor [0] :       1024    -0.5349992984253589
Processor [0] :       1024    -0.5401731675009529
Processor [0] :       1024    -0.5453266993621002
Processor [0] :       1024    -0.5504596999812379
Processor [0] :       1024    -0.5555719761037889
Processor [0] :       1024    -0.5606633352554544
Processor [0] :       1024    -0.5657335857494337
Processor [0] :       1024    -0.5707825366936621
Processor [0] :       1024    -0.5758099979979949
Processor [0] :       1024    -0.5808157803813481
Processor [0] :       1024    -0.5857996953788527
Processor [0] :       1024    -0.5907615553489152
Processor [0] :       1024    -0.5957011734803244
Processor [0] :       1024    -0.6006183637992439
Processor [0] :       1024    -0.6055129411762321
Processor [0] :       1024    -0.6103847213332285
Processor [0] :       1024    -0.6152335208504542
Processor [0] :       1024    -0.6200591571733518
Processor [0] :       1024    -0.6248614486194408
Processor [0] :       1024    -0.6296402143851618
Processor [0] :       1024    -0.6343952745526860
Processor [0] :       1024    -0.6391264500966816
Processor [0] :       1024    -0.6438335628910719
Processor [0] :       1024    -0.6485164357157136
Processor [0] :       1024    -0.6531748922630927
Processor [0] :       1024    -0.6578087571449580
Processor [0] :       1024    -0.6624178558989045
Processor [0] :       1024    -0.6670020149949833
Processor [0] :       1024    -0.6715610618421854
Processor [0] :       1024    -0.6760948247949765
Processor [0] :       1024    -0.6806031331597473
Processor [0] :       1024    -0.6850858172012311
Processor [0] :       1024    -0.6895427081489087
Processor [0] :       1024    -0.6939736382033577
Processor [0] :       1024    -0.6983784405425606
Processor [0] :       1024    -0.7027569493282051
Processor [0] :       1024    -0.7071089997119038
Processor [0] :       1024    -0.7114344278414277
Processor [0] :       1024    -0.7157330708668455
Processor [0] :       1024    -0.7200047669466780
Processor [0] :       1024    -0.7242493552539842
Processor [0] :       1024    -0.7284666759824125
Processor [0] :       1024    -0.7326565703522243
Processor [0] :       1024    -0.7368188806162548
Processor [0] :       1024    -0.7409534500658859
Processor [0] :       1024    -0.7450601230369085
Processor [0] :       1024    -0.7491387449154092
Processor [0] :       1024    -0.7531891621435796
Processor [0] :       1024    -0.7572112222255034
Processor [0] :       1024    -0.7612047737328809
Processor [0] :       1024    -0.7651696663107654
Processor [0] :       1024    -0.7691057506831882
Processor [0] :       1024    -0.7730128786588013
Processor [0] :       1024    -0.7768909031364366
Processor [0] :       1024    -0.7807396781106741
Processor [0] :       1024    -0.7845590586773028
Processor [0] :       1024    -0.7883489010388081
Processor [0] :       1024    -0.7921090625097684
Processor [0] :       1024    -0.7958394015222223
Processor [0] :       1024    -0.7995397776310229
Processor [0] :       1024    -0.8032100515190936
Processor [0] :       1024    -0.8068500850027038
Processor [0] :       1024    -0.8104597410366448
Processor [0] :       1024    -0.8140388837194130
Processor [0] :       1024    -0.8175873782983052
Processor [0] :       1024    -0.8211050911745010
Processor [0] :       1024    -0.8245918899081119
Processor [0] :       1024    -0.8280476432231241
Processor [0] :       1024    -0.8314722210123888
Processor [0] :       1024    -0.8348654943424758
Processor [0] :       1024    -0.8382273354585741
Processor [0] :       1024    -0.8415576177892568
Processor [0] :       1024    -0.8448562159512807
Processor [0] :       1024    -0.8481230057542894
Processor [0] :       1024    -0.8513578642054940
Processor [0] :       1024    -0.8545606695142964
Processor [0] :       1024    -0.8577313010968945
Processor [0] :       1024    -0.8608696395807982
Processor [0] :       1024    -0.8639755668093363
Processor [0] :       1024    -0.8670489658461062
Processor [0] :       1024    -0.8700897209793657
Processor [0] :       1024    -0.8730977177264103
Processor [0] :       1024    -0.8760728428378624
Processor [0] :       1024    -0.8790149843019384
Processor [0] :       1024    -0.8819240313486729
Processor [0] :       1024    -0.8847998744540939
Processor [0] :       1024    -0.8876424053443355
Processor [0] :       1024    -0.8904515169997129
Processor [0] :       1024    -0.8932271036587562
Processor [0] :       1024    -0.8959690608222066
Processor [0] :       1024    -0.8986772852569156
Processor [0] :       1024    -0.9013516749997723
Processor [0] :       1024    -0.9039921293615116
Processor [0] :       1024    -0.9065985489305153
Processor [0] :       1024    -0.9091708355765662
Processor [0] :       1024    -0.9117088924545216
Processor [0] :       1024    -0.9142126240079784
Processor [0] :       1024    -0.9166819359728550
Processor [0] :       1024    -0.9191167353809531
Processor [0] :       1024    -0.9215169305634515
Processor [0] :       1024    -0.9238824311543554
Processor [0] :       1024    -0.9262131480939075
Processor [0] :       1024    -0.9285089936319336
Processor [0] :       1024    -0.9307698813311445
Processor [0] :       1024    -0.9329957260703953
Processor [0] :       1024    -0.9351864440478908
Processor [0] :       1024    -0.9373419527843383
Processor [0] :       1024    -0.9394621711260516
Processor [0] :       1024    -0.9415470192480084
Processor [0] :       1024    -0.9435964186568512
Processor [0] :       1024    -0.9456102921938593
Processor [0] :       1024    -0.9475885640378284
Processor [0] :       1024    -0.9495311597079332
Processor [0] :       1024    -0.9514380060665584
Processor [0] :       1024    -0.9533090313220093
Processor [0] :       1024    -0.9551441650312430
Processor [0] :       1024    -0.9569433381025090
Processor [0] :       1024    -0.9587064827979683
Processor [0] :       1024    -0.9604335327362115
Processor [0] :       1024    -0.9621244228947861
Processor [0] :       1024    -0.9637790896126314
Processor [0] :       1024    -0.9653974705924835
Processor [0] :       1024    -0.9669795049032146
Processor [0] :       1024    -0.9685251329821245
Processor [0] :       1024    -0.9700342966371904
Processor [0] :       1024    -0.9715069390492527
Processor [0] :       1024    -0.9729430047741591
Processor [0] :       1024    -0.9743424397448444
Processor [0] :       1024    -0.9757051912733735
Processor [0] :       1024    -0.9770312080529211
Processor [0] :       1024    -0.9783204401597080
Processor [0] :       1024    -0.9795728390548690
Processor [0] :       1024    -0.9807883575862973
Processor [0] :       1024    -0.9819669499904101
Processor [0] :       1024    -0.9831085718938614
Processor [0] :       1024    -0.9842131803152392
Processor [0] :       1024    -0.9852807336666549
Processor [0] :       1024    -0.9863111917553340
Processor [0] :       1024    -0.9873045157851043
Processor [0] :       1024    -0.9882606683578864
Processor [0] :       1024    -0.9891796134750686
Processor [0] :       1024    -0.9900613165388930
Processor [0] :       1024    -0.9909057443537332
Processor [0] :       1024    -0.9917128651273610
Processor [0] :       1024    -0.9924826484721355
Processor [0] :       1024    -0.9932150654061485
Processor [0] :       1024    -0.9939100883543142
Processor [0] :       1024    -0.9945676911494167
Processor [0] :       1024    -0.9951878490330778
Processor [0] :       1024    -0.9957705386567061
Processor [0] :       1024    -0.9963157380823622
Processor [0] :       1024    -0.9968234267836061
Processor [0] :       1024    -0.9972935856462344
Processor [0] :       1024    -0.9977261969690326
Processor [0] :       1024    -0.9981212444644375
Processor [0] :       1024    -0.9984787132591277
Processor [0] :       1024    -0.9987985898946030
Processor [0] :       1024    -0.9990808623276962
Processor [0] :       1024    -0.9993255199310022
Processor [0] :       1024    -0.9995325534933035
Processor [0] :       1024    -0.9997019552199065
Processor [0] :       1024    -0.9998337187329280
Processor [0] :       1024    -0.9999278390715503
Processor [0] :       1024    -0.9999843126921876
Processor [0] :       1024    -1.0000031374686493
Processor [0] :       1024    -0.9999843126921893
Processor [0] :       1024    -0.9999278390715493
Processor [0] :       1024    -0.9998337187329288
Processor [0] :       1024    -0.9997019552199048
Processor [0] :       1024    -0.9995325534933057
Processor [0] :       1024    -0.9993255199310029
Processor [0] :       1024    -0.9990808623276978
Processor [0] :       1024    -0.9987985898946030
Processor [0] :       1024    -0.9984787132591267
Processor [0] :       1024    -0.9981212444644377
Processor [0] :       1024    -0.9977261969690321
Processor [0] :       1024    -0.9972935856462304
Processor [0] :       1024    -0.9968234267836031
Processor [0] :       1024    -0.9963157380823644
Processor [0] :       1024    -0.9957705386567043
Processor [0] :       1024    -0.9951878490330762
Processor [0] :       1024    -0.9945676911494165
Processor [0] :       1024    -0.9939100883543155
Processor [0] :       1024    -0.9932150654061491
Processor [0] :       1024    -0.9924826484721352
Processor [0] :       1024    -0.9917128651273600
Processor [0] :       1024    -0.9909057443537330
Processor [0] :       1024    -0.9900613165388918
Processor [0] :       1024    -0.9891796134750703
Processor [0] :       1024    -0.9882606683578840
Processor [0] :       1024    -0.9873045157851051
Processor [0] :       1024    -0.9863111917553334
Processor [0] :       1024    -0.9852807336666555
Processor [0] :       1024    -0.9842131803152375
Processor [0] :       1024    -0.9831085718938627
Processor [0] :       1024    -0.9819669499904101
Processor [0] :       1024    -0.9807883575863000
Processor [0] :       1024    -0.9795728390548710
Processor [0] :       1024    -0.9783204401597095
Processor [0] :       1024    -0.9770312080529221
Processor [0] :       1024    -0.9757051912733742
Processor [0] :       1024    -0.9743424397448437
Processor [0] :       1024    -0.9729430047741564
Processor [0] :       1024    -0.9715069390492513
Processor [0] :       1024    -0.9700342966371887
Processor [0] :       1024    -0.9685251329821238
Processor [0] :       1024    -0.9669795049032144
Processor [0] :       1024    -0.9653974705924846
Processor [0] :       1024    -0.9637790896126320
Processor [0] :       1024    -0.9621244228947851
Processor [0] :       1024    -0.9604335327362106
Processor [0] :       1024    -0.9587064827979660
Processor [0] :       1024    -0.9569433381025122
Processor [0] :       1024    -0.9551441650312413
Processor [0] :       1024    -0.9533090313220083
Processor [0] :       1024    -0.9514380060665579
Processor [0] :       1024    -0.9495311597079348
Processor [0] :       1024    -0.9475885640378245
Processor [0] :       1024    -0.9456102921938587
Processor [0] :       1024    -0.9435964186568524
Processor [0] :       1024    -0.9415470192480089
Processor [0] :       1024    -0.9394621711260498
Processor [0] :       1024    -0.9373419527843388
Processor [0] :       1024    -0.9351864440478928
Processor [0] :       1024    -0.9329957260703965
Processor [0] :       1024    -0.9307698813311447
Processor [0] :       1024    -0.9285089936319346
Processor [0] :       1024    -0.9262131480939101
Processor [0] :       1024    -0.9238824311543555
Processor [0] :       1024    -0.9215169305634499
Processor [0] :       1024    -0.9191167353809511
Processor [0] :       1024    -0.9166819359728551
Processor [0] :       1024    -0.9142126240079775
Processor [0] :       1024    -0.9117088924545236
Processor [0] :       1024    -0.9091708355765670
Processor [0] :       1024    -0.9065985489305178
Processor [0] :       1024    -0.9039921293615120
Processor [0] :       1024    -0.9013516749997728
Processor [0] :       1024    -0.8986772852569163
Processor [0] :       1024    -0.8959690608222057
Processor [0] :       1024    -0.8932271036587587
Processor [0] :       1024    -0.8904515169997097
Processor [0] :       1024    -0.8876424053443367
Processor [0] :       1024    -0.8847998744540960
Processor [0] :       1024    -0.8819240313486733
Processor [0] :       1024    -0.8790149843019376
Processor [0] :       1024    -0.8760728428378636
Processor [0] :       1024    -0.8730977177264126
Processor [0] :       1024    -0.8700897209793692
Processor [0] :       1024    -0.8670489658461056
Processor [0] :       1024    -0.8639755668093350
Processor [0] :       1024    -0.8608696395808011
Processor [0] :       1024    -0.8577313010968957
Processor [0] :       1024    -0.8545606695142985
Processor [0] :       1024    -0.8513578642054921
Processor [0] :       1024    -0.8481230057542894
Processor [0] :       1024    -0.8448562159512805
Processor [0] :       1024    -0.8415576177892565
Processor [0] :       1024    -0.8382273354585728
Processor [0] :       1024    -0.8348654943424784
Processor [0] :       1024    -0.8314722210123882
Processor [0] :       1024    -0.8280476432231261
Processor [0] :       1024    -0.8245918899081104
Processor [0] :       1024    -0.8211050911745045
Processor [0] :       1024    -0.8175873782983052
Processor [0] :       1024    -0.8140388837194110
Processor [0] :       1024    -0.8104597410366460
Processor [0] :       1024    -0.8068500850027041
Processor [0] :       1024    -0.8032100515190937
Processor [0] :       1024    -0.7995397776310201
Processor [0] :       1024    -0.7958394015222214
Processor [0] :       1024    -0.7921090625097661
Processor [0] :       1024    -0.7883489010388093
Processor [0] :       1024    -0.7845590586773026
Processor [0] :       1024    -0.7807396781106721
Processor [0] :       1024    -0.7768909031364377
Processor [0] :       1024    -0.7730128786588000
Processor [0] :       1024    -0.7691057506831886
Processor [0] :       1024    -0.7651696663107669
Processor [0] :       1024    -0.7612047737328824
Processor [0] :       1024    -0.7572112222255016
Processor [0] :       1024    -0.7531891621435823
Processor [0] :       1024    -0.7491387449154123
Processor [0] :       1024    -0.7450601230369116
Processor [0] :       1024    -0.7409534500658861
Processor [0] :       1024    -0.7368188806162549
Processor [0] :       1024    -0.7326565703522218
Processor [0] :       1024    -0.7284666759824137
Processor [0] :       1024    -0.7242493552539844
Processor [0] :       1024    -0.7200047669466771
Processor [0] :       1024    -0.7157330708668425
Processor [0] :       1024    -0.7114344278414270
Processor [0] :       1024    -0.7071089997119044
Processor [0] :       1024    -0.7027569493282042
Processor [0] :       1024    -0.6983784405425604
Processor [0] :       1024    -0.6939736382033556
Processor [0] :       1024    -0.6895427081489075
Processor [0] :       1024    -0.6850858172012293
Processor [0] :       1024    -0.6806031331597475
Processor [0] :       1024    -0.6760948247949777
Processor [0] :       1024    -0.6715610618421848
Processor [0] :       1024    -0.6670020149949829
Processor [0] :       1024    -0.6624178558989059
Processor [0] :       1024    -0.6578087571449571
Processor [0] :       1024    -0.6531748922630950
Processor [0] :       1024    -0.6485164357157149
Processor [0] :       1024    -0.6438335628910721
Processor [0] :       1024    -0.6391264500966847
Processor [0] :       1024    -0.6343952745526873
Processor [0] :       1024    -0.6296402143851636
Processor [0] :       1024    -0.6248614486194410
Processor [0] :       1024    -0.6200591571733520
Processor [0] :       1024    -0.6152335208504549
Processor [0] :       1024    -0.6103847213332293
Processor [0] :       1024    -0.6055129411762341
Processor [0] :       1024    -0.6006183637992434
Processor [0] :       1024    -0.5957011734803257
Processor [0] :       1024    -0.5907615553489188
Processor [0] :       1024    -0.5857996953788508
Processor [0] :       1024    -0.5808157803813488
Processor [0] :       1024    -0.5758099979979932
Processor [0] :       1024    -0.5707825366936632
Processor [0] :       1024    -0.5657335857494341
Processor [0] :       1024    -0.5606633352554548
Processor [0] :       1024    -0.5555719761037909
Processor [0] :       1024    -0.5504596999812369
Processor [0] :       1024    -0.5453266993621013
Processor [0] :       1024    -0.5401731675009538
Processor [0] :       1024    -0.5349992984253575
Processor [0] :       1024    -0.5298052869285580
Processor [0] :       1024    -0.5245913285621526
Processor [0] :       1024    -0.5193576196287266
Processor [0] :       1024    -0.5141043571744641
Processor [0] :       1024    -0.5088317389817272
Processor [0] :       1024    -0.5035399635616099
Processor [0] :       1024    -0.4982292301464661
Processor [0] :       1024    -0.4928997386824094
Processor [0] :       1024    -0.4875516898217788
Processor [0] :       1024    -0.4821852849155911
Processor [0] :       1024    -0.4768007260059591
Processor [0] :       1024    -0.4713982158184815
Processor [0] :       1024    -0.4659779577546131
Processor [0] :       1024    -0.4605401558840081
Processor [0] :       1024    -0.4550850149368313
Processor [0] :       1024    -0.4496127402960584
Processor [0] :       1024    -0.4441235379897344
Processor [0] :       1024    -0.4386176146832250
Processor [0] :       1024    -0.4330951776714308
Processor [0] :       1024    -0.4275564348709835
Processor [0] :       1024    -0.4220015948124191
Processor [0] :       1024    -0.4164308666323266
Processor [0] :       1024    -0.4108444600654733
Processor [0] :       1024    -0.4052425854369083
Processor [0] :       1024    -0.3996254536540457
Processor [0] :       1024    -0.3939932761987217
Processor [0] :       1024    -0.3883462651192349
Processor [0] :       1024    -0.3826846330223616
Processor [0] :       1024    -0.3770085930653485
Processor [0] :       1024    -0.3713183589478929
Processor [0] :       1024    -0.3656141449040918
Processor [0] :       1024    -0.3598961656943825
Processor [0] :       1024    -0.3541646365974483
Processor [0] :       1024    -0.3484197734021211
Processor [0] :       1024    -0.3426617923992525
Processor [0] :       1024    -0.3368909103735737
Processor [0] :       1024    -0.3311073445955303
Processor [0] :       1024    -0.3253113128131058
Processor [0] :       1024    -0.3195030332436205
Processor [0] :       1024    -0.3136827245655179
Processor [0] :       1024    -0.3078506059101287
Processor [0] :       1024    -0.3020068968534257
Processor [0] :       1024    -0.2961518174077515
Processor [0] :       1024    -0.2902855880135364
Processor [0] :       1024    -0.2844084295310033
Processor [0] :       1024    -0.2785205632318472
Processor [0] :       1024    -0.2726222107909053
Processor [0] :       1024    -0.2667135942778134
Processor [0] :       1024    -0.2607949361486442
Processor [0] :       1024    -0.2548664592375317
Processor [0] :       1024    -0.2489283867482793
Processor [0] :       1024    -0.2429809422459613
Processor [0] :       1024    -0.2370243496485004
Processor [0] :       1024    -0.2310588332182422
Processor [0] :       1024    -0.2250846175535082
Processor [0] :       1024    -0.2191019275801417
Processor [0] :       1024    -0.2131109885430386
Processor [0] :       1024    -0.2071120259976681
Processor [0] :       1024    -0.2011052658015791
Processor [0] :       1024    -0.1950909341058975
Processor [0] :       1024    -0.1890692573468127
Processor [0] :       1024    -0.1830404622370508
Processor [0] :       1024    -0.1770047757573414
Processor [0] :       1024    -0.1709624251478676
Processor [0] :       1024    -0.1649136378997152
Processor [0] :       1024    -0.1588586417463059
Processor [0] :       1024    -0.1527976646548218
Processor [0] :       1024    -0.1467309348176252
Processor [0] :       1024    -0.1406586806436655
Processor [0] :       1024    -0.1345811307498799
Processor [0] :       1024    -0.1284985139525874
Processor [0] :       1024    -0.1224110592588721
Processor [0] :       1024    -0.1163189958579626
Processor [0] :       1024    -0.1102225531126028
Processor [0] :       1024    -0.1041219605504165
Processor [0] :       1024    -0.0980174478552655
Processor [0] :       1024    -0.0919092448586022
Processor [0] :       1024    -0.0857975815308177
Processor [0] :       1024    -0.0796826879725812
Processor [0] :       1024    -0.0735647944061794
Processor [0] :       1024    -0.0674441311668472
Processor [0] :       1024    -0.0613209286940964
Processor [0] :       1024    -0.0551954175230387
Processor [0] :       1024    -0.0490678282757079
Processor [0] :       1024    -0.0429383916523759
Processor [0] :       1024    -0.0368073384228668
Processor [0] :       1024    -0.0306748994178700
Processor [0] :       1024    -0.0245413055202474
Processor [0] :       1024    -0.0184067876563428
Processor [0] :       1024    -0.0122715767872866
Processor [0] :       1024    -0.0061359039003002
Processor [0] :       1024     0.0000000000000000
