  16   10     5.84e-02
  16   11     1.86e-01
  16   12     4.87e-01
  16   13     7.91e-01
  16   14     3.79e+00
  16   15     1.24e+01
   8   10     2.83e-02
   8   11     5.08e-02
   8   12     1.99e-01
   8   13     5.73e-01
   8   14     2.37e+00
   8   15     9.42e+00
   4   10     2.63e-02
   4   11     7.20e-02
   4   12     2.56e-01
   4   13     9.97e-01
   4   14     3.93e+00
   4   15     1.61e+01
   2   10     3.78e-02
   2   11     1.24e-01
   2   12     4.71e-01
   2   13     1.90e+00
   2   14     8.07e+00
   2   15     3.54e+01
   1   10     6.87e-02
   1   11     2.16e-01
   1   12     8.55e-01
   1   13     3.61e+00
   1   14     1.36e+01
   1   15     5.69e+01
